
*** Running vivado
    with args -log top.vdi -applog -m64 -product Vivado -messageDb vivado.pb -mode batch -source top.tcl -notrace



****** Vivado v2020.2 (64-bit)
  **** SW Build 3064766 on Wed Nov 18 09:12:45 MST 2020
  **** IP Build 3064653 on Wed Nov 18 14:17:31 MST 2020
    ** Copyright 1986-2020 Xilinx, Inc. All Rights Reserved.

Sourcing tcl script 'D:/vivado/Vivado/2020.2/scripts/Vivado_init.tcl'
source top.tcl -notrace
Command: link_design -top top -part xc7a100tcsg324-1
Design is defaulting to srcset: sources_1
Design is defaulting to constrset: constrs_1
INFO: [Device 21-403] Loading part xc7a100tcsg324-1
Netlist sorting complete. Time (s): cpu = 00:00:01 ; elapsed = 00:00:00.171 . Memory (MB): peak = 1110.676 ; gain = 0.000
INFO: [Netlist 29-17] Analyzing 2685 Unisim elements for replacement
INFO: [Netlist 29-28] Unisim Transformation completed in 0 CPU seconds
INFO: [Project 1-479] Netlist was created with Vivado 2020.2
INFO: [Project 1-570] Preparing netlist for logic optimization
Parsing XDC File [D:/Vfile/Exp3_NEXYS_A7_nopre/code/constraint.xdc]
Finished Parsing XDC File [D:/Vfile/Exp3_NEXYS_A7_nopre/code/constraint.xdc]
INFO: [Opt 31-138] Pushed 0 inverter(s) to 0 load pin(s).
Netlist sorting complete. Time (s): cpu = 00:00:00 ; elapsed = 00:00:00.004 . Memory (MB): peak = 1110.676 ; gain = 0.000
INFO: [Project 1-111] Unisim Transformation Summary:
No Unisim elements were transformed.

7 Infos, 0 Warnings, 0 Critical Warnings and 0 Errors encountered.
link_design completed successfully
link_design: Time (s): cpu = 00:00:10 ; elapsed = 00:00:12 . Memory (MB): peak = 1110.676 ; gain = 0.000
INFO: [Common 17-600] The following parameters have non-default value.
general.maxThreads
Command: opt_design
Attempting to get a license for feature 'Implementation' and/or device 'xc7a100t'
INFO: [Common 17-349] Got license for feature 'Implementation' and/or device 'xc7a100t'
Running DRC as a precondition to command opt_design

Starting DRC Task
INFO: [DRC 23-27] Running DRC with 8 threads
INFO: [Project 1-461] DRC finished with 0 Errors
INFO: [Project 1-462] Please refer to the DRC report (report_drc) for more information.

Time (s): cpu = 00:00:02 ; elapsed = 00:00:00.749 . Memory (MB): peak = 1110.676 ; gain = 0.000

Starting Cache Timing Information Task
INFO: [Timing 38-35] Done setting XDC timing constraints.
INFO: [Timing 38-2] Deriving generated clocks
Ending Cache Timing Information Task | Checksum: 13bf688a6

Time (s): cpu = 00:00:09 ; elapsed = 00:00:08 . Memory (MB): peak = 1611.254 ; gain = 500.578

Starting Logic Optimization Task

Phase 1 Retarget
INFO: [Opt 31-138] Pushed 0 inverter(s) to 0 load pin(s).
INFO: [Opt 31-49] Retargeted 0 cell(s).
Phase 1 Retarget | Checksum: 1ab2b10e7

Time (s): cpu = 00:00:02 ; elapsed = 00:00:00.861 . Memory (MB): peak = 1823.180 ; gain = 0.090
INFO: [Opt 31-389] Phase Retarget created 0 cells and removed 28 cells

Phase 2 Constant propagation
INFO: [Opt 31-138] Pushed 0 inverter(s) to 0 load pin(s).
Phase 2 Constant propagation | Checksum: c8241858

Time (s): cpu = 00:00:03 ; elapsed = 00:00:01 . Memory (MB): peak = 1823.180 ; gain = 0.090
INFO: [Opt 31-389] Phase Constant propagation created 0 cells and removed 0 cells

Phase 3 Sweep
Phase 3 Sweep | Checksum: 1a7b62a1b

Time (s): cpu = 00:00:03 ; elapsed = 00:00:01 . Memory (MB): peak = 1823.180 ; gain = 0.090
INFO: [Opt 31-389] Phase Sweep created 1 cells and removed 2 cells

Phase 4 BUFG optimization
Phase 4 BUFG optimization | Checksum: 1a7b62a1b

Time (s): cpu = 00:00:03 ; elapsed = 00:00:01 . Memory (MB): peak = 1823.180 ; gain = 0.090
INFO: [Opt 31-662] Phase BUFG optimization created 0 cells of which 0 are BUFGs and removed 0 cells.

Phase 5 Shift Register Optimization
INFO: [Opt 31-1064] SRL Remap converted 0 SRLs to 0 registers and converted 0 registers of register chains to 0 SRLs
Phase 5 Shift Register Optimization | Checksum: 1a7b62a1b

Time (s): cpu = 00:00:03 ; elapsed = 00:00:01 . Memory (MB): peak = 1823.180 ; gain = 0.090
INFO: [Opt 31-389] Phase Shift Register Optimization created 0 cells and removed 0 cells

Phase 6 Post Processing Netlist
Phase 6 Post Processing Netlist | Checksum: 1a7b62a1b

Time (s): cpu = 00:00:03 ; elapsed = 00:00:02 . Memory (MB): peak = 1823.180 ; gain = 0.090
INFO: [Opt 31-389] Phase Post Processing Netlist created 0 cells and removed 0 cells
Opt_design Change Summary
=========================


-------------------------------------------------------------------------------------------------------------------------
|  Phase                        |  #Cells created  |  #Cells Removed  |  #Constrained objects preventing optimizations  |
-------------------------------------------------------------------------------------------------------------------------
|  Retarget                     |               0  |              28  |                                              0  |
|  Constant propagation         |               0  |               0  |                                              0  |
|  Sweep                        |               1  |               2  |                                              0  |
|  BUFG optimization            |               0  |               0  |                                              0  |
|  Shift Register Optimization  |               0  |               0  |                                              0  |
|  Post Processing Netlist      |               0  |               0  |                                              0  |
-------------------------------------------------------------------------------------------------------------------------



Starting Connectivity Check Task

Time (s): cpu = 00:00:00 ; elapsed = 00:00:00.042 . Memory (MB): peak = 1823.180 ; gain = 0.000
Ending Logic Optimization Task | Checksum: 20c5c594f

Time (s): cpu = 00:00:03 ; elapsed = 00:00:02 . Memory (MB): peak = 1823.180 ; gain = 0.090

Starting Power Optimization Task
INFO: [Pwropt 34-132] Skipping clock gating for clocks with a period < 2.00 ns.
Ending Power Optimization Task | Checksum: 20c5c594f

Time (s): cpu = 00:00:00 ; elapsed = 00:00:00.016 . Memory (MB): peak = 1823.180 ; gain = 0.000

Starting Final Cleanup Task
Ending Final Cleanup Task | Checksum: 20c5c594f

Time (s): cpu = 00:00:00 ; elapsed = 00:00:00 . Memory (MB): peak = 1823.180 ; gain = 0.000

Starting Netlist Obfuscation Task
Netlist sorting complete. Time (s): cpu = 00:00:00 ; elapsed = 00:00:00.005 . Memory (MB): peak = 1823.180 ; gain = 0.000
Ending Netlist Obfuscation Task | Checksum: 20c5c594f

Time (s): cpu = 00:00:00 ; elapsed = 00:00:00.005 . Memory (MB): peak = 1823.180 ; gain = 0.000
INFO: [Common 17-83] Releasing license: Implementation
26 Infos, 0 Warnings, 0 Critical Warnings and 0 Errors encountered.
opt_design completed successfully
opt_design: Time (s): cpu = 00:00:16 ; elapsed = 00:00:13 . Memory (MB): peak = 1823.180 ; gain = 712.504
INFO: [Common 17-600] The following parameters have non-default value.
general.maxThreads
INFO: [Timing 38-480] Writing timing data to binary archive.
Writing placer database...
Writing XDEF routing.
Writing XDEF routing logical nets.
Writing XDEF routing special nets.
Write XDEF Complete: Time (s): cpu = 00:00:01 ; elapsed = 00:00:00.050 . Memory (MB): peak = 1823.180 ; gain = 0.000
INFO: [Common 17-1381] The checkpoint 'D:/Vfile/Exp3_NEXYS_A7_nopre/Exp2.runs/impl_1/top_opt.dcp' has been generated.
INFO: [runtcl-4] Executing : report_drc -file top_drc_opted.rpt -pb top_drc_opted.pb -rpx top_drc_opted.rpx
Command: report_drc -file top_drc_opted.rpt -pb top_drc_opted.pb -rpx top_drc_opted.rpx
INFO: [IP_Flow 19-234] Refreshing IP repositories
INFO: [IP_Flow 19-1704] No user IP repositories specified
INFO: [IP_Flow 19-2313] Loaded Vivado IP repository 'D:/vivado/Vivado/2020.2/data/ip'.
INFO: [Timing 38-35] Done setting XDC timing constraints.
INFO: [DRC 23-27] Running DRC with 8 threads
INFO: [Coretcl 2-168] The results of DRC are in file D:/Vfile/Exp3_NEXYS_A7_nopre/Exp2.runs/impl_1/top_drc_opted.rpt.
report_drc completed successfully
Command: place_design
Attempting to get a license for feature 'Implementation' and/or device 'xc7a100t'
INFO: [Common 17-349] Got license for feature 'Implementation' and/or device 'xc7a100t'
INFO: [DRC 23-27] Running DRC with 8 threads
INFO: [Vivado_Tcl 4-198] DRC finished with 0 Errors
INFO: [Vivado_Tcl 4-199] Please refer to the DRC report (report_drc) for more information.
Running DRC as a precondition to command place_design
INFO: [DRC 23-27] Running DRC with 8 threads
INFO: [Vivado_Tcl 4-198] DRC finished with 0 Errors
INFO: [Vivado_Tcl 4-199] Please refer to the DRC report (report_drc) for more information.

Starting Placer Task
INFO: [Place 30-611] Multithreading enabled for place_design using a maximum of 8 CPUs

Phase 1 Placer Initialization

Phase 1.1 Placer Initialization Netlist Sorting
Netlist sorting complete. Time (s): cpu = 00:00:00 ; elapsed = 00:00:00.005 . Memory (MB): peak = 1957.520 ; gain = 0.000
Phase 1.1 Placer Initialization Netlist Sorting | Checksum: 1722f9a00

Time (s): cpu = 00:00:00 ; elapsed = 00:00:00.012 . Memory (MB): peak = 1957.520 ; gain = 0.000
Netlist sorting complete. Time (s): cpu = 00:00:00 ; elapsed = 00:00:00.004 . Memory (MB): peak = 1957.520 ; gain = 0.000

Phase 1.2 IO Placement/ Clock Placement/ Build Placer Device
Phase 1.2 IO Placement/ Clock Placement/ Build Placer Device | Checksum: 33943649

Time (s): cpu = 00:00:04 ; elapsed = 00:00:01 . Memory (MB): peak = 1957.520 ; gain = 0.000

Phase 1.3 Build Placer Netlist Model
Phase 1.3 Build Placer Netlist Model | Checksum: 72b59d08

Time (s): cpu = 00:00:13 ; elapsed = 00:00:04 . Memory (MB): peak = 1957.520 ; gain = 0.000

Phase 1.4 Constrain Clocks/Macros
Phase 1.4 Constrain Clocks/Macros | Checksum: 72b59d08

Time (s): cpu = 00:00:13 ; elapsed = 00:00:04 . Memory (MB): peak = 1957.520 ; gain = 0.000
Phase 1 Placer Initialization | Checksum: 72b59d08

Time (s): cpu = 00:00:13 ; elapsed = 00:00:04 . Memory (MB): peak = 1957.520 ; gain = 0.000

Phase 2 Global Placement

Phase 2.1 Floorplanning
Phase 2.1 Floorplanning | Checksum: 12d6e6e28

Time (s): cpu = 00:00:16 ; elapsed = 00:00:05 . Memory (MB): peak = 1957.520 ; gain = 0.000

Phase 2.2 Update Timing before SLR Path Opt
Phase 2.2 Update Timing before SLR Path Opt | Checksum: 75233615

Time (s): cpu = 00:00:19 ; elapsed = 00:00:06 . Memory (MB): peak = 1957.520 ; gain = 0.000

Phase 2.3 Global Placement Core

Phase 2.3.1 Physical Synthesis In Placer
INFO: [Physopt 32-1035] Found 0 LUTNM shape to break, 361 LUT instances to create LUTNM shape
INFO: [Physopt 32-1044] Break lutnm for timing: one critical 0, two critical 0, total 0, new lutff created 0
INFO: [Physopt 32-775] End 1 Pass. Optimized 106 nets or cells. Created 0 new cell, deleted 106 existing cells and moved 0 existing cell
INFO: [Physopt 32-65] No nets found for high-fanout optimization.
INFO: [Physopt 32-232] Optimized 0 net. Created 0 new instance.
INFO: [Physopt 32-775] End 1 Pass. Optimized 0 net or cell. Created 0 new cell, deleted 0 existing cell and moved 0 existing cell
INFO: [Physopt 32-670] No setup violation found.  DSP Register Optimization was not performed.
INFO: [Physopt 32-670] No setup violation found.  Shift Register to Pipeline Optimization was not performed.
INFO: [Physopt 32-670] No setup violation found.  Shift Register Optimization was not performed.
INFO: [Physopt 32-670] No setup violation found.  BRAM Register Optimization was not performed.
INFO: [Physopt 32-670] No setup violation found.  URAM Register Optimization was not performed.
INFO: [Physopt 32-949] No candidate nets found for dynamic/static region interface net replication
INFO: [Physopt 32-775] End 1 Pass. Optimized 0 net or cell. Created 0 new cell, deleted 0 existing cell and moved 0 existing cell
Netlist sorting complete. Time (s): cpu = 00:00:00 ; elapsed = 00:00:00.004 . Memory (MB): peak = 1957.520 ; gain = 0.000

Summary of Physical Synthesis Optimizations
============================================


-----------------------------------------------------------------------------------------------------------------------------------------------------------
|  Optimization                                     |  Added Cells  |  Removed Cells  |  Optimized Cells/Nets  |  Dont Touch  |  Iterations  |  Elapsed   |
-----------------------------------------------------------------------------------------------------------------------------------------------------------
|  LUT Combining                                    |            0  |            106  |                   106  |           0  |           1  |  00:00:01  |
|  Very High Fanout                                 |            0  |              0  |                     0  |           0  |           1  |  00:00:00  |
|  DSP Register                                     |            0  |              0  |                     0  |           0  |           0  |  00:00:00  |
|  Shift Register to Pipeline                       |            0  |              0  |                     0  |           0  |           0  |  00:00:00  |
|  Shift Register                                   |            0  |              0  |                     0  |           0  |           0  |  00:00:00  |
|  BRAM Register                                    |            0  |              0  |                     0  |           0  |           0  |  00:00:00  |
|  URAM Register                                    |            0  |              0  |                     0  |           0  |           0  |  00:00:00  |
|  Dynamic/Static Region Interface Net Replication  |            0  |              0  |                     0  |           0  |           1  |  00:00:00  |
|  Total                                            |            0  |            106  |                   106  |           0  |           3  |  00:00:01  |
-----------------------------------------------------------------------------------------------------------------------------------------------------------


Phase 2.3.1 Physical Synthesis In Placer | Checksum: 540bb28e

Time (s): cpu = 00:00:57 ; elapsed = 00:00:19 . Memory (MB): peak = 1957.520 ; gain = 0.000
Phase 2.3 Global Placement Core | Checksum: b9622907

Time (s): cpu = 00:00:59 ; elapsed = 00:00:20 . Memory (MB): peak = 1957.520 ; gain = 0.000
Phase 2 Global Placement | Checksum: b9622907

Time (s): cpu = 00:00:59 ; elapsed = 00:00:20 . Memory (MB): peak = 1957.520 ; gain = 0.000

Phase 3 Detail Placement

Phase 3.1 Commit Multi Column Macros
Phase 3.1 Commit Multi Column Macros | Checksum: 140221c54

Time (s): cpu = 00:01:03 ; elapsed = 00:00:21 . Memory (MB): peak = 1957.520 ; gain = 0.000

Phase 3.2 Commit Most Macros & LUTRAMs
Phase 3.2 Commit Most Macros & LUTRAMs | Checksum: 4b3ce15c

Time (s): cpu = 00:01:09 ; elapsed = 00:00:23 . Memory (MB): peak = 1957.520 ; gain = 0.000

Phase 3.3 Area Swap Optimization
Phase 3.3 Area Swap Optimization | Checksum: b988565c

Time (s): cpu = 00:01:10 ; elapsed = 00:00:23 . Memory (MB): peak = 1957.520 ; gain = 0.000

Phase 3.4 Pipeline Register Optimization
Phase 3.4 Pipeline Register Optimization | Checksum: 828d0cb6

Time (s): cpu = 00:01:10 ; elapsed = 00:00:23 . Memory (MB): peak = 1957.520 ; gain = 0.000

Phase 3.5 Small Shape Detail Placement
Phase 3.5 Small Shape Detail Placement | Checksum: 5ef1dd59

Time (s): cpu = 00:01:21 ; elapsed = 00:00:30 . Memory (MB): peak = 1957.520 ; gain = 0.000

Phase 3.6 Re-assign LUT pins
Phase 3.6 Re-assign LUT pins | Checksum: a2dcd10c

Time (s): cpu = 00:01:22 ; elapsed = 00:00:32 . Memory (MB): peak = 1957.520 ; gain = 0.000

Phase 3.7 Pipeline Register Optimization
Phase 3.7 Pipeline Register Optimization | Checksum: f6632d29

Time (s): cpu = 00:01:22 ; elapsed = 00:00:32 . Memory (MB): peak = 1957.520 ; gain = 0.000
Phase 3 Detail Placement | Checksum: f6632d29

Time (s): cpu = 00:01:22 ; elapsed = 00:00:32 . Memory (MB): peak = 1957.520 ; gain = 0.000

Phase 4 Post Placement Optimization and Clean-Up

Phase 4.1 Post Commit Optimization
INFO: [Timing 38-35] Done setting XDC timing constraints.

Phase 4.1.1 Post Placement Optimization
Post Placement Optimization Initialization | Checksum: 2278d54dc

Phase 4.1.1.1 BUFG Insertion

Starting Physical Synthesis Task

Phase 1 Physical Synthesis Initialization
INFO: [Physopt 32-721] Multithreading enabled for phys_opt_design using a maximum of 8 CPUs
INFO: [Physopt 32-619] Estimated Timing Summary | WNS=5.790 | TNS=0.000 |
Phase 1 Physical Synthesis Initialization | Checksum: 24541d0a5

Time (s): cpu = 00:00:03 ; elapsed = 00:00:00.453 . Memory (MB): peak = 1975.246 ; gain = 0.000
INFO: [Place 46-33] Processed net core/data_ram/E[0], BUFG insertion was skipped due to placement/routing conflicts.
INFO: [Place 46-33] Processed net core/reg_EXE_MEM/WR_MEM_reg_0[0], BUFG insertion was skipped due to placement/routing conflicts.
INFO: [Place 46-33] Processed net rst_all, BUFG insertion was skipped due to placement/routing conflicts.
INFO: [Place 46-56] BUFG insertion identified 3 candidate nets. Inserted BUFG: 0, Replicated BUFG Driver: 0, Skipped due to Placement/Routing Conflicts: 3, Skipped due to Timing Degradation: 0, Skipped due to Illegal Netlist: 0.
Ending Physical Synthesis Task | Checksum: 1fd009bc3

Time (s): cpu = 00:00:04 ; elapsed = 00:00:01 . Memory (MB): peak = 1975.246 ; gain = 0.000
Phase 4.1.1.1 BUFG Insertion | Checksum: 2278d54dc

Time (s): cpu = 00:01:37 ; elapsed = 00:00:36 . Memory (MB): peak = 1975.246 ; gain = 17.727
INFO: [Place 30-746] Post Placement Timing Summary WNS=5.790. For the most accurate timing information please run report_timing.

Time (s): cpu = 00:01:37 ; elapsed = 00:00:36 . Memory (MB): peak = 1975.246 ; gain = 17.727
Phase 4.1 Post Commit Optimization | Checksum: 1e6abc1ed

Time (s): cpu = 00:01:37 ; elapsed = 00:00:36 . Memory (MB): peak = 1975.246 ; gain = 17.727

Phase 4.2 Post Placement Cleanup
Phase 4.2 Post Placement Cleanup | Checksum: 1e6abc1ed

Time (s): cpu = 00:01:38 ; elapsed = 00:00:37 . Memory (MB): peak = 1975.246 ; gain = 17.727

Phase 4.3 Placer Reporting

Phase 4.3.1 Print Estimated Congestion
INFO: [Place 30-612] Post-Placement Estimated Congestion 
 ____________________________________________________
|           | Global Congestion | Short Congestion  |
| Direction | Region Size       | Region Size       |
|___________|___________________|___________________|
|      North|                1x1|                1x1|
|___________|___________________|___________________|
|      South|                1x1|                2x2|
|___________|___________________|___________________|
|       East|                1x1|                2x2|
|___________|___________________|___________________|
|       West|                1x1|                1x1|
|___________|___________________|___________________|

Phase 4.3.1 Print Estimated Congestion | Checksum: 1e6abc1ed

Time (s): cpu = 00:01:38 ; elapsed = 00:00:37 . Memory (MB): peak = 1975.246 ; gain = 17.727
Phase 4.3 Placer Reporting | Checksum: 1e6abc1ed

Time (s): cpu = 00:01:38 ; elapsed = 00:00:37 . Memory (MB): peak = 1975.246 ; gain = 17.727

Phase 4.4 Final Placement Cleanup
Netlist sorting complete. Time (s): cpu = 00:00:00 ; elapsed = 00:00:00.024 . Memory (MB): peak = 1975.246 ; gain = 0.000

Time (s): cpu = 00:01:38 ; elapsed = 00:00:37 . Memory (MB): peak = 1975.246 ; gain = 17.727
Phase 4 Post Placement Optimization and Clean-Up | Checksum: 1d1d51671

Time (s): cpu = 00:01:38 ; elapsed = 00:00:37 . Memory (MB): peak = 1975.246 ; gain = 17.727
Ending Placer Task | Checksum: 14dfd30f8

Time (s): cpu = 00:01:38 ; elapsed = 00:00:37 . Memory (MB): peak = 1975.246 ; gain = 17.727
INFO: [Common 17-83] Releasing license: Implementation
67 Infos, 0 Warnings, 0 Critical Warnings and 0 Errors encountered.
place_design completed successfully
place_design: Time (s): cpu = 00:01:41 ; elapsed = 00:00:38 . Memory (MB): peak = 1975.246 ; gain = 32.664
INFO: [Common 17-600] The following parameters have non-default value.
general.maxThreads
INFO: [Timing 38-480] Writing timing data to binary archive.
Writing placer database...
Writing XDEF routing.
Writing XDEF routing logical nets.
Writing XDEF routing special nets.
Write XDEF Complete: Time (s): cpu = 00:00:06 ; elapsed = 00:00:02 . Memory (MB): peak = 1977.234 ; gain = 1.988
INFO: [Common 17-1381] The checkpoint 'D:/Vfile/Exp3_NEXYS_A7_nopre/Exp2.runs/impl_1/top_placed.dcp' has been generated.
INFO: [runtcl-4] Executing : report_io -file top_io_placed.rpt
report_io: Time (s): cpu = 00:00:00 ; elapsed = 00:00:00.041 . Memory (MB): peak = 1977.234 ; gain = 0.000
INFO: [runtcl-4] Executing : report_utilization -file top_utilization_placed.rpt -pb top_utilization_placed.pb
INFO: [runtcl-4] Executing : report_control_sets -verbose -file top_control_sets_placed.rpt
report_control_sets: Time (s): cpu = 00:00:00 ; elapsed = 00:00:00.024 . Memory (MB): peak = 1977.234 ; gain = 0.000
Command: route_design
Attempting to get a license for feature 'Implementation' and/or device 'xc7a100t'
INFO: [Common 17-349] Got license for feature 'Implementation' and/or device 'xc7a100t'
Running DRC as a precondition to command route_design
INFO: [DRC 23-27] Running DRC with 8 threads
INFO: [Vivado_Tcl 4-198] DRC finished with 0 Errors
INFO: [Vivado_Tcl 4-199] Please refer to the DRC report (report_drc) for more information.


Starting Routing Task
INFO: [Route 35-254] Multithreading enabled for route_design using a maximum of 8 CPUs
Checksum: PlaceDB: 7c784386 ConstDB: 0 ShapeSum: d184ed72 RouteDB: 0

Phase 1 Build RT Design
Phase 1 Build RT Design | Checksum: 534b2127

Time (s): cpu = 00:00:26 ; elapsed = 00:00:20 . Memory (MB): peak = 2092.484 ; gain = 34.016
Post Restoration Checksum: NetGraph: 2f79f977 NumContArr: 23d127b0 Constraints: 0 Timing: 0

Phase 2 Router Initialization

Phase 2.1 Create Timer
Phase 2.1 Create Timer | Checksum: 534b2127

Time (s): cpu = 00:00:27 ; elapsed = 00:00:21 . Memory (MB): peak = 2092.484 ; gain = 34.016

Phase 2.2 Fix Topology Constraints
Phase 2.2 Fix Topology Constraints | Checksum: 534b2127

Time (s): cpu = 00:00:27 ; elapsed = 00:00:21 . Memory (MB): peak = 2126.082 ; gain = 67.613

Phase 2.3 Pre Route Cleanup
Phase 2.3 Pre Route Cleanup | Checksum: 534b2127

Time (s): cpu = 00:00:27 ; elapsed = 00:00:21 . Memory (MB): peak = 2126.082 ; gain = 67.613
 Number of Nodes with overlaps = 0

Phase 2.4 Update Timing
Phase 2.4 Update Timing | Checksum: 1b6541fdc

Time (s): cpu = 00:00:37 ; elapsed = 00:00:24 . Memory (MB): peak = 2160.570 ; gain = 102.102
INFO: [Route 35-416] Intermediate Timing Summary | WNS=5.825  | TNS=0.000  | WHS=-0.840 | THS=-756.615|

Phase 2 Router Initialization | Checksum: 1b03a2737

Time (s): cpu = 00:00:45 ; elapsed = 00:00:26 . Memory (MB): peak = 2177.852 ; gain = 119.383

Router Utilization Summary
  Global Vertical Routing Utilization    = 0 %
  Global Horizontal Routing Utilization  = 0 %
  Routable Net Status*
  *Does not include unroutable nets such as driverless and loadless.
  Run report_route_status for detailed report.
  Number of Failed Nets               = 15588
    (Failed Nets is the sum of unrouted and partially routed nets)
  Number of Unrouted Nets             = 15587
  Number of Partially Routed Nets     = 1
  Number of Node Overlaps             = 1


Phase 3 Initial Routing

Phase 3.1 Global Routing
Phase 3.1 Global Routing | Checksum: 1b03a2737

Time (s): cpu = 00:00:45 ; elapsed = 00:00:27 . Memory (MB): peak = 2183.711 ; gain = 125.242
Phase 3 Initial Routing | Checksum: 1ce423832

Time (s): cpu = 00:00:54 ; elapsed = 00:00:29 . Memory (MB): peak = 2192.203 ; gain = 133.734

Phase 4 Rip-up And Reroute

Phase 4.1 Global Iteration 0
 Number of Nodes with overlaps = 4168
 Number of Nodes with overlaps = 57
 Number of Nodes with overlaps = 0
INFO: [Route 35-416] Intermediate Timing Summary | WNS=5.958  | TNS=0.000  | WHS=N/A    | THS=N/A    |

Phase 4.1 Global Iteration 0 | Checksum: 1449e87be

Time (s): cpu = 00:01:16 ; elapsed = 00:00:39 . Memory (MB): peak = 2192.203 ; gain = 133.734

Phase 4.2 Global Iteration 1
 Number of Nodes with overlaps = 2
 Number of Nodes with overlaps = 0
INFO: [Route 35-416] Intermediate Timing Summary | WNS=5.958  | TNS=0.000  | WHS=N/A    | THS=N/A    |

Phase 4.2 Global Iteration 1 | Checksum: 276954e1f

Time (s): cpu = 00:01:16 ; elapsed = 00:00:40 . Memory (MB): peak = 2192.203 ; gain = 133.734
Phase 4 Rip-up And Reroute | Checksum: 276954e1f

Time (s): cpu = 00:01:16 ; elapsed = 00:00:40 . Memory (MB): peak = 2192.203 ; gain = 133.734

Phase 5 Delay and Skew Optimization

Phase 5.1 Delay CleanUp
Phase 5.1 Delay CleanUp | Checksum: 276954e1f

Time (s): cpu = 00:01:17 ; elapsed = 00:00:40 . Memory (MB): peak = 2192.203 ; gain = 133.734

Phase 5.2 Clock Skew Optimization
Phase 5.2 Clock Skew Optimization | Checksum: 276954e1f

Time (s): cpu = 00:01:17 ; elapsed = 00:00:40 . Memory (MB): peak = 2192.203 ; gain = 133.734
Phase 5 Delay and Skew Optimization | Checksum: 276954e1f

Time (s): cpu = 00:01:17 ; elapsed = 00:00:40 . Memory (MB): peak = 2192.203 ; gain = 133.734

Phase 6 Post Hold Fix

Phase 6.1 Hold Fix Iter

Phase 6.1.1 Update Timing
Phase 6.1.1 Update Timing | Checksum: 25afa4e1d

Time (s): cpu = 00:01:20 ; elapsed = 00:00:41 . Memory (MB): peak = 2192.203 ; gain = 133.734
INFO: [Route 35-416] Intermediate Timing Summary | WNS=6.023  | TNS=0.000  | WHS=0.060  | THS=0.000  |

Phase 6.1 Hold Fix Iter | Checksum: 1a05c3163

Time (s): cpu = 00:01:20 ; elapsed = 00:00:41 . Memory (MB): peak = 2192.203 ; gain = 133.734
Phase 6 Post Hold Fix | Checksum: 1a05c3163

Time (s): cpu = 00:01:20 ; elapsed = 00:00:41 . Memory (MB): peak = 2192.203 ; gain = 133.734

Phase 7 Route finalize

Router Utilization Summary
  Global Vertical Routing Utilization    = 4.90047 %
  Global Horizontal Routing Utilization  = 6.23593 %
  Routable Net Status*
  *Does not include unroutable nets such as driverless and loadless.
  Run report_route_status for detailed report.
  Number of Failed Nets               = 0
    (Failed Nets is the sum of unrouted and partially routed nets)
  Number of Unrouted Nets             = 0
  Number of Partially Routed Nets     = 0
  Number of Node Overlaps             = 0

Phase 7 Route finalize | Checksum: 22b3ce281

Time (s): cpu = 00:01:20 ; elapsed = 00:00:41 . Memory (MB): peak = 2192.203 ; gain = 133.734

Phase 8 Verifying routed nets

 Verification completed successfully
Phase 8 Verifying routed nets | Checksum: 22b3ce281

Time (s): cpu = 00:01:20 ; elapsed = 00:00:41 . Memory (MB): peak = 2192.203 ; gain = 133.734

Phase 9 Depositing Routes
Phase 9 Depositing Routes | Checksum: 19584c71b

Time (s): cpu = 00:01:22 ; elapsed = 00:00:43 . Memory (MB): peak = 2192.203 ; gain = 133.734

Phase 10 Post Router Timing
INFO: [Route 35-57] Estimated Timing Summary | WNS=6.023  | TNS=0.000  | WHS=0.060  | THS=0.000  |

INFO: [Route 35-327] The final timing numbers are based on the router estimated timing analysis. For a complete and accurate timing signoff, please run report_timing_summary.
Phase 10 Post Router Timing | Checksum: 19584c71b

Time (s): cpu = 00:01:23 ; elapsed = 00:00:43 . Memory (MB): peak = 2192.203 ; gain = 133.734
INFO: [Route 35-16] Router Completed Successfully

Time (s): cpu = 00:01:23 ; elapsed = 00:00:43 . Memory (MB): peak = 2192.203 ; gain = 133.734

Routing Is Done.
INFO: [Common 17-83] Releasing license: Implementation
86 Infos, 0 Warnings, 0 Critical Warnings and 0 Errors encountered.
route_design completed successfully
route_design: Time (s): cpu = 00:01:35 ; elapsed = 00:00:46 . Memory (MB): peak = 2192.203 ; gain = 214.969
INFO: [Common 17-600] The following parameters have non-default value.
general.maxThreads
INFO: [Timing 38-480] Writing timing data to binary archive.
Writing placer database...
Writing XDEF routing.
Writing XDEF routing logical nets.
Writing XDEF routing special nets.
Write XDEF Complete: Time (s): cpu = 00:00:05 ; elapsed = 00:00:02 . Memory (MB): peak = 2192.203 ; gain = 0.000
INFO: [Common 17-1381] The checkpoint 'D:/Vfile/Exp3_NEXYS_A7_nopre/Exp2.runs/impl_1/top_routed.dcp' has been generated.
INFO: [runtcl-4] Executing : report_drc -file top_drc_routed.rpt -pb top_drc_routed.pb -rpx top_drc_routed.rpx
Command: report_drc -file top_drc_routed.rpt -pb top_drc_routed.pb -rpx top_drc_routed.rpx
INFO: [IP_Flow 19-1839] IP Catalog is up to date.
INFO: [DRC 23-27] Running DRC with 8 threads
INFO: [Coretcl 2-168] The results of DRC are in file D:/Vfile/Exp3_NEXYS_A7_nopre/Exp2.runs/impl_1/top_drc_routed.rpt.
report_drc completed successfully
INFO: [runtcl-4] Executing : report_methodology -file top_methodology_drc_routed.rpt -pb top_methodology_drc_routed.pb -rpx top_methodology_drc_routed.rpx
Command: report_methodology -file top_methodology_drc_routed.rpt -pb top_methodology_drc_routed.pb -rpx top_methodology_drc_routed.rpx
INFO: [Timing 38-35] Done setting XDC timing constraints.
INFO: [DRC 23-133] Running Methodology with 8 threads
INFO: [Coretcl 2-1520] The results of Report Methodology are in file D:/Vfile/Exp3_NEXYS_A7_nopre/Exp2.runs/impl_1/top_methodology_drc_routed.rpt.
report_methodology completed successfully
INFO: [runtcl-4] Executing : report_power -file top_power_routed.rpt -pb top_power_summary_routed.pb -rpx top_power_routed.rpx
Command: report_power -file top_power_routed.rpt -pb top_power_summary_routed.pb -rpx top_power_routed.rpx
INFO: [Timing 38-35] Done setting XDC timing constraints.
Running Vector-less Activity Propagation...

Finished Running Vector-less Activity Propagation
WARNING: [Power 33-332] Found switching activity that implies high-fanout reset nets being asserted for excessive periods of time which may result in inaccurate power analysis.
Resolution: To review and fix problems, please run Power Constraints Advisor in the GUI from Tools > Power Constraints Advisor or run report_power with the -advisory option to generate a text report.
99 Infos, 1 Warnings, 0 Critical Warnings and 0 Errors encountered.
report_power completed successfully
report_power: Time (s): cpu = 00:00:24 ; elapsed = 00:00:08 . Memory (MB): peak = 2315.406 ; gain = 27.230
INFO: [runtcl-4] Executing : report_route_status -file top_route_status.rpt -pb top_route_status.pb
INFO: [runtcl-4] Executing : report_timing_summary -max_paths 10 -file top_timing_summary_routed.rpt -pb top_timing_summary_routed.pb -rpx top_timing_summary_routed.rpx -warn_on_violation 
INFO: [Timing 38-91] UpdateTimingParams: Speed grade: -1, Delay Type: min_max.
INFO: [Timing 38-191] Multithreading enabled for timing update using a maximum of 8 CPUs
INFO: [runtcl-4] Executing : report_incremental_reuse -file top_incremental_reuse_routed.rpt
INFO: [Vivado_Tcl 4-1062] Incremental flow is disabled. No incremental reuse Info to report.
INFO: [runtcl-4] Executing : report_clock_utilization -file top_clock_utilization_routed.rpt
INFO: [runtcl-4] Executing : report_bus_skew -warn_on_violation -file top_bus_skew_routed.rpt -pb top_bus_skew_routed.pb -rpx top_bus_skew_routed.rpx
INFO: [Timing 38-91] UpdateTimingParams: Speed grade: -1, Delay Type: min_max.
INFO: [Timing 38-191] Multithreading enabled for timing update using a maximum of 8 CPUs
Command: write_bitstream -force top.bit
Attempting to get a license for feature 'Implementation' and/or device 'xc7a100t'
INFO: [Common 17-349] Got license for feature 'Implementation' and/or device 'xc7a100t'
Running DRC as a precondition to command write_bitstream
INFO: [IP_Flow 19-1839] IP Catalog is up to date.
INFO: [DRC 23-27] Running DRC with 8 threads
WARNING: [DRC CFGBVS-1] Missing CFGBVS and CONFIG_VOLTAGE Design Properties: Neither the CFGBVS nor CONFIG_VOLTAGE voltage property is set in the current_design.  Configuration bank voltage select (CFGBVS) must be set to VCCO or GND, and CONFIG_VOLTAGE must be set to the correct configuration voltage, in order to determine the I/O voltage support for the pins in bank 0.  It is suggested to specify these either using the 'Edit Device Properties' function in the GUI or directly in the XDC file using the following syntax:

 set_property CFGBVS value1 [current_design]
 #where value1 is either VCCO or GND

 set_property CONFIG_VOLTAGE value2 [current_design]
 #where value2 is the voltage provided to configuration bank 0

Refer to the device configuration user guide for more information.
INFO: [Vivado 12-3199] DRC finished with 0 Errors, 1 Warnings
INFO: [Vivado 12-3200] Please refer to the DRC report (report_drc) for more information.
INFO: [Designutils 20-2272] Running write_bitstream with 8 threads.
Loading data files...
Loading site data...
Loading route data...
Processing options...
Creating bitmap...
Creating bitstream...
Writing bitstream ./top.bit...
INFO: [Vivado 12-1842] Bitgen Completed Successfully.
INFO: [Project 1-120] WebTalk data collection is mandatory when using a WebPACK part without a full Vivado license. To see the specific WebTalk data collected for your design, open the usage_statistics_webtalk.html or usage_statistics_webtalk.xml file in the implementation directory.
INFO: [Common 17-186] 'D:/Vfile/Exp3_NEXYS_A7_nopre/Exp2.runs/impl_1/usage_statistics_webtalk.xml' has been successfully sent to Xilinx on Wed Nov  9 12:29:07 2022. For additional details about this file, please refer to the WebTalk help file at D:/vivado/Vivado/2020.2/doc/webtalk_introduction.html.
INFO: [Common 17-83] Releasing license: Implementation
13 Infos, 1 Warnings, 0 Critical Warnings and 0 Errors encountered.
write_bitstream completed successfully
write_bitstream: Time (s): cpu = 00:00:26 ; elapsed = 00:00:16 . Memory (MB): peak = 2717.016 ; gain = 401.609
INFO: [Common 17-206] Exiting Vivado at Wed Nov  9 12:29:07 2022...
