#-----------------------------------------------------------
# Vivado v2020.2 (64-bit)
# SW Build 3064766 on Wed Nov 18 09:12:45 MST 2020
# IP Build 3064653 on Wed Nov 18 14:17:31 MST 2020
# Start of session at: Thu Jun  9 16:26:46 2022
# Process ID: 27928
# Current directory: D:/Vteacher/Lab4_3
# Command line: vivado.exe -gui_launcher_event rodinguilauncherevent18892 D:\Vteacher\Lab4_3\Lab2.xpr
# Log file: D:/Vteacher/Lab4_3/vivado.log
# Journal file: D:/Vteacher/Lab4_3\vivado.jou
#-----------------------------------------------------------
start_gui
open_project D:/Vteacher/Lab4_3/Lab2.xpr
Scanning sources...
Finished scanning sources
INFO: [IP_Flow 19-234] Refreshing IP repositories
INFO: [IP_Flow 19-1700] Loaded user IP repository 'd:/Vteacher/IP'.
INFO: [IP_Flow 19-1700] Loaded user IP repository 'd:/Vteacher/Cctrl'.
INFO: [IP_Flow 19-1700] Loaded user IP repository 'd:/Vteacher/DPath'.
INFO: [IP_Flow 19-2313] Loaded Vivado IP repository 'D:/vivado/Vivado/2020.2/data/ip'.
open_project: Time (s): cpu = 00:00:42 ; elapsed = 00:00:18 . Memory (MB): peak = 1110.410 ; gain = 0.000
update_compile_order -fileset sources_1
reset_run synth_1
launch_runs impl_1 -to_step write_bitstream -jobs 4
[Thu Jun  9 16:27:46 2022] Launched synth_1...
Run output will be captured here: D:/Vteacher/Lab4_3/Lab2.runs/synth_1/runme.log
[Thu Jun  9 16:27:46 2022] Launched impl_1...
Run output will be captured here: D:/Vteacher/Lab4_3/Lab2.runs/impl_1/runme.log
reset_run synth_1
launch_runs impl_1 -to_step write_bitstream -jobs 4
[Thu Jun  9 16:31:45 2022] Launched synth_1...
Run output will be captured here: D:/Vteacher/Lab4_3/Lab2.runs/synth_1/runme.log
[Thu Jun  9 16:31:45 2022] Launched impl_1...
Run output will be captured here: D:/Vteacher/Lab4_3/Lab2.runs/impl_1/runme.log
update_compile_order -fileset sim_1
update_compile_order -fileset sim_1
set_property top cpu_tb [get_filesets sim_1]
set_property top_lib xil_defaultlib [get_filesets sim_1]
update_compile_order -fileset sim_1
generate_target Simulation [get_files D:/Vteacher/Lab4_3/Lab2.srcs/sources_1/ip/ram_b/ram_b.xci]
INFO: [IP_Flow 19-1686] Generating 'Simulation' target for IP 'ram_b'...
export_ip_user_files -of_objects [get_files D:/Vteacher/Lab4_3/Lab2.srcs/sources_1/ip/ram_b/ram_b.xci] -no_script -sync -force -quiet
export_simulation -of_objects [get_files D:/Vteacher/Lab4_3/Lab2.srcs/sources_1/ip/ram_b/ram_b.xci] -directory D:/Vteacher/Lab4_3/Lab2.ip_user_files/sim_scripts -ip_user_files_dir D:/Vteacher/Lab4_3/Lab2.ip_user_files -ipstatic_source_dir D:/Vteacher/Lab4_3/Lab2.ip_user_files/ipstatic -lib_map_path [list {modelsim=D:/Vteacher/Lab4_3/Lab2.cache/compile_simlib/modelsim} {questa=D:/Vteacher/Lab4_3/Lab2.cache/compile_simlib/questa} {riviera=D:/Vteacher/Lab4_3/Lab2.cache/compile_simlib/riviera} {activehdl=D:/Vteacher/Lab4_3/Lab2.cache/compile_simlib/activehdl}] -use_ip_compiled_libs -force -quiet
launch_simulation
Command: launch_simulation 
INFO: [Vivado 12-5698] Checking validity of IPs in the design for the 'XSim' simulator...
INFO: [Vivado 12-5682] Launching behavioral simulation in 'D:/Vteacher/Lab4_3/Lab2.sim/sim_1/behav/xsim'
INFO: [Vivado 12-4795] Using compiled simulation libraries for IPs
INFO: [SIM-utils-51] Simulation object is 'sim_1'
INFO: [USF-XSim-7] Finding pre-compiled libraries...
INFO: [USF-XSim-11] File 'D:/vivado/Vivado/2020.2/data/xsim/xsim.ini' copied to run dir:'D:/Vteacher/Lab4_3/Lab2.sim/sim_1/behav/xsim'
INFO: [SIM-utils-54] Inspecting design source files for 'cpu_tb' in fileset 'sim_1'...
INFO: [SIM-utils-43] Exported 'D:/Vteacher/Lab4_3/Lab2.sim/sim_1/behav/xsim/ram_b.mif'
INFO: [SIM-utils-43] Exported 'D:/Vteacher/Lab4_3/Lab2.sim/sim_1/behav/xsim/data.coe'
INFO: [SIM-utils-43] Exported 'D:/Vteacher/Lab4_3/Lab2.sim/sim_1/behav/xsim/rom_d.mif'
INFO: [SIM-utils-43] Exported 'D:/Vteacher/Lab4_3/Lab2.sim/sim_1/behav/xsim/I_mem.coe'
INFO: [USF-XSim-97] Finding global include files...
INFO: [USF-XSim-98] Fetching design files from 'sim_1'...
INFO: [USF-XSim-2] XSim::Compile design
INFO: [USF-XSim-61] Executing 'COMPILE and ANALYZE' step in 'D:/Vteacher/Lab4_3/Lab2.sim/sim_1/behav/xsim'
"xvlog --incr --relax -prj cpu_tb_vlog.prj"
INFO: [VRFC 10-2263] Analyzing Verilog file "D:/Vteacher/Lab4_3/Lab2.gen/sources_1/ip/rom_d/sim/rom_d.v" into library xil_defaultlib
INFO: [VRFC 10-311] analyzing module rom_d
INFO: [VRFC 10-2263] Analyzing Verilog file "D:/Vteacher/Lab4_3/Lab2.gen/sources_1/ip/ram_b/sim/ram_b.v" into library xil_defaultlib
INFO: [VRFC 10-311] analyzing module ram_b
INFO: [VRFC 10-2263] Analyzing Verilog file "D:/Vteacher/Lab4_3/Lab2.srcs/sources_1/imports/new/ALUT.v" into library xil_defaultlib
INFO: [VRFC 10-311] analyzing module ALUT
INFO: [VRFC 10-2263] Analyzing Verilog file "D:/Vteacher/Lab4_3/Lab2.srcs/sources_1/new/CPUT.v" into library xil_defaultlib
INFO: [VRFC 10-311] analyzing module CPUT
INFO: [VRFC 10-2263] Analyzing Verilog file "D:/Vteacher/Lab4_3/Lab2.srcs/sources_1/imports/new/DataPath.v" into library xil_defaultlib
INFO: [VRFC 10-311] analyzing module DataPath
INFO: [VRFC 10-2263] Analyzing Verilog file "D:/Vteacher/Lab4_3/Lab2.srcs/sources_1/imports/new/ImmGen.v" into library xil_defaultlib
INFO: [VRFC 10-311] analyzing module ImmGen
INFO: [VRFC 10-2263] Analyzing Verilog file "D:/Vteacher/Lab4_3/Lab2.srcs/sources_1/new/Load_Ctrl.v" into library xil_defaultlib
INFO: [VRFC 10-311] analyzing module Load_Ctrl
INFO: [VRFC 10-2263] Analyzing Verilog file "D:/Vteacher/Lab4_3/Lab2.srcs/sources_1/imports/new/PCReg.v" into library xil_defaultlib
INFO: [VRFC 10-311] analyzing module PCReg
INFO: [VRFC 10-2263] Analyzing Verilog file "D:/Vteacher/Lab4_3/Lab2.srcs/sources_1/imports/new/RegFile32.v" into library xil_defaultlib
INFO: [VRFC 10-311] analyzing module RegFile32
INFO: [VRFC 10-2263] Analyzing Verilog file "D:/Vteacher/Lab4_3/Lab2.srcs/sources_1/imports/new/cpu_ctrl.v" into library xil_defaultlib
INFO: [VRFC 10-311] analyzing module cpu_ctrl
INFO: [VRFC 10-2263] Analyzing Verilog file "D:/Vteacher/Lab4_3/Lab2.srcs/sim_1/new/cpu_tb.v" into library xil_defaultlib
INFO: [VRFC 10-311] analyzing module cpu_tb
INFO: [USF-XSim-69] 'compile' step finished in '1' seconds
INFO: [USF-XSim-3] XSim::Elaborate design
INFO: [USF-XSim-61] Executing 'ELABORATE' step in 'D:/Vteacher/Lab4_3/Lab2.sim/sim_1/behav/xsim'
"xelab -wto b18b6452b4ef4a7aa08cc991d9111fdb --incr --debug typical --relax --mt 2 -L xil_defaultlib -L dist_mem_gen_v8_0_13 -L blk_mem_gen_v8_4_4 -L unisims_ver -L unimacro_ver -L secureip -L xpm --snapshot cpu_tb_behav xil_defaultlib.cpu_tb xil_defaultlib.glbl -log elaborate.log"
Vivado Simulator 2020.2
Copyright 1986-1999, 2001-2020 Xilinx, Inc. All Rights Reserved.
Running: D:/vivado/Vivado/2020.2/bin/unwrapped/win64.o/xelab.exe -wto b18b6452b4ef4a7aa08cc991d9111fdb --incr --debug typical --relax --mt 2 -L xil_defaultlib -L dist_mem_gen_v8_0_13 -L blk_mem_gen_v8_4_4 -L unisims_ver -L unimacro_ver -L secureip -L xpm --snapshot cpu_tb_behav xil_defaultlib.cpu_tb xil_defaultlib.glbl -log elaborate.log 
Using 2 slave threads.
Starting static elaboration
Pass Through NonSizing Optimizer
WARNING: [VRFC 10-3091] actual bit length 1 differs from formal bit length 4 for port 'wea' [D:/Vteacher/Lab4_3/Lab2.srcs/sim_1/new/cpu_tb.v:165]
Completed static elaboration
Starting simulation data flow analysis
Completed simulation data flow analysis
Time Resolution for simulation is 1ps
Compiling module xil_defaultlib.Load_Ctrl
Compiling module xil_defaultlib.cpu_ctrl
Compiling module xil_defaultlib.ImmGen
Compiling module xil_defaultlib.RegFile32
Compiling module xil_defaultlib.PCReg
Compiling module xil_defaultlib.ALUT
Compiling module xil_defaultlib.DataPath
Compiling module xil_defaultlib.CPUT
Compiling module blk_mem_gen_v8_4_4.blk_mem_gen_v8_4_4_output_stage(...
Compiling module blk_mem_gen_v8_4_4.blk_mem_gen_v8_4_4_softecc_outpu...
Compiling module blk_mem_gen_v8_4_4.blk_mem_gen_v8_4_4_mem_module(C_...
Compiling module blk_mem_gen_v8_4_4.blk_mem_gen_v8_4_4(C_FAMILY="kin...
Compiling module xil_defaultlib.ram_b
Compiling module dist_mem_gen_v8_0_13.dist_mem_gen_v8_0_13(C_FAMILY="k...
Compiling module xil_defaultlib.rom_d
Compiling module xil_defaultlib.cpu_tb
Compiling module xil_defaultlib.glbl
Built simulation snapshot cpu_tb_behav

****** Webtalk v2020.2 (64-bit)
  **** SW Build 3064766 on Wed Nov 18 09:12:45 MST 2020
  **** IP Build 3064653 on Wed Nov 18 14:17:31 MST 2020
    ** Copyright 1986-2020 Xilinx, Inc. All Rights Reserved.

source D:/Vteacher/Lab4_3/Lab2.sim/sim_1/behav/xsim/xsim.dir/cpu_tb_behav/webtalk/xsim_webtalk.tcl -notrace
INFO: [Common 17-206] Exiting Webtalk at Thu Jun  9 16:44:32 2022...
run_program: Time (s): cpu = 00:00:00 ; elapsed = 00:00:06 . Memory (MB): peak = 1110.410 ; gain = 0.000
INFO: [USF-XSim-69] 'elaborate' step finished in '6' seconds
INFO: [USF-XSim-4] XSim::Simulate design
INFO: [USF-XSim-61] Executing 'SIMULATE' step in 'D:/Vteacher/Lab4_3/Lab2.sim/sim_1/behav/xsim'
INFO: [USF-XSim-98] *** Running xsim
   with args "cpu_tb_behav -key {Behavioral:sim_1:Functional:cpu_tb} -tclbatch {cpu_tb.tcl} -log {simulate.log}"
INFO: [USF-XSim-8] Loading simulator feature
Vivado Simulator 2020.2
Time resolution is 1 ps
source cpu_tb.tcl
# set curr_wave [current_wave_config]
# if { [string length $curr_wave] == 0 } {
#   if { [llength [get_objects]] > 0} {
#     add_wave /
#     set_property needs_save false [current_wave_config]
#   } else {
#      send_msg_id Add_Wave-1 WARNING "No top level signals found. Simulator will start without a wave window. If you want to open a wave window go to 'File->New Waveform Configuration' or type 'create_wave_config' in the TCL console."
#   }
# }
# run 1000ns
 Block Memory Generator module loading initial data...
 Block Memory Generator data initialization complete.
Block Memory Generator module cpu_tb.u_ram.inst.\native_mem_module.blk_mem_gen_v8_4_4_inst  is using a behavioral model for simulation which will not precisely model memory collision behavior.
WARNING: This core is supplied with a behavioral model. To model cycle-accurate behavior you must run timing simulation.
INFO: [USF-XSim-96] XSim completed. Design snapshot 'cpu_tb_behav' loaded.
INFO: [USF-XSim-97] XSim simulation ran for 1000ns
launch_simulation: Time (s): cpu = 00:00:06 ; elapsed = 00:00:10 . Memory (MB): peak = 1110.410 ; gain = 0.000
current_wave_config {Untitled 1}
Untitled 1
add_wave {{/cpu_tb/u_ram}} 
reset_run synth_1
WARNING: [Vivado 12-1017] Problems encountered:
1. Failed to delete one or more files in run directory D:/Vteacher/Lab4_3/Lab2.runs/synth_1

launch_runs impl_1 -to_step write_bitstream -jobs 4
[Thu Jun  9 16:54:37 2022] Launched synth_1...
Run output will be captured here: D:/Vteacher/Lab4_3/Lab2.runs/synth_1/runme.log
[Thu Jun  9 16:54:37 2022] Launched impl_1...
Run output will be captured here: D:/Vteacher/Lab4_3/Lab2.runs/impl_1/runme.log
open_hw_manager
connect_hw_server -allow_non_jtag
INFO: [Labtools 27-2285] Connecting to hw_server url TCP:localhost:3121
INFO: [Labtools 27-2222] Launching hw_server...
INFO: [Labtools 27-2221] Launch Output:

****** Xilinx hw_server v2020.2
  **** Build date : Nov 18 2020 at 10:01:48
    ** Copyright 1986-2020 Xilinx, Inc. All Rights Reserved.


INFO: [Labtools 27-3415] Connecting to cs_server url TCP:localhost:3042
INFO: [Labtools 27-3417] Launching cs_server...
INFO: [Labtools 27-2221] Launch Output:


******** Xilinx cs_server v2020.2
  ****** Build date   : Nov 04 2020-05:02:56
    **** Build number : 2020.2.1604437376
      ** Copyright 2017-2020 Xilinx, Inc. All Rights Reserved.



connect_hw_server: Time (s): cpu = 00:00:01 ; elapsed = 00:00:15 . Memory (MB): peak = 1354.441 ; gain = 0.000
open_hw_target
INFO: [Labtoolstcl 44-466] Opening hw_target localhost:3121/xilinx_tcf/Xilinx/00000000000000
set_property PROGRAM.FILE {D:/Vteacher/Lab4_3/Lab2.runs/impl_1/Top.bit} [get_hw_devices xc7k160t_0]
current_hw_device [get_hw_devices xc7k160t_0]
refresh_hw_device -update_hw_probes false [lindex [get_hw_devices xc7k160t_0] 0]
INFO: [Labtools 27-1434] Device xc7k160t (JTAG device index = 0) is programmed with a design that has no supported debug core(s) in it.
set_property PROBES.FILE {} [get_hw_devices xc7k160t_0]
set_property FULL_PROBES.FILE {} [get_hw_devices xc7k160t_0]
set_property PROGRAM.FILE {D:/Vteacher/Lab4_3/Lab2.runs/impl_1/Top.bit} [get_hw_devices xc7k160t_0]
program_hw_devices [get_hw_devices xc7k160t_0]
INFO: [Labtools 27-3164] End of startup status: HIGH
program_hw_devices: Time (s): cpu = 00:00:15 ; elapsed = 00:00:14 . Memory (MB): peak = 2839.711 ; gain = 0.000
refresh_hw_device [lindex [get_hw_devices xc7k160t_0] 0]
INFO: [Labtools 27-1434] Device xc7k160t (JTAG device index = 0) is programmed with a design that has no supported debug core(s) in it.
ERROR: [Labtoolstcl 44-513] HW Target shutdown. Closing target: localhost:3121/xilinx_tcf/Xilinx/00000000000000
INFO: [Labtoolstcl 44-466] Opening hw_target localhost:3121/xilinx_tcf/Xilinx/00000000000000
INFO: [Labtools 27-1435] Device xc7k160t (JTAG device index = 0) is not programmed (DONE status = 0).
WARNING: [Labtoolstcl 44-129] No matching hw_ila_data was found.
set_property PROBES.FILE {} [get_hw_devices xc7k160t_0]
set_property FULL_PROBES.FILE {} [get_hw_devices xc7k160t_0]
set_property PROGRAM.FILE {D:/Vteacher/Lab4_3/Lab2.runs/impl_1/Top.bit} [get_hw_devices xc7k160t_0]
program_hw_devices [get_hw_devices xc7k160t_0]
INFO: [Labtools 27-3164] End of startup status: HIGH
program_hw_devices: Time (s): cpu = 00:00:15 ; elapsed = 00:00:14 . Memory (MB): peak = 2853.238 ; gain = 0.000
refresh_hw_device [lindex [get_hw_devices xc7k160t_0] 0]
INFO: [Labtools 27-1434] Device xc7k160t (JTAG device index = 0) is programmed with a design that has no supported debug core(s) in it.
set_property PROBES.FILE {} [get_hw_devices xc7k160t_0]
set_property FULL_PROBES.FILE {} [get_hw_devices xc7k160t_0]
set_property PROGRAM.FILE {D:/Vteacher/Lab4_3/Lab2.runs/impl_1/Top.bit} [get_hw_devices xc7k160t_0]
program_hw_devices [get_hw_devices xc7k160t_0]
INFO: [Labtools 27-3164] End of startup status: HIGH
program_hw_devices: Time (s): cpu = 00:00:15 ; elapsed = 00:00:14 . Memory (MB): peak = 2853.238 ; gain = 0.000
refresh_hw_device [lindex [get_hw_devices xc7k160t_0] 0]
INFO: [Labtools 27-1434] Device xc7k160t (JTAG device index = 0) is programmed with a design that has no supported debug core(s) in it.
reset_run synth_1
WARNING: [Vivado 12-1017] Problems encountered:
1. Failed to delete one or more files in run directory D:/Vteacher/Lab4_3/Lab2.runs/synth_1

launch_runs impl_1 -to_step write_bitstream -jobs 4
[Thu Jun  9 17:02:36 2022] Launched synth_1...
Run output will be captured here: D:/Vteacher/Lab4_3/Lab2.runs/synth_1/runme.log
[Thu Jun  9 17:02:36 2022] Launched impl_1...
Run output will be captured here: D:/Vteacher/Lab4_3/Lab2.runs/impl_1/runme.log
ERROR: [Labtoolstcl 44-513] HW Target shutdown. Closing target: localhost:3121/xilinx_tcf/Xilinx/00000000000000
disconnect_hw_server localhost:3121
connect_hw_server -allow_non_jtag
INFO: [Labtools 27-2285] Connecting to hw_server url TCP:localhost:3121
INFO: [Labtools 27-3415] Connecting to cs_server url TCP:localhost:3042
INFO: [Labtools 27-3414] Connected to existing cs_server.
connect_hw_server: Time (s): cpu = 00:00:01 ; elapsed = 00:00:10 . Memory (MB): peak = 2854.055 ; gain = 0.000
open_hw_target
INFO: [Labtoolstcl 44-466] Opening hw_target localhost:3121/xilinx_tcf/Xilinx/00000000000000
set_property PROGRAM.FILE {D:/Vteacher/Lab4_3/Lab2.runs/impl_1/Top.bit} [get_hw_devices xc7k160t_0]
current_hw_device [get_hw_devices xc7k160t_0]
refresh_hw_device -update_hw_probes false [lindex [get_hw_devices xc7k160t_0] 0]
INFO: [Labtools 27-1434] Device xc7k160t (JTAG device index = 0) is programmed with a design that has no supported debug core(s) in it.
set_property PROBES.FILE {} [get_hw_devices xc7k160t_0]
set_property FULL_PROBES.FILE {} [get_hw_devices xc7k160t_0]
set_property PROGRAM.FILE {D:/Vteacher/Lab4_3/Lab2.runs/impl_1/Top.bit} [get_hw_devices xc7k160t_0]
program_hw_devices [get_hw_devices xc7k160t_0]
INFO: [Labtools 27-3164] End of startup status: HIGH
program_hw_devices: Time (s): cpu = 00:00:14 ; elapsed = 00:00:14 . Memory (MB): peak = 2868.699 ; gain = 0.000
refresh_hw_device [lindex [get_hw_devices xc7k160t_0] 0]
INFO: [Labtools 27-1434] Device xc7k160t (JTAG device index = 0) is programmed with a design that has no supported debug core(s) in it.
reset_run synth_1
WARNING: [Vivado 12-1017] Problems encountered:
1. Failed to delete one or more files in run directory D:/Vteacher/Lab4_3/Lab2.runs/synth_1

launch_runs impl_1 -to_step write_bitstream -jobs 4
[Thu Jun  9 17:18:22 2022] Launched synth_1...
Run output will be captured here: D:/Vteacher/Lab4_3/Lab2.runs/synth_1/runme.log
[Thu Jun  9 17:18:22 2022] Launched impl_1...
Run output will be captured here: D:/Vteacher/Lab4_3/Lab2.runs/impl_1/runme.log
set_property PROBES.FILE {} [get_hw_devices xc7k160t_0]
set_property FULL_PROBES.FILE {} [get_hw_devices xc7k160t_0]
set_property PROGRAM.FILE {D:/Vteacher/Lab4_3/Lab2.runs/impl_1/Top.bit} [get_hw_devices xc7k160t_0]
program_hw_devices [get_hw_devices xc7k160t_0]
INFO: [Labtools 27-3164] End of startup status: HIGH
program_hw_devices: Time (s): cpu = 00:00:15 ; elapsed = 00:00:14 . Memory (MB): peak = 2868.699 ; gain = 0.000
refresh_hw_device [lindex [get_hw_devices xc7k160t_0] 0]
INFO: [Labtools 27-1434] Device xc7k160t (JTAG device index = 0) is programmed with a design that has no supported debug core(s) in it.
ERROR: [Labtoolstcl 44-513] HW Target shutdown. Closing target: localhost:3121/xilinx_tcf/Xilinx/00000000000000
disconnect_hw_server localhost:3121
connect_hw_server -allow_non_jtag
INFO: [Labtools 27-2285] Connecting to hw_server url TCP:localhost:3121
INFO: [Labtools 27-3415] Connecting to cs_server url TCP:localhost:3042
INFO: [Labtools 27-3414] Connected to existing cs_server.
ERROR: [Labtoolstcl 44-494] There is no active target available for server at localhost.
 Targets(s) ", jsn1jsn-DLC9LP-00000000000000" may be locked by another hw_server.
disconnect_hw_server localhost:3121
connect_hw_server -allow_non_jtag
INFO: [Labtools 27-2285] Connecting to hw_server url TCP:localhost:3121
INFO: [Labtools 27-3415] Connecting to cs_server url TCP:localhost:3042
INFO: [Labtools 27-3414] Connected to existing cs_server.
connect_hw_server: Time (s): cpu = 00:00:01 ; elapsed = 00:00:09 . Memory (MB): peak = 2872.906 ; gain = 0.000
open_hw_target
INFO: [Labtoolstcl 44-466] Opening hw_target localhost:3121/xilinx_tcf/Xilinx/00000000000000
set_property PROGRAM.FILE {D:/Vteacher/Lab4_3/Lab2.runs/impl_1/Top.bit} [get_hw_devices xc7k160t_0]
current_hw_device [get_hw_devices xc7k160t_0]
refresh_hw_device -update_hw_probes false [lindex [get_hw_devices xc7k160t_0] 0]
INFO: [Labtools 27-1434] Device xc7k160t (JTAG device index = 0) is programmed with a design that has no supported debug core(s) in it.
reset_run synth_1
WARNING: [Vivado 12-1017] Problems encountered:
1. Failed to delete one or more files in run directory D:/Vteacher/Lab4_3/Lab2.runs/synth_1

launch_runs impl_1 -to_step write_bitstream -jobs 4
[Thu Jun  9 17:38:47 2022] Launched synth_1...
Run output will be captured here: D:/Vteacher/Lab4_3/Lab2.runs/synth_1/runme.log
[Thu Jun  9 17:38:47 2022] Launched impl_1...
Run output will be captured here: D:/Vteacher/Lab4_3/Lab2.runs/impl_1/runme.log
ERROR: [Labtoolstcl 44-513] HW Target shutdown. Closing target: localhost:3121/xilinx_tcf/Xilinx/00000000000000
disconnect_hw_server localhost:3121
connect_hw_server -allow_non_jtag
INFO: [Labtools 27-2285] Connecting to hw_server url TCP:localhost:3121
