Copyright 1986-2020 Xilinx, Inc. All Rights Reserved.
-------------------------------------------------------------------------------------------------------------------------------
| Tool Version     : Vivado v.2020.2 (win64) Build 3064766 Wed Nov 18 09:12:45 MST 2020
| Date             : Tue May  3 09:48:14 2022
| Host             : DESKTOP-715IQOV running 64-bit major release  (build 9200)
| Command          : report_power -file Top_power_routed.rpt -pb Top_power_summary_routed.pb -rpx Top_power_routed.rpx
| Design           : Top
| Device           : xc7k160tffg676-2L
| Design State     : routed
| Grade            : extended
| Process          : typical
| Characterization : Production
-------------------------------------------------------------------------------------------------------------------------------

Power Report

Table of Contents
-----------------
1. Summary
1.1 On-Chip Components
1.2 Power Supply Summary
1.3 Confidence Level
2. Settings
2.1 Environment
2.2 Clock Constraints
3. Detailed Reports
3.1 By Hierarchy

1. Summary
----------

+--------------------------+----------------------------------+
| Total On-Chip Power (W)  | 47.128 (Junction temp exceeded!) |
| Design Power Budget (W)  | Unspecified*                     |
| Power Budget Margin (W)  | NA                               |
| Dynamic (W)              | 45.556                           |
| Device Static (W)        | 1.571                            |
| Effective TJA (C/W)      | 1.9                              |
| Max Ambient (C)          | 9.3                              |
| Junction Temperature (C) | 115.7                            |
| Confidence Level         | Low                              |
| Setting File             | ---                              |
| Simulation Activity File | ---                              |
| Design Nets Matched      | NA                               |
+--------------------------+----------------------------------+
* Specify Design Power Budget using, set_operating_conditions -design_power_budget <value in Watts>


1.1 On-Chip Components
----------------------

+--------------------------+-----------+----------+-----------+-----------------+
| On-Chip                  | Power (W) | Used     | Available | Utilization (%) |
+--------------------------+-----------+----------+-----------+-----------------+
| Slice Logic              |     7.910 |     5966 |       --- |             --- |
|   LUT as Logic           |     7.151 |     2696 |    101400 |            2.66 |
|   CARRY4                 |     0.427 |      110 |     25350 |            0.43 |
|   F7/F8 Muxes            |     0.140 |      710 |    101400 |            0.70 |
|   Register               |     0.130 |     1630 |    202800 |            0.80 |
|   BUFG                   |     0.040 |        6 |        32 |           18.75 |
|   LUT as Distributed RAM |     0.020 |      640 |     35000 |            1.83 |
|   Others                 |     0.000 |       42 |       --- |             --- |
| Signals                  |    17.458 |     4102 |       --- |             --- |
| Block RAM                |     0.130 |        1 |       325 |            0.31 |
| I/O                      |    20.060 |       49 |       400 |           12.25 |
| Static Power             |     1.571 |          |           |                 |
| Total                    |    47.128 |          |           |                 |
+--------------------------+-----------+----------+-----------+-----------------+


1.2 Power Supply Summary
------------------------

+-----------+-------------+-----------+-------------+------------+-------------+-------------+------------+
| Source    | Voltage (V) | Total (A) | Dynamic (A) | Static (A) | Powerup (A) | Budget (A)  | Margin (A) |
+-----------+-------------+-----------+-------------+------------+-------------+-------------+------------+
| Vccint    |       1.000 |    26.906 |      25.575 |      1.330 |       NA    | Unspecified | NA         |
| Vccaux    |       1.800 |     0.869 |       0.784 |      0.085 |       NA    | Unspecified | NA         |
| Vcco33    |       3.300 |     5.305 |       5.304 |      0.001 |       NA    | Unspecified | NA         |
| Vcco25    |       2.500 |     0.000 |       0.000 |      0.000 |       NA    | Unspecified | NA         |
| Vcco18    |       1.800 |     0.573 |       0.572 |      0.001 |       NA    | Unspecified | NA         |
| Vcco15    |       1.500 |     0.020 |       0.019 |      0.001 |       NA    | Unspecified | NA         |
| Vcco135   |       1.350 |     0.000 |       0.000 |      0.000 |       NA    | Unspecified | NA         |
| Vcco12    |       1.200 |     0.000 |       0.000 |      0.000 |       NA    | Unspecified | NA         |
| Vccaux_io |       1.800 |     0.000 |       0.000 |      0.000 |       NA    | Unspecified | NA         |
| Vccbram   |       1.000 |     0.055 |       0.010 |      0.045 |       NA    | Unspecified | NA         |
| MGTAVcc   |       1.000 |     0.000 |       0.000 |      0.000 |       NA    | Unspecified | NA         |
| MGTAVtt   |       1.200 |     0.000 |       0.000 |      0.000 |       NA    | Unspecified | NA         |
| MGTVccaux |       1.800 |     0.000 |       0.000 |      0.000 |       NA    | Unspecified | NA         |
| Vccadc    |       1.800 |     0.020 |       0.000 |      0.020 |       NA    | Unspecified | NA         |
+-----------+-------------+-----------+-------------+------------+-------------+-------------+------------+


1.3 Confidence Level
--------------------

+-----------------------------+------------+--------------------------------------------------------+--------------------------------------------------------------------------------------------------------------------+
| User Input Data             | Confidence | Details                                                | Action                                                                                                             |
+-----------------------------+------------+--------------------------------------------------------+--------------------------------------------------------------------------------------------------------------------+
| Design implementation state | High       | Design is routed                                       |                                                                                                                    |
| Clock nodes activity        | Low        | User specified less than 75% of clocks                 | Provide missing clock activity with a constraint file, simulation results or by editing the "By Clock Domain" view |
| I/O nodes activity          | Low        | More than 75% of inputs are missing user specification | Provide missing input activity with simulation results or by editing the "By Resource Type -> I/Os" view           |
| Internal nodes activity     | Medium     | User specified less than 25% of internal nodes         | Provide missing internal nodes activity with simulation results or by editing the "By Resource Type" views         |
| Device models               | High       | Device models are Production                           |                                                                                                                    |
|                             |            |                                                        |                                                                                                                    |
| Overall confidence level    | Low        |                                                        |                                                                                                                    |
+-----------------------------+------------+--------------------------------------------------------+--------------------------------------------------------------------------------------------------------------------+


2. Settings
-----------

2.1 Environment
---------------

+-----------------------+--------------------------+
| Ambient Temp (C)      | 25.0                     |
| ThetaJA (C/W)         | 1.9                      |
| Airflow (LFM)         | 250                      |
| Heat Sink             | medium (Medium Profile)  |
| ThetaSA (C/W)         | 3.4                      |
| Board Selection       | medium (10"x10")         |
| # of Board Layers     | 12to15 (12 to 15 Layers) |
| Board Temperature (C) | 25.0                     |
+-----------------------+--------------------------+


2.2 Clock Constraints
---------------------

+-------+--------+-----------------+
| Clock | Domain | Constraint (ns) |
+-------+--------+-----------------+


3. Detailed Reports
-------------------

3.1 By Hierarchy
----------------

+-----------------------------------+-----------+
| Name                              | Power (W) |
+-----------------------------------+-----------+
| Top                               |    45.556 |
|   U1                              |     7.016 |
|     inst                          |     7.016 |
|       ctrl                        |     0.061 |
|       datapath                    |     6.956 |
|   U10                             |     1.708 |
|     inst                          |     1.708 |
|   U11                             |    11.896 |
|     inst__0                       |    11.896 |
|       vga_controller              |     3.321 |
|       vga_debugger                |     7.851 |
|       vga_display                 |     0.724 |
|   U2                              |     0.495 |
|     U0                            |     0.495 |
|       synth_options.dist_mem_inst |     0.495 |
|   U3                              |     0.428 |
|     U0                            |     0.428 |
|       inst_blk_mem_gen            |     0.428 |
|   U4                              |     0.944 |
|     inst                          |     0.944 |
|   U5                              |     0.767 |
|     inst                          |     0.767 |
|   U6                              |     1.251 |
|     inst                          |     1.251 |
|       M2                          |     0.290 |
|       SM1                         |     0.961 |
|   U7                              |     0.143 |
|     inst                          |     0.143 |
|       LED_P2S                     |     0.143 |
|   U8                              |     0.369 |
|     inst                          |     0.369 |
|   U9                              |     0.084 |
|     inst                          |     0.084 |
|   Uclk                            |     0.068 |
|     inst                          |     0.068 |
|   p1                              |     0.026 |
|   p2                              |     0.029 |
|   p3                              |     0.029 |
|   p4                              |     0.028 |
+-----------------------------------+-----------+


