#-----------------------------------------------------------
# Vivado v2020.2 (64-bit)
# SW Build 3064766 on Wed Nov 18 09:12:45 MST 2020
# IP Build 3064653 on Wed Nov 18 14:17:31 MST 2020
# Start of session at: Mon Jun 13 19:52:39 2022
# Process ID: 836
# Current directory: D:/Vteacher/Lab4_4
# Command line: vivado.exe -gui_launcher_event rodinguilauncherevent25092 D:\Vteacher\Lab4_4\Lab2.xpr
# Log file: D:/Vteacher/Lab4_4/vivado.log
# Journal file: D:/Vteacher/Lab4_4\vivado.jou
#-----------------------------------------------------------
start_gui
open_project D:/Vteacher/Lab4_4/Lab2.xpr
Scanning sources...
Finished scanning sources
INFO: [IP_Flow 19-234] Refreshing IP repositories
INFO: [IP_Flow 19-1700] Loaded user IP repository 'd:/Vteacher/IP'.
INFO: [IP_Flow 19-1700] Loaded user IP repository 'd:/Vteacher/Cctrl'.
INFO: [IP_Flow 19-1700] Loaded user IP repository 'd:/Vteacher/DPath'.
INFO: [IP_Flow 19-2313] Loaded Vivado IP repository 'D:/vivado/Vivado/2020.2/data/ip'.
open_project: Time (s): cpu = 00:00:13 ; elapsed = 00:00:06 . Memory (MB): peak = 1110.598 ; gain = 0.000
update_compile_order -fileset sources_1
reset_run synth_1
launch_runs impl_1 -to_step write_bitstream -jobs 4
[Mon Jun 13 19:55:07 2022] Launched synth_1...
Run output will be captured here: D:/Vteacher/Lab4_4/Lab2.runs/synth_1/runme.log
[Mon Jun 13 19:55:07 2022] Launched impl_1...
Run output will be captured here: D:/Vteacher/Lab4_4/Lab2.runs/impl_1/runme.log
exit
INFO: [Common 17-206] Exiting Vivado at Mon Jun 13 21:19:23 2022...
