#-----------------------------------------------------------
# Vivado v2020.2 (64-bit)
# SW Build 3064766 on Wed Nov 18 09:12:45 MST 2020
# IP Build 3064653 on Wed Nov 18 14:17:31 MST 2020
# Start of session at: Wed Jun 15 10:19:53 2022
# Process ID: 17084
# Current directory: D:/Vteacher/Lab4_4
# Command line: vivado.exe -gui_launcher_event rodinguilauncherevent33800 D:\Vteacher\Lab4_4\Lab2.xpr
# Log file: D:/Vteacher/Lab4_4/vivado.log
# Journal file: D:/Vteacher/Lab4_4\vivado.jou
#-----------------------------------------------------------
start_gui
open_project D:/Vteacher/Lab4_4/Lab2.xpr
Scanning sources...
Finished scanning sources
INFO: [IP_Flow 19-234] Refreshing IP repositories
INFO: [IP_Flow 19-1700] Loaded user IP repository 'd:/Vteacher/IP'.
INFO: [IP_Flow 19-1700] Loaded user IP repository 'd:/Vteacher/Cctrl'.
INFO: [IP_Flow 19-1700] Loaded user IP repository 'd:/Vteacher/DPath'.
INFO: [IP_Flow 19-2313] Loaded Vivado IP repository 'D:/vivado/Vivado/2020.2/data/ip'.
ERROR: [Vivado 12-106] *** Exception: java.lang.NullPointerException (See D:/Vteacher/Lab4_4/vivado_pid17084.debug)
open_project: Time (s): cpu = 00:00:07 ; elapsed = 00:00:07 . Memory (MB): peak = 1107.344 ; gain = 0.000
ERROR: [Common 17-39] 'open_project' failed due to earlier errors.
exit
INFO: [Common 17-206] Exiting Vivado at Wed Jun 15 10:27:14 2022...
