Copyright 1986-2017 Xilinx, Inc. All Rights Reserved.
-----------------------------------------------------------------------------------------
| Tool Version      : Vivado v.2017.4 (win64) Build 2086221 Fri Dec 15 20:55:39 MST 2017
| Date              : Thu Apr 14 15:59:52 2022
| Host              : LAPTOP-G8SE1MMQ running 64-bit major release  (build 9200)
| Command           : report_clock_utilization -file Top_clock_utilization_routed.rpt
| Design            : Top
| Device            : 7k160t-ffg676
| Speed File        : -2L  PRODUCTION 1.12 2017-02-17
| Temperature Grade : E
-----------------------------------------------------------------------------------------

Clock Utilization Report

Table of Contents
-----------------
1. Clock Primitive Utilization
2. Global Clock Resources
3. Global Clock Source Details
4. Local Clock Details
5. Clock Regions: Key Resource Utilization
6. Clock Regions : Global Clock Summary
7. Device Cell Placement Summary for Global Clock g0
8. Device Cell Placement Summary for Global Clock g1
9. Device Cell Placement Summary for Global Clock g2
10. Device Cell Placement Summary for Global Clock g3
11. Device Cell Placement Summary for Global Clock g4
12. Device Cell Placement Summary for Global Clock g5
13. Device Cell Placement Summary for Global Clock g6
14. Clock Region Cell Placement per Global Clock: Region X1Y0
15. Clock Region Cell Placement per Global Clock: Region X1Y1
16. Clock Region Cell Placement per Global Clock: Region X0Y2
17. Clock Region Cell Placement per Global Clock: Region X1Y2
18. Clock Region Cell Placement per Global Clock: Region X0Y3
19. Clock Region Cell Placement per Global Clock: Region X1Y3

1. Clock Primitive Utilization
------------------------------

+----------+------+-----------+-----+--------------+--------+
| Type     | Used | Available | LOC | Clock Region | Pblock |
+----------+------+-----------+-----+--------------+--------+
| BUFGCTRL |    7 |        32 |   0 |            0 |      0 |
| BUFH     |    0 |       120 |   0 |            0 |      0 |
| BUFIO    |    0 |        32 |   0 |            0 |      0 |
| BUFMR    |    0 |        16 |   0 |            0 |      0 |
| BUFR     |    0 |        32 |   0 |            0 |      0 |
| MMCM     |    0 |         8 |   0 |            0 |      0 |
| PLL      |    0 |         8 |   0 |            0 |      0 |
+----------+------+-----------+-----+--------------+--------+


2. Global Clock Resources
-------------------------

+-----------+-----------+-----------------+------------+---------------+--------------+-------------------+-------------+-----------------+--------------+-------------+-----------------------------+------------------------------+
| Global Id | Source Id | Driver Type/Pin | Constraint | Site          | Clock Region | Load Clock Region | Clock Loads | Non-Clock Loads | Clock Period | Clock       | Driver Pin                  | Net                          |
+-----------+-----------+-----------------+------------+---------------+--------------+-------------------+-------------+-----------------+--------------+-------------+-----------------------------+------------------------------+
| g0        | src0      | BUFG/O          | None       | BUFGCTRL_X0Y0 | n/a          |                 3 |        1178 |               0 |       10.000 | sys_clk_pin | clk_100mhz_IBUF_BUFG_inst/O | clk_100mhz_IBUF_BUFG         |
| g1        | src1      | BUFG/O          | None       | BUFGCTRL_X0Y2 | n/a          |                 2 |         544 |               0 |              |             | n_0_1201_BUFG_inst/O        | n_0_1201_BUFG                |
| g2        | src2      | BUFG/O          | None       | BUFGCTRL_X0Y1 | n/a          |                 1 |         280 |               0 |              |             | display_addr_reg[11]_i_3/O  | display_addr_reg[11]_i_3_n_3 |
| g3        | src3      | BUFG/O          | None       | BUFGCTRL_X0Y3 | n/a          |                 4 |         264 |               0 |              |             | n_1_2552_BUFG_inst/O        | n_1_2552_BUFG                |
| g4        | src4      | BUFG/O          | None       | BUFGCTRL_X0Y4 | n/a          |                 1 |          32 |               0 |              |             | clk_cpu_BUFG_inst/O         | clk_cpu_BUFG                 |
| g5        | src5      | BUFG/O          | None       | BUFGCTRL_X0Y5 | n/a          |                 2 |          32 |               0 |              |             | n_2_2933_BUFG_inst/O        | n_2_2933_BUFG                |
| g6        | src6      | BUFG/O          | None       | BUFGCTRL_X0Y6 | n/a          |                 4 |          32 |               0 |              |             | wen_BUFG_inst/O             | wen_BUFG                     |
+-----------+-----------+-----------------+------------+---------------+--------------+-------------------+-------------+-----------------+--------------+-------------+-----------------------------+------------------------------+
* Clock Loads column represents the clock pin loads (pin count)
** Non-Clock Loads column represents the non-clock pin loads (pin count)


3. Global Clock Source Details
------------------------------

+-----------+-----------+-----------------+------------+---------------+--------------+-------------+-----------------+---------------------+--------------+------------------------------------+----------------------------------+
| Source Id | Global Id | Driver Type/Pin | Constraint | Site          | Clock Region | Clock Loads | Non-Clock Loads | Source Clock Period | Source Clock | Driver Pin                         | Net                              |
+-----------+-----------+-----------------+------------+---------------+--------------+-------------+-----------------+---------------------+--------------+------------------------------------+----------------------------------+
| src0      | g0        | IBUF/O          | IOB_X1Y24  | IOB_X1Y24     | X1Y0         |           1 |               0 |              10.000 | sys_clk_pin  | clk_100mhz_IBUF_inst/O             | clk_100mhz_IBUF                  |
| src1      | g1        | LUT3/O          | None       | SLICE_X59Y146 | X1Y2         |           1 |               0 |                     |              | inputter/n_0_1201_BUFG_inst_i_1/O  | inputter/n_0_1201_BUFG_inst_n_1  |
| src2      | g2        | FDCE/Q          | None       | SLICE_X65Y141 | X1Y2         |           1 |               1 |                     |              | clock_dividor/clk_div_reg[0]/Q     | clock_dividor/out[0]             |
| src3      | g3        | LUT4/O          | None       | SLICE_X59Y146 | X1Y2         |           1 |               0 |                     |              | core/pc_0/n_1_2552_BUFG_inst_i_1/O | core/pc_0/n_1_2552_BUFG_inst_n_2 |
| src4      | g4        | LUT3/O          | None       | SLICE_X59Y146 | X1Y2         |           1 |               0 |                     |              | inputter/clk_cpu_BUFG_inst_i_1/O   | inputter/clk_cpu                 |
| src5      | g5        | LUT6/O          | None       | SLICE_X59Y146 | X1Y2         |           1 |               0 |                     |              | core/pc_0/n_2_2933_BUFG_inst_i_1/O | core/pc_0/n_2_2933_BUFG_inst_n_3 |
| src6      | g6        | LUT5/O          | None       | SLICE_X59Y146 | X1Y2         |           1 |              33 |                     |              | core/pc_0/wen_BUFG_inst_i_1/O      | core/pc_0/wen                    |
+-----------+-----------+-----------------+------------+---------------+--------------+-------------+-----------------+---------------------+--------------+------------------------------------+----------------------------------+
* Clock Loads column represents the clock pin loads (pin count)
** Non-Clock Loads column represents the non-clock pin loads (pin count)


4. Local Clock Details
----------------------

+----------+-----------------+------------+-------------------+--------------+-------------+-----------------+--------------+-------+--------------------------------+----------------------+
| Local Id | Driver Type/Pin | Constraint | Site/BEL          | Clock Region | Clock Loads | Non-Clock Loads | Clock Period | Clock | Driver Pin                     | Net                  |
+----------+-----------------+------------+-------------------+--------------+-------------+-----------------+--------------+-------+--------------------------------+----------------------||
| 0        | FDCE/Q          | None       | SLICE_X65Y141/BFF | X1Y2         |          22 |               1 |              |       | clock_dividor/clk_div_reg[1]/Q | clock_dividor/out[1] - Static -
+----------+-----------------+------------+-------------------+--------------+-------------+-----------------+--------------+-------+--------------------------------+----------------------||
* Local Clocks in this context represents only clocks driven by non-global buffers
** Clock Loads column represents the clock pin loads (pin count)
*** Non-Clock Loads column represents the non-clock pin loads (pin count)


5. Clock Regions: Key Resource Utilization
------------------------------------------

+-------------------+--------------+--------------+--------------+--------------+--------------+--------------+--------------+--------------+--------------+--------------+--------------+--------------+--------------+--------------+--------------+
|                   | Global Clock |     BUFRs    |    BUFMRs    |    BUFIOs    |     MMCM     |      PLL     |      GT      |      PCI     |    ILOGIC    |    OLOGIC    |      FF      |     LUTM     |    RAMB18    |    RAMB36    |    DSP48E2   |
+-------------------+------+-------+------+-------+------+-------+------+-------+------+-------+------+-------+------+-------+------+-------+------+-------+------+-------+------+-------+------+-------+------+-------+------+-------+------+-------+
| Clock Region Name | Used | Avail | Used | Avail | Used | Avail | Used | Avail | Used | Avail | Used | Avail | Used | Avail | Used | Avail | Used | Avail | Used | Avail | Used | Avail | Used | Avail | Used | Avail | Used | Avail | Used | Avail |
+-------------------+------+-------+------+-------+------+-------+------+-------+------+-------+------+-------+------+-------+------+-------+------+-------+------+-------+------+-------+------+-------+------+-------+------+-------+------+-------+
| X0Y0              |    0 |    12 |    0 |     4 |    0 |     2 |    0 |     4 |    0 |     1 |    0 |     1 |    0 |     0 |    0 |     0 |    0 |    50 |    0 |    50 |    0 |  2800 |    0 |   850 |    0 |    60 |    0 |    30 |    0 |    60 |
| X1Y0              |    1 |    12 |    0 |     4 |    0 |     2 |    0 |     4 |    0 |     1 |    0 |     1 |    0 |     0 |    0 |     0 |    0 |    50 |    0 |    50 |   48 |  2700 |    8 |   950 |    0 |    80 |    0 |    40 |    0 |    60 |
| X0Y1              |    0 |    12 |    0 |     4 |    0 |     2 |    0 |     4 |    0 |     1 |    0 |     1 |    0 |     0 |    0 |     0 |    0 |    50 |    0 |    50 |    0 |  2800 |    0 |   850 |    0 |    60 |    0 |    30 |    0 |    60 |
| X1Y1              |    1 |    12 |    0 |     4 |    0 |     2 |    0 |     4 |    0 |     1 |    0 |     1 |    0 |     0 |    0 |     0 |    0 |    50 |    0 |    50 |   51 |  2700 |    3 |   950 |    0 |    80 |    0 |    40 |    0 |    60 |
| X0Y2              |    2 |    12 |    0 |     4 |    0 |     2 |    0 |     4 |    0 |     1 |    0 |     1 |    0 |     0 |    0 |     0 |    0 |    50 |    0 |    50 |    0 |  2200 |    0 |   850 |    0 |    60 |    0 |    30 |    0 |    60 |
| X1Y2              |    7 |    12 |    0 |     4 |    0 |     2 |    0 |     4 |    0 |     1 |    0 |     1 |    0 |     0 |    0 |     0 |    0 |    50 |    0 |    50 |  503 |  2700 |  104 |   950 |    0 |    80 |    0 |    40 |    0 |    60 |
| X0Y3              |    2 |    12 |    0 |     4 |    0 |     2 |    0 |     4 |    0 |     1 |    0 |     1 |    0 |     0 |    0 |     0 |    0 |    50 |    0 |    50 |    0 |  2200 |    0 |   850 |    0 |    60 |    0 |    30 |    0 |    60 |
| X1Y3              |    4 |    12 |    0 |     0 |    0 |     0 |    0 |     0 |    0 |     0 |    0 |     0 |    0 |     4 |    0 |     1 |    0 |     0 |    0 |     0 |  142 |  2150 |   57 |   800 |    0 |    50 |    0 |    25 |    0 |    60 |
| X0Y4              |    0 |    12 |    0 |     4 |    0 |     2 |    0 |     4 |    0 |     1 |    0 |     1 |    0 |     0 |    0 |     0 |    0 |    50 |    0 |    50 |    0 |  2800 |    0 |   850 |    0 |    60 |    0 |    30 |    0 |    60 |
| X1Y4              |    0 |    12 |    0 |     0 |    0 |     0 |    0 |     0 |    0 |     0 |    0 |     0 |    0 |     4 |    0 |     0 |    0 |     0 |    0 |     0 |    0 |  2300 |    0 |   850 |    0 |    60 |    0 |    30 |    0 |    60 |
+-------------------+------+-------+------+-------+------+-------+------+-------+------+-------+------+-------+------+-------+------+-------+------+-------+------+-------+------+-------+------+-------+------+-------+------+-------+------+-------+
* Global Clock column represents track count; while other columns represents cell counts


6. Clock Regions : Global Clock Summary
---------------------------------------

All Modules
+----+----+----+
|    | X0 | X1 |
+----+----+----+
| Y4 |  0 |  0 |
| Y3 |  2 |  4 |
| Y2 |  2 |  7 |
| Y1 |  0 |  1 |
| Y0 |  0 |  1 |
+----+----+----+


7. Device Cell Placement Summary for Global Clock g0
----------------------------------------------------

+-----------+-----------------+-------------------+-------------+-------------+---------------+-------------+----------+----------------+----------+----------------------+
| Global Id | Driver Type/Pin | Driver Region (D) | Clock       | Period (ns) | Waveform (ns) | Slice Loads | IO Loads | Clocking Loads | GT Loads | Net                  |
+-----------+-----------------+-------------------+-------------+-------------+---------------+-------------+----------+----------------+----------+----------------------+
| g0        | BUFG/O          | n/a               | sys_clk_pin |      10.000 | {0.000 5.000} |         122 |        0 |              0 |        0 | clk_100mhz_IBUF_BUFG |
+-----------+-----------------+-------------------+-------------+-------------+---------------+-------------+----------+----------------+----------+----------------------+
* Logic Loads column represents load cell count of all cell types other than IO, GT and clock resources
** IO Loads column represents load cell count of IO types
*** Clocking Loads column represents load cell count that are clock resources (global clock buffer, MMCM, PLL, etc)
**** GT Loads column represents load cell count of GT types


+----+----+-----+
|    | X0 | X1  |
+----+----+-----+
| Y4 |  0 |   0 |
| Y3 |  0 |   0 |
| Y2 |  0 |  25 |
| Y1 |  0 |  49 |
| Y0 |  0 |  48 |
+----+----+-----+


8. Device Cell Placement Summary for Global Clock g1
----------------------------------------------------

+-----------+-----------------+-------------------+-------+-------------+---------------+-------------+----------+----------------+----------+---------------+
| Global Id | Driver Type/Pin | Driver Region (D) | Clock | Period (ns) | Waveform (ns) | Slice Loads | IO Loads | Clocking Loads | GT Loads | Net           |
+-----------+-----------------+-------------------+-------+-------------+---------------+-------------+----------+----------------+----------+---------------+
| g1        | BUFG/O          | n/a               |       |             |               |         544 |        0 |              0 |        0 | n_0_1201_BUFG |
+-----------+-----------------+-------------------+-------+-------------+---------------+-------------+----------+----------------+----------+---------------+
* Logic Loads column represents load cell count of all cell types other than IO, GT and clock resources
** IO Loads column represents load cell count of IO types
*** Clocking Loads column represents load cell count that are clock resources (global clock buffer, MMCM, PLL, etc)
**** GT Loads column represents load cell count of GT types


+----+----+------+
|    | X0 | X1   |
+----+----+------+
| Y4 |  0 |    0 |
| Y3 |  0 |  142 |
| Y2 |  0 |  402 |
| Y1 |  0 |    0 |
| Y0 |  0 |    0 |
+----+----+------+


9. Device Cell Placement Summary for Global Clock g2
----------------------------------------------------

+-----------+-----------------+-------------------+-------+-------------+---------------+-------------+----------+----------------+----------+------------------------------+
| Global Id | Driver Type/Pin | Driver Region (D) | Clock | Period (ns) | Waveform (ns) | Slice Loads | IO Loads | Clocking Loads | GT Loads | Net                          |
+-----------+-----------------+-------------------+-------+-------------+---------------+-------------+----------+----------------+----------+------------------------------+
| g2        | BUFG/O          | n/a               |       |             |               |          24 |        0 |              0 |        0 | display_addr_reg[11]_i_3_n_3 |
+-----------+-----------------+-------------------+-------+-------------+---------------+-------------+----------+----------------+----------+------------------------------+
* Logic Loads column represents load cell count of all cell types other than IO, GT and clock resources
** IO Loads column represents load cell count of IO types
*** Clocking Loads column represents load cell count that are clock resources (global clock buffer, MMCM, PLL, etc)
**** GT Loads column represents load cell count of GT types


+----+----+-----+
|    | X0 | X1  |
+----+----+-----+
| Y4 |  0 |   0 |
| Y3 |  0 |   0 |
| Y2 |  0 |  24 |
| Y1 |  0 |   0 |
| Y0 |  0 |   0 |
+----+----+-----+


10. Device Cell Placement Summary for Global Clock g3
-----------------------------------------------------

+-----------+-----------------+-------------------+-------+-------------+---------------+-------------+----------+----------------+----------+---------------+
| Global Id | Driver Type/Pin | Driver Region (D) | Clock | Period (ns) | Waveform (ns) | Slice Loads | IO Loads | Clocking Loads | GT Loads | Net           |
+-----------+-----------------+-------------------+-------+-------------+---------------+-------------+----------+----------------+----------+---------------+
| g3        | BUFG/O          | n/a               |       |             |               |         264 |        0 |              0 |        0 | n_1_2552_BUFG |
+-----------+-----------------+-------------------+-------+-------------+---------------+-------------+----------+----------------+----------+---------------+
* Logic Loads column represents load cell count of all cell types other than IO, GT and clock resources
** IO Loads column represents load cell count of IO types
*** Clocking Loads column represents load cell count that are clock resources (global clock buffer, MMCM, PLL, etc)
**** GT Loads column represents load cell count of GT types


+----+-----+------+
|    | X0  | X1   |
+----+-----+------+
| Y4 |   0 |    0 |
| Y3 |  32 |   51 |
| Y2 |  70 |  111 |
| Y1 |   0 |    0 |
| Y0 |   0 |    0 |
+----+-----+------+


11. Device Cell Placement Summary for Global Clock g4
-----------------------------------------------------

+-----------+-----------------+-------------------+-------+-------------+---------------+-------------+----------+----------------+----------+--------------+
| Global Id | Driver Type/Pin | Driver Region (D) | Clock | Period (ns) | Waveform (ns) | Slice Loads | IO Loads | Clocking Loads | GT Loads | Net          |
+-----------+-----------------+-------------------+-------+-------------+---------------+-------------+----------+----------------+----------+--------------+
| g4        | BUFG/O          | n/a               |       |             |               |          32 |        0 |              0 |        0 | clk_cpu_BUFG |
+-----------+-----------------+-------------------+-------+-------------+---------------+-------------+----------+----------------+----------+--------------+
* Logic Loads column represents load cell count of all cell types other than IO, GT and clock resources
** IO Loads column represents load cell count of IO types
*** Clocking Loads column represents load cell count that are clock resources (global clock buffer, MMCM, PLL, etc)
**** GT Loads column represents load cell count of GT types


+----+----+-----+
|    | X0 | X1  |
+----+----+-----+
| Y4 |  0 |   0 |
| Y3 |  0 |   0 |
| Y2 |  0 |  32 |
| Y1 |  0 |   0 |
| Y0 |  0 |   0 |
+----+----+-----+


12. Device Cell Placement Summary for Global Clock g5
-----------------------------------------------------

+-----------+-----------------+-------------------+-------+-------------+---------------+-------------+----------+----------------+----------+---------------+
| Global Id | Driver Type/Pin | Driver Region (D) | Clock | Period (ns) | Waveform (ns) | Slice Loads | IO Loads | Clocking Loads | GT Loads | Net           |
+-----------+-----------------+-------------------+-------+-------------+---------------+-------------+----------+----------------+----------+---------------+
| g5        | BUFG/O          | n/a               |       |             |               |          32 |        0 |              0 |        0 | n_2_2933_BUFG |
+-----------+-----------------+-------------------+-------+-------------+---------------+-------------+----------+----------------+----------+---------------+
* Logic Loads column represents load cell count of all cell types other than IO, GT and clock resources
** IO Loads column represents load cell count of IO types
*** Clocking Loads column represents load cell count that are clock resources (global clock buffer, MMCM, PLL, etc)
**** GT Loads column represents load cell count of GT types


+----+----+-----+
|    | X0 | X1  |
+----+----+-----+
| Y4 |  0 |   0 |
| Y3 |  0 |   6 |
| Y2 |  0 |  26 |
| Y1 |  0 |   0 |
| Y0 |  0 |   0 |
+----+----+-----+


13. Device Cell Placement Summary for Global Clock g6
-----------------------------------------------------

+-----------+-----------------+-------------------+-------+-------------+---------------+-------------+----------+----------------+----------+----------+
| Global Id | Driver Type/Pin | Driver Region (D) | Clock | Period (ns) | Waveform (ns) | Slice Loads | IO Loads | Clocking Loads | GT Loads | Net      |
+-----------+-----------------+-------------------+-------+-------------+---------------+-------------+----------+----------------+----------+----------+
| g6        | BUFG/O          | n/a               |       |             |               |          32 |        0 |              0 |        0 | wen_BUFG |
+-----------+-----------------+-------------------+-------+-------------+---------------+-------------+----------+----------------+----------+----------+
* Logic Loads column represents load cell count of all cell types other than IO, GT and clock resources
** IO Loads column represents load cell count of IO types
*** Clocking Loads column represents load cell count that are clock resources (global clock buffer, MMCM, PLL, etc)
**** GT Loads column represents load cell count of GT types


+----+----+-----+
|    | X0 | X1  |
+----+----+-----+
| Y4 |  0 |   0 |
| Y3 |  1 |   7 |
| Y2 |  7 |  17 |
| Y1 |  0 |   0 |
| Y0 |  0 |   0 |
+----+----+-----+


14. Clock Region Cell Placement per Global Clock: Region X1Y0
-------------------------------------------------------------

+-----------+-------+-----------------+------------+-------------+-----------------+----+--------+------+-----+----+------+-----+---------+----------------------+
| Global Id | Track | Driver Type/Pin | Constraint | Clock Loads | Non-Clock Loads | FF | LUTRAM | RAMB | DSP | GT | MMCM | PLL | Hard IP | Net                  |
+-----------+-------+-----------------+------------+-------------+-----------------+----+--------+------+-----+----+------+-----+---------+----------------------+
| g0        | n/a   | BUFG/O          | None       |          48 |               0 | 48 |      0 |    0 |   0 |  0 |    0 |   0 |       0 | clk_100mhz_IBUF_BUFG |
+-----------+-------+-----------------+------------+-------------+-----------------+----+--------+------+-----+----+------+-----+---------+----------------------+
* Clock Loads column represents the clock pin loads (pin count)
** Non-Clock Loads column represents the non-clock pin loads (pin count)
*** Columns FF, LUTRAM, RAMB through 'Hard IP' represents load cell counts


15. Clock Region Cell Placement per Global Clock: Region X1Y1
-------------------------------------------------------------

+-----------+-------+-----------------+------------+-------------+-----------------+----+--------+------+-----+----+------+-----+---------+----------------------+
| Global Id | Track | Driver Type/Pin | Constraint | Clock Loads | Non-Clock Loads | FF | LUTRAM | RAMB | DSP | GT | MMCM | PLL | Hard IP | Net                  |
+-----------+-------+-----------------+------------+-------------+-----------------+----+--------+------+-----+----+------+-----+---------+----------------------+
| g0        | n/a   | BUFG/O          | None       |          49 |               0 | 49 |      0 |    0 |   0 |  0 |    0 |   0 |       0 | clk_100mhz_IBUF_BUFG |
+-----------+-------+-----------------+------------+-------------+-----------------+----+--------+------+-----+----+------+-----+---------+----------------------+
* Clock Loads column represents the clock pin loads (pin count)
** Non-Clock Loads column represents the non-clock pin loads (pin count)
*** Columns FF, LUTRAM, RAMB through 'Hard IP' represents load cell counts


16. Clock Region Cell Placement per Global Clock: Region X0Y2
-------------------------------------------------------------

+-----------+-------+-----------------+------------+-------------+-----------------+----+--------+------+-----+----+------+-----+---------+---------------+
| Global Id | Track | Driver Type/Pin | Constraint | Clock Loads | Non-Clock Loads | FF | LUTRAM | RAMB | DSP | GT | MMCM | PLL | Hard IP | Net           |
+-----------+-------+-----------------+------------+-------------+-----------------+----+--------+------+-----+----+------+-----+---------+---------------+
| g3        | n/a   | BUFG/O          | None       |          70 |               0 |  0 |      0 |    0 |   0 |  0 |    0 |   0 |       0 | n_1_2552_BUFG |
| g6        | n/a   | BUFG/O          | None       |           7 |               0 |  0 |      0 |    0 |   0 |  0 |    0 |   0 |       0 | wen_BUFG      |
+-----------+-------+-----------------+------------+-------------+-----------------+----+--------+------+-----+----+------+-----+---------+---------------+
* Clock Loads column represents the clock pin loads (pin count)
** Non-Clock Loads column represents the non-clock pin loads (pin count)
*** Columns FF, LUTRAM, RAMB through 'Hard IP' represents load cell counts


17. Clock Region Cell Placement per Global Clock: Region X1Y2
-------------------------------------------------------------

+-----------+-------+-----------------+------------+-------------+-----------------+-----+--------+------+-----+----+------+-----+---------+------------------------------+
| Global Id | Track | Driver Type/Pin | Constraint | Clock Loads | Non-Clock Loads | FF  | LUTRAM | RAMB | DSP | GT | MMCM | PLL | Hard IP | Net                          |
+-----------+-------+-----------------+------------+-------------+-----------------+-----+--------+------+-----+----+------+-----+---------+------------------------------+
| g0        | n/a   | BUFG/O          | None       |          25 |               0 |  25 |      0 |    0 |   0 |  0 |    0 |   0 |       0 | clk_100mhz_IBUF_BUFG         |
| g1        | n/a   | BUFG/O          | None       |         402 |               0 | 402 |      0 |    0 |   0 |  0 |    0 |   0 |       0 | n_0_1201_BUFG                |
| g2        | n/a   | BUFG/O          | None       |          24 |               0 |  24 |      0 |    0 |   0 |  0 |    0 |   0 |       0 | display_addr_reg[11]_i_3_n_3 |
| g3        | n/a   | BUFG/O          | None       |         111 |               0 |   0 |      0 |    0 |   0 |  0 |    0 |   0 |       0 | n_1_2552_BUFG                |
| g4        | n/a   | BUFG/O          | None       |          32 |               0 |  32 |      0 |    0 |   0 |  0 |    0 |   0 |       0 | clk_cpu_BUFG                 |
| g5        | n/a   | BUFG/O          | None       |          26 |               0 |   0 |      0 |    0 |   0 |  0 |    0 |   0 |       0 | n_2_2933_BUFG                |
| g6        | n/a   | BUFG/O          | None       |          17 |               0 |   0 |      0 |    0 |   0 |  0 |    0 |   0 |       0 | wen_BUFG                     |
+-----------+-------+-----------------+------------+-------------+-----------------+-----+--------+------+-----+----+------+-----+---------+------------------------------+
* Clock Loads column represents the clock pin loads (pin count)
** Non-Clock Loads column represents the non-clock pin loads (pin count)
*** Columns FF, LUTRAM, RAMB through 'Hard IP' represents load cell counts


18. Clock Region Cell Placement per Global Clock: Region X0Y3
-------------------------------------------------------------

+-----------+-------+-----------------+------------+-------------+-----------------+----+--------+------+-----+----+------+-----+---------+---------------+
| Global Id | Track | Driver Type/Pin | Constraint | Clock Loads | Non-Clock Loads | FF | LUTRAM | RAMB | DSP | GT | MMCM | PLL | Hard IP | Net           |
+-----------+-------+-----------------+------------+-------------+-----------------+----+--------+------+-----+----+------+-----+---------+---------------+
| g3        | n/a   | BUFG/O          | None       |          32 |               0 |  0 |      0 |    0 |   0 |  0 |    0 |   0 |       0 | n_1_2552_BUFG |
| g6        | n/a   | BUFG/O          | None       |           1 |               0 |  0 |      0 |    0 |   0 |  0 |    0 |   0 |       0 | wen_BUFG      |
+-----------+-------+-----------------+------------+-------------+-----------------+----+--------+------+-----+----+------+-----+---------+---------------+
* Clock Loads column represents the clock pin loads (pin count)
** Non-Clock Loads column represents the non-clock pin loads (pin count)
*** Columns FF, LUTRAM, RAMB through 'Hard IP' represents load cell counts


19. Clock Region Cell Placement per Global Clock: Region X1Y3
-------------------------------------------------------------

+-----------+-------+-----------------+------------+-------------+-----------------+-----+--------+------+-----+----+------+-----+---------+---------------+
| Global Id | Track | Driver Type/Pin | Constraint | Clock Loads | Non-Clock Loads | FF  | LUTRAM | RAMB | DSP | GT | MMCM | PLL | Hard IP | Net           |
+-----------+-------+-----------------+------------+-------------+-----------------+-----+--------+------+-----+----+------+-----+---------+---------------+
| g1        | n/a   | BUFG/O          | None       |         142 |               0 | 142 |      0 |    0 |   0 |  0 |    0 |   0 |       0 | n_0_1201_BUFG |
| g3        | n/a   | BUFG/O          | None       |          51 |               0 |   0 |      0 |    0 |   0 |  0 |    0 |   0 |       0 | n_1_2552_BUFG |
| g5        | n/a   | BUFG/O          | None       |           6 |               0 |   0 |      0 |    0 |   0 |  0 |    0 |   0 |       0 | n_2_2933_BUFG |
| g6        | n/a   | BUFG/O          | None       |           7 |               0 |   0 |      0 |    0 |   0 |  0 |    0 |   0 |       0 | wen_BUFG      |
+-----------+-------+-----------------+------------+-------------+-----------------+-----+--------+------+-----+----+------+-----+---------+---------------+
* Clock Loads column represents the clock pin loads (pin count)
** Non-Clock Loads column represents the non-clock pin loads (pin count)
*** Columns FF, LUTRAM, RAMB through 'Hard IP' represents load cell counts



# Location of BUFG Primitives 
set_property LOC BUFGCTRL_X0Y6 [get_cells wen_BUFG_inst]
set_property LOC BUFGCTRL_X0Y5 [get_cells n_2_2933_BUFG_inst]
set_property LOC BUFGCTRL_X0Y3 [get_cells n_1_2552_BUFG_inst]
set_property LOC BUFGCTRL_X0Y2 [get_cells n_0_1201_BUFG_inst]
set_property LOC BUFGCTRL_X0Y1 [get_cells display_addr_reg[11]_i_3]
set_property LOC BUFGCTRL_X0Y4 [get_cells clk_cpu_BUFG_inst]
set_property LOC BUFGCTRL_X0Y0 [get_cells clk_100mhz_IBUF_BUFG_inst]

# Location of IO Primitives which is load of clock spine

# Location of clock ports
set_property LOC IOB_X1Y24 [get_ports clk_100mhz]

# Clock net "wen_BUFG" driven by instance "wen_BUFG_inst" located at site "BUFGCTRL_X0Y6"
#startgroup
create_pblock {CLKAG_wen_BUFG}
add_cells_to_pblock [get_pblocks  {CLKAG_wen_BUFG}] [get_cells -filter { PRIMITIVE_GROUP != I/O && IS_PRIMITIVE==1 && PRIMITIVE_LEVEL !=INTERNAL } -of_object [get_pins -filter {DIRECTION==IN} -of_objects [get_nets -hierarchical -filter {PARENT=="wen_BUFG"}]]]
resize_pblock [get_pblocks {CLKAG_wen_BUFG}] -add {CLOCKREGION_X0Y2:CLOCKREGION_X0Y2 CLOCKREGION_X0Y3:CLOCKREGION_X0Y3 CLOCKREGION_X1Y2:CLOCKREGION_X1Y2 CLOCKREGION_X1Y3:CLOCKREGION_X1Y3}
#endgroup

# Clock net "n_2_2933_BUFG" driven by instance "n_2_2933_BUFG_inst" located at site "BUFGCTRL_X0Y5"
#startgroup
create_pblock {CLKAG_n_2_2933_BUFG}
add_cells_to_pblock [get_pblocks  {CLKAG_n_2_2933_BUFG}] [get_cells -filter { PRIMITIVE_GROUP != I/O && IS_PRIMITIVE==1 && PRIMITIVE_LEVEL !=INTERNAL } -of_object [get_pins -filter {DIRECTION==IN} -of_objects [get_nets -hierarchical -filter {PARENT=="n_2_2933_BUFG"}]]]
resize_pblock [get_pblocks {CLKAG_n_2_2933_BUFG}] -add {CLOCKREGION_X1Y2:CLOCKREGION_X1Y2 CLOCKREGION_X1Y3:CLOCKREGION_X1Y3}
#endgroup

# Clock net "n_1_2552_BUFG" driven by instance "n_1_2552_BUFG_inst" located at site "BUFGCTRL_X0Y3"
#startgroup
create_pblock {CLKAG_n_1_2552_BUFG}
add_cells_to_pblock [get_pblocks  {CLKAG_n_1_2552_BUFG}] [get_cells -filter { PRIMITIVE_GROUP != I/O && IS_PRIMITIVE==1 && PRIMITIVE_LEVEL !=INTERNAL } -of_object [get_pins -filter {DIRECTION==IN} -of_objects [get_nets -hierarchical -filter {PARENT=="n_1_2552_BUFG"}]]]
resize_pblock [get_pblocks {CLKAG_n_1_2552_BUFG}] -add {CLOCKREGION_X0Y2:CLOCKREGION_X0Y2 CLOCKREGION_X0Y3:CLOCKREGION_X0Y3 CLOCKREGION_X1Y2:CLOCKREGION_X1Y2 CLOCKREGION_X1Y3:CLOCKREGION_X1Y3}
#endgroup

# Clock net "n_0_1201_BUFG" driven by instance "n_0_1201_BUFG_inst" located at site "BUFGCTRL_X0Y2"
#startgroup
create_pblock {CLKAG_n_0_1201_BUFG}
add_cells_to_pblock [get_pblocks  {CLKAG_n_0_1201_BUFG}] [get_cells -filter { PRIMITIVE_GROUP != I/O && IS_PRIMITIVE==1 && PRIMITIVE_LEVEL !=INTERNAL } -of_object [get_pins -filter {DIRECTION==IN} -of_objects [get_nets -hierarchical -filter {PARENT=="n_0_1201_BUFG"}]]]
resize_pblock [get_pblocks {CLKAG_n_0_1201_BUFG}] -add {CLOCKREGION_X1Y2:CLOCKREGION_X1Y2 CLOCKREGION_X1Y3:CLOCKREGION_X1Y3}
#endgroup

# Clock net "display_addr_reg[11]_i_3_n_3" driven by instance "display_addr_reg[11]_i_3" located at site "BUFGCTRL_X0Y1"
#startgroup
create_pblock {CLKAG_display_addr_reg[11]_i_3_n_3}
add_cells_to_pblock [get_pblocks  {CLKAG_display_addr_reg[11]_i_3_n_3}] [get_cells -filter { PRIMITIVE_GROUP != I/O && IS_PRIMITIVE==1 && PRIMITIVE_LEVEL !=INTERNAL } -of_object [get_pins -filter {DIRECTION==IN} -of_objects [get_nets -hierarchical -filter {PARENT=="display_addr_reg[11]_i_3_n_3"}]]]
resize_pblock [get_pblocks {CLKAG_display_addr_reg[11]_i_3_n_3}] -add {CLOCKREGION_X1Y2:CLOCKREGION_X1Y2}
#endgroup

# Clock net "clk_cpu_BUFG" driven by instance "clk_cpu_BUFG_inst" located at site "BUFGCTRL_X0Y4"
#startgroup
create_pblock {CLKAG_clk_cpu_BUFG}
add_cells_to_pblock [get_pblocks  {CLKAG_clk_cpu_BUFG}] [get_cells -filter { PRIMITIVE_GROUP != I/O && IS_PRIMITIVE==1 && PRIMITIVE_LEVEL !=INTERNAL } -of_object [get_pins -filter {DIRECTION==IN} -of_objects [get_nets -hierarchical -filter {PARENT=="clk_cpu_BUFG"}]]]
resize_pblock [get_pblocks {CLKAG_clk_cpu_BUFG}] -add {CLOCKREGION_X1Y2:CLOCKREGION_X1Y2}
#endgroup

# Clock net "clk_100mhz_IBUF_BUFG" driven by instance "clk_100mhz_IBUF_BUFG_inst" located at site "BUFGCTRL_X0Y0"
#startgroup
create_pblock {CLKAG_clk_100mhz_IBUF_BUFG}
add_cells_to_pblock [get_pblocks  {CLKAG_clk_100mhz_IBUF_BUFG}] [get_cells -filter { PRIMITIVE_GROUP != I/O && IS_PRIMITIVE==1 && PRIMITIVE_LEVEL !=INTERNAL } -of_object [get_pins -filter {DIRECTION==IN} -of_objects [get_nets -hierarchical -filter {PARENT=="clk_100mhz_IBUF_BUFG"}]]]
resize_pblock [get_pblocks {CLKAG_clk_100mhz_IBUF_BUFG}] -add {CLOCKREGION_X1Y0:CLOCKREGION_X1Y0 CLOCKREGION_X1Y1:CLOCKREGION_X1Y1 CLOCKREGION_X1Y2:CLOCKREGION_X1Y2}
#endgroup
