Copyright 1986-2017 Xilinx, Inc. All Rights Reserved.
-------------------------------------------------------------------------------------------------------------------------------
| Tool Version     : Vivado v.2017.4 (win64) Build 2086221 Fri Dec 15 20:55:39 MST 2017
| Date             : Thu Apr 14 15:59:45 2022
| Host             : LAPTOP-G8SE1MMQ running 64-bit major release  (build 9200)
| Command          : report_power -file Top_power_routed.rpt -pb Top_power_summary_routed.pb -rpx Top_power_routed.rpx
| Design           : Top
| Device           : xc7k160tffg676-2L
| Design State     : routed
| Grade            : extended
| Process          : typical
| Characterization : Production
-------------------------------------------------------------------------------------------------------------------------------

Power Report

Table of Contents
-----------------
1. Summary
1.1 On-Chip Components
1.2 Power Supply Summary
1.3 Confidence Level
2. Settings
2.1 Environment
2.2 Clock Constraints
3. Detailed Reports
3.1 By Hierarchy

1. Summary
----------

+--------------------------+--------------+
| Total On-Chip Power (W)  | 0.200        |
| Design Power Budget (W)  | Unspecified* |
| Power Budget Margin (W)  | NA           |
| Dynamic (W)              | 0.084        |
| Device Static (W)        | 0.117        |
| Effective TJA (C/W)      | 1.9          |
| Max Ambient (C)          | 99.6         |
| Junction Temperature (C) | 25.4         |
| Confidence Level         | Low          |
| Setting File             | ---          |
| Simulation Activity File | ---          |
| Design Nets Matched      | NA           |
+--------------------------+--------------+
* Specify Design Power Budget using, set_operating_conditions -design_power_budget <value in Watts>


1.1 On-Chip Components
----------------------

+--------------------------+-----------+----------+-----------+-----------------+
| On-Chip                  | Power (W) | Used     | Available | Utilization (%) |
+--------------------------+-----------+----------+-----------+-----------------+
| Clocks                   |     0.009 |        3 |       --- |             --- |
| Slice Logic              |     0.026 |    13265 |       --- |             --- |
|   LUT as Logic           |     0.022 |     3310 |    101400 |            3.26 |
|   LUT as Distributed RAM |     0.004 |     4832 |     35000 |           13.81 |
|   F7/F8 Muxes            |    <0.001 |     3621 |    101400 |            3.57 |
|   CARRY4                 |    <0.001 |      106 |     25350 |            0.42 |
|   Register               |    <0.001 |     1075 |    202800 |            0.53 |
|   BUFG                   |    <0.001 |        6 |        32 |           18.75 |
|   Others                 |     0.000 |       18 |       --- |             --- |
| Signals                  |     0.040 |     5550 |       --- |             --- |
| I/O                      |     0.009 |       50 |       400 |           12.50 |
| Static Power             |     0.117 |          |           |                 |
| Total                    |     0.200 |          |           |                 |
+--------------------------+-----------+----------+-----------+-----------------+


1.2 Power Supply Summary
------------------------

+-----------+-------------+-----------+-------------+------------+
| Source    | Voltage (V) | Total (A) | Dynamic (A) | Static (A) |
+-----------+-------------+-----------+-------------+------------+
| Vccint    |       1.000 |     0.115 |       0.075 |      0.040 |
| Vccaux    |       1.800 |     0.019 |       0.000 |      0.018 |
| Vcco33    |       3.300 |     0.003 |       0.002 |      0.001 |
| Vcco25    |       2.500 |     0.000 |       0.000 |      0.000 |
| Vcco18    |       1.800 |     0.002 |       0.001 |      0.001 |
| Vcco15    |       1.500 |     0.001 |       0.000 |      0.001 |
| Vcco135   |       1.350 |     0.000 |       0.000 |      0.000 |
| Vcco12    |       1.200 |     0.000 |       0.000 |      0.000 |
| Vccaux_io |       1.800 |     0.000 |       0.000 |      0.000 |
| Vccbram   |       1.000 |     0.001 |       0.000 |      0.001 |
| MGTAVcc   |       1.000 |     0.000 |       0.000 |      0.000 |
| MGTAVtt   |       1.200 |     0.000 |       0.000 |      0.000 |
| MGTVccaux |       1.800 |     0.000 |       0.000 |      0.000 |
| Vccadc    |       1.800 |     0.020 |       0.000 |      0.020 |
+-----------+-------------+-----------+-------------+------------+


1.3 Confidence Level
--------------------

+-----------------------------+------------+--------------------------------------------------------+--------------------------------------------------------------------------------------------------------------------+
| User Input Data             | Confidence | Details                                                | Action                                                                                                             |
+-----------------------------+------------+--------------------------------------------------------+--------------------------------------------------------------------------------------------------------------------+
| Design implementation state | High       | Design is routed                                       |                                                                                                                    |
| Clock nodes activity        | Low        | User specified less than 75% of clocks                 | Provide missing clock activity with a constraint file, simulation results or by editing the "By Clock Domain" view |
| I/O nodes activity          | Low        | More than 75% of inputs are missing user specification | Provide missing input activity with simulation results or by editing the "By Resource Type -> I/Os" view           |
| Internal nodes activity     | Medium     | User specified less than 25% of internal nodes         | Provide missing internal nodes activity with simulation results or by editing the "By Resource Type" views         |
| Device models               | High       | Device models are Production                           |                                                                                                                    |
|                             |            |                                                        |                                                                                                                    |
| Overall confidence level    | Low        |                                                        |                                                                                                                    |
+-----------------------------+------------+--------------------------------------------------------+--------------------------------------------------------------------------------------------------------------------+


2. Settings
-----------

2.1 Environment
---------------

+-----------------------+--------------------------+
| Ambient Temp (C)      | 25.0                     |
| ThetaJA (C/W)         | 1.9                      |
| Airflow (LFM)         | 250                      |
| Heat Sink             | medium (Medium Profile)  |
| ThetaSA (C/W)         | 3.4                      |
| Board Selection       | medium (10"x10")         |
| # of Board Layers     | 12to15 (12 to 15 Layers) |
| Board Temperature (C) | 25.0                     |
+-----------------------+--------------------------+


2.2 Clock Constraints
---------------------

+-------------+------------+-----------------+
| Clock       | Domain     | Constraint (ns) |
+-------------+------------+-----------------+
| sys_clk_pin | clk_100mhz |            10.0 |
+-------------+------------+-----------------+


3. Detailed Reports
-------------------

3.1 By Hierarchy
----------------

+--------------------------------------+-----------+
| Name                                 | Power (W) |
+--------------------------------------+-----------+
| Top                                  |     0.084 |
|   clock_dividor                      |    <0.001 |
|   core                               |     0.036 |
|     controller                       |    <0.001 |
|     pc_0                             |     0.030 |
|     reg_file                         |     0.003 |
|   inputter                           |    <0.001 |
|   mem                                |     0.013 |
|     d_mem                            |     0.013 |
|       mem_reg_0_127_0_0              |    <0.001 |
|       mem_reg_0_127_0_0__0           |    <0.001 |
|       mem_reg_0_127_0_0__1           |    <0.001 |
|       mem_reg_0_127_0_0__10          |    <0.001 |
|       mem_reg_0_127_0_0__11          |    <0.001 |
|       mem_reg_0_127_0_0__12          |    <0.001 |
|       mem_reg_0_127_0_0__13          |    <0.001 |
|       mem_reg_0_127_0_0__14          |    <0.001 |
|       mem_reg_0_127_0_0__15          |    <0.001 |
|       mem_reg_0_127_0_0__16          |    <0.001 |
|       mem_reg_0_127_0_0__17          |    <0.001 |
|       mem_reg_0_127_0_0__18          |    <0.001 |
|       mem_reg_0_127_0_0__19          |    <0.001 |
|       mem_reg_0_127_0_0__2           |    <0.001 |
|       mem_reg_0_127_0_0__20          |    <0.001 |
|       mem_reg_0_127_0_0__21          |    <0.001 |
|       mem_reg_0_127_0_0__22          |    <0.001 |
|       mem_reg_0_127_0_0__23          |    <0.001 |
|       mem_reg_0_127_0_0__24          |    <0.001 |
|       mem_reg_0_127_0_0__25          |    <0.001 |
|       mem_reg_0_127_0_0__26          |    <0.001 |
|       mem_reg_0_127_0_0__27          |    <0.001 |
|       mem_reg_0_127_0_0__28          |    <0.001 |
|       mem_reg_0_127_0_0__29          |    <0.001 |
|       mem_reg_0_127_0_0__3           |    <0.001 |
|       mem_reg_0_127_0_0__30          |    <0.001 |
|       mem_reg_0_127_0_0__4           |    <0.001 |
|       mem_reg_0_127_0_0__5           |    <0.001 |
|       mem_reg_0_127_0_0__6           |    <0.001 |
|       mem_reg_0_127_0_0__7           |    <0.001 |
|       mem_reg_0_127_0_0__8           |    <0.001 |
|       mem_reg_0_127_0_0__9           |    <0.001 |
|       mem_reg_0_255_0_0              |    <0.001 |
|       mem_reg_0_255_10_10            |    <0.001 |
|       mem_reg_0_255_11_11            |    <0.001 |
|       mem_reg_0_255_12_12            |    <0.001 |
|       mem_reg_0_255_13_13            |    <0.001 |
|       mem_reg_0_255_14_14            |    <0.001 |
|       mem_reg_0_255_15_15            |    <0.001 |
|       mem_reg_0_255_16_16            |    <0.001 |
|       mem_reg_0_255_17_17            |    <0.001 |
|       mem_reg_0_255_18_18            |    <0.001 |
|       mem_reg_0_255_19_19            |    <0.001 |
|       mem_reg_0_255_1_1              |    <0.001 |
|       mem_reg_0_255_20_20            |    <0.001 |
|       mem_reg_0_255_21_21            |    <0.001 |
|       mem_reg_0_255_22_22            |    <0.001 |
|       mem_reg_0_255_23_23            |    <0.001 |
|       mem_reg_0_255_24_24            |    <0.001 |
|       mem_reg_0_255_25_25            |    <0.001 |
|       mem_reg_0_255_26_26            |    <0.001 |
|       mem_reg_0_255_27_27            |    <0.001 |
|       mem_reg_0_255_28_28            |    <0.001 |
|       mem_reg_0_255_29_29            |    <0.001 |
|       mem_reg_0_255_2_2              |    <0.001 |
|       mem_reg_0_255_30_30            |    <0.001 |
|       mem_reg_0_255_31_31            |    <0.001 |
|       mem_reg_0_255_3_3              |    <0.001 |
|       mem_reg_0_255_4_4              |    <0.001 |
|       mem_reg_0_255_5_5              |    <0.001 |
|       mem_reg_0_255_6_6              |    <0.001 |
|       mem_reg_0_255_7_7              |    <0.001 |
|       mem_reg_0_255_8_8              |    <0.001 |
|       mem_reg_0_255_9_9              |    <0.001 |
|       mem_reg_0_31_0_0               |    <0.001 |
|       mem_reg_0_31_0_0__0            |    <0.001 |
|       mem_reg_0_31_0_0__1            |    <0.001 |
|       mem_reg_0_31_0_0__10           |    <0.001 |
|       mem_reg_0_31_0_0__11           |    <0.001 |
|       mem_reg_0_31_0_0__12           |    <0.001 |
|       mem_reg_0_31_0_0__13           |    <0.001 |
|       mem_reg_0_31_0_0__14           |    <0.001 |
|       mem_reg_0_31_0_0__15           |    <0.001 |
|       mem_reg_0_31_0_0__16           |    <0.001 |
|       mem_reg_0_31_0_0__17           |    <0.001 |
|       mem_reg_0_31_0_0__18           |    <0.001 |
|       mem_reg_0_31_0_0__19           |    <0.001 |
|       mem_reg_0_31_0_0__2            |    <0.001 |
|       mem_reg_0_31_0_0__20           |    <0.001 |
|       mem_reg_0_31_0_0__21           |    <0.001 |
|       mem_reg_0_31_0_0__22           |    <0.001 |
|       mem_reg_0_31_0_0__23           |    <0.001 |
|       mem_reg_0_31_0_0__24           |    <0.001 |
|       mem_reg_0_31_0_0__25           |    <0.001 |
|       mem_reg_0_31_0_0__26           |    <0.001 |
|       mem_reg_0_31_0_0__27           |    <0.001 |
|       mem_reg_0_31_0_0__28           |    <0.001 |
|       mem_reg_0_31_0_0__29           |    <0.001 |
|       mem_reg_0_31_0_0__3            |    <0.001 |
|       mem_reg_0_31_0_0__30           |    <0.001 |
|       mem_reg_0_31_0_0__4            |    <0.001 |
|       mem_reg_0_31_0_0__5            |    <0.001 |
|       mem_reg_0_31_0_0__6            |    <0.001 |
|       mem_reg_0_31_0_0__7            |    <0.001 |
|       mem_reg_0_31_0_0__8            |    <0.001 |
|       mem_reg_0_31_0_0__9            |    <0.001 |
|       mem_reg_1024_1279_0_0          |    <0.001 |
|       mem_reg_1024_1279_10_10        |    <0.001 |
|       mem_reg_1024_1279_11_11        |    <0.001 |
|       mem_reg_1024_1279_12_12        |    <0.001 |
|       mem_reg_1024_1279_13_13        |    <0.001 |
|       mem_reg_1024_1279_14_14        |    <0.001 |
|       mem_reg_1024_1279_15_15        |    <0.001 |
|       mem_reg_1024_1279_16_16        |    <0.001 |
|       mem_reg_1024_1279_17_17        |    <0.001 |
|       mem_reg_1024_1279_18_18        |    <0.001 |
|       mem_reg_1024_1279_19_19        |    <0.001 |
|       mem_reg_1024_1279_1_1          |    <0.001 |
|       mem_reg_1024_1279_20_20        |    <0.001 |
|       mem_reg_1024_1279_21_21        |    <0.001 |
|       mem_reg_1024_1279_22_22        |    <0.001 |
|       mem_reg_1024_1279_23_23        |    <0.001 |
|       mem_reg_1024_1279_24_24        |    <0.001 |
|       mem_reg_1024_1279_25_25        |    <0.001 |
|       mem_reg_1024_1279_26_26        |    <0.001 |
|       mem_reg_1024_1279_27_27        |    <0.001 |
|       mem_reg_1024_1279_28_28        |    <0.001 |
|       mem_reg_1024_1279_29_29        |    <0.001 |
|       mem_reg_1024_1279_2_2          |    <0.001 |
|       mem_reg_1024_1279_30_30        |    <0.001 |
|       mem_reg_1024_1279_31_31        |    <0.001 |
|       mem_reg_1024_1279_3_3          |    <0.001 |
|       mem_reg_1024_1279_4_4          |    <0.001 |
|       mem_reg_1024_1279_5_5          |    <0.001 |
|       mem_reg_1024_1279_6_6          |    <0.001 |
|       mem_reg_1024_1279_7_7          |    <0.001 |
|       mem_reg_1024_1279_8_8          |    <0.001 |
|       mem_reg_1024_1279_9_9          |    <0.001 |
|       mem_reg_1280_1535_0_0          |    <0.001 |
|       mem_reg_1280_1535_10_10        |    <0.001 |
|       mem_reg_1280_1535_11_11        |    <0.001 |
|       mem_reg_1280_1535_12_12        |    <0.001 |
|       mem_reg_1280_1535_13_13        |    <0.001 |
|       mem_reg_1280_1535_14_14        |    <0.001 |
|       mem_reg_1280_1535_15_15        |    <0.001 |
|       mem_reg_1280_1535_16_16        |    <0.001 |
|       mem_reg_1280_1535_17_17        |    <0.001 |
|       mem_reg_1280_1535_18_18        |    <0.001 |
|       mem_reg_1280_1535_19_19        |    <0.001 |
|       mem_reg_1280_1535_1_1          |    <0.001 |
|       mem_reg_1280_1535_20_20        |    <0.001 |
|       mem_reg_1280_1535_21_21        |    <0.001 |
|       mem_reg_1280_1535_22_22        |    <0.001 |
|       mem_reg_1280_1535_23_23        |    <0.001 |
|       mem_reg_1280_1535_24_24        |    <0.001 |
|       mem_reg_1280_1535_25_25        |    <0.001 |
|       mem_reg_1280_1535_26_26        |    <0.001 |
|       mem_reg_1280_1535_27_27        |    <0.001 |
|       mem_reg_1280_1535_28_28        |    <0.001 |
|       mem_reg_1280_1535_29_29        |    <0.001 |
|       mem_reg_1280_1535_2_2          |    <0.001 |
|       mem_reg_1280_1535_30_30        |    <0.001 |
|       mem_reg_1280_1535_31_31        |    <0.001 |
|       mem_reg_1280_1535_3_3          |    <0.001 |
|       mem_reg_1280_1535_4_4          |    <0.001 |
|       mem_reg_1280_1535_5_5          |    <0.001 |
|       mem_reg_1280_1535_6_6          |    <0.001 |
|       mem_reg_1280_1535_7_7          |    <0.001 |
|       mem_reg_1280_1535_8_8          |    <0.001 |
|       mem_reg_1280_1535_9_9          |    <0.001 |
|       mem_reg_1536_1791_0_0          |    <0.001 |
|       mem_reg_1536_1791_10_10        |    <0.001 |
|       mem_reg_1536_1791_11_11        |    <0.001 |
|       mem_reg_1536_1791_12_12        |    <0.001 |
|       mem_reg_1536_1791_13_13        |    <0.001 |
|       mem_reg_1536_1791_14_14        |    <0.001 |
|       mem_reg_1536_1791_15_15        |    <0.001 |
|       mem_reg_1536_1791_16_16        |    <0.001 |
|       mem_reg_1536_1791_17_17        |    <0.001 |
|       mem_reg_1536_1791_18_18        |    <0.001 |
|       mem_reg_1536_1791_19_19        |    <0.001 |
|       mem_reg_1536_1791_1_1          |    <0.001 |
|       mem_reg_1536_1791_20_20        |    <0.001 |
|       mem_reg_1536_1791_21_21        |    <0.001 |
|       mem_reg_1536_1791_22_22        |    <0.001 |
|       mem_reg_1536_1791_23_23        |    <0.001 |
|       mem_reg_1536_1791_24_24        |    <0.001 |
|       mem_reg_1536_1791_25_25        |    <0.001 |
|       mem_reg_1536_1791_26_26        |    <0.001 |
|       mem_reg_1536_1791_27_27        |    <0.001 |
|       mem_reg_1536_1791_28_28        |    <0.001 |
|       mem_reg_1536_1791_29_29        |    <0.001 |
|       mem_reg_1536_1791_2_2          |    <0.001 |
|       mem_reg_1536_1791_30_30        |    <0.001 |
|       mem_reg_1536_1791_31_31        |    <0.001 |
|       mem_reg_1536_1791_3_3          |    <0.001 |
|       mem_reg_1536_1791_4_4          |    <0.001 |
|       mem_reg_1536_1791_5_5          |    <0.001 |
|       mem_reg_1536_1791_6_6          |    <0.001 |
|       mem_reg_1536_1791_7_7          |    <0.001 |
|       mem_reg_1536_1791_8_8          |    <0.001 |
|       mem_reg_1536_1791_9_9          |    <0.001 |
|       mem_reg_1792_2047_0_0          |    <0.001 |
|       mem_reg_1792_2047_10_10        |    <0.001 |
|       mem_reg_1792_2047_11_11        |    <0.001 |
|       mem_reg_1792_2047_12_12        |    <0.001 |
|       mem_reg_1792_2047_13_13        |    <0.001 |
|       mem_reg_1792_2047_14_14        |    <0.001 |
|       mem_reg_1792_2047_15_15        |    <0.001 |
|       mem_reg_1792_2047_16_16        |    <0.001 |
|       mem_reg_1792_2047_17_17        |    <0.001 |
|       mem_reg_1792_2047_18_18        |    <0.001 |
|       mem_reg_1792_2047_19_19        |    <0.001 |
|       mem_reg_1792_2047_1_1          |    <0.001 |
|       mem_reg_1792_2047_20_20        |    <0.001 |
|       mem_reg_1792_2047_21_21        |    <0.001 |
|       mem_reg_1792_2047_22_22        |    <0.001 |
|       mem_reg_1792_2047_23_23        |    <0.001 |
|       mem_reg_1792_2047_24_24        |    <0.001 |
|       mem_reg_1792_2047_25_25        |    <0.001 |
|       mem_reg_1792_2047_26_26        |    <0.001 |
|       mem_reg_1792_2047_27_27        |    <0.001 |
|       mem_reg_1792_2047_28_28        |    <0.001 |
|       mem_reg_1792_2047_29_29        |    <0.001 |
|       mem_reg_1792_2047_2_2          |    <0.001 |
|       mem_reg_1792_2047_30_30        |    <0.001 |
|       mem_reg_1792_2047_31_31        |    <0.001 |
|       mem_reg_1792_2047_3_3          |    <0.001 |
|       mem_reg_1792_2047_4_4          |    <0.001 |
|       mem_reg_1792_2047_5_5          |    <0.001 |
|       mem_reg_1792_2047_6_6          |    <0.001 |
|       mem_reg_1792_2047_7_7          |    <0.001 |
|       mem_reg_1792_2047_8_8          |    <0.001 |
|       mem_reg_1792_2047_9_9          |    <0.001 |
|       mem_reg_2048_2303_0_0          |    <0.001 |
|       mem_reg_2048_2303_10_10        |    <0.001 |
|       mem_reg_2048_2303_11_11        |    <0.001 |
|       mem_reg_2048_2303_12_12        |    <0.001 |
|       mem_reg_2048_2303_13_13        |    <0.001 |
|       mem_reg_2048_2303_14_14        |    <0.001 |
|       mem_reg_2048_2303_15_15        |    <0.001 |
|       mem_reg_2048_2303_16_16        |    <0.001 |
|       mem_reg_2048_2303_17_17        |    <0.001 |
|       mem_reg_2048_2303_18_18        |    <0.001 |
|       mem_reg_2048_2303_19_19        |    <0.001 |
|       mem_reg_2048_2303_1_1          |    <0.001 |
|       mem_reg_2048_2303_20_20        |    <0.001 |
|       mem_reg_2048_2303_21_21        |    <0.001 |
|       mem_reg_2048_2303_22_22        |    <0.001 |
|       mem_reg_2048_2303_23_23        |    <0.001 |
|       mem_reg_2048_2303_24_24        |    <0.001 |
|       mem_reg_2048_2303_25_25        |    <0.001 |
|       mem_reg_2048_2303_26_26        |    <0.001 |
|       mem_reg_2048_2303_27_27        |    <0.001 |
|       mem_reg_2048_2303_28_28        |    <0.001 |
|       mem_reg_2048_2303_29_29        |    <0.001 |
|       mem_reg_2048_2303_2_2          |    <0.001 |
|       mem_reg_2048_2303_30_30        |    <0.001 |
|       mem_reg_2048_2303_31_31        |    <0.001 |
|       mem_reg_2048_2303_3_3          |    <0.001 |
|       mem_reg_2048_2303_4_4          |    <0.001 |
|       mem_reg_2048_2303_5_5          |    <0.001 |
|       mem_reg_2048_2303_6_6          |    <0.001 |
|       mem_reg_2048_2303_7_7          |    <0.001 |
|       mem_reg_2048_2303_8_8          |    <0.001 |
|       mem_reg_2048_2303_9_9          |    <0.001 |
|       mem_reg_2304_2559_0_0          |    <0.001 |
|       mem_reg_2304_2559_10_10        |    <0.001 |
|       mem_reg_2304_2559_11_11        |    <0.001 |
|       mem_reg_2304_2559_12_12        |    <0.001 |
|       mem_reg_2304_2559_13_13        |    <0.001 |
|       mem_reg_2304_2559_14_14        |    <0.001 |
|       mem_reg_2304_2559_15_15        |    <0.001 |
|       mem_reg_2304_2559_16_16        |    <0.001 |
|       mem_reg_2304_2559_17_17        |    <0.001 |
|       mem_reg_2304_2559_18_18        |    <0.001 |
|       mem_reg_2304_2559_19_19        |    <0.001 |
|       mem_reg_2304_2559_1_1          |    <0.001 |
|       mem_reg_2304_2559_20_20        |    <0.001 |
|       mem_reg_2304_2559_21_21        |    <0.001 |
|       mem_reg_2304_2559_22_22        |    <0.001 |
|       mem_reg_2304_2559_23_23        |    <0.001 |
|       mem_reg_2304_2559_24_24        |    <0.001 |
|       mem_reg_2304_2559_25_25        |    <0.001 |
|       mem_reg_2304_2559_26_26        |    <0.001 |
|       mem_reg_2304_2559_27_27        |    <0.001 |
|       mem_reg_2304_2559_28_28        |    <0.001 |
|       mem_reg_2304_2559_29_29        |    <0.001 |
|       mem_reg_2304_2559_2_2          |    <0.001 |
|       mem_reg_2304_2559_30_30        |    <0.001 |
|       mem_reg_2304_2559_31_31        |    <0.001 |
|       mem_reg_2304_2559_3_3          |    <0.001 |
|       mem_reg_2304_2559_4_4          |    <0.001 |
|       mem_reg_2304_2559_5_5          |    <0.001 |
|       mem_reg_2304_2559_6_6          |    <0.001 |
|       mem_reg_2304_2559_7_7          |    <0.001 |
|       mem_reg_2304_2559_8_8          |    <0.001 |
|       mem_reg_2304_2559_9_9          |    <0.001 |
|       mem_reg_2560_2815_0_0          |    <0.001 |
|       mem_reg_2560_2815_10_10        |    <0.001 |
|       mem_reg_2560_2815_11_11        |    <0.001 |
|       mem_reg_2560_2815_12_12        |    <0.001 |
|       mem_reg_2560_2815_13_13        |    <0.001 |
|       mem_reg_2560_2815_14_14        |    <0.001 |
|       mem_reg_2560_2815_15_15        |    <0.001 |
|       mem_reg_2560_2815_16_16        |    <0.001 |
|       mem_reg_2560_2815_17_17        |    <0.001 |
|       mem_reg_2560_2815_18_18        |    <0.001 |
|       mem_reg_2560_2815_19_19        |    <0.001 |
|       mem_reg_2560_2815_1_1          |    <0.001 |
|       mem_reg_2560_2815_20_20        |    <0.001 |
|       mem_reg_2560_2815_21_21        |    <0.001 |
|       mem_reg_2560_2815_22_22        |    <0.001 |
|       mem_reg_2560_2815_23_23        |    <0.001 |
|       mem_reg_2560_2815_24_24        |    <0.001 |
|       mem_reg_2560_2815_25_25        |    <0.001 |
|       mem_reg_2560_2815_26_26        |    <0.001 |
|       mem_reg_2560_2815_27_27        |    <0.001 |
|       mem_reg_2560_2815_28_28        |    <0.001 |
|       mem_reg_2560_2815_29_29        |    <0.001 |
|       mem_reg_2560_2815_2_2          |    <0.001 |
|       mem_reg_2560_2815_30_30        |    <0.001 |
|       mem_reg_2560_2815_31_31        |    <0.001 |
|       mem_reg_2560_2815_3_3          |    <0.001 |
|       mem_reg_2560_2815_4_4          |    <0.001 |
|       mem_reg_2560_2815_5_5          |    <0.001 |
|       mem_reg_2560_2815_6_6          |    <0.001 |
|       mem_reg_2560_2815_7_7          |    <0.001 |
|       mem_reg_2560_2815_8_8          |    <0.001 |
|       mem_reg_2560_2815_9_9          |    <0.001 |
|       mem_reg_256_511_0_0            |    <0.001 |
|       mem_reg_256_511_10_10          |    <0.001 |
|       mem_reg_256_511_11_11          |    <0.001 |
|       mem_reg_256_511_12_12          |    <0.001 |
|       mem_reg_256_511_13_13          |    <0.001 |
|       mem_reg_256_511_14_14          |    <0.001 |
|       mem_reg_256_511_15_15          |    <0.001 |
|       mem_reg_256_511_16_16          |    <0.001 |
|       mem_reg_256_511_17_17          |    <0.001 |
|       mem_reg_256_511_18_18          |    <0.001 |
|       mem_reg_256_511_19_19          |    <0.001 |
|       mem_reg_256_511_1_1            |    <0.001 |
|       mem_reg_256_511_20_20          |    <0.001 |
|       mem_reg_256_511_21_21          |    <0.001 |
|       mem_reg_256_511_22_22          |    <0.001 |
|       mem_reg_256_511_23_23          |    <0.001 |
|       mem_reg_256_511_24_24          |    <0.001 |
|       mem_reg_256_511_25_25          |    <0.001 |
|       mem_reg_256_511_26_26          |    <0.001 |
|       mem_reg_256_511_27_27          |    <0.001 |
|       mem_reg_256_511_28_28          |    <0.001 |
|       mem_reg_256_511_29_29          |    <0.001 |
|       mem_reg_256_511_2_2            |    <0.001 |
|       mem_reg_256_511_30_30          |    <0.001 |
|       mem_reg_256_511_31_31          |    <0.001 |
|       mem_reg_256_511_3_3            |    <0.001 |
|       mem_reg_256_511_4_4            |    <0.001 |
|       mem_reg_256_511_5_5            |    <0.001 |
|       mem_reg_256_511_6_6            |    <0.001 |
|       mem_reg_256_511_7_7            |    <0.001 |
|       mem_reg_256_511_8_8            |    <0.001 |
|       mem_reg_256_511_9_9            |    <0.001 |
|       mem_reg_2816_3071_0_0          |    <0.001 |
|       mem_reg_2816_3071_10_10        |    <0.001 |
|       mem_reg_2816_3071_11_11        |    <0.001 |
|       mem_reg_2816_3071_12_12        |    <0.001 |
|       mem_reg_2816_3071_13_13        |    <0.001 |
|       mem_reg_2816_3071_14_14        |    <0.001 |
|       mem_reg_2816_3071_15_15        |    <0.001 |
|       mem_reg_2816_3071_16_16        |    <0.001 |
|       mem_reg_2816_3071_17_17        |    <0.001 |
|       mem_reg_2816_3071_18_18        |    <0.001 |
|       mem_reg_2816_3071_19_19        |    <0.001 |
|       mem_reg_2816_3071_1_1          |    <0.001 |
|       mem_reg_2816_3071_20_20        |    <0.001 |
|       mem_reg_2816_3071_21_21        |    <0.001 |
|       mem_reg_2816_3071_22_22        |    <0.001 |
|       mem_reg_2816_3071_23_23        |    <0.001 |
|       mem_reg_2816_3071_24_24        |    <0.001 |
|       mem_reg_2816_3071_25_25        |    <0.001 |
|       mem_reg_2816_3071_26_26        |    <0.001 |
|       mem_reg_2816_3071_27_27        |    <0.001 |
|       mem_reg_2816_3071_28_28        |    <0.001 |
|       mem_reg_2816_3071_29_29        |    <0.001 |
|       mem_reg_2816_3071_2_2          |    <0.001 |
|       mem_reg_2816_3071_30_30        |    <0.001 |
|       mem_reg_2816_3071_31_31        |    <0.001 |
|       mem_reg_2816_3071_3_3          |    <0.001 |
|       mem_reg_2816_3071_4_4          |    <0.001 |
|       mem_reg_2816_3071_5_5          |    <0.001 |
|       mem_reg_2816_3071_6_6          |    <0.001 |
|       mem_reg_2816_3071_7_7          |    <0.001 |
|       mem_reg_2816_3071_8_8          |    <0.001 |
|       mem_reg_2816_3071_9_9          |    <0.001 |
|       mem_reg_3072_3327_0_0          |    <0.001 |
|       mem_reg_3072_3327_10_10        |    <0.001 |
|       mem_reg_3072_3327_11_11        |    <0.001 |
|       mem_reg_3072_3327_12_12        |    <0.001 |
|       mem_reg_3072_3327_13_13        |    <0.001 |
|       mem_reg_3072_3327_14_14        |    <0.001 |
|       mem_reg_3072_3327_15_15        |    <0.001 |
|       mem_reg_3072_3327_16_16        |    <0.001 |
|       mem_reg_3072_3327_17_17        |    <0.001 |
|       mem_reg_3072_3327_18_18        |    <0.001 |
|       mem_reg_3072_3327_19_19        |    <0.001 |
|       mem_reg_3072_3327_1_1          |    <0.001 |
|       mem_reg_3072_3327_20_20        |    <0.001 |
|       mem_reg_3072_3327_21_21        |    <0.001 |
|       mem_reg_3072_3327_22_22        |    <0.001 |
|       mem_reg_3072_3327_23_23        |    <0.001 |
|       mem_reg_3072_3327_24_24        |    <0.001 |
|       mem_reg_3072_3327_25_25        |    <0.001 |
|       mem_reg_3072_3327_26_26        |    <0.001 |
|       mem_reg_3072_3327_27_27        |    <0.001 |
|       mem_reg_3072_3327_28_28        |    <0.001 |
|       mem_reg_3072_3327_29_29        |    <0.001 |
|       mem_reg_3072_3327_2_2          |    <0.001 |
|       mem_reg_3072_3327_30_30        |    <0.001 |
|       mem_reg_3072_3327_31_31        |    <0.001 |
|       mem_reg_3072_3327_3_3          |    <0.001 |
|       mem_reg_3072_3327_4_4          |    <0.001 |
|       mem_reg_3072_3327_5_5          |    <0.001 |
|       mem_reg_3072_3327_6_6          |    <0.001 |
|       mem_reg_3072_3327_7_7          |    <0.001 |
|       mem_reg_3072_3327_8_8          |    <0.001 |
|       mem_reg_3072_3327_9_9          |    <0.001 |
|       mem_reg_3328_3583_0_0          |    <0.001 |
|       mem_reg_3328_3583_10_10        |    <0.001 |
|       mem_reg_3328_3583_11_11        |    <0.001 |
|       mem_reg_3328_3583_12_12        |    <0.001 |
|       mem_reg_3328_3583_13_13        |    <0.001 |
|       mem_reg_3328_3583_14_14        |    <0.001 |
|       mem_reg_3328_3583_15_15        |    <0.001 |
|       mem_reg_3328_3583_16_16        |    <0.001 |
|       mem_reg_3328_3583_17_17        |    <0.001 |
|       mem_reg_3328_3583_18_18        |    <0.001 |
|       mem_reg_3328_3583_19_19        |    <0.001 |
|       mem_reg_3328_3583_1_1          |    <0.001 |
|       mem_reg_3328_3583_20_20        |    <0.001 |
|       mem_reg_3328_3583_21_21        |    <0.001 |
|       mem_reg_3328_3583_22_22        |    <0.001 |
|       mem_reg_3328_3583_23_23        |    <0.001 |
|       mem_reg_3328_3583_24_24        |    <0.001 |
|       mem_reg_3328_3583_25_25        |    <0.001 |
|       mem_reg_3328_3583_26_26        |    <0.001 |
|       mem_reg_3328_3583_27_27        |    <0.001 |
|       mem_reg_3328_3583_28_28        |    <0.001 |
|       mem_reg_3328_3583_29_29        |    <0.001 |
|       mem_reg_3328_3583_2_2          |    <0.001 |
|       mem_reg_3328_3583_30_30        |    <0.001 |
|       mem_reg_3328_3583_31_31        |    <0.001 |
|       mem_reg_3328_3583_3_3          |    <0.001 |
|       mem_reg_3328_3583_4_4          |    <0.001 |
|       mem_reg_3328_3583_5_5          |    <0.001 |
|       mem_reg_3328_3583_6_6          |    <0.001 |
|       mem_reg_3328_3583_7_7          |    <0.001 |
|       mem_reg_3328_3583_8_8          |    <0.001 |
|       mem_reg_3328_3583_9_9          |    <0.001 |
|       mem_reg_3584_3839_0_0          |    <0.001 |
|       mem_reg_3584_3839_10_10        |    <0.001 |
|       mem_reg_3584_3839_11_11        |    <0.001 |
|       mem_reg_3584_3839_12_12        |    <0.001 |
|       mem_reg_3584_3839_13_13        |    <0.001 |
|       mem_reg_3584_3839_14_14        |    <0.001 |
|       mem_reg_3584_3839_15_15        |    <0.001 |
|       mem_reg_3584_3839_16_16        |    <0.001 |
|       mem_reg_3584_3839_17_17        |    <0.001 |
|       mem_reg_3584_3839_18_18        |    <0.001 |
|       mem_reg_3584_3839_19_19        |    <0.001 |
|       mem_reg_3584_3839_1_1          |    <0.001 |
|       mem_reg_3584_3839_20_20        |    <0.001 |
|       mem_reg_3584_3839_21_21        |    <0.001 |
|       mem_reg_3584_3839_22_22        |    <0.001 |
|       mem_reg_3584_3839_23_23        |    <0.001 |
|       mem_reg_3584_3839_24_24        |    <0.001 |
|       mem_reg_3584_3839_25_25        |    <0.001 |
|       mem_reg_3584_3839_26_26        |    <0.001 |
|       mem_reg_3584_3839_27_27        |    <0.001 |
|       mem_reg_3584_3839_28_28        |    <0.001 |
|       mem_reg_3584_3839_29_29        |    <0.001 |
|       mem_reg_3584_3839_2_2          |    <0.001 |
|       mem_reg_3584_3839_30_30        |    <0.001 |
|       mem_reg_3584_3839_31_31        |    <0.001 |
|       mem_reg_3584_3839_3_3          |    <0.001 |
|       mem_reg_3584_3839_4_4          |    <0.001 |
|       mem_reg_3584_3839_5_5          |    <0.001 |
|       mem_reg_3584_3839_6_6          |    <0.001 |
|       mem_reg_3584_3839_7_7          |    <0.001 |
|       mem_reg_3584_3839_8_8          |    <0.001 |
|       mem_reg_3584_3839_9_9          |    <0.001 |
|       mem_reg_3840_4095_0_0          |    <0.001 |
|       mem_reg_3840_4095_10_10        |    <0.001 |
|       mem_reg_3840_4095_11_11        |    <0.001 |
|       mem_reg_3840_4095_12_12        |    <0.001 |
|       mem_reg_3840_4095_13_13        |    <0.001 |
|       mem_reg_3840_4095_14_14        |    <0.001 |
|       mem_reg_3840_4095_15_15        |    <0.001 |
|       mem_reg_3840_4095_16_16        |    <0.001 |
|       mem_reg_3840_4095_17_17        |    <0.001 |
|       mem_reg_3840_4095_18_18        |    <0.001 |
|       mem_reg_3840_4095_19_19        |    <0.001 |
|       mem_reg_3840_4095_1_1          |    <0.001 |
|       mem_reg_3840_4095_20_20        |    <0.001 |
|       mem_reg_3840_4095_21_21        |    <0.001 |
|       mem_reg_3840_4095_22_22        |    <0.001 |
|       mem_reg_3840_4095_23_23        |    <0.001 |
|       mem_reg_3840_4095_24_24        |    <0.001 |
|       mem_reg_3840_4095_25_25        |    <0.001 |
|       mem_reg_3840_4095_26_26        |    <0.001 |
|       mem_reg_3840_4095_27_27        |    <0.001 |
|       mem_reg_3840_4095_28_28        |    <0.001 |
|       mem_reg_3840_4095_29_29        |    <0.001 |
|       mem_reg_3840_4095_2_2          |    <0.001 |
|       mem_reg_3840_4095_30_30        |    <0.001 |
|       mem_reg_3840_4095_31_31        |    <0.001 |
|       mem_reg_3840_4095_3_3          |    <0.001 |
|       mem_reg_3840_4095_4_4          |    <0.001 |
|       mem_reg_3840_4095_5_5          |    <0.001 |
|       mem_reg_3840_4095_6_6          |    <0.001 |
|       mem_reg_3840_4095_7_7          |    <0.001 |
|       mem_reg_3840_4095_8_8          |    <0.001 |
|       mem_reg_3840_4095_9_9          |    <0.001 |
|       mem_reg_4096_4351_0_0          |    <0.001 |
|       mem_reg_4096_4351_10_10        |    <0.001 |
|       mem_reg_4096_4351_11_11        |    <0.001 |
|       mem_reg_4096_4351_12_12        |    <0.001 |
|       mem_reg_4096_4351_13_13        |    <0.001 |
|       mem_reg_4096_4351_14_14        |    <0.001 |
|       mem_reg_4096_4351_15_15        |    <0.001 |
|       mem_reg_4096_4351_16_16        |    <0.001 |
|       mem_reg_4096_4351_17_17        |    <0.001 |
|       mem_reg_4096_4351_18_18        |    <0.001 |
|       mem_reg_4096_4351_19_19        |    <0.001 |
|       mem_reg_4096_4351_1_1          |    <0.001 |
|       mem_reg_4096_4351_20_20        |    <0.001 |
|       mem_reg_4096_4351_21_21        |    <0.001 |
|       mem_reg_4096_4351_22_22        |    <0.001 |
|       mem_reg_4096_4351_23_23        |    <0.001 |
|       mem_reg_4096_4351_24_24        |    <0.001 |
|       mem_reg_4096_4351_25_25        |    <0.001 |
|       mem_reg_4096_4351_26_26        |    <0.001 |
|       mem_reg_4096_4351_27_27        |    <0.001 |
|       mem_reg_4096_4351_28_28        |    <0.001 |
|       mem_reg_4096_4351_29_29        |    <0.001 |
|       mem_reg_4096_4351_2_2          |    <0.001 |
|       mem_reg_4096_4351_30_30        |    <0.001 |
|       mem_reg_4096_4351_31_31        |    <0.001 |
|       mem_reg_4096_4351_3_3          |    <0.001 |
|       mem_reg_4096_4351_4_4          |    <0.001 |
|       mem_reg_4096_4351_5_5          |    <0.001 |
|       mem_reg_4096_4351_6_6          |    <0.001 |
|       mem_reg_4096_4351_7_7          |    <0.001 |
|       mem_reg_4096_4351_8_8          |    <0.001 |
|       mem_reg_4096_4351_9_9          |    <0.001 |
|       mem_reg_4352_4607_0_0          |    <0.001 |
|       mem_reg_4352_4607_10_10        |    <0.001 |
|       mem_reg_4352_4607_11_11        |    <0.001 |
|       mem_reg_4352_4607_12_12        |    <0.001 |
|       mem_reg_4352_4607_13_13        |    <0.001 |
|       mem_reg_4352_4607_14_14        |    <0.001 |
|       mem_reg_4352_4607_15_15        |    <0.001 |
|       mem_reg_4352_4607_16_16        |    <0.001 |
|       mem_reg_4352_4607_17_17        |    <0.001 |
|       mem_reg_4352_4607_18_18        |    <0.001 |
|       mem_reg_4352_4607_19_19        |    <0.001 |
|       mem_reg_4352_4607_1_1          |    <0.001 |
|       mem_reg_4352_4607_20_20        |    <0.001 |
|       mem_reg_4352_4607_21_21        |    <0.001 |
|       mem_reg_4352_4607_22_22        |    <0.001 |
|       mem_reg_4352_4607_23_23        |    <0.001 |
|       mem_reg_4352_4607_24_24        |    <0.001 |
|       mem_reg_4352_4607_25_25        |    <0.001 |
|       mem_reg_4352_4607_26_26        |    <0.001 |
|       mem_reg_4352_4607_27_27        |    <0.001 |
|       mem_reg_4352_4607_28_28        |    <0.001 |
|       mem_reg_4352_4607_29_29        |    <0.001 |
|       mem_reg_4352_4607_2_2          |    <0.001 |
|       mem_reg_4352_4607_30_30        |    <0.001 |
|       mem_reg_4352_4607_31_31        |    <0.001 |
|       mem_reg_4352_4607_3_3          |    <0.001 |
|       mem_reg_4352_4607_4_4          |    <0.001 |
|       mem_reg_4352_4607_5_5          |    <0.001 |
|       mem_reg_4352_4607_6_6          |    <0.001 |
|       mem_reg_4352_4607_7_7          |    <0.001 |
|       mem_reg_4352_4607_8_8          |    <0.001 |
|       mem_reg_4352_4607_9_9          |    <0.001 |
|       mem_reg_4608_4863_0_0          |    <0.001 |
|       mem_reg_4608_4863_10_10        |    <0.001 |
|       mem_reg_4608_4863_11_11        |    <0.001 |
|       mem_reg_4608_4863_12_12        |    <0.001 |
|       mem_reg_4608_4863_13_13        |    <0.001 |
|       mem_reg_4608_4863_14_14        |    <0.001 |
|       mem_reg_4608_4863_15_15        |    <0.001 |
|       mem_reg_4608_4863_16_16        |    <0.001 |
|       mem_reg_4608_4863_17_17        |    <0.001 |
|       mem_reg_4608_4863_18_18        |    <0.001 |
|       mem_reg_4608_4863_19_19        |    <0.001 |
|       mem_reg_4608_4863_1_1          |    <0.001 |
|       mem_reg_4608_4863_20_20        |    <0.001 |
|       mem_reg_4608_4863_21_21        |    <0.001 |
|       mem_reg_4608_4863_22_22        |    <0.001 |
|       mem_reg_4608_4863_23_23        |    <0.001 |
|       mem_reg_4608_4863_24_24        |    <0.001 |
|       mem_reg_4608_4863_25_25        |    <0.001 |
|       mem_reg_4608_4863_26_26        |    <0.001 |
|       mem_reg_4608_4863_27_27        |    <0.001 |
|       mem_reg_4608_4863_28_28        |    <0.001 |
|       mem_reg_4608_4863_29_29        |    <0.001 |
|       mem_reg_4608_4863_2_2          |    <0.001 |
|       mem_reg_4608_4863_30_30        |    <0.001 |
|       mem_reg_4608_4863_31_31        |    <0.001 |
|       mem_reg_4608_4863_3_3          |    <0.001 |
|       mem_reg_4608_4863_4_4          |    <0.001 |
|       mem_reg_4608_4863_5_5          |    <0.001 |
|       mem_reg_4608_4863_6_6          |    <0.001 |
|       mem_reg_4608_4863_7_7          |    <0.001 |
|       mem_reg_4608_4863_8_8          |    <0.001 |
|       mem_reg_4608_4863_9_9          |    <0.001 |
|       mem_reg_4864_5119_0_0          |    <0.001 |
|       mem_reg_4864_5119_10_10        |    <0.001 |
|       mem_reg_4864_5119_11_11        |    <0.001 |
|       mem_reg_4864_5119_12_12        |    <0.001 |
|       mem_reg_4864_5119_13_13        |    <0.001 |
|       mem_reg_4864_5119_14_14        |    <0.001 |
|       mem_reg_4864_5119_15_15        |    <0.001 |
|       mem_reg_4864_5119_16_16        |    <0.001 |
|       mem_reg_4864_5119_17_17        |    <0.001 |
|       mem_reg_4864_5119_18_18        |    <0.001 |
|       mem_reg_4864_5119_19_19        |    <0.001 |
|       mem_reg_4864_5119_1_1          |    <0.001 |
|       mem_reg_4864_5119_20_20        |    <0.001 |
|       mem_reg_4864_5119_21_21        |    <0.001 |
|       mem_reg_4864_5119_22_22        |    <0.001 |
|       mem_reg_4864_5119_23_23        |    <0.001 |
|       mem_reg_4864_5119_24_24        |    <0.001 |
|       mem_reg_4864_5119_25_25        |    <0.001 |
|       mem_reg_4864_5119_26_26        |    <0.001 |
|       mem_reg_4864_5119_27_27        |    <0.001 |
|       mem_reg_4864_5119_28_28        |    <0.001 |
|       mem_reg_4864_5119_29_29        |    <0.001 |
|       mem_reg_4864_5119_2_2          |    <0.001 |
|       mem_reg_4864_5119_30_30        |    <0.001 |
|       mem_reg_4864_5119_31_31        |    <0.001 |
|       mem_reg_4864_5119_3_3          |    <0.001 |
|       mem_reg_4864_5119_4_4          |    <0.001 |
|       mem_reg_4864_5119_5_5          |    <0.001 |
|       mem_reg_4864_5119_6_6          |    <0.001 |
|       mem_reg_4864_5119_7_7          |    <0.001 |
|       mem_reg_4864_5119_8_8          |    <0.001 |
|       mem_reg_4864_5119_9_9          |    <0.001 |
|       mem_reg_5120_5375_0_0          |    <0.001 |
|       mem_reg_5120_5375_10_10        |    <0.001 |
|       mem_reg_5120_5375_11_11        |    <0.001 |
|       mem_reg_5120_5375_12_12        |    <0.001 |
|       mem_reg_5120_5375_13_13        |    <0.001 |
|       mem_reg_5120_5375_14_14        |    <0.001 |
|       mem_reg_5120_5375_15_15        |    <0.001 |
|       mem_reg_5120_5375_16_16        |    <0.001 |
|       mem_reg_5120_5375_17_17        |    <0.001 |
|       mem_reg_5120_5375_18_18        |    <0.001 |
|       mem_reg_5120_5375_19_19        |    <0.001 |
|       mem_reg_5120_5375_1_1          |    <0.001 |
|       mem_reg_5120_5375_20_20        |    <0.001 |
|       mem_reg_5120_5375_21_21        |    <0.001 |
|       mem_reg_5120_5375_22_22        |    <0.001 |
|       mem_reg_5120_5375_23_23        |    <0.001 |
|       mem_reg_5120_5375_24_24        |    <0.001 |
|       mem_reg_5120_5375_25_25        |    <0.001 |
|       mem_reg_5120_5375_26_26        |    <0.001 |
|       mem_reg_5120_5375_27_27        |    <0.001 |
|       mem_reg_5120_5375_28_28        |    <0.001 |
|       mem_reg_5120_5375_29_29        |    <0.001 |
|       mem_reg_5120_5375_2_2          |    <0.001 |
|       mem_reg_5120_5375_30_30        |    <0.001 |
|       mem_reg_5120_5375_31_31        |    <0.001 |
|       mem_reg_5120_5375_3_3          |    <0.001 |
|       mem_reg_5120_5375_4_4          |    <0.001 |
|       mem_reg_5120_5375_5_5          |    <0.001 |
|       mem_reg_5120_5375_6_6          |    <0.001 |
|       mem_reg_5120_5375_7_7          |    <0.001 |
|       mem_reg_5120_5375_8_8          |    <0.001 |
|       mem_reg_5120_5375_9_9          |    <0.001 |
|       mem_reg_512_767_0_0            |    <0.001 |
|       mem_reg_512_767_10_10          |    <0.001 |
|       mem_reg_512_767_11_11          |    <0.001 |
|       mem_reg_512_767_12_12          |    <0.001 |
|       mem_reg_512_767_13_13          |    <0.001 |
|       mem_reg_512_767_14_14          |    <0.001 |
|       mem_reg_512_767_15_15          |    <0.001 |
|       mem_reg_512_767_16_16          |    <0.001 |
|       mem_reg_512_767_17_17          |    <0.001 |
|       mem_reg_512_767_18_18          |    <0.001 |
|       mem_reg_512_767_19_19          |    <0.001 |
|       mem_reg_512_767_1_1            |    <0.001 |
|       mem_reg_512_767_20_20          |    <0.001 |
|       mem_reg_512_767_21_21          |    <0.001 |
|       mem_reg_512_767_22_22          |    <0.001 |
|       mem_reg_512_767_23_23          |    <0.001 |
|       mem_reg_512_767_24_24          |    <0.001 |
|       mem_reg_512_767_25_25          |    <0.001 |
|       mem_reg_512_767_26_26          |    <0.001 |
|       mem_reg_512_767_27_27          |    <0.001 |
|       mem_reg_512_767_28_28          |    <0.001 |
|       mem_reg_512_767_29_29          |    <0.001 |
|       mem_reg_512_767_2_2            |    <0.001 |
|       mem_reg_512_767_30_30          |    <0.001 |
|       mem_reg_512_767_31_31          |    <0.001 |
|       mem_reg_512_767_3_3            |    <0.001 |
|       mem_reg_512_767_4_4            |    <0.001 |
|       mem_reg_512_767_5_5            |    <0.001 |
|       mem_reg_512_767_6_6            |    <0.001 |
|       mem_reg_512_767_7_7            |    <0.001 |
|       mem_reg_512_767_8_8            |    <0.001 |
|       mem_reg_512_767_9_9            |    <0.001 |
|       mem_reg_5376_5631_0_0          |    <0.001 |
|       mem_reg_5376_5631_10_10        |    <0.001 |
|       mem_reg_5376_5631_11_11        |    <0.001 |
|       mem_reg_5376_5631_12_12        |    <0.001 |
|       mem_reg_5376_5631_13_13        |    <0.001 |
|       mem_reg_5376_5631_14_14        |    <0.001 |
|       mem_reg_5376_5631_15_15        |    <0.001 |
|       mem_reg_5376_5631_16_16        |    <0.001 |
|       mem_reg_5376_5631_17_17        |    <0.001 |
|       mem_reg_5376_5631_18_18        |    <0.001 |
|       mem_reg_5376_5631_19_19        |    <0.001 |
|       mem_reg_5376_5631_1_1          |    <0.001 |
|       mem_reg_5376_5631_20_20        |    <0.001 |
|       mem_reg_5376_5631_21_21        |    <0.001 |
|       mem_reg_5376_5631_22_22        |    <0.001 |
|       mem_reg_5376_5631_23_23        |    <0.001 |
|       mem_reg_5376_5631_24_24        |    <0.001 |
|       mem_reg_5376_5631_25_25        |    <0.001 |
|       mem_reg_5376_5631_26_26        |    <0.001 |
|       mem_reg_5376_5631_27_27        |    <0.001 |
|       mem_reg_5376_5631_28_28        |    <0.001 |
|       mem_reg_5376_5631_29_29        |    <0.001 |
|       mem_reg_5376_5631_2_2          |    <0.001 |
|       mem_reg_5376_5631_30_30        |    <0.001 |
|       mem_reg_5376_5631_31_31        |    <0.001 |
|       mem_reg_5376_5631_3_3          |    <0.001 |
|       mem_reg_5376_5631_4_4          |    <0.001 |
|       mem_reg_5376_5631_5_5          |    <0.001 |
|       mem_reg_5376_5631_6_6          |    <0.001 |
|       mem_reg_5376_5631_7_7          |    <0.001 |
|       mem_reg_5376_5631_8_8          |    <0.001 |
|       mem_reg_5376_5631_9_9          |    <0.001 |
|       mem_reg_5632_5887_0_0          |    <0.001 |
|       mem_reg_5632_5887_10_10        |    <0.001 |
|       mem_reg_5632_5887_11_11        |    <0.001 |
|       mem_reg_5632_5887_12_12        |    <0.001 |
|       mem_reg_5632_5887_13_13        |    <0.001 |
|       mem_reg_5632_5887_14_14        |    <0.001 |
|       mem_reg_5632_5887_15_15        |    <0.001 |
|       mem_reg_5632_5887_16_16        |    <0.001 |
|       mem_reg_5632_5887_17_17        |    <0.001 |
|       mem_reg_5632_5887_18_18        |    <0.001 |
|       mem_reg_5632_5887_19_19        |    <0.001 |
|       mem_reg_5632_5887_1_1          |    <0.001 |
|       mem_reg_5632_5887_20_20        |    <0.001 |
|       mem_reg_5632_5887_21_21        |    <0.001 |
|       mem_reg_5632_5887_22_22        |    <0.001 |
|       mem_reg_5632_5887_23_23        |    <0.001 |
|       mem_reg_5632_5887_24_24        |    <0.001 |
|       mem_reg_5632_5887_25_25        |    <0.001 |
|       mem_reg_5632_5887_26_26        |    <0.001 |
|       mem_reg_5632_5887_27_27        |    <0.001 |
|       mem_reg_5632_5887_28_28        |    <0.001 |
|       mem_reg_5632_5887_29_29        |    <0.001 |
|       mem_reg_5632_5887_2_2          |    <0.001 |
|       mem_reg_5632_5887_30_30        |    <0.001 |
|       mem_reg_5632_5887_31_31        |    <0.001 |
|       mem_reg_5632_5887_3_3          |    <0.001 |
|       mem_reg_5632_5887_4_4          |    <0.001 |
|       mem_reg_5632_5887_5_5          |    <0.001 |
|       mem_reg_5632_5887_6_6          |    <0.001 |
|       mem_reg_5632_5887_7_7          |    <0.001 |
|       mem_reg_5632_5887_8_8          |    <0.001 |
|       mem_reg_5632_5887_9_9          |    <0.001 |
|       mem_reg_5888_6143_0_0          |    <0.001 |
|       mem_reg_5888_6143_10_10        |    <0.001 |
|       mem_reg_5888_6143_11_11        |    <0.001 |
|       mem_reg_5888_6143_12_12        |    <0.001 |
|       mem_reg_5888_6143_13_13        |    <0.001 |
|       mem_reg_5888_6143_14_14        |    <0.001 |
|       mem_reg_5888_6143_15_15        |    <0.001 |
|       mem_reg_5888_6143_16_16        |    <0.001 |
|       mem_reg_5888_6143_17_17        |    <0.001 |
|       mem_reg_5888_6143_18_18        |    <0.001 |
|       mem_reg_5888_6143_19_19        |    <0.001 |
|       mem_reg_5888_6143_1_1          |    <0.001 |
|       mem_reg_5888_6143_20_20        |    <0.001 |
|       mem_reg_5888_6143_21_21        |    <0.001 |
|       mem_reg_5888_6143_22_22        |    <0.001 |
|       mem_reg_5888_6143_23_23        |    <0.001 |
|       mem_reg_5888_6143_24_24        |    <0.001 |
|       mem_reg_5888_6143_25_25        |    <0.001 |
|       mem_reg_5888_6143_26_26        |    <0.001 |
|       mem_reg_5888_6143_27_27        |    <0.001 |
|       mem_reg_5888_6143_28_28        |    <0.001 |
|       mem_reg_5888_6143_29_29        |    <0.001 |
|       mem_reg_5888_6143_2_2          |    <0.001 |
|       mem_reg_5888_6143_30_30        |    <0.001 |
|       mem_reg_5888_6143_31_31        |    <0.001 |
|       mem_reg_5888_6143_3_3          |    <0.001 |
|       mem_reg_5888_6143_4_4          |    <0.001 |
|       mem_reg_5888_6143_5_5          |    <0.001 |
|       mem_reg_5888_6143_6_6          |    <0.001 |
|       mem_reg_5888_6143_7_7          |    <0.001 |
|       mem_reg_5888_6143_8_8          |    <0.001 |
|       mem_reg_5888_6143_9_9          |    <0.001 |
|       mem_reg_6144_6399_0_0          |    <0.001 |
|       mem_reg_6144_6399_10_10        |    <0.001 |
|       mem_reg_6144_6399_11_11        |    <0.001 |
|       mem_reg_6144_6399_12_12        |    <0.001 |
|       mem_reg_6144_6399_13_13        |    <0.001 |
|       mem_reg_6144_6399_14_14        |    <0.001 |
|       mem_reg_6144_6399_15_15        |    <0.001 |
|       mem_reg_6144_6399_16_16        |    <0.001 |
|       mem_reg_6144_6399_17_17        |    <0.001 |
|       mem_reg_6144_6399_18_18        |    <0.001 |
|       mem_reg_6144_6399_19_19        |    <0.001 |
|       mem_reg_6144_6399_1_1          |    <0.001 |
|       mem_reg_6144_6399_20_20        |    <0.001 |
|       mem_reg_6144_6399_21_21        |    <0.001 |
|       mem_reg_6144_6399_22_22        |    <0.001 |
|       mem_reg_6144_6399_23_23        |    <0.001 |
|       mem_reg_6144_6399_24_24        |    <0.001 |
|       mem_reg_6144_6399_25_25        |    <0.001 |
|       mem_reg_6144_6399_26_26        |    <0.001 |
|       mem_reg_6144_6399_27_27        |    <0.001 |
|       mem_reg_6144_6399_28_28        |    <0.001 |
|       mem_reg_6144_6399_29_29        |    <0.001 |
|       mem_reg_6144_6399_2_2          |    <0.001 |
|       mem_reg_6144_6399_30_30        |    <0.001 |
|       mem_reg_6144_6399_31_31        |    <0.001 |
|       mem_reg_6144_6399_3_3          |    <0.001 |
|       mem_reg_6144_6399_4_4          |    <0.001 |
|       mem_reg_6144_6399_5_5          |    <0.001 |
|       mem_reg_6144_6399_6_6          |    <0.001 |
|       mem_reg_6144_6399_7_7          |    <0.001 |
|       mem_reg_6144_6399_8_8          |    <0.001 |
|       mem_reg_6144_6399_9_9          |    <0.001 |
|       mem_reg_6400_6655_0_0          |    <0.001 |
|       mem_reg_6400_6655_10_10        |    <0.001 |
|       mem_reg_6400_6655_11_11        |    <0.001 |
|       mem_reg_6400_6655_12_12        |    <0.001 |
|       mem_reg_6400_6655_13_13        |    <0.001 |
|       mem_reg_6400_6655_14_14        |    <0.001 |
|       mem_reg_6400_6655_15_15        |    <0.001 |
|       mem_reg_6400_6655_16_16        |    <0.001 |
|       mem_reg_6400_6655_17_17        |    <0.001 |
|       mem_reg_6400_6655_18_18        |    <0.001 |
|       mem_reg_6400_6655_19_19        |    <0.001 |
|       mem_reg_6400_6655_1_1          |    <0.001 |
|       mem_reg_6400_6655_20_20        |    <0.001 |
|       mem_reg_6400_6655_21_21        |    <0.001 |
|       mem_reg_6400_6655_22_22        |    <0.001 |
|       mem_reg_6400_6655_23_23        |    <0.001 |
|       mem_reg_6400_6655_24_24        |    <0.001 |
|       mem_reg_6400_6655_25_25        |    <0.001 |
|       mem_reg_6400_6655_26_26        |    <0.001 |
|       mem_reg_6400_6655_27_27        |    <0.001 |
|       mem_reg_6400_6655_28_28        |    <0.001 |
|       mem_reg_6400_6655_29_29        |    <0.001 |
|       mem_reg_6400_6655_2_2          |    <0.001 |
|       mem_reg_6400_6655_30_30        |    <0.001 |
|       mem_reg_6400_6655_31_31        |    <0.001 |
|       mem_reg_6400_6655_3_3          |    <0.001 |
|       mem_reg_6400_6655_4_4          |    <0.001 |
|       mem_reg_6400_6655_5_5          |    <0.001 |
|       mem_reg_6400_6655_6_6          |    <0.001 |
|       mem_reg_6400_6655_7_7          |    <0.001 |
|       mem_reg_6400_6655_8_8          |    <0.001 |
|       mem_reg_6400_6655_9_9          |    <0.001 |
|       mem_reg_6656_6911_0_0          |    <0.001 |
|       mem_reg_6656_6911_10_10        |    <0.001 |
|       mem_reg_6656_6911_11_11        |    <0.001 |
|       mem_reg_6656_6911_12_12        |    <0.001 |
|       mem_reg_6656_6911_13_13        |    <0.001 |
|       mem_reg_6656_6911_14_14        |    <0.001 |
|       mem_reg_6656_6911_15_15        |    <0.001 |
|       mem_reg_6656_6911_16_16        |    <0.001 |
|       mem_reg_6656_6911_17_17        |    <0.001 |
|       mem_reg_6656_6911_18_18        |    <0.001 |
|       mem_reg_6656_6911_19_19        |    <0.001 |
|       mem_reg_6656_6911_1_1          |    <0.001 |
|       mem_reg_6656_6911_20_20        |    <0.001 |
|       mem_reg_6656_6911_21_21        |    <0.001 |
|       mem_reg_6656_6911_22_22        |    <0.001 |
|       mem_reg_6656_6911_23_23        |    <0.001 |
|       mem_reg_6656_6911_24_24        |    <0.001 |
|       mem_reg_6656_6911_25_25        |    <0.001 |
|       mem_reg_6656_6911_26_26        |    <0.001 |
|       mem_reg_6656_6911_27_27        |    <0.001 |
|       mem_reg_6656_6911_28_28        |    <0.001 |
|       mem_reg_6656_6911_29_29        |    <0.001 |
|       mem_reg_6656_6911_2_2          |    <0.001 |
|       mem_reg_6656_6911_30_30        |    <0.001 |
|       mem_reg_6656_6911_31_31        |    <0.001 |
|       mem_reg_6656_6911_3_3          |    <0.001 |
|       mem_reg_6656_6911_4_4          |    <0.001 |
|       mem_reg_6656_6911_5_5          |    <0.001 |
|       mem_reg_6656_6911_6_6          |    <0.001 |
|       mem_reg_6656_6911_7_7          |    <0.001 |
|       mem_reg_6656_6911_8_8          |    <0.001 |
|       mem_reg_6656_6911_9_9          |    <0.001 |
|       mem_reg_6912_7167_0_0          |    <0.001 |
|       mem_reg_6912_7167_10_10        |    <0.001 |
|       mem_reg_6912_7167_11_11        |    <0.001 |
|       mem_reg_6912_7167_12_12        |    <0.001 |
|       mem_reg_6912_7167_13_13        |    <0.001 |
|       mem_reg_6912_7167_14_14        |    <0.001 |
|       mem_reg_6912_7167_15_15        |    <0.001 |
|       mem_reg_6912_7167_16_16        |    <0.001 |
|       mem_reg_6912_7167_17_17        |    <0.001 |
|       mem_reg_6912_7167_18_18        |    <0.001 |
|       mem_reg_6912_7167_19_19        |    <0.001 |
|       mem_reg_6912_7167_1_1          |    <0.001 |
|       mem_reg_6912_7167_20_20        |    <0.001 |
|       mem_reg_6912_7167_21_21        |    <0.001 |
|       mem_reg_6912_7167_22_22        |    <0.001 |
|       mem_reg_6912_7167_23_23        |    <0.001 |
|       mem_reg_6912_7167_24_24        |    <0.001 |
|       mem_reg_6912_7167_25_25        |    <0.001 |
|       mem_reg_6912_7167_26_26        |    <0.001 |
|       mem_reg_6912_7167_27_27        |    <0.001 |
|       mem_reg_6912_7167_28_28        |    <0.001 |
|       mem_reg_6912_7167_29_29        |    <0.001 |
|       mem_reg_6912_7167_2_2          |    <0.001 |
|       mem_reg_6912_7167_30_30        |    <0.001 |
|       mem_reg_6912_7167_31_31        |    <0.001 |
|       mem_reg_6912_7167_3_3          |    <0.001 |
|       mem_reg_6912_7167_4_4          |    <0.001 |
|       mem_reg_6912_7167_5_5          |    <0.001 |
|       mem_reg_6912_7167_6_6          |    <0.001 |
|       mem_reg_6912_7167_7_7          |    <0.001 |
|       mem_reg_6912_7167_8_8          |    <0.001 |
|       mem_reg_6912_7167_9_9          |    <0.001 |
|       mem_reg_7168_7423_0_0          |    <0.001 |
|       mem_reg_7168_7423_10_10        |    <0.001 |
|       mem_reg_7168_7423_11_11        |    <0.001 |
|       mem_reg_7168_7423_12_12        |    <0.001 |
|       mem_reg_7168_7423_13_13        |    <0.001 |
|       mem_reg_7168_7423_14_14        |    <0.001 |
|       mem_reg_7168_7423_15_15        |    <0.001 |
|       mem_reg_7168_7423_16_16        |    <0.001 |
|       mem_reg_7168_7423_17_17        |    <0.001 |
|       mem_reg_7168_7423_18_18        |    <0.001 |
|       mem_reg_7168_7423_19_19        |    <0.001 |
|       mem_reg_7168_7423_1_1          |    <0.001 |
|       mem_reg_7168_7423_20_20        |    <0.001 |
|       mem_reg_7168_7423_21_21        |    <0.001 |
|       mem_reg_7168_7423_22_22        |    <0.001 |
|       mem_reg_7168_7423_23_23        |    <0.001 |
|       mem_reg_7168_7423_24_24        |    <0.001 |
|       mem_reg_7168_7423_25_25        |    <0.001 |
|       mem_reg_7168_7423_26_26        |    <0.001 |
|       mem_reg_7168_7423_27_27        |    <0.001 |
|       mem_reg_7168_7423_28_28        |    <0.001 |
|       mem_reg_7168_7423_29_29        |    <0.001 |
|       mem_reg_7168_7423_2_2          |    <0.001 |
|       mem_reg_7168_7423_30_30        |    <0.001 |
|       mem_reg_7168_7423_31_31        |    <0.001 |
|       mem_reg_7168_7423_3_3          |    <0.001 |
|       mem_reg_7168_7423_4_4          |    <0.001 |
|       mem_reg_7168_7423_5_5          |    <0.001 |
|       mem_reg_7168_7423_6_6          |    <0.001 |
|       mem_reg_7168_7423_7_7          |    <0.001 |
|       mem_reg_7168_7423_8_8          |    <0.001 |
|       mem_reg_7168_7423_9_9          |    <0.001 |
|       mem_reg_7424_7679_0_0          |    <0.001 |
|       mem_reg_7424_7679_10_10        |    <0.001 |
|       mem_reg_7424_7679_11_11        |    <0.001 |
|       mem_reg_7424_7679_12_12        |    <0.001 |
|       mem_reg_7424_7679_13_13        |    <0.001 |
|       mem_reg_7424_7679_14_14        |    <0.001 |
|       mem_reg_7424_7679_15_15        |    <0.001 |
|       mem_reg_7424_7679_16_16        |    <0.001 |
|       mem_reg_7424_7679_17_17        |    <0.001 |
|       mem_reg_7424_7679_18_18        |    <0.001 |
|       mem_reg_7424_7679_19_19        |    <0.001 |
|       mem_reg_7424_7679_1_1          |    <0.001 |
|       mem_reg_7424_7679_20_20        |    <0.001 |
|       mem_reg_7424_7679_21_21        |    <0.001 |
|       mem_reg_7424_7679_22_22        |    <0.001 |
|       mem_reg_7424_7679_23_23        |    <0.001 |
|       mem_reg_7424_7679_24_24        |    <0.001 |
|       mem_reg_7424_7679_25_25        |    <0.001 |
|       mem_reg_7424_7679_26_26        |    <0.001 |
|       mem_reg_7424_7679_27_27        |    <0.001 |
|       mem_reg_7424_7679_28_28        |    <0.001 |
|       mem_reg_7424_7679_29_29        |    <0.001 |
|       mem_reg_7424_7679_2_2          |    <0.001 |
|       mem_reg_7424_7679_30_30        |    <0.001 |
|       mem_reg_7424_7679_31_31        |    <0.001 |
|       mem_reg_7424_7679_3_3          |    <0.001 |
|       mem_reg_7424_7679_4_4          |    <0.001 |
|       mem_reg_7424_7679_5_5          |    <0.001 |
|       mem_reg_7424_7679_6_6          |    <0.001 |
|       mem_reg_7424_7679_7_7          |    <0.001 |
|       mem_reg_7424_7679_8_8          |    <0.001 |
|       mem_reg_7424_7679_9_9          |    <0.001 |
|       mem_reg_7680_7935_0_0          |    <0.001 |
|       mem_reg_7680_7935_10_10        |    <0.001 |
|       mem_reg_7680_7935_11_11        |    <0.001 |
|       mem_reg_7680_7935_12_12        |    <0.001 |
|       mem_reg_7680_7935_13_13        |    <0.001 |
|       mem_reg_7680_7935_14_14        |    <0.001 |
|       mem_reg_7680_7935_15_15        |    <0.001 |
|       mem_reg_7680_7935_16_16        |    <0.001 |
|       mem_reg_7680_7935_17_17        |    <0.001 |
|       mem_reg_7680_7935_18_18        |    <0.001 |
|       mem_reg_7680_7935_19_19        |    <0.001 |
|       mem_reg_7680_7935_1_1          |    <0.001 |
|       mem_reg_7680_7935_20_20        |    <0.001 |
|       mem_reg_7680_7935_21_21        |    <0.001 |
|       mem_reg_7680_7935_22_22        |    <0.001 |
|       mem_reg_7680_7935_23_23        |    <0.001 |
|       mem_reg_7680_7935_24_24        |    <0.001 |
|       mem_reg_7680_7935_25_25        |    <0.001 |
|       mem_reg_7680_7935_26_26        |    <0.001 |
|       mem_reg_7680_7935_27_27        |    <0.001 |
|       mem_reg_7680_7935_28_28        |    <0.001 |
|       mem_reg_7680_7935_29_29        |    <0.001 |
|       mem_reg_7680_7935_2_2          |    <0.001 |
|       mem_reg_7680_7935_30_30        |    <0.001 |
|       mem_reg_7680_7935_31_31        |    <0.001 |
|       mem_reg_7680_7935_3_3          |    <0.001 |
|       mem_reg_7680_7935_4_4          |    <0.001 |
|       mem_reg_7680_7935_5_5          |    <0.001 |
|       mem_reg_7680_7935_6_6          |    <0.001 |
|       mem_reg_7680_7935_7_7          |    <0.001 |
|       mem_reg_7680_7935_8_8          |    <0.001 |
|       mem_reg_7680_7935_9_9          |    <0.001 |
|       mem_reg_768_1023_0_0           |    <0.001 |
|       mem_reg_768_1023_10_10         |    <0.001 |
|       mem_reg_768_1023_11_11         |    <0.001 |
|       mem_reg_768_1023_12_12         |    <0.001 |
|       mem_reg_768_1023_13_13         |    <0.001 |
|       mem_reg_768_1023_14_14         |    <0.001 |
|       mem_reg_768_1023_15_15         |    <0.001 |
|       mem_reg_768_1023_16_16         |    <0.001 |
|       mem_reg_768_1023_17_17         |    <0.001 |
|       mem_reg_768_1023_18_18         |    <0.001 |
|       mem_reg_768_1023_19_19         |    <0.001 |
|       mem_reg_768_1023_1_1           |    <0.001 |
|       mem_reg_768_1023_20_20         |    <0.001 |
|       mem_reg_768_1023_21_21         |    <0.001 |
|       mem_reg_768_1023_22_22         |    <0.001 |
|       mem_reg_768_1023_23_23         |    <0.001 |
|       mem_reg_768_1023_24_24         |    <0.001 |
|       mem_reg_768_1023_25_25         |    <0.001 |
|       mem_reg_768_1023_26_26         |    <0.001 |
|       mem_reg_768_1023_27_27         |    <0.001 |
|       mem_reg_768_1023_28_28         |    <0.001 |
|       mem_reg_768_1023_29_29         |    <0.001 |
|       mem_reg_768_1023_2_2           |    <0.001 |
|       mem_reg_768_1023_30_30         |    <0.001 |
|       mem_reg_768_1023_31_31         |    <0.001 |
|       mem_reg_768_1023_3_3           |    <0.001 |
|       mem_reg_768_1023_4_4           |    <0.001 |
|       mem_reg_768_1023_5_5           |    <0.001 |
|       mem_reg_768_1023_6_6           |    <0.001 |
|       mem_reg_768_1023_7_7           |    <0.001 |
|       mem_reg_768_1023_8_8           |    <0.001 |
|       mem_reg_768_1023_9_9           |    <0.001 |
|   memacc                             |    <0.001 |
|   vga                                |     0.024 |
|     vga_controller                   |     0.008 |
|     vga_debugger                     |     0.013 |
|     vga_display                      |     0.003 |
|       display_data_reg_0_63_0_2      |    <0.001 |
|       display_data_reg_0_63_3_5      |    <0.001 |
|       display_data_reg_0_63_6_6      |    <0.001 |
|       display_data_reg_0_63_7_7      |     0.000 |
|       display_data_reg_1024_1087_0_2 |    <0.001 |
|       display_data_reg_1024_1087_3_5 |    <0.001 |
|       display_data_reg_1024_1087_6_6 |    <0.001 |
|       display_data_reg_1024_1087_7_7 |     0.000 |
|       display_data_reg_1088_1151_0_2 |    <0.001 |
|       display_data_reg_1088_1151_3_5 |    <0.001 |
|       display_data_reg_1088_1151_6_6 |    <0.001 |
|       display_data_reg_1088_1151_7_7 |     0.000 |
|       display_data_reg_1152_1215_0_2 |    <0.001 |
|       display_data_reg_1152_1215_3_5 |    <0.001 |
|       display_data_reg_1152_1215_6_6 |    <0.001 |
|       display_data_reg_1152_1215_7_7 |     0.000 |
|       display_data_reg_1216_1279_0_2 |    <0.001 |
|       display_data_reg_1216_1279_3_5 |    <0.001 |
|       display_data_reg_1216_1279_6_6 |    <0.001 |
|       display_data_reg_1216_1279_7_7 |     0.000 |
|       display_data_reg_1280_1343_0_2 |    <0.001 |
|       display_data_reg_1280_1343_3_5 |    <0.001 |
|       display_data_reg_1280_1343_6_6 |    <0.001 |
|       display_data_reg_1280_1343_7_7 |     0.000 |
|       display_data_reg_128_191_0_2   |    <0.001 |
|       display_data_reg_128_191_3_5   |    <0.001 |
|       display_data_reg_128_191_6_6   |    <0.001 |
|       display_data_reg_128_191_7_7   |     0.000 |
|       display_data_reg_1344_1407_0_2 |    <0.001 |
|       display_data_reg_1344_1407_3_5 |    <0.001 |
|       display_data_reg_1344_1407_6_6 |    <0.001 |
|       display_data_reg_1344_1407_7_7 |     0.000 |
|       display_data_reg_1408_1471_0_2 |    <0.001 |
|       display_data_reg_1408_1471_3_5 |    <0.001 |
|       display_data_reg_1408_1471_6_6 |    <0.001 |
|       display_data_reg_1408_1471_7_7 |     0.000 |
|       display_data_reg_1472_1535_0_2 |    <0.001 |
|       display_data_reg_1472_1535_3_5 |    <0.001 |
|       display_data_reg_1472_1535_6_6 |    <0.001 |
|       display_data_reg_1472_1535_7_7 |     0.000 |
|       display_data_reg_1536_1599_0_2 |    <0.001 |
|       display_data_reg_1536_1599_3_5 |    <0.001 |
|       display_data_reg_1536_1599_6_6 |    <0.001 |
|       display_data_reg_1536_1599_7_7 |     0.000 |
|       display_data_reg_1600_1663_0_2 |    <0.001 |
|       display_data_reg_1600_1663_3_5 |    <0.001 |
|       display_data_reg_1600_1663_6_6 |    <0.001 |
|       display_data_reg_1600_1663_7_7 |     0.000 |
|       display_data_reg_1664_1727_0_2 |    <0.001 |
|       display_data_reg_1664_1727_3_5 |    <0.001 |
|       display_data_reg_1664_1727_6_6 |    <0.001 |
|       display_data_reg_1664_1727_7_7 |     0.000 |
|       display_data_reg_1728_1791_0_2 |    <0.001 |
|       display_data_reg_1728_1791_3_5 |    <0.001 |
|       display_data_reg_1728_1791_6_6 |    <0.001 |
|       display_data_reg_1728_1791_7_7 |     0.000 |
|       display_data_reg_1792_1855_0_2 |    <0.001 |
|       display_data_reg_1792_1855_3_5 |    <0.001 |
|       display_data_reg_1792_1855_6_6 |    <0.001 |
|       display_data_reg_1792_1855_7_7 |     0.000 |
|       display_data_reg_1856_1919_0_2 |    <0.001 |
|       display_data_reg_1856_1919_3_5 |    <0.001 |
|       display_data_reg_1856_1919_6_6 |    <0.001 |
|       display_data_reg_1856_1919_7_7 |     0.000 |
|       display_data_reg_1920_1983_0_2 |    <0.001 |
|       display_data_reg_1920_1983_3_5 |    <0.001 |
|       display_data_reg_1920_1983_6_6 |    <0.001 |
|       display_data_reg_1920_1983_7_7 |     0.000 |
|       display_data_reg_192_255_0_2   |    <0.001 |
|       display_data_reg_192_255_3_5   |    <0.001 |
|       display_data_reg_192_255_6_6   |    <0.001 |
|       display_data_reg_192_255_7_7   |     0.000 |
|       display_data_reg_1984_2047_0_2 |    <0.001 |
|       display_data_reg_1984_2047_3_5 |    <0.001 |
|       display_data_reg_1984_2047_6_6 |    <0.001 |
|       display_data_reg_1984_2047_7_7 |     0.000 |
|       display_data_reg_2048_2111_0_2 |    <0.001 |
|       display_data_reg_2048_2111_3_5 |    <0.001 |
|       display_data_reg_2048_2111_6_6 |    <0.001 |
|       display_data_reg_2048_2111_7_7 |     0.000 |
|       display_data_reg_2112_2175_0_2 |    <0.001 |
|       display_data_reg_2112_2175_3_5 |    <0.001 |
|       display_data_reg_2112_2175_6_6 |    <0.001 |
|       display_data_reg_2112_2175_7_7 |     0.000 |
|       display_data_reg_2176_2239_0_2 |    <0.001 |
|       display_data_reg_2176_2239_3_5 |    <0.001 |
|       display_data_reg_2176_2239_6_6 |    <0.001 |
|       display_data_reg_2176_2239_7_7 |     0.000 |
|       display_data_reg_2240_2303_0_2 |    <0.001 |
|       display_data_reg_2240_2303_3_5 |    <0.001 |
|       display_data_reg_2240_2303_6_6 |    <0.001 |
|       display_data_reg_2240_2303_7_7 |     0.000 |
|       display_data_reg_2304_2367_0_2 |    <0.001 |
|       display_data_reg_2304_2367_3_5 |    <0.001 |
|       display_data_reg_2304_2367_6_6 |    <0.001 |
|       display_data_reg_2304_2367_7_7 |     0.000 |
|       display_data_reg_2368_2431_0_2 |    <0.001 |
|       display_data_reg_2368_2431_3_5 |    <0.001 |
|       display_data_reg_2368_2431_6_6 |    <0.001 |
|       display_data_reg_2368_2431_7_7 |     0.000 |
|       display_data_reg_2432_2495_0_2 |    <0.001 |
|       display_data_reg_2432_2495_3_5 |    <0.001 |
|       display_data_reg_2432_2495_6_6 |    <0.001 |
|       display_data_reg_2432_2495_7_7 |     0.000 |
|       display_data_reg_2496_2559_0_2 |    <0.001 |
|       display_data_reg_2496_2559_3_5 |    <0.001 |
|       display_data_reg_2496_2559_6_6 |    <0.001 |
|       display_data_reg_2496_2559_7_7 |     0.000 |
|       display_data_reg_2560_2623_0_2 |    <0.001 |
|       display_data_reg_2560_2623_3_5 |    <0.001 |
|       display_data_reg_2560_2623_6_6 |    <0.001 |
|       display_data_reg_2560_2623_7_7 |     0.000 |
|       display_data_reg_256_319_0_2   |    <0.001 |
|       display_data_reg_256_319_3_5   |    <0.001 |
|       display_data_reg_256_319_6_6   |    <0.001 |
|       display_data_reg_256_319_7_7   |     0.000 |
|       display_data_reg_2624_2687_0_2 |    <0.001 |
|       display_data_reg_2624_2687_3_5 |    <0.001 |
|       display_data_reg_2624_2687_6_6 |    <0.001 |
|       display_data_reg_2624_2687_7_7 |     0.000 |
|       display_data_reg_2688_2751_0_2 |    <0.001 |
|       display_data_reg_2688_2751_3_5 |    <0.001 |
|       display_data_reg_2688_2751_6_6 |    <0.001 |
|       display_data_reg_2688_2751_7_7 |     0.000 |
|       display_data_reg_2752_2815_0_2 |    <0.001 |
|       display_data_reg_2752_2815_3_5 |    <0.001 |
|       display_data_reg_2752_2815_6_6 |    <0.001 |
|       display_data_reg_2752_2815_7_7 |     0.000 |
|       display_data_reg_2816_2879_0_2 |    <0.001 |
|       display_data_reg_2816_2879_3_5 |    <0.001 |
|       display_data_reg_2816_2879_6_6 |    <0.001 |
|       display_data_reg_2816_2879_7_7 |     0.000 |
|       display_data_reg_2880_2943_0_2 |    <0.001 |
|       display_data_reg_2880_2943_3_5 |    <0.001 |
|       display_data_reg_2880_2943_6_6 |    <0.001 |
|       display_data_reg_2880_2943_7_7 |     0.000 |
|       display_data_reg_2944_3007_0_2 |    <0.001 |
|       display_data_reg_2944_3007_3_5 |    <0.001 |
|       display_data_reg_2944_3007_6_6 |    <0.001 |
|       display_data_reg_2944_3007_7_7 |     0.000 |
|       display_data_reg_3008_3071_0_2 |    <0.001 |
|       display_data_reg_3008_3071_3_5 |    <0.001 |
|       display_data_reg_3008_3071_6_6 |    <0.001 |
|       display_data_reg_3008_3071_7_7 |     0.000 |
|       display_data_reg_3072_3135_0_2 |    <0.001 |
|       display_data_reg_3072_3135_3_5 |    <0.001 |
|       display_data_reg_3072_3135_6_6 |    <0.001 |
|       display_data_reg_3072_3135_7_7 |     0.000 |
|       display_data_reg_3136_3199_0_2 |    <0.001 |
|       display_data_reg_3136_3199_3_5 |    <0.001 |
|       display_data_reg_3136_3199_6_6 |    <0.001 |
|       display_data_reg_3136_3199_7_7 |     0.000 |
|       display_data_reg_3200_3263_0_2 |    <0.001 |
|       display_data_reg_3200_3263_3_5 |    <0.001 |
|       display_data_reg_3200_3263_6_6 |    <0.001 |
|       display_data_reg_3200_3263_7_7 |     0.000 |
|       display_data_reg_320_383_0_2   |    <0.001 |
|       display_data_reg_320_383_3_5   |    <0.001 |
|       display_data_reg_320_383_6_6   |    <0.001 |
|       display_data_reg_320_383_7_7   |     0.000 |
|       display_data_reg_3264_3327_0_2 |    <0.001 |
|       display_data_reg_3264_3327_3_5 |    <0.001 |
|       display_data_reg_3264_3327_6_6 |    <0.001 |
|       display_data_reg_3264_3327_7_7 |     0.000 |
|       display_data_reg_3328_3391_0_2 |    <0.001 |
|       display_data_reg_3328_3391_3_5 |    <0.001 |
|       display_data_reg_3328_3391_6_6 |    <0.001 |
|       display_data_reg_3328_3391_7_7 |     0.000 |
|       display_data_reg_3392_3455_0_2 |    <0.001 |
|       display_data_reg_3392_3455_3_5 |    <0.001 |
|       display_data_reg_3392_3455_6_6 |    <0.001 |
|       display_data_reg_3392_3455_7_7 |     0.000 |
|       display_data_reg_3456_3519_0_2 |    <0.001 |
|       display_data_reg_3456_3519_3_5 |    <0.001 |
|       display_data_reg_3456_3519_6_6 |    <0.001 |
|       display_data_reg_3456_3519_7_7 |     0.000 |
|       display_data_reg_3520_3583_0_2 |    <0.001 |
|       display_data_reg_3520_3583_3_5 |    <0.001 |
|       display_data_reg_3520_3583_6_6 |    <0.001 |
|       display_data_reg_3520_3583_7_7 |     0.000 |
|       display_data_reg_3584_3647_0_2 |    <0.001 |
|       display_data_reg_3584_3647_3_5 |    <0.001 |
|       display_data_reg_3584_3647_6_6 |    <0.001 |
|       display_data_reg_3584_3647_7_7 |     0.000 |
|       display_data_reg_3648_3711_0_2 |    <0.001 |
|       display_data_reg_3648_3711_3_5 |    <0.001 |
|       display_data_reg_3648_3711_6_6 |    <0.001 |
|       display_data_reg_3648_3711_7_7 |     0.000 |
|       display_data_reg_3712_3775_0_2 |    <0.001 |
|       display_data_reg_3712_3775_3_5 |    <0.001 |
|       display_data_reg_3712_3775_6_6 |    <0.001 |
|       display_data_reg_3712_3775_7_7 |     0.000 |
|       display_data_reg_3776_3839_0_2 |    <0.001 |
|       display_data_reg_3776_3839_3_5 |    <0.001 |
|       display_data_reg_3776_3839_6_6 |    <0.001 |
|       display_data_reg_3776_3839_7_7 |     0.000 |
|       display_data_reg_3840_3903_0_2 |    <0.001 |
|       display_data_reg_3840_3903_3_5 |    <0.001 |
|       display_data_reg_3840_3903_6_6 |    <0.001 |
|       display_data_reg_3840_3903_7_7 |     0.000 |
|       display_data_reg_384_447_0_2   |    <0.001 |
|       display_data_reg_384_447_3_5   |    <0.001 |
|       display_data_reg_384_447_6_6   |    <0.001 |
|       display_data_reg_384_447_7_7   |     0.000 |
|       display_data_reg_3904_3967_0_2 |    <0.001 |
|       display_data_reg_3904_3967_3_5 |    <0.001 |
|       display_data_reg_3904_3967_6_6 |    <0.001 |
|       display_data_reg_3904_3967_7_7 |     0.000 |
|       display_data_reg_3968_4031_0_2 |    <0.001 |
|       display_data_reg_3968_4031_3_5 |    <0.001 |
|       display_data_reg_3968_4031_6_6 |    <0.001 |
|       display_data_reg_3968_4031_7_7 |     0.000 |
|       display_data_reg_4032_4095_0_2 |    <0.001 |
|       display_data_reg_4032_4095_3_5 |    <0.001 |
|       display_data_reg_4032_4095_6_6 |    <0.001 |
|       display_data_reg_4032_4095_7_7 |     0.000 |
|       display_data_reg_448_511_0_2   |    <0.001 |
|       display_data_reg_448_511_3_5   |    <0.001 |
|       display_data_reg_448_511_6_6   |    <0.001 |
|       display_data_reg_448_511_7_7   |     0.000 |
|       display_data_reg_512_575_0_2   |    <0.001 |
|       display_data_reg_512_575_3_5   |    <0.001 |
|       display_data_reg_512_575_6_6   |    <0.001 |
|       display_data_reg_512_575_7_7   |     0.000 |
|       display_data_reg_576_639_0_2   |    <0.001 |
|       display_data_reg_576_639_3_5   |    <0.001 |
|       display_data_reg_576_639_6_6   |    <0.001 |
|       display_data_reg_576_639_7_7   |     0.000 |
|       display_data_reg_640_703_0_2   |    <0.001 |
|       display_data_reg_640_703_3_5   |    <0.001 |
|       display_data_reg_640_703_6_6   |    <0.001 |
|       display_data_reg_640_703_7_7   |     0.000 |
|       display_data_reg_64_127_0_2    |    <0.001 |
|       display_data_reg_64_127_3_5    |    <0.001 |
|       display_data_reg_64_127_6_6    |    <0.001 |
|       display_data_reg_64_127_7_7    |     0.000 |
|       display_data_reg_704_767_0_2   |    <0.001 |
|       display_data_reg_704_767_3_5   |    <0.001 |
|       display_data_reg_704_767_6_6   |    <0.001 |
|       display_data_reg_704_767_7_7   |     0.000 |
|       display_data_reg_768_831_0_2   |    <0.001 |
|       display_data_reg_768_831_3_5   |    <0.001 |
|       display_data_reg_768_831_6_6   |    <0.001 |
|       display_data_reg_768_831_7_7   |     0.000 |
|       display_data_reg_832_895_0_2   |    <0.001 |
|       display_data_reg_832_895_3_5   |    <0.001 |
|       display_data_reg_832_895_6_6   |    <0.001 |
|       display_data_reg_832_895_7_7   |     0.000 |
|       display_data_reg_896_959_0_2   |    <0.001 |
|       display_data_reg_896_959_3_5   |    <0.001 |
|       display_data_reg_896_959_6_6   |    <0.001 |
|       display_data_reg_896_959_7_7   |     0.000 |
|       display_data_reg_960_1023_0_2  |    <0.001 |
|       display_data_reg_960_1023_3_5  |    <0.001 |
|       display_data_reg_960_1023_6_6  |    <0.001 |
|       display_data_reg_960_1023_7_7  |     0.000 |
+--------------------------------------+-----------+


