#-----------------------------------------------------------
# Vivado v2020.2 (64-bit)
# SW Build 3064766 on Wed Nov 18 09:12:45 MST 2020
# IP Build 3064653 on Wed Nov 18 14:17:31 MST 2020
# Start of session at: Wed Mar 30 22:07:16 2022
# Process ID: 6756
# Current directory: D:/Vteacher/Lab2
# Command line: vivado.exe -gui_launcher_event rodinguilauncherevent3656 D:\Vteacher\Lab2\Lab2.xpr
# Log file: D:/Vteacher/Lab2/vivado.log
# Journal file: D:/Vteacher/Lab2\vivado.jou
#-----------------------------------------------------------
start_gui
open_project D:/Vteacher/Lab2/Lab2.xpr
Scanning sources...
Finished scanning sources
INFO: [IP_Flow 19-234] Refreshing IP repositories
INFO: [IP_Flow 19-1700] Loaded user IP repository 'd:/Vteacher/IP'.
INFO: [IP_Flow 19-2313] Loaded Vivado IP repository 'D:/vivado/Vivado/2020.2/data/ip'.
open_project: Time (s): cpu = 00:00:14 ; elapsed = 00:00:06 . Memory (MB): peak = 1112.254 ; gain = 0.000
update_compile_order -fileset sources_1
exit
INFO: [Common 17-206] Exiting Vivado at Wed Mar 30 22:41:08 2022...
