#-----------------------------------------------------------
# Vivado v2020.2 (64-bit)
# SW Build 3064766 on Wed Nov 18 09:12:45 MST 2020
# IP Build 3064653 on Wed Nov 18 14:17:31 MST 2020
# Start of session at: Wed Jun  1 15:19:15 2022
# Process ID: 7456
# Current directory: D:/Vteacher/VGA5/VGA
# Command line: vivado.exe -gui_launcher_event rodinguilauncherevent16052 D:\Vteacher\VGA5\VGA\VGA.xpr
# Log file: D:/Vteacher/VGA5/VGA/vivado.log
# Journal file: D:/Vteacher/VGA5/VGA\vivado.jou
#-----------------------------------------------------------
start_gui
open_project D:/Vteacher/VGA5/VGA/VGA.xpr
INFO: [Project 1-313] Project file moved from 'C:/Users/ASUS/Desktop/VGA' since last save.
Scanning sources...
Finished scanning sources
INFO: [Project 1-230] Project 'VGA.xpr' upgraded for this version of Vivado.
INFO: [IP_Flow 19-234] Refreshing IP repositories
INFO: [IP_Flow 19-1700] Loaded user IP repository 'd:/Vteacher/VGA5/VGA/VGA.srcs/sources_1'.
INFO: [IP_Flow 19-2313] Loaded Vivado IP repository 'D:/vivado/Vivado/2020.2/data/ip'.
open_project: Time (s): cpu = 00:00:14 ; elapsed = 00:00:06 . Memory (MB): peak = 1108.879 ; gain = 0.000
update_compile_order -fileset sources_1
launch_runs synth_1 -jobs 4
[Wed Jun  1 15:35:10 2022] Launched synth_1...
Run output will be captured here: D:/Vteacher/VGA5/VGA/VGA.runs/synth_1/runme.log
ipx::package_project -root_dir d:/vteacher/vga5/vga/vga.srcs/sources_1/imports/framework -vendor xilinx.com -library user -taxonomy /UserIP
INFO: [IP_Flow 19-5107] Inferred bus interface 'rst' of definition 'xilinx.com:signal:reset:1.0' (from Xilinx Repository).
INFO: [IP_Flow 19-2181] Payment Required is not set for this core.
INFO: [IP_Flow 19-2187] The Product Guide file is missing.
set_property core_revision 2 [ipx::current_core]
ipx::create_xgui_files [ipx::current_core]
ipx::update_checksums [ipx::current_core]
ipx::check_integrity [ipx::current_core]
INFO: [IP_Flow 19-2181] Payment Required is not set for this core.
INFO: [IP_Flow 19-2187] The Product Guide file is missing.
INFO: [Ipptcl 7-1486] check_integrity: Integrity check passed.
ipx::save_core [ipx::current_core]
update_ip_catalog -rebuild -repo_path d:/Vteacher/VGA5/VGA/VGA.srcs/sources_1
INFO: [IP_Flow 19-725] Reloaded user IP repository 'd:/Vteacher/VGA5/VGA/VGA.srcs/sources_1'
WARNING: [IP_Flow 19-1663] Duplicate IP found for 'xilinx.com:user:VGA:1.0'. The one found in IP location 'd:/Vteacher/VGA5/VGA/VGA.srcs/sources_1' will take precedence over the same IP in location d:/Vteacher/VGA5/VGA/VGA.srcs/sources_1/imports/Framework
set_property core_revision 3 [ipx::current_core]
ipx::create_xgui_files [ipx::current_core]
ipx::update_checksums [ipx::current_core]
ipx::check_integrity [ipx::current_core]
INFO: [IP_Flow 19-2181] Payment Required is not set for this core.
INFO: [IP_Flow 19-2187] The Product Guide file is missing.
INFO: [Ipptcl 7-1486] check_integrity: Integrity check passed.
ipx::save_core [ipx::current_core]
update_ip_catalog -rebuild -repo_path d:/Vteacher/VGA5/VGA/VGA.srcs/sources_1
INFO: [IP_Flow 19-725] Reloaded user IP repository 'd:/Vteacher/VGA5/VGA/VGA.srcs/sources_1'
exit
INFO: [Common 17-206] Exiting Vivado at Wed Jun  1 23:59:56 2022...
