#-----------------------------------------------------------
# Vivado v2020.2 (64-bit)
# SW Build 3064766 on Wed Nov 18 09:12:45 MST 2020
# IP Build 3064653 on Wed Nov 18 14:17:31 MST 2020
# Start of session at: Tue Mar 15 12:04:20 2022
# Process ID: 15508
# Current directory: D:/Vfile/ADC
# Command line: vivado.exe -gui_launcher_event rodinguilauncherevent31068 D:\Vfile\ADC\ADC.xpr
# Log file: D:/Vfile/ADC/vivado.log
# Journal file: D:/Vfile/ADC\vivado.jou
#-----------------------------------------------------------
start_gui
open_project D:/Vfile/ADC/ADC.xpr
WARNING: [filemgmt 56-3] Default IP Output Path : Could not find the directory 'D:/Vfile/ADC/ADC.gen/sources_1'.
Scanning sources...
Finished scanning sources
INFO: [IP_Flow 19-234] Refreshing IP repositories
INFO: [IP_Flow 19-1700] Loaded user IP repository 'd:/Vfile/ADC/ADC.srcs/sources_1/new'.
INFO: [IP_Flow 19-2313] Loaded Vivado IP repository 'D:/vivado/Vivado/2020.2/data/ip'.
update_compile_order -fileset sources_1
export_ip_user_files -of_objects  [get_files D:/Vfile/ADC/ADC.srcs/sim_1/new/tb_adc.v] -no_script -reset -force -quiet
remove_files  -fileset sim_1 D:/Vfile/ADC/ADC.srcs/sim_1/new/tb_adc.v
file delete -force D:/Vfile/ADC/ADC.srcs/sim_1/new/tb_adc.v
ipx::package_project -root_dir d:/vfile/adc/adc.srcs/sources_1/new -vendor xilinx.com -library user -taxonomy /UserIP -force
INFO: [IP_Flow 19-2181] Payment Required is not set for this core.
INFO: [IP_Flow 19-2187] The Product Guide file is missing.
set_property core_revision 2 [ipx::current_core]
ipx::create_xgui_files [ipx::current_core]
ipx::update_checksums [ipx::current_core]
ipx::check_integrity [ipx::current_core]
INFO: [IP_Flow 19-2181] Payment Required is not set for this core.
INFO: [IP_Flow 19-2187] The Product Guide file is missing.
INFO: [Ipptcl 7-1486] check_integrity: Integrity check passed.
ipx::save_core [ipx::current_core]
update_ip_catalog -rebuild -repo_path d:/Vfile/ADC/ADC.srcs/sources_1/new
INFO: [IP_Flow 19-725] Reloaded user IP repository 'd:/Vfile/ADC/ADC.srcs/sources_1/new'
exit
INFO: [Common 17-206] Exiting Vivado at Tue Mar 15 16:06:45 2022...
