#-----------------------------------------------------------
# Vivado v2020.2 (64-bit)
# SW Build 3064766 on Wed Nov 18 09:12:45 MST 2020
# IP Build 3064653 on Wed Nov 18 14:17:31 MST 2020
# Start of session at: Tue Mar 29 10:12:03 2022
# Process ID: 28308
# Current directory: D:/Vfile/Lab0
# Command line: vivado.exe -gui_launcher_event rodinguilauncherevent27864 D:\Vfile\Lab0\Lab0.xpr
# Log file: D:/Vfile/Lab0/vivado.log
# Journal file: D:/Vfile/Lab0\vivado.jou
#-----------------------------------------------------------
start_gui
open_project D:/Vfile/Lab0/Lab0.xpr
Scanning sources...
Finished scanning sources
INFO: [IP_Flow 19-234] Refreshing IP repositories
INFO: [IP_Flow 19-1700] Loaded user IP repository 'd:/Vfile'.
WARNING: [IP_Flow 19-3656] If you move the project, the path for repository 'd:/Vfile' may become invalid. A better location for the repository would be in a path adjacent to the project. (Current project location is 'd:/Vfile/Lab0'.)
INFO: [IP_Flow 19-2313] Loaded Vivado IP repository 'D:/vivado/Vivado/2020.2/data/ip'.
open_project: Time (s): cpu = 00:00:13 ; elapsed = 00:00:06 . Memory (MB): peak = 1108.750 ; gain = 0.000
update_compile_order -fileset sources_1
exit
INFO: [Common 17-206] Exiting Vivado at Tue Mar 29 16:22:03 2022...
