#-----------------------------------------------------------
# Vivado v2020.2 (64-bit)
# SW Build 3064766 on Wed Nov 18 09:12:45 MST 2020
# IP Build 3064653 on Wed Nov 18 14:17:31 MST 2020
# Start of session at: Tue Mar 15 11:30:30 2022
# Process ID: 17712
# Current directory: D:/Vfile/Lab0
# Command line: vivado.exe -gui_launcher_event rodinguilauncherevent24484 D:\Vfile\Lab0\Lab0.xpr
# Log file: D:/Vfile/Lab0/vivado.log
# Journal file: D:/Vfile/Lab0\vivado.jou
#-----------------------------------------------------------
start_gui
open_project D:/Vfile/Lab0/Lab0.xpr
Scanning sources...
Finished scanning sources
INFO: [IP_Flow 19-234] Refreshing IP repositories
INFO: [IP_Flow 19-1700] Loaded user IP repository 'd:/Vfile'.
WARNING: [IP_Flow 19-3656] If you move the project, the path for repository 'd:/Vfile' may become invalid. A better location for the repository would be in a path adjacent to the project. (Current project location is 'd:/Vfile/Lab0'.)
INFO: [IP_Flow 19-2313] Loaded Vivado IP repository 'D:/vivado/Vivado/2020.2/data/ip'.
open_project: Time (s): cpu = 00:00:14 ; elapsed = 00:00:06 . Memory (MB): peak = 1109.441 ; gain = 0.000
update_compile_order -fileset sources_1
open_project D:/Vfile/mux415/mux415.xpr
WARNING: [filemgmt 56-3] Default IP Output Path : Could not find the directory 'D:/Vfile/mux415/mux415.gen/sources_1'.
Scanning sources...
Finished scanning sources
INFO: [IP_Flow 19-234] Refreshing IP repositories
INFO: [IP_Flow 19-1700] Loaded user IP repository 'd:/Vfile/mux415/mux415.srcs'.
INFO: [IP_Flow 19-2313] Loaded Vivado IP repository 'D:/vivado/Vivado/2020.2/data/ip'.
ipx::open_ipxact_file D:/Vfile/mux415/mux415.srcs/component.xml
WARNING: [IP_Flow 19-5226] Project source file 'd:/Vfile/mux415/mux415.srcs/component.xml' ignored by IP packager.
WARNING: [IP_Flow 19-3898] File Group 'xilinx_anylanguagesynthesis (Synthesis)': File 'd:/Vfile/mux415/mux415.srcs/sources_1/new/mux415.v' is not found in the project sources. It will be removed from the packaged IP when the sources are merged. If still required, please add this file to the project and re-package.
WARNING: [IP_Flow 19-3898] File Group 'xilinx_anylanguagebehavioralsimulation (Simulation)': File 'd:/Vfile/mux415/mux415.srcs/sources_1/new/mux415.v' is not found in the project sources. It will be removed from the packaged IP when the sources are merged. If still required, please add this file to the project and re-package.
WARNING: [IP_Flow 19-3898] File Group 'xilinx_testbench (Test Bench)': File 'd:/Vfile/mux415/mux415.srcs/sim_1/new/sim415.v' is not found in the project sources. It will be removed from the packaged IP when the sources are merged. If still required, please add this file to the project and re-package.
update_compile_order -fileset sources_1
export_ip_user_files -of_objects  [get_files D:/Vfile/mux415/mux415.srcs/sim_1/new/sim415.v] -no_script -reset -force -quiet
remove_files  -fileset sim_1 D:/Vfile/mux415/mux415.srcs/sim_1/new/sim415.v
file delete -force D:/Vfile/mux415/mux415.srcs/sim_1/new/sim415.v
set_property core_revision 3 [ipx::current_core]
ipx::create_xgui_files [ipx::current_core]
ipx::update_checksums [ipx::current_core]
ipx::check_integrity [ipx::current_core]
CRITICAL WARNING: [IP_Flow 19-530] File Group 'xilinx_testbench (Test Bench)': Component file 'sim_1/new/sim415.v' (d:/Vfile/mux415/mux415.srcs/sim_1/new/sim415.v) does not exist.
INFO: [IP_Flow 19-2181] Payment Required is not set for this core.
INFO: [IP_Flow 19-2187] The Product Guide file is missing.
INFO: [Ipptcl 7-1486] check_integrity: Integrity check passed.
ipx::save_core [ipx::current_core]
update_ip_catalog -rebuild -repo_path d:/Vfile/mux415/mux415.srcs
INFO: [IP_Flow 19-725] Reloaded user IP repository 'd:/Vfile/mux415/mux415.srcs'
set_property core_revision 4 [ipx::current_core]
ipx::create_xgui_files [ipx::current_core]
ipx::update_checksums [ipx::current_core]
ipx::check_integrity [ipx::current_core]
CRITICAL WARNING: [IP_Flow 19-530] File Group 'xilinx_testbench (Test Bench)': Component file 'sim_1/new/sim415.v' (d:/Vfile/mux415/mux415.srcs/sim_1/new/sim415.v) does not exist.
INFO: [IP_Flow 19-2181] Payment Required is not set for this core.
INFO: [IP_Flow 19-2187] The Product Guide file is missing.
INFO: [Ipptcl 7-1486] check_integrity: Integrity check passed.
ipx::save_core [ipx::current_core]
update_ip_catalog -rebuild -repo_path d:/Vfile/mux415/mux415.srcs
INFO: [IP_Flow 19-725] Reloaded user IP repository 'd:/Vfile/mux415/mux415.srcs'
ipx::package_project -root_dir d:/vfile/mux415/mux415.srcs -vendor xilinx.com -library user -taxonomy /UserIP -force
INFO: [IP_Flow 19-2181] Payment Required is not set for this core.
INFO: [IP_Flow 19-2187] The Product Guide file is missing.
current_project Lab0
update_ip_catalog -rebuild -scan_changes
INFO: [IP_Flow 19-234] Refreshing IP repositories
INFO: [IP_Flow 19-1700] Loaded user IP repository 'd:/Vfile'.
WARNING: [IP_Flow 19-3656] If you move the project, the path for repository 'd:/Vfile' may become invalid. A better location for the repository would be in a path adjacent to the project. (Current project location is 'd:/Vfile/Lab0'.)
report_ip_status -name ip_status
current_project mux415
current_project Lab0
update_ip_catalog -rebuild
INFO: [IP_Flow 19-234] Refreshing IP repositories
INFO: [IP_Flow 19-1700] Loaded user IP repository 'd:/Vfile'.
WARNING: [IP_Flow 19-3656] If you move the project, the path for repository 'd:/Vfile' may become invalid. A better location for the repository would be in a path adjacent to the project. (Current project location is 'd:/Vfile/Lab0'.)
upgrade_ip -vlnv xilinx.com:user:mux415:1.0 [get_ips  mux415_0] -log ip_upgrade.log
Upgrading 'mux415_0'
INFO: [IP_Flow 19-3422] Upgraded mux415_0 (mux415_v1_0 1.0) from revision 2 to revision 1
INFO: [IP_Flow 19-1686] Generating 'Instantiation Template' target for IP 'mux415_0'...
INFO: [Coretcl 2-1525] Wrote upgrade log to 'D:/Vfile/Lab0/ip_upgrade.log'.
export_ip_user_files -of_objects [get_ips mux415_0] -no_script -sync -force -quiet
set_property generate_synth_checkpoint true [get_files  D:/Vfile/Lab0/Lab0.srcs/sources_1/ip/mux415_0/mux415_0.xci]
generate_target all [get_files  D:/Vfile/Lab0/Lab0.srcs/sources_1/ip/mux415_0/mux415_0.xci]
INFO: [IP_Flow 19-1686] Generating 'Instantiation Template' target for IP 'mux415_0'...
INFO: [IP_Flow 19-1686] Generating 'Synthesis' target for IP 'mux415_0'...
INFO: [IP_Flow 19-1686] Generating 'Simulation' target for IP 'mux415_0'...
catch { config_ip_cache -export [get_ips -all mux415_0] }
export_ip_user_files -of_objects [get_files D:/Vfile/Lab0/Lab0.srcs/sources_1/ip/mux415_0/mux415_0.xci] -no_script -sync -force -quiet
create_ip_run [get_files -of_objects [get_fileset sources_1] D:/Vfile/Lab0/Lab0.srcs/sources_1/ip/mux415_0/mux415_0.xci]
launch_runs mux415_0_synth_1 -jobs 4
[Tue Mar 15 11:34:59 2022] Launched mux415_0_synth_1...
Run output will be captured here: D:/Vfile/Lab0/Lab0.runs/mux415_0_synth_1/runme.log
export_simulation -of_objects [get_files D:/Vfile/Lab0/Lab0.srcs/sources_1/ip/mux415_0/mux415_0.xci] -directory D:/Vfile/Lab0/Lab0.ip_user_files/sim_scripts -ip_user_files_dir D:/Vfile/Lab0/Lab0.ip_user_files -ipstatic_source_dir D:/Vfile/Lab0/Lab0.ip_user_files/ipstatic -lib_map_path [list {modelsim=D:/Vfile/Lab0/Lab0.cache/compile_simlib/modelsim} {questa=D:/Vfile/Lab0/Lab0.cache/compile_simlib/questa} {riviera=D:/Vfile/Lab0/Lab0.cache/compile_simlib/riviera} {activehdl=D:/Vfile/Lab0/Lab0.cache/compile_simlib/activehdl}] -use_ip_compiled_libs -force -quiet
current_project mux415
close_project
exit
INFO: [Common 17-206] Exiting Vivado at Tue Mar 15 11:36:04 2022...
