#-----------------------------------------------------------
# Vivado v2020.2 (64-bit)
# SW Build 3064766 on Wed Nov 18 09:12:45 MST 2020
# IP Build 3064653 on Wed Nov 18 14:17:31 MST 2020
# Start of session at: Tue Mar 15 11:13:35 2022
# Process ID: 36288
# Current directory: D:/Vfile/Lab0
# Command line: vivado.exe -gui_launcher_event rodinguilauncherevent22600 D:\Vfile\Lab0\Lab0.xpr
# Log file: D:/Vfile/Lab0/vivado.log
# Journal file: D:/Vfile/Lab0\vivado.jou
#-----------------------------------------------------------
start_gui
open_project D:/Vfile/Lab0/Lab0.xpr
Scanning sources...
Finished scanning sources
INFO: [IP_Flow 19-234] Refreshing IP repositories
INFO: [IP_Flow 19-1700] Loaded user IP repository 'd:/Vfile'.
WARNING: [IP_Flow 19-3656] If you move the project, the path for repository 'd:/Vfile' may become invalid. A better location for the repository would be in a path adjacent to the project. (Current project location is 'd:/Vfile/Lab0'.)
INFO: [IP_Flow 19-2313] Loaded Vivado IP repository 'D:/vivado/Vivado/2020.2/data/ip'.
open_project: Time (s): cpu = 00:00:13 ; elapsed = 00:00:05 . Memory (MB): peak = 1110.621 ; gain = 0.000
update_compile_order -fileset sources_1
export_ip_user_files -of_objects  [get_files D:/Vfile/Lab0/Lab0.srcs/sources_1/ip/mux818_0/mux818_0.xci] -no_script -reset -force -quiet
remove_files  D:/Vfile/Lab0/Lab0.srcs/sources_1/ip/mux818_0/mux818_0.xci
file delete -force D:/Vfile/Lab0/Lab0.srcs/sources_1/ip/mux818_0
file delete -force d:/Vfile/Lab0/Lab0.gen/sources_1/ip/mux818_0
create_ip -name mux818 -vendor xilinx.com -library user -version 1.0 -module_name mux818_0
generate_target {instantiation_template} [get_files d:/Vfile/Lab0/Lab0.srcs/sources_1/ip/mux818_0/mux818_0.xci]
INFO: [IP_Flow 19-1686] Generating 'Instantiation Template' target for IP 'mux818_0'...
update_compile_order -fileset sources_1
generate_target all [get_files  d:/Vfile/Lab0/Lab0.srcs/sources_1/ip/mux818_0/mux818_0.xci]
INFO: [IP_Flow 19-1686] Generating 'Synthesis' target for IP 'mux818_0'...
INFO: [IP_Flow 19-1686] Generating 'Simulation' target for IP 'mux818_0'...
catch { config_ip_cache -export [get_ips -all mux818_0] }
export_ip_user_files -of_objects [get_files d:/Vfile/Lab0/Lab0.srcs/sources_1/ip/mux818_0/mux818_0.xci] -no_script -sync -force -quiet
create_ip_run [get_files -of_objects [get_fileset sources_1] d:/Vfile/Lab0/Lab0.srcs/sources_1/ip/mux818_0/mux818_0.xci]
launch_runs mux818_0_synth_1 -jobs 4
[Tue Mar 15 11:16:00 2022] Launched mux818_0_synth_1...
Run output will be captured here: D:/Vfile/Lab0/Lab0.runs/mux818_0_synth_1/runme.log
export_simulation -of_objects [get_files d:/Vfile/Lab0/Lab0.srcs/sources_1/ip/mux818_0/mux818_0.xci] -directory D:/Vfile/Lab0/Lab0.ip_user_files/sim_scripts -ip_user_files_dir D:/Vfile/Lab0/Lab0.ip_user_files -ipstatic_source_dir D:/Vfile/Lab0/Lab0.ip_user_files/ipstatic -lib_map_path [list {modelsim=D:/Vfile/Lab0/Lab0.cache/compile_simlib/modelsim} {questa=D:/Vfile/Lab0/Lab0.cache/compile_simlib/questa} {riviera=D:/Vfile/Lab0/Lab0.cache/compile_simlib/riviera} {activehdl=D:/Vfile/Lab0/Lab0.cache/compile_simlib/activehdl}] -use_ip_compiled_libs -force -quiet
reset_run synth_1
WARNING: [Vivado 12-1017] Problems encountered:
1. Failed to delete one or more files in run directory D:/Vfile/Lab0/Lab0.runs/synth_1

launch_runs impl_1 -to_step write_bitstream -jobs 4
[Tue Mar 15 11:16:27 2022] Launched mux818_0_synth_1, synth_1...
Run output will be captured here:
mux818_0_synth_1: D:/Vfile/Lab0/Lab0.runs/mux818_0_synth_1/runme.log
synth_1: D:/Vfile/Lab0/Lab0.runs/synth_1/runme.log
[Tue Mar 15 11:16:27 2022] Launched impl_1...
Run output will be captured here: D:/Vfile/Lab0/Lab0.runs/impl_1/runme.log
exit
INFO: [Common 17-206] Exiting Vivado at Tue Mar 15 11:30:15 2022...
