#-----------------------------------------------------------
# Vivado v2017.4 (64-bit)
# SW Build 2086221 on Fri Dec 15 20:55:39 MST 2017
# IP Build 2085800 on Fri Dec 15 22:25:07 MST 2017
# Start of session at: Tue May  3 23:46:13 2022
# Process ID: 47368
# Current directory: D:/EDAFile_vivado/LAB4/SingleCycleCPU
# Command line: vivado.exe -gui_launcher_event rodinguilauncherevent42476 D:\EDAFile_vivado\LAB4\SingleCycleCPU\SingleCycleCPU.xpr
# Log file: D:/EDAFile_vivado/LAB4/SingleCycleCPU/vivado.log
# Journal file: D:/EDAFile_vivado/LAB4/SingleCycleCPU\vivado.jou
#-----------------------------------------------------------
start_gui
open_project D:/EDAFile_vivado/LAB4/SingleCycleCPU/SingleCycleCPU.xpr
Scanning sources...
Finished scanning sources
INFO: [IP_Flow 19-234] Refreshing IP repositories
INFO: [IP_Flow 19-1704] No user IP repositories specified
INFO: [IP_Flow 19-2313] Loaded Vivado IP repository 'D:/vivado/install/Vivado/2017.4/data/ip'.
open_project: Time (s): cpu = 00:00:10 ; elapsed = 00:00:06 . Memory (MB): peak = 811.898 ; gain = 95.664
update_compile_order -fileset sources_1
reset_run synth_1
launch_runs impl_1 -to_step write_bitstream -jobs 4
[Tue May  3 23:46:44 2022] Launched synth_1...
Run output will be captured here: D:/EDAFile_vivado/LAB4/SingleCycleCPU/SingleCycleCPU.runs/synth_1/runme.log
[Tue May  3 23:46:44 2022] Launched impl_1...
Run output will be captured here: D:/EDAFile_vivado/LAB4/SingleCycleCPU/SingleCycleCPU.runs/impl_1/runme.log
open_run impl_1
INFO: [Netlist 29-17] Analyzing 2236 Unisim elements for replacement
INFO: [Netlist 29-28] Unisim Transformation completed in 1 CPU seconds
INFO: [Project 1-479] Netlist was created with Vivado 2017.4
INFO: [Device 21-403] Loading part xc7k160tffg676-2L
INFO: [Project 1-570] Preparing netlist for logic optimization
Parsing XDC File [D:/EDAFile_vivado/LAB4/SingleCycleCPU/.Xil/Vivado-47368-LAPTOP-G8SE1MMQ/dcp0/Top.xdc]
Finished Parsing XDC File [D:/EDAFile_vivado/LAB4/SingleCycleCPU/.Xil/Vivado-47368-LAPTOP-G8SE1MMQ/dcp0/Top.xdc]
Reading XDEF placement.
Reading placer database...
Reading XDEF routing.
Read XDEF File: Time (s): cpu = 00:00:01 ; elapsed = 00:00:01 . Memory (MB): peak = 1209.504 ; gain = 21.398
Restored from archive | CPU: 2.000000 secs | Memory: 0.000000 MB |
Finished XDEF File Restore: Time (s): cpu = 00:00:01 ; elapsed = 00:00:01 . Memory (MB): peak = 1209.504 ; gain = 21.398
INFO: [Project 1-111] Unisim Transformation Summary:
  A total of 1312 instances were transformed.
  RAM128X1S => RAM128X1S (inverted pins: WCLK) (MUXF7, RAMS64E, RAMS64E): 32 instances
  RAM256X1S => RAM256X1S (inverted pins: WCLK) (MUXF7, MUXF7, MUXF8, RAMS64E, RAMS64E, RAMS64E, RAMS64E): 992 instances
  RAM32X1S => RAM32X1S (inverted pins: WCLK) (RAMS32): 32 instances
  RAM64M => RAM64M (RAMD64E, RAMD64E, RAMD64E, RAMD64E): 128 instances
  RAM64X1D => RAM64X1D (RAMD64E, RAMD64E): 128 instances

open_run: Time (s): cpu = 00:00:20 ; elapsed = 00:00:13 . Memory (MB): peak = 1350.520 ; gain = 513.691
exit
