#-----------------------------------------------------------
# Vivado v2017.4 (64-bit)
# SW Build 2086221 on Fri Dec 15 20:55:39 MST 2017
# IP Build 2085800 on Fri Dec 15 22:25:07 MST 2017
# Start of session at: Tue May  3 10:15:53 2022
# Process ID: 42828
# Current directory: D:/EDAFile_vivado/LAB4/SingleCycleCPU
# Command line: vivado.exe -gui_launcher_event rodinguilauncherevent39800 D:\EDAFile_vivado\LAB4\SingleCycleCPU\SingleCycleCPU.xpr
# Log file: D:/EDAFile_vivado/LAB4/SingleCycleCPU/vivado.log
# Journal file: D:/EDAFile_vivado/LAB4/SingleCycleCPU\vivado.jou
#-----------------------------------------------------------
start_gui
open_project D:/EDAFile_vivado/LAB4/SingleCycleCPU/SingleCycleCPU.xpr
Scanning sources...
Finished scanning sources
INFO: [IP_Flow 19-234] Refreshing IP repositories
INFO: [IP_Flow 19-1704] No user IP repositories specified
INFO: [IP_Flow 19-2313] Loaded Vivado IP repository 'D:/vivado/install/Vivado/2017.4/data/ip'.
update_compile_order -fileset sources_1
import_files -norecurse {D:/EDAFile_vivado/LAB4/Materials/Mem/imem_data2.mem D:/EDAFile_vivado/LAB4/Materials/Mem/dmem_data2.mem D:/EDAFile_vivado/LAB4/Materials/Mem/test_scpu2.s}
update_compile_order -fileset sources_1
update_compile_order -fileset sources_1
import_files -norecurse D:/EDAFile_vivado/LAB4/Materials/Csr.v
update_compile_order -fileset sources_1
update_compile_order -fileset sources_1
update_compile_order -fileset sources_1
update_compile_order -fileset sources_1
reset_run synth_1
launch_runs impl_1 -to_step write_bitstream -jobs 4
[Tue May  3 17:44:13 2022] Launched synth_1...
Run output will be captured here: D:/EDAFile_vivado/LAB4/SingleCycleCPU/SingleCycleCPU.runs/synth_1/runme.log
[Tue May  3 17:44:13 2022] Launched impl_1...
Run output will be captured here: D:/EDAFile_vivado/LAB4/SingleCycleCPU/SingleCycleCPU.runs/impl_1/runme.log
reset_run synth_1
launch_runs impl_1 -to_step write_bitstream -jobs 4
[Tue May  3 17:51:46 2022] Launched synth_1...
Run output will be captured here: D:/EDAFile_vivado/LAB4/SingleCycleCPU/SingleCycleCPU.runs/synth_1/runme.log
[Tue May  3 17:51:46 2022] Launched impl_1...
Run output will be captured here: D:/EDAFile_vivado/LAB4/SingleCycleCPU/SingleCycleCPU.runs/impl_1/runme.log
open_hw
connect_hw_server
INFO: [Labtools 27-2285] Connecting to hw_server url TCP:localhost:3121
INFO: [Labtools 27-2222] Launching hw_server...
INFO: [Labtools 27-2221] Launch Output:

****** Xilinx hw_server v2017.4
  **** Build date : Dec 15 2017-21:08:27
    ** Copyright 1986-2017 Xilinx, Inc. All Rights Reserved.


open_hw_target
INFO: [Labtoolstcl 44-466] Opening hw_target localhost:3121/xilinx_tcf/Digilent/201706300081
set_property PROGRAM.FILE {D:/EDAFile_vivado/LAB4/SingleCycleCPU/SingleCycleCPU.runs/impl_1/Top.bit} [get_hw_devices xc7k160t_0]
current_hw_device [get_hw_devices xc7k160t_0]
refresh_hw_device -update_hw_probes false [lindex [get_hw_devices xc7k160t_0] 0]
INFO: [Labtools 27-1434] Device xc7k160t (JTAG device index = 0) is programmed with a design that has no supported debug core(s) in it.
WARNING: [Labtools 27-3361] The debug hub core was not detected.
Resolution: 
1. Make sure the clock connected to the debug hub (dbg_hub) core is a free running clock and is active.
2. Make sure the BSCAN_SWITCH_USER_MASK device property in Vivado Hardware Manager reflects the user scan chain setting in the design and refresh the device.  To determine the user scan chain setting in the design, open the implemented design and use 'get_property C_USER_SCAN_CHAIN [get_debug_cores dbg_hub]'.
For more details on setting the scan chain property, consult the Vivado Debug and Programming User Guide (UG908).
set_property PROBES.FILE {} [get_hw_devices xc7k160t_0]
set_property FULL_PROBES.FILE {} [get_hw_devices xc7k160t_0]
set_property PROGRAM.FILE {D:/EDAFile_vivado/LAB4/SingleCycleCPU/SingleCycleCPU.runs/impl_1/Top.bit} [get_hw_devices xc7k160t_0]
program_hw_devices [get_hw_devices xc7k160t_0]
INFO: [Labtools 27-3164] End of startup status: HIGH
program_hw_devices: Time (s): cpu = 00:00:06 ; elapsed = 00:00:06 . Memory (MB): peak = 1441.152 ; gain = 0.000
refresh_hw_device [lindex [get_hw_devices xc7k160t_0] 0]
INFO: [Labtools 27-1434] Device xc7k160t (JTAG device index = 0) is programmed with a design that has no supported debug core(s) in it.
WARNING: [Labtools 27-3361] The debug hub core was not detected.
Resolution: 
1. Make sure the clock connected to the debug hub (dbg_hub) core is a free running clock and is active.
2. Make sure the BSCAN_SWITCH_USER_MASK device property in Vivado Hardware Manager reflects the user scan chain setting in the design and refresh the device.  To determine the user scan chain setting in the design, open the implemented design and use 'get_property C_USER_SCAN_CHAIN [get_debug_cores dbg_hub]'.
For more details on setting the scan chain property, consult the Vivado Debug and Programming User Guide (UG908).
ERROR: [Labtoolstcl 44-513] HW Target shutdown. Closing target: localhost:3121/xilinx_tcf/Digilent/201706300081
update_compile_order -fileset sources_1
update_compile_order -fileset sources_1
update_compile_order -fileset sources_1
update_compile_order -fileset sources_1
exit
INFO: [Common 17-206] Exiting Vivado at Tue May  3 20:03:50 2022...
