#-----------------------------------------------------------
# Vivado v2020.2 (64-bit)
# SW Build 3064766 on Wed Nov 18 09:12:45 MST 2020
# IP Build 3064653 on Wed Nov 18 14:17:31 MST 2020
# Start of session at: Mon Jun 13 21:19:44 2022
# Process ID: 22692
# Current directory: D:/Vteacher/Lab5_4
# Command line: vivado.exe -gui_launcher_event rodinguilauncherevent10820 D:\Vteacher\Lab5_4\Lab5_23.xpr
# Log file: D:/Vteacher/Lab5_4/vivado.log
# Journal file: D:/Vteacher/Lab5_4\vivado.jou
#-----------------------------------------------------------
start_gui
open_project D:/Vteacher/Lab5_4/Lab5_23.xpr
INFO: [Project 1-313] Project file moved from 'D:/Vteacher/Lab5_23T' since last save.
Scanning sources...
Finished scanning sources
INFO: [IP_Flow 19-234] Refreshing IP repositories
INFO: [IP_Flow 19-1700] Loaded user IP repository 'd:/Vteacher/IP'.
INFO: [IP_Flow 19-1700] Loaded user IP repository 'd:/Vteacher/VGA5'.
INFO: [IP_Flow 19-2313] Loaded Vivado IP repository 'D:/vivado/Vivado/2020.2/data/ip'.
WARNING: [IP_Flow 19-1663] Duplicate IP found for 'xilinx.com:user:VGA:1.0'. The one found in IP location 'd:/Vteacher/VGA5/VGA/VGA.srcs/sources_1/imports/Framework' will take precedence over the same IP in location d:/Vteacher/IP/Supplementary/VGA/VGA/VGA.srcs/sources_1/new
open_project: Time (s): cpu = 00:00:16 ; elapsed = 00:00:07 . Memory (MB): peak = 1109.820 ; gain = 0.000
update_compile_order -fileset sources_1
close [ open D:/Vteacher/Lab5_4/Lab5_23.srcs/sources_1/new/Forwarding.v w ]
add_files D:/Vteacher/Lab5_4/Lab5_23.srcs/sources_1/new/Forwarding.v
update_compile_order -fileset sources_1
close [ open D:/Vteacher/Lab5_4/Lab5_23.srcs/sources_1/new/CPU_stall.v w ]
add_files D:/Vteacher/Lab5_4/Lab5_23.srcs/sources_1/new/CPU_stall.v
update_compile_order -fileset sources_1
update_compile_order -fileset sources_1
update_compile_order -fileset sources_1
update_compile_order -fileset sources_1
update_compile_order -fileset sources_1
update_compile_order -fileset sources_1
update_compile_order -fileset sources_1
reset_run impl_1 -prev_step 
launch_runs impl_1 -to_step write_bitstream -jobs 4
WARNING: [Vivado 12-872] Run step 'Design Initialization' is out-of-date.
[Tue Jun 14 09:51:24 2022] Launched impl_1...
Run output will be captured here: D:/Vteacher/Lab5_4/Lab5_23.runs/impl_1/runme.log
update_compile_order -fileset sources_1
update_compile_order -fileset sources_1
reset_run synth_1
launch_runs impl_1 -to_step write_bitstream -jobs 4
[Tue Jun 14 13:46:21 2022] Launched synth_1...
Run output will be captured here: D:/Vteacher/Lab5_4/Lab5_23.runs/synth_1/runme.log
[Tue Jun 14 13:46:21 2022] Launched impl_1...
Run output will be captured here: D:/Vteacher/Lab5_4/Lab5_23.runs/impl_1/runme.log
reset_run synth_1
WARNING: [Vivado 12-1017] Problems encountered:
1. PID not specified

WARNING: [IP_Flow 19-4067] Ignoring invalid widget type specified checkbox.Providing a default widget
WARNING: [IP_Flow 19-4067] Ignoring invalid widget type specified checkbox.Providing a default widget
set_property -dict [list CONFIG.coefficient_file {D:/Vteacher/Lab5_4/I_mem.coe}] [get_ips rom_d]
INFO: [IP_Flow 19-3484] Absolute path of file 'd:/Vteacher/Lab5_4/I_mem.coe' provided. It will be converted relative to IP Instance files '../../../../I_mem.coe'
generate_target all [get_files  D:/Vteacher/Lab5_4/Lab5_23.srcs/sources_1/ip/rom_d/rom_d.xci]
INFO: [IP_Flow 19-1686] Generating 'Instantiation Template' target for IP 'rom_d'...
INFO: [IP_Flow 19-1686] Generating 'Synthesis' target for IP 'rom_d'...
INFO: [IP_Flow 19-1686] Generating 'Simulation' target for IP 'rom_d'...
INFO: [IP_Flow 19-1686] Generating 'Change Log' target for IP 'rom_d'...
catch { config_ip_cache -export [get_ips -all rom_d] }
export_ip_user_files -of_objects [get_files D:/Vteacher/Lab5_4/Lab5_23.srcs/sources_1/ip/rom_d/rom_d.xci] -no_script -sync -force -quiet
reset_run rom_d_synth_1
launch_runs rom_d_synth_1 -jobs 4
[Tue Jun 14 13:47:59 2022] Launched rom_d_synth_1...
Run output will be captured here: D:/Vteacher/Lab5_4/Lab5_23.runs/rom_d_synth_1/runme.log
export_simulation -of_objects [get_files D:/Vteacher/Lab5_4/Lab5_23.srcs/sources_1/ip/rom_d/rom_d.xci] -directory D:/Vteacher/Lab5_4/Lab5_23.ip_user_files/sim_scripts -ip_user_files_dir D:/Vteacher/Lab5_4/Lab5_23.ip_user_files -ipstatic_source_dir D:/Vteacher/Lab5_4/Lab5_23.ip_user_files/ipstatic -lib_map_path [list {modelsim=D:/Vteacher/Lab5_4/Lab5_23.cache/compile_simlib/modelsim} {questa=D:/Vteacher/Lab5_4/Lab5_23.cache/compile_simlib/questa} {riviera=D:/Vteacher/Lab5_4/Lab5_23.cache/compile_simlib/riviera} {activehdl=D:/Vteacher/Lab5_4/Lab5_23.cache/compile_simlib/activehdl}] -use_ip_compiled_libs -force -quiet
launch_runs impl_1 -to_step write_bitstream -jobs 4
[Tue Jun 14 13:48:48 2022] Launched synth_1...
Run output will be captured here: D:/Vteacher/Lab5_4/Lab5_23.runs/synth_1/runme.log
[Tue Jun 14 13:48:49 2022] Launched impl_1...
Run output will be captured here: D:/Vteacher/Lab5_4/Lab5_23.runs/impl_1/runme.log
reset_run synth_1
launch_runs impl_1 -to_step write_bitstream -jobs 4
[Tue Jun 14 13:55:16 2022] Launched synth_1...
Run output will be captured here: D:/Vteacher/Lab5_4/Lab5_23.runs/synth_1/runme.log
[Tue Jun 14 13:55:16 2022] Launched impl_1...
Run output will be captured here: D:/Vteacher/Lab5_4/Lab5_23.runs/impl_1/runme.log
open_hw_manager
connect_hw_server -allow_non_jtag
INFO: [Labtools 27-2285] Connecting to hw_server url TCP:localhost:3121
INFO: [Labtools 27-3415] Connecting to cs_server url TCP:localhost:3042
INFO: [Labtools 27-3414] Connected to existing cs_server.
open_hw_target
INFO: [Labtoolstcl 44-466] Opening hw_target localhost:3121/xilinx_tcf/Xilinx/00000000000000
set_property PROGRAM.FILE {D:/Vteacher/Lab5_4/Lab5_23.runs/impl_1/Top.bit} [get_hw_devices xc7k160t_0]
current_hw_device [get_hw_devices xc7k160t_0]
refresh_hw_device -update_hw_probes false [lindex [get_hw_devices xc7k160t_0] 0]
INFO: [Labtools 27-1434] Device xc7k160t (JTAG device index = 0) is programmed with a design that has no supported debug core(s) in it.
set_property PROBES.FILE {} [get_hw_devices xc7k160t_0]
set_property FULL_PROBES.FILE {} [get_hw_devices xc7k160t_0]
set_property PROGRAM.FILE {D:/Vteacher/Lab5_4/Lab5_23.runs/impl_1/Top.bit} [get_hw_devices xc7k160t_0]
program_hw_devices [get_hw_devices xc7k160t_0]
INFO: [Labtools 27-3164] End of startup status: HIGH
program_hw_devices: Time (s): cpu = 00:00:14 ; elapsed = 00:00:14 . Memory (MB): peak = 2768.215 ; gain = 0.000
refresh_hw_device [lindex [get_hw_devices xc7k160t_0] 0]
INFO: [Labtools 27-1434] Device xc7k160t (JTAG device index = 0) is programmed with a design that has no supported debug core(s) in it.
reset_run synth_1
launch_runs impl_1 -to_step write_bitstream -jobs 4
[Tue Jun 14 14:11:08 2022] Launched synth_1...
Run output will be captured here: D:/Vteacher/Lab5_4/Lab5_23.runs/synth_1/runme.log
[Tue Jun 14 14:11:09 2022] Launched impl_1...
Run output will be captured here: D:/Vteacher/Lab5_4/Lab5_23.runs/impl_1/runme.log
set_property PROBES.FILE {} [get_hw_devices xc7k160t_0]
set_property FULL_PROBES.FILE {} [get_hw_devices xc7k160t_0]
set_property PROGRAM.FILE {D:/Vteacher/Lab5_4/Lab5_23.runs/impl_1/Top.bit} [get_hw_devices xc7k160t_0]
program_hw_devices [get_hw_devices xc7k160t_0]
INFO: [Labtools 27-3164] End of startup status: HIGH
program_hw_devices: Time (s): cpu = 00:00:15 ; elapsed = 00:00:14 . Memory (MB): peak = 2816.246 ; gain = 0.000
refresh_hw_device [lindex [get_hw_devices xc7k160t_0] 0]
INFO: [Labtools 27-1434] Device xc7k160t (JTAG device index = 0) is programmed with a design that has no supported debug core(s) in it.
reset_run synth_1
launch_runs impl_1 -to_step write_bitstream -jobs 4
[Tue Jun 14 14:17:16 2022] Launched synth_1...
Run output will be captured here: D:/Vteacher/Lab5_4/Lab5_23.runs/synth_1/runme.log
[Tue Jun 14 14:17:16 2022] Launched impl_1...
Run output will be captured here: D:/Vteacher/Lab5_4/Lab5_23.runs/impl_1/runme.log
set_property PROBES.FILE {} [get_hw_devices xc7k160t_0]
set_property FULL_PROBES.FILE {} [get_hw_devices xc7k160t_0]
set_property PROGRAM.FILE {D:/Vteacher/Lab5_4/Lab5_23.runs/impl_1/Top.bit} [get_hw_devices xc7k160t_0]
program_hw_devices [get_hw_devices xc7k160t_0]
INFO: [Labtools 27-3164] End of startup status: HIGH
program_hw_devices: Time (s): cpu = 00:00:15 ; elapsed = 00:00:15 . Memory (MB): peak = 2816.246 ; gain = 0.000
refresh_hw_device [lindex [get_hw_devices xc7k160t_0] 0]
INFO: [Labtools 27-1434] Device xc7k160t (JTAG device index = 0) is programmed with a design that has no supported debug core(s) in it.
reset_run synth_1
launch_runs impl_1 -to_step write_bitstream -jobs 4
[Tue Jun 14 14:23:31 2022] Launched synth_1...
Run output will be captured here: D:/Vteacher/Lab5_4/Lab5_23.runs/synth_1/runme.log
[Tue Jun 14 14:23:31 2022] Launched impl_1...
Run output will be captured here: D:/Vteacher/Lab5_4/Lab5_23.runs/impl_1/runme.log
set_property PROBES.FILE {} [get_hw_devices xc7k160t_0]
set_property FULL_PROBES.FILE {} [get_hw_devices xc7k160t_0]
set_property PROGRAM.FILE {D:/Vteacher/Lab5_4/Lab5_23.runs/impl_1/Top.bit} [get_hw_devices xc7k160t_0]
program_hw_devices [get_hw_devices xc7k160t_0]
INFO: [Labtools 27-3164] End of startup status: HIGH
program_hw_devices: Time (s): cpu = 00:00:14 ; elapsed = 00:00:14 . Memory (MB): peak = 2816.246 ; gain = 0.000
refresh_hw_device [lindex [get_hw_devices xc7k160t_0] 0]
INFO: [Labtools 27-1434] Device xc7k160t (JTAG device index = 0) is programmed with a design that has no supported debug core(s) in it.
close_hw_manager
reset_run synth_1
launch_runs impl_1 -to_step write_bitstream -jobs 4
[Tue Jun 14 14:44:38 2022] Launched synth_1...
Run output will be captured here: D:/Vteacher/Lab5_4/Lab5_23.runs/synth_1/runme.log
[Tue Jun 14 14:44:38 2022] Launched impl_1...
Run output will be captured here: D:/Vteacher/Lab5_4/Lab5_23.runs/impl_1/runme.log
open_hw_manager
connect_hw_server -allow_non_jtag
INFO: [Labtools 27-2285] Connecting to hw_server url TCP:localhost:3121
INFO: [Labtools 27-3415] Connecting to cs_server url TCP:localhost:3042
INFO: [Labtools 27-3414] Connected to existing cs_server.
open_hw_target
INFO: [Labtoolstcl 44-466] Opening hw_target localhost:3121/xilinx_tcf/Xilinx/00000000000000
set_property PROGRAM.FILE {D:/Vteacher/Lab5_4/Lab5_23.runs/impl_1/Top.bit} [get_hw_devices xc7k160t_0]
current_hw_device [get_hw_devices xc7k160t_0]
refresh_hw_device -update_hw_probes false [lindex [get_hw_devices xc7k160t_0] 0]
INFO: [Labtools 27-1434] Device xc7k160t (JTAG device index = 0) is programmed with a design that has no supported debug core(s) in it.
set_property PROBES.FILE {} [get_hw_devices xc7k160t_0]
set_property FULL_PROBES.FILE {} [get_hw_devices xc7k160t_0]
set_property PROGRAM.FILE {D:/Vteacher/Lab5_4/Lab5_23.runs/impl_1/Top.bit} [get_hw_devices xc7k160t_0]
program_hw_devices [get_hw_devices xc7k160t_0]
INFO: [Labtools 27-3164] End of startup status: HIGH
program_hw_devices: Time (s): cpu = 00:00:14 ; elapsed = 00:00:14 . Memory (MB): peak = 2817.164 ; gain = 0.000
refresh_hw_device [lindex [get_hw_devices xc7k160t_0] 0]
INFO: [Labtools 27-1434] Device xc7k160t (JTAG device index = 0) is programmed with a design that has no supported debug core(s) in it.
reset_run synth_1
launch_runs impl_1 -to_step write_bitstream -jobs 4
[Tue Jun 14 14:48:52 2022] Launched synth_1...
Run output will be captured here: D:/Vteacher/Lab5_4/Lab5_23.runs/synth_1/runme.log
[Tue Jun 14 14:48:52 2022] Launched impl_1...
Run output will be captured here: D:/Vteacher/Lab5_4/Lab5_23.runs/impl_1/runme.log
reset_run synth_1
launch_runs impl_1 -to_step write_bitstream -jobs 4
[Tue Jun 14 15:01:07 2022] Launched synth_1...
Run output will be captured here: D:/Vteacher/Lab5_4/Lab5_23.runs/synth_1/runme.log
[Tue Jun 14 15:01:07 2022] Launched impl_1...
Run output will be captured here: D:/Vteacher/Lab5_4/Lab5_23.runs/impl_1/runme.log
set_property PROBES.FILE {} [get_hw_devices xc7k160t_0]
set_property FULL_PROBES.FILE {} [get_hw_devices xc7k160t_0]
set_property PROGRAM.FILE {D:/Vteacher/Lab5_4/Lab5_23.runs/impl_1/Top.bit} [get_hw_devices xc7k160t_0]
program_hw_devices [get_hw_devices xc7k160t_0]
INFO: [Labtools 27-3164] End of startup status: HIGH
program_hw_devices: Time (s): cpu = 00:00:14 ; elapsed = 00:00:14 . Memory (MB): peak = 2817.164 ; gain = 0.000
refresh_hw_device [lindex [get_hw_devices xc7k160t_0] 0]
INFO: [Labtools 27-1434] Device xc7k160t (JTAG device index = 0) is programmed with a design that has no supported debug core(s) in it.
set_property PROBES.FILE {} [get_hw_devices xc7k160t_0]
set_property FULL_PROBES.FILE {} [get_hw_devices xc7k160t_0]
set_property PROGRAM.FILE {D:/Vteacher/Lab5_4/Lab5_23.runs/impl_1/Top.bit} [get_hw_devices xc7k160t_0]
program_hw_devices [get_hw_devices xc7k160t_0]
INFO: [Labtools 27-3164] End of startup status: HIGH
program_hw_devices: Time (s): cpu = 00:00:15 ; elapsed = 00:00:14 . Memory (MB): peak = 2817.164 ; gain = 0.000
refresh_hw_device [lindex [get_hw_devices xc7k160t_0] 0]
INFO: [Labtools 27-1434] Device xc7k160t (JTAG device index = 0) is programmed with a design that has no supported debug core(s) in it.
reset_run synth_1
launch_runs impl_1 -to_step write_bitstream -jobs 4
[Tue Jun 14 15:05:39 2022] Launched synth_1...
Run output will be captured here: D:/Vteacher/Lab5_4/Lab5_23.runs/synth_1/runme.log
[Tue Jun 14 15:05:39 2022] Launched impl_1...
Run output will be captured here: D:/Vteacher/Lab5_4/Lab5_23.runs/impl_1/runme.log
set_property PROBES.FILE {} [get_hw_devices xc7k160t_0]
set_property FULL_PROBES.FILE {} [get_hw_devices xc7k160t_0]
set_property PROGRAM.FILE {D:/Vteacher/Lab5_4/Lab5_23.runs/impl_1/Top.bit} [get_hw_devices xc7k160t_0]
program_hw_devices [get_hw_devices xc7k160t_0]
INFO: [Labtools 27-3164] End of startup status: HIGH
program_hw_devices: Time (s): cpu = 00:00:15 ; elapsed = 00:00:15 . Memory (MB): peak = 2817.164 ; gain = 0.000
refresh_hw_device [lindex [get_hw_devices xc7k160t_0] 0]
INFO: [Labtools 27-1434] Device xc7k160t (JTAG device index = 0) is programmed with a design that has no supported debug core(s) in it.
set_property PROBES.FILE {} [get_hw_devices xc7k160t_0]
set_property FULL_PROBES.FILE {} [get_hw_devices xc7k160t_0]
set_property PROGRAM.FILE {D:/Vteacher/Lab5_4/Lab5_23.runs/impl_1/Top.bit} [get_hw_devices xc7k160t_0]
program_hw_devices [get_hw_devices xc7k160t_0]
INFO: [Labtools 27-3164] End of startup status: HIGH
program_hw_devices: Time (s): cpu = 00:00:15 ; elapsed = 00:00:14 . Memory (MB): peak = 2839.539 ; gain = 0.000
refresh_hw_device [lindex [get_hw_devices xc7k160t_0] 0]
INFO: [Labtools 27-1434] Device xc7k160t (JTAG device index = 0) is programmed with a design that has no supported debug core(s) in it.
set_property PROBES.FILE {} [get_hw_devices xc7k160t_0]
set_property FULL_PROBES.FILE {} [get_hw_devices xc7k160t_0]
set_property PROGRAM.FILE {D:/Vteacher/Lab5_4/Lab5_23.runs/impl_1/Top.bit} [get_hw_devices xc7k160t_0]
program_hw_devices [get_hw_devices xc7k160t_0]
INFO: [Labtools 27-3164] End of startup status: HIGH
program_hw_devices: Time (s): cpu = 00:00:14 ; elapsed = 00:00:14 . Memory (MB): peak = 2839.539 ; gain = 0.000
refresh_hw_device [lindex [get_hw_devices xc7k160t_0] 0]
INFO: [Labtools 27-1434] Device xc7k160t (JTAG device index = 0) is programmed with a design that has no supported debug core(s) in it.
reset_run synth_1
launch_runs impl_1 -to_step write_bitstream -jobs 4
[Tue Jun 14 16:11:44 2022] Launched synth_1...
Run output will be captured here: D:/Vteacher/Lab5_4/Lab5_23.runs/synth_1/runme.log
[Tue Jun 14 16:11:44 2022] Launched impl_1...
Run output will be captured here: D:/Vteacher/Lab5_4/Lab5_23.runs/impl_1/runme.log
reset_run synth_1
WARNING: [Vivado 12-1017] Problems encountered:
1. PID not specified
2. Failed to delete one or more files in run directory D:/Vteacher/Lab5_4/Lab5_23.runs/synth_1

launch_runs impl_1 -to_step write_bitstream -jobs 4
[Tue Jun 14 16:12:40 2022] Launched synth_1...
Run output will be captured here: D:/Vteacher/Lab5_4/Lab5_23.runs/synth_1/runme.log
[Tue Jun 14 16:12:40 2022] Launched impl_1...
Run output will be captured here: D:/Vteacher/Lab5_4/Lab5_23.runs/impl_1/runme.log
set_property PROBES.FILE {} [get_hw_devices xc7k160t_0]
set_property FULL_PROBES.FILE {} [get_hw_devices xc7k160t_0]
set_property PROGRAM.FILE {D:/Vteacher/Lab5_4/Lab5_23.runs/impl_1/Top.bit} [get_hw_devices xc7k160t_0]
program_hw_devices [get_hw_devices xc7k160t_0]
INFO: [Labtools 27-3164] End of startup status: HIGH
program_hw_devices: Time (s): cpu = 00:00:14 ; elapsed = 00:00:14 . Memory (MB): peak = 2839.539 ; gain = 0.000
refresh_hw_device [lindex [get_hw_devices xc7k160t_0] 0]
INFO: [Labtools 27-1434] Device xc7k160t (JTAG device index = 0) is programmed with a design that has no supported debug core(s) in it.
reset_run synth_1
launch_runs impl_1 -to_step write_bitstream -jobs 4
[Tue Jun 14 16:33:03 2022] Launched synth_1...
Run output will be captured here: D:/Vteacher/Lab5_4/Lab5_23.runs/synth_1/runme.log
[Tue Jun 14 16:33:03 2022] Launched impl_1...
Run output will be captured here: D:/Vteacher/Lab5_4/Lab5_23.runs/impl_1/runme.log
set_property PROBES.FILE {} [get_hw_devices xc7k160t_0]
set_property FULL_PROBES.FILE {} [get_hw_devices xc7k160t_0]
set_property PROGRAM.FILE {D:/Vteacher/Lab5_4/Lab5_23.runs/impl_1/Top.bit} [get_hw_devices xc7k160t_0]
program_hw_devices [get_hw_devices xc7k160t_0]
INFO: [Labtools 27-3164] End of startup status: HIGH
program_hw_devices: Time (s): cpu = 00:00:14 ; elapsed = 00:00:14 . Memory (MB): peak = 2839.539 ; gain = 0.000
refresh_hw_device [lindex [get_hw_devices xc7k160t_0] 0]
INFO: [Labtools 27-1434] Device xc7k160t (JTAG device index = 0) is programmed with a design that has no supported debug core(s) in it.
close_hw_manager
WARNING: [IP_Flow 19-4067] Ignoring invalid widget type specified checkbox.Providing a default widget
WARNING: [IP_Flow 19-4067] Ignoring invalid widget type specified checkbox.Providing a default widget
open_hw_manager
connect_hw_server -allow_non_jtag
INFO: [Labtools 27-2285] Connecting to hw_server url TCP:localhost:3121
INFO: [Labtools 27-3415] Connecting to cs_server url TCP:localhost:3042
INFO: [Labtools 27-3414] Connected to existing cs_server.
open_hw_target
INFO: [Labtoolstcl 44-466] Opening hw_target localhost:3121/xilinx_tcf/Xilinx/00000000000000
set_property PROGRAM.FILE {D:/Vteacher/Lab5_4/Lab5_23.runs/impl_1/Top.bit} [get_hw_devices xc7k160t_0]
current_hw_device [get_hw_devices xc7k160t_0]
refresh_hw_device -update_hw_probes false [lindex [get_hw_devices xc7k160t_0] 0]
INFO: [Labtools 27-1434] Device xc7k160t (JTAG device index = 0) is programmed with a design that has no supported debug core(s) in it.
reset_run synth_1
launch_runs impl_1 -to_step write_bitstream -jobs 4
[Tue Jun 14 16:53:19 2022] Launched synth_1...
Run output will be captured here: D:/Vteacher/Lab5_4/Lab5_23.runs/synth_1/runme.log
[Tue Jun 14 16:53:19 2022] Launched impl_1...
Run output will be captured here: D:/Vteacher/Lab5_4/Lab5_23.runs/impl_1/runme.log
set_property PROBES.FILE {} [get_hw_devices xc7k160t_0]
set_property FULL_PROBES.FILE {} [get_hw_devices xc7k160t_0]
set_property PROGRAM.FILE {D:/Vteacher/Lab5_4/Lab5_23.runs/impl_1/Top.bit} [get_hw_devices xc7k160t_0]
program_hw_devices [get_hw_devices xc7k160t_0]
INFO: [Labtools 27-3164] End of startup status: HIGH
program_hw_devices: Time (s): cpu = 00:00:15 ; elapsed = 00:00:14 . Memory (MB): peak = 2839.539 ; gain = 0.000
refresh_hw_device [lindex [get_hw_devices xc7k160t_0] 0]
INFO: [Labtools 27-1434] Device xc7k160t (JTAG device index = 0) is programmed with a design that has no supported debug core(s) in it.
reset_run synth_1
launch_runs impl_1 -to_step write_bitstream -jobs 4
[Tue Jun 14 16:57:15 2022] Launched synth_1...
Run output will be captured here: D:/Vteacher/Lab5_4/Lab5_23.runs/synth_1/runme.log
[Tue Jun 14 16:57:15 2022] Launched impl_1...
Run output will be captured here: D:/Vteacher/Lab5_4/Lab5_23.runs/impl_1/runme.log
set_property PROBES.FILE {} [get_hw_devices xc7k160t_0]
set_property FULL_PROBES.FILE {} [get_hw_devices xc7k160t_0]
set_property PROGRAM.FILE {D:/Vteacher/Lab5_4/Lab5_23.runs/impl_1/Top.bit} [get_hw_devices xc7k160t_0]
program_hw_devices [get_hw_devices xc7k160t_0]
INFO: [Labtools 27-3164] End of startup status: HIGH
program_hw_devices: Time (s): cpu = 00:00:15 ; elapsed = 00:00:14 . Memory (MB): peak = 2839.539 ; gain = 0.000
refresh_hw_device [lindex [get_hw_devices xc7k160t_0] 0]
INFO: [Labtools 27-1434] Device xc7k160t (JTAG device index = 0) is programmed with a design that has no supported debug core(s) in it.
ERROR: [Labtoolstcl 44-513] HW Target shutdown. Closing target: localhost:3121/xilinx_tcf/Xilinx/00000000000000
disconnect_hw_server localhost:3121
connect_hw_server -allow_non_jtag
INFO: [Labtools 27-2285] Connecting to hw_server url TCP:localhost:3121
INFO: [Labtools 27-3415] Connecting to cs_server url TCP:localhost:3042
INFO: [Labtools 27-3414] Connected to existing cs_server.
connect_hw_server: Time (s): cpu = 00:00:01 ; elapsed = 00:00:06 . Memory (MB): peak = 2839.539 ; gain = 0.000
open_hw_target
INFO: [Labtoolstcl 44-466] Opening hw_target localhost:3121/xilinx_tcf/Xilinx/00000000000000
set_property PROGRAM.FILE {D:/Vteacher/Lab5_4/Lab5_23.runs/impl_1/Top.bit} [get_hw_devices xc7k160t_0]
current_hw_device [get_hw_devices xc7k160t_0]
refresh_hw_device -update_hw_probes false [lindex [get_hw_devices xc7k160t_0] 0]
INFO: [Labtools 27-1434] Device xc7k160t (JTAG device index = 0) is programmed with a design that has no supported debug core(s) in it.
set_property PROBES.FILE {} [get_hw_devices xc7k160t_0]
set_property FULL_PROBES.FILE {} [get_hw_devices xc7k160t_0]
set_property PROGRAM.FILE {D:/Vteacher/Lab5_4/Lab5_23.runs/impl_1/Top.bit} [get_hw_devices xc7k160t_0]
program_hw_devices [get_hw_devices xc7k160t_0]
INFO: [Labtools 27-3164] End of startup status: HIGH
program_hw_devices: Time (s): cpu = 00:00:15 ; elapsed = 00:00:15 . Memory (MB): peak = 2839.539 ; gain = 0.000
refresh_hw_device [lindex [get_hw_devices xc7k160t_0] 0]
INFO: [Labtools 27-1434] Device xc7k160t (JTAG device index = 0) is programmed with a design that has no supported debug core(s) in it.
ERROR: [Labtoolstcl 44-513] HW Target shutdown. Closing target: localhost:3121/xilinx_tcf/Xilinx/00000000000000
disconnect_hw_server localhost:3121
connect_hw_server -allow_non_jtag
INFO: [Labtools 27-2285] Connecting to hw_server url TCP:localhost:3121
INFO: [Labtools 27-3415] Connecting to cs_server url TCP:localhost:3042
INFO: [Labtools 27-3414] Connected to existing cs_server.
open_hw_target
INFO: [Labtoolstcl 44-466] Opening hw_target localhost:3121/xilinx_tcf/Digilent/201706300081
set_property PROGRAM.FILE {D:/Vteacher/Lab5_4/Lab5_23.runs/impl_1/Top.bit} [get_hw_devices xc7k160t_0]
current_hw_device [get_hw_devices xc7k160t_0]
refresh_hw_device -update_hw_probes false [lindex [get_hw_devices xc7k160t_0] 0]
INFO: [Labtools 27-1434] Device xc7k160t (JTAG device index = 0) is programmed with a design that has no supported debug core(s) in it.
set_property PROBES.FILE {} [get_hw_devices xc7k160t_0]
set_property FULL_PROBES.FILE {} [get_hw_devices xc7k160t_0]
set_property PROGRAM.FILE {D:/Vteacher/Lab5_4/Lab5_23.runs/impl_1/Top.bit} [get_hw_devices xc7k160t_0]
program_hw_devices [get_hw_devices xc7k160t_0]
INFO: [Labtools 27-3164] End of startup status: HIGH
program_hw_devices: Time (s): cpu = 00:00:05 ; elapsed = 00:00:06 . Memory (MB): peak = 2839.539 ; gain = 0.000
refresh_hw_device [lindex [get_hw_devices xc7k160t_0] 0]
INFO: [Labtools 27-1434] Device xc7k160t (JTAG device index = 0) is programmed with a design that has no supported debug core(s) in it.
ERROR: [Labtoolstcl 44-513] HW Target shutdown. Closing target: localhost:3121/xilinx_tcf/Digilent/201706300081
disconnect_hw_server localhost:3121
connect_hw_server -allow_non_jtag
INFO: [Labtools 27-2285] Connecting to hw_server url TCP:localhost:3121
INFO: [Labtools 27-3415] Connecting to cs_server url TCP:localhost:3042
INFO: [Labtools 27-3414] Connected to existing cs_server.
connect_hw_server: Time (s): cpu = 00:00:01 ; elapsed = 00:00:10 . Memory (MB): peak = 2839.539 ; gain = 0.000
open_hw_target
INFO: [Labtoolstcl 44-466] Opening hw_target localhost:3121/xilinx_tcf/Xilinx/00000000000000
set_property PROGRAM.FILE {D:/Vteacher/Lab5_4/Lab5_23.runs/impl_1/Top.bit} [get_hw_devices xc7k160t_0]
current_hw_device [get_hw_devices xc7k160t_0]
refresh_hw_device -update_hw_probes false [lindex [get_hw_devices xc7k160t_0] 0]
INFO: [Labtools 27-1434] Device xc7k160t (JTAG device index = 0) is programmed with a design that has no supported debug core(s) in it.
reset_run synth_1
launch_runs impl_1 -to_step write_bitstream -jobs 4
[Tue Jun 14 17:10:35 2022] Launched synth_1...
Run output will be captured here: D:/Vteacher/Lab5_4/Lab5_23.runs/synth_1/runme.log
[Tue Jun 14 17:10:35 2022] Launched impl_1...
Run output will be captured here: D:/Vteacher/Lab5_4/Lab5_23.runs/impl_1/runme.log
set_property PROBES.FILE {} [get_hw_devices xc7k160t_0]
set_property FULL_PROBES.FILE {} [get_hw_devices xc7k160t_0]
set_property PROGRAM.FILE {D:/Vteacher/Lab5_4/Lab5_23.runs/impl_1/Top.bit} [get_hw_devices xc7k160t_0]
program_hw_devices [get_hw_devices xc7k160t_0]
INFO: [Labtools 27-3164] End of startup status: HIGH
program_hw_devices: Time (s): cpu = 00:00:15 ; elapsed = 00:00:14 . Memory (MB): peak = 2839.539 ; gain = 0.000
refresh_hw_device [lindex [get_hw_devices xc7k160t_0] 0]
INFO: [Labtools 27-1434] Device xc7k160t (JTAG device index = 0) is programmed with a design that has no supported debug core(s) in it.
set_property PROBES.FILE {} [get_hw_devices xc7k160t_0]
set_property FULL_PROBES.FILE {} [get_hw_devices xc7k160t_0]
set_property PROGRAM.FILE {D:/Vteacher/Lab5_4/Lab5_23.runs/impl_1/Top.bit} [get_hw_devices xc7k160t_0]
program_hw_devices [get_hw_devices xc7k160t_0]
INFO: [Labtools 27-3164] End of startup status: HIGH
program_hw_devices: Time (s): cpu = 00:00:15 ; elapsed = 00:00:14 . Memory (MB): peak = 2839.539 ; gain = 0.000
refresh_hw_device [lindex [get_hw_devices xc7k160t_0] 0]
INFO: [Labtools 27-1434] Device xc7k160t (JTAG device index = 0) is programmed with a design that has no supported debug core(s) in it.
close_hw_manager
file mkdir D:/Vteacher/Lab5_4/Lab5_23.srcs/sim_1/new
set_property SOURCE_SET sources_1 [get_filesets sim_1]
close [ open D:/Vteacher/Lab5_4/Lab5_23.srcs/sim_1/new/sim.v w ]
add_files -fileset sim_1 D:/Vteacher/Lab5_4/Lab5_23.srcs/sim_1/new/sim.v
update_compile_order -fileset sim_1
reset_run synth_1
launch_runs impl_1 -to_step write_bitstream -jobs 4
[Tue Jun 14 17:24:30 2022] Launched synth_1...
Run output will be captured here: D:/Vteacher/Lab5_4/Lab5_23.runs/synth_1/runme.log
[Tue Jun 14 17:24:30 2022] Launched impl_1...
Run output will be captured here: D:/Vteacher/Lab5_4/Lab5_23.runs/impl_1/runme.log
open_hw_manager
connect_hw_server -allow_non_jtag
INFO: [Labtools 27-2285] Connecting to hw_server url TCP:localhost:3121
INFO: [Labtools 27-3415] Connecting to cs_server url TCP:localhost:3042
INFO: [Labtools 27-3414] Connected to existing cs_server.
open_hw_target
INFO: [Labtoolstcl 44-466] Opening hw_target localhost:3121/xilinx_tcf/Xilinx/00000000000000
set_property PROGRAM.FILE {D:/Vteacher/Lab5_4/Lab5_23.runs/impl_1/Top.bit} [get_hw_devices xc7k160t_0]
current_hw_device [get_hw_devices xc7k160t_0]
refresh_hw_device -update_hw_probes false [lindex [get_hw_devices xc7k160t_0] 0]
INFO: [Labtools 27-1434] Device xc7k160t (JTAG device index = 0) is programmed with a design that has no supported debug core(s) in it.
set_property PROBES.FILE {} [get_hw_devices xc7k160t_0]
set_property FULL_PROBES.FILE {} [get_hw_devices xc7k160t_0]
set_property PROGRAM.FILE {D:/Vteacher/Lab5_4/Lab5_23.runs/impl_1/Top.bit} [get_hw_devices xc7k160t_0]
program_hw_devices [get_hw_devices xc7k160t_0]
INFO: [Labtools 27-3164] End of startup status: HIGH
program_hw_devices: Time (s): cpu = 00:00:15 ; elapsed = 00:00:14 . Memory (MB): peak = 2839.539 ; gain = 0.000
refresh_hw_device [lindex [get_hw_devices xc7k160t_0] 0]
INFO: [Labtools 27-1434] Device xc7k160t (JTAG device index = 0) is programmed with a design that has no supported debug core(s) in it.
set_property PROBES.FILE {} [get_hw_devices xc7k160t_0]
set_property FULL_PROBES.FILE {} [get_hw_devices xc7k160t_0]
set_property PROGRAM.FILE {D:/Vteacher/Lab5_4/Lab5_23.runs/impl_1/Top.bit} [get_hw_devices xc7k160t_0]
program_hw_devices [get_hw_devices xc7k160t_0]
INFO: [Labtools 27-3164] End of startup status: HIGH
program_hw_devices: Time (s): cpu = 00:00:14 ; elapsed = 00:00:14 . Memory (MB): peak = 2839.539 ; gain = 0.000
refresh_hw_device [lindex [get_hw_devices xc7k160t_0] 0]
INFO: [Labtools 27-1434] Device xc7k160t (JTAG device index = 0) is programmed with a design that has no supported debug core(s) in it.
reset_run synth_1
launch_runs impl_1 -to_step write_bitstream -jobs 4
[Tue Jun 14 17:31:24 2022] Launched synth_1...
Run output will be captured here: D:/Vteacher/Lab5_4/Lab5_23.runs/synth_1/runme.log
[Tue Jun 14 17:31:24 2022] Launched impl_1...
Run output will be captured here: D:/Vteacher/Lab5_4/Lab5_23.runs/impl_1/runme.log
set_property PROBES.FILE {} [get_hw_devices xc7k160t_0]
set_property FULL_PROBES.FILE {} [get_hw_devices xc7k160t_0]
set_property PROGRAM.FILE {D:/Vteacher/Lab5_4/Lab5_23.runs/impl_1/Top.bit} [get_hw_devices xc7k160t_0]
program_hw_devices [get_hw_devices xc7k160t_0]
INFO: [Labtools 27-3164] End of startup status: HIGH
program_hw_devices: Time (s): cpu = 00:00:14 ; elapsed = 00:00:14 . Memory (MB): peak = 2839.539 ; gain = 0.000
refresh_hw_device [lindex [get_hw_devices xc7k160t_0] 0]
INFO: [Labtools 27-1434] Device xc7k160t (JTAG device index = 0) is programmed with a design that has no supported debug core(s) in it.
reset_run synth_1
launch_runs impl_1 -to_step write_bitstream -jobs 4
[Tue Jun 14 17:34:30 2022] Launched synth_1...
Run output will be captured here: D:/Vteacher/Lab5_4/Lab5_23.runs/synth_1/runme.log
[Tue Jun 14 17:34:30 2022] Launched impl_1...
Run output will be captured here: D:/Vteacher/Lab5_4/Lab5_23.runs/impl_1/runme.log
set_property PROBES.FILE {} [get_hw_devices xc7k160t_0]
set_property FULL_PROBES.FILE {} [get_hw_devices xc7k160t_0]
set_property PROGRAM.FILE {D:/Vteacher/Lab5_4/Lab5_23.runs/impl_1/Top.bit} [get_hw_devices xc7k160t_0]
program_hw_devices [get_hw_devices xc7k160t_0]
INFO: [Labtools 27-3164] End of startup status: HIGH
program_hw_devices: Time (s): cpu = 00:00:14 ; elapsed = 00:00:15 . Memory (MB): peak = 2839.539 ; gain = 0.000
refresh_hw_device [lindex [get_hw_devices xc7k160t_0] 0]
INFO: [Labtools 27-1434] Device xc7k160t (JTAG device index = 0) is programmed with a design that has no supported debug core(s) in it.
reset_run synth_1
launch_runs impl_1 -to_step write_bitstream -jobs 4
[Tue Jun 14 17:41:34 2022] Launched synth_1...
Run output will be captured here: D:/Vteacher/Lab5_4/Lab5_23.runs/synth_1/runme.log
[Tue Jun 14 17:41:34 2022] Launched impl_1...
Run output will be captured here: D:/Vteacher/Lab5_4/Lab5_23.runs/impl_1/runme.log
set_property PROBES.FILE {} [get_hw_devices xc7k160t_0]
set_property FULL_PROBES.FILE {} [get_hw_devices xc7k160t_0]
set_property PROGRAM.FILE {D:/Vteacher/Lab5_4/Lab5_23.runs/impl_1/Top.bit} [get_hw_devices xc7k160t_0]
program_hw_devices [get_hw_devices xc7k160t_0]
INFO: [Labtools 27-3164] End of startup status: HIGH
program_hw_devices: Time (s): cpu = 00:00:14 ; elapsed = 00:00:14 . Memory (MB): peak = 2839.539 ; gain = 0.000
refresh_hw_device [lindex [get_hw_devices xc7k160t_0] 0]
INFO: [Labtools 27-1434] Device xc7k160t (JTAG device index = 0) is programmed with a design that has no supported debug core(s) in it.
set_property PROBES.FILE {} [get_hw_devices xc7k160t_0]
set_property FULL_PROBES.FILE {} [get_hw_devices xc7k160t_0]
set_property PROGRAM.FILE {D:/Vteacher/Lab5_4/Lab5_23.runs/impl_1/Top.bit} [get_hw_devices xc7k160t_0]
program_hw_devices [get_hw_devices xc7k160t_0]
INFO: [Labtools 27-3164] End of startup status: HIGH
program_hw_devices: Time (s): cpu = 00:00:15 ; elapsed = 00:00:15 . Memory (MB): peak = 2839.539 ; gain = 0.000
refresh_hw_device [lindex [get_hw_devices xc7k160t_0] 0]
INFO: [Labtools 27-1434] Device xc7k160t (JTAG device index = 0) is programmed with a design that has no supported debug core(s) in it.
reset_run synth_1
launch_runs impl_1 -to_step write_bitstream -jobs 4
[Tue Jun 14 17:47:55 2022] Launched synth_1...
Run output will be captured here: D:/Vteacher/Lab5_4/Lab5_23.runs/synth_1/runme.log
[Tue Jun 14 17:47:55 2022] Launched impl_1...
Run output will be captured here: D:/Vteacher/Lab5_4/Lab5_23.runs/impl_1/runme.log
set_property PROBES.FILE {} [get_hw_devices xc7k160t_0]
set_property FULL_PROBES.FILE {} [get_hw_devices xc7k160t_0]
set_property PROGRAM.FILE {D:/Vteacher/Lab5_4/Lab5_23.runs/impl_1/Top.bit} [get_hw_devices xc7k160t_0]
program_hw_devices [get_hw_devices xc7k160t_0]
INFO: [Labtools 27-3164] End of startup status: HIGH
program_hw_devices: Time (s): cpu = 00:00:14 ; elapsed = 00:00:15 . Memory (MB): peak = 2839.539 ; gain = 0.000
refresh_hw_device [lindex [get_hw_devices xc7k160t_0] 0]
INFO: [Labtools 27-1434] Device xc7k160t (JTAG device index = 0) is programmed with a design that has no supported debug core(s) in it.
set_property PROBES.FILE {} [get_hw_devices xc7k160t_0]
set_property FULL_PROBES.FILE {} [get_hw_devices xc7k160t_0]
set_property PROGRAM.FILE {D:/Vteacher/Lab5_4/Lab5_23.runs/impl_1/Top.bit} [get_hw_devices xc7k160t_0]
program_hw_devices [get_hw_devices xc7k160t_0]
INFO: [Labtools 27-3164] End of startup status: HIGH
program_hw_devices: Time (s): cpu = 00:00:14 ; elapsed = 00:00:14 . Memory (MB): peak = 2839.539 ; gain = 0.000
refresh_hw_device [lindex [get_hw_devices xc7k160t_0] 0]
INFO: [Labtools 27-1434] Device xc7k160t (JTAG device index = 0) is programmed with a design that has no supported debug core(s) in it.
ERROR: [Labtoolstcl 44-513] HW Target shutdown. Closing target: localhost:3121/xilinx_tcf/Xilinx/00000000000000
exit
INFO: [Common 17-206] Exiting Vivado at Tue Jun 14 18:02:53 2022...
