#-----------------------------------------------------------
# Vivado v2020.2 (64-bit)
# SW Build 3064766 on Wed Nov 18 09:12:45 MST 2020
# IP Build 3064653 on Wed Nov 18 14:17:31 MST 2020
# Start of session at: Wed Oct 12 10:31:22 2022
# Process ID: 24436
# Current directory: D:/Vteacher/Lab5_4
# Command line: vivado.exe -gui_launcher_event rodinguilauncherevent22916 D:\Vteacher\Lab5_4\Lab5_23.xpr
# Log file: D:/Vteacher/Lab5_4/vivado.log
# Journal file: D:/Vteacher/Lab5_4\vivado.jou
#-----------------------------------------------------------
start_gui
open_project D:/Vteacher/Lab5_4/Lab5_23.xpr
Scanning sources...
Finished scanning sources
INFO: [IP_Flow 19-234] Refreshing IP repositories
INFO: [IP_Flow 19-1700] Loaded user IP repository 'd:/Vteacher/IP'.
INFO: [IP_Flow 19-1700] Loaded user IP repository 'd:/Vteacher/VGA5'.
INFO: [IP_Flow 19-2313] Loaded Vivado IP repository 'D:/vivado/Vivado/2020.2/data/ip'.
WARNING: [IP_Flow 19-1663] Duplicate IP found for 'xilinx.com:user:VGA:1.0'. The one found in IP location 'd:/Vteacher/VGA5/VGA/VGA.srcs/sources_1/imports/Framework' will take precedence over the same IP in location d:/Vteacher/IP/Supplementary/VGA/VGA/VGA.srcs/sources_1/new
open_project: Time (s): cpu = 00:00:16 ; elapsed = 00:00:07 . Memory (MB): peak = 1108.492 ; gain = 0.000
update_compile_order -fileset sources_1
reset_run synth_1
launch_runs synth_1 -jobs 4
[Wed Oct 12 10:31:56 2022] Launched synth_1...
Run output will be captured here: D:/Vteacher/Lab5_4/Lab5_23.runs/synth_1/runme.log
exit
INFO: [Common 17-206] Exiting Vivado at Wed Oct 12 10:33:03 2022...
