#-----------------------------------------------------------
# Vivado v2020.2 (64-bit)
# SW Build 3064766 on Wed Nov 18 09:12:45 MST 2020
# IP Build 3064653 on Wed Nov 18 14:17:31 MST 2020
# Start of session at: Tue Nov 29 00:38:03 2022
# Process ID: 22684
# Current directory: D:/Vfile/arch_lab4_NEXYS_A7/Exp4
# Command line: vivado.exe -gui_launcher_event rodinguilauncherevent29236 D:\Vfile\arch_lab4_NEXYS_A7\Exp4\Exp4.xpr
# Log file: D:/Vfile/arch_lab4_NEXYS_A7/Exp4/vivado.log
# Journal file: D:/Vfile/arch_lab4_NEXYS_A7/Exp4\vivado.jou
#-----------------------------------------------------------
Sourcing tcl script 'D:/vivado/Vivado/2020.2/scripts/Vivado_init.tcl'
start_gui
open_project D:/Vfile/arch_lab4_NEXYS_A7/Exp4/Exp4.xpr
INFO: [Project 1-313] Project file moved from 'C:/Users/Zonghui Wang/Desktop/risc v/Code4Teach/Exp4' since last save.
Scanning sources...
Finished scanning sources
INFO: [IP_Flow 19-234] Refreshing IP repositories
INFO: [IP_Flow 19-1704] No user IP repositories specified
INFO: [IP_Flow 19-2313] Loaded Vivado IP repository 'D:/vivado/Vivado/2020.2/data/ip'.
WARNING: [IP_Flow 19-2162] IP 'ROM_D' is locked:
* IP definition 'Distributed Memory Generator (8.0)' for IP 'ROM_D' (customized with software release 2018.2) has a different revision in the IP Catalog. * Current project part 'xc7a100tcsg324-1' and the part 'xc7k325tffg676-2L' used to customize the IP 'ROM_D' do not match.
INFO: [Project 1-230] Project 'Exp4.xpr' upgraded for this version of Vivado.
open_project: Time (s): cpu = 00:00:11 ; elapsed = 00:00:05 . Memory (MB): peak = 1111.793 ; gain = 0.000
update_compile_order -fileset sources_1
report_ip_status -name ip_status 
reset_run synth_1
reset_run ROM_D_synth_1
launch_runs impl_1 -to_step write_bitstream -jobs 4
WARNING: [Project 1-577] IP run ROM_D_synth_1 is available but is out of date. Since the IP is locked, the synthesis checkpoint cannot be updated. The out-of-date checkpoint will be used and it may result in incorrect behavior.
Please select 'Report IP Status' from the 'Tools/Report' menu or run the Tcl command 'report_ip_status' for more information.
WARNING: [Runs 36-337] The following IPs are either missing output products or output products are not up-to-date for Synthesis target. Since these IPs are locked, no update to the output products can be done. 
Please select 'Report IP Status' from the 'Tools/Report' menu or run Tcl command 'report_ip_status' for more information.
D:/Vfile/arch_lab4_NEXYS_A7/Exp4/Exp4.srcs/sources_1/ip/ROM_D/ROM_D.xci

WARNING: [Project 1-576] IP 'D:/Vfile/arch_lab4_NEXYS_A7/Exp4/Exp4.srcs/sources_1/ip/ROM_D/ROM_D.xci' in run ROM_D_synth_1 is locked, no out-of-context (OOC) run will be launched. The run may not be able to complete.
Please select 'Report IP Status' from 'Tools/Report' or run the Tcl command 'report_ip_status' for more information.
[Tue Nov 29 00:39:43 2022] Launched ROM_D_synth_1, synth_1...
Run output will be captured here:
ROM_D_synth_1: D:/Vfile/arch_lab4_NEXYS_A7/Exp4/Exp4.runs/ROM_D_synth_1/runme.log
synth_1: D:/Vfile/arch_lab4_NEXYS_A7/Exp4/Exp4.runs/synth_1/runme.log
[Tue Nov 29 00:39:44 2022] Launched impl_1...
Run output will be captured here: D:/Vfile/arch_lab4_NEXYS_A7/Exp4/Exp4.runs/impl_1/runme.log
exit
INFO: [Common 17-206] Exiting Vivado at Tue Nov 29 00:49:19 2022...
