#-----------------------------------------------------------
# Vivado v2020.2 (64-bit)
# SW Build 3064766 on Wed Nov 18 09:12:45 MST 2020
# IP Build 3064653 on Wed Nov 18 14:17:31 MST 2020
# Start of session at: Wed Oct 12 17:03:46 2022
# Process ID: 31416
# Current directory: D:/Vfile/Exp1_NEXYS_A7
# Command line: vivado.exe -gui_launcher_event rodinguilauncherevent19976 D:\Vfile\Exp1_NEXYS_A7\Exp1.xpr
# Log file: D:/Vfile/Exp1_NEXYS_A7/vivado.log
# Journal file: D:/Vfile/Exp1_NEXYS_A7\vivado.jou
#-----------------------------------------------------------
start_gui
open_project D:/Vfile/Exp1_NEXYS_A7/Exp1.xpr
Scanning sources...
Finished scanning sources
INFO: [IP_Flow 19-234] Refreshing IP repositories
INFO: [IP_Flow 19-1704] No user IP repositories specified
INFO: [IP_Flow 19-2313] Loaded Vivado IP repository 'D:/vivado/Vivado/2020.2/data/ip'.
update_compile_order -fileset sources_1
get_param general.maxThreads
2
exit
INFO: [Common 17-206] Exiting Vivado at Wed Oct 12 17:05:40 2022...
