#-----------------------------------------------------------
# Vivado v2020.2 (64-bit)
# SW Build 3064766 on Wed Nov 18 09:12:45 MST 2020
# IP Build 3064653 on Wed Nov 18 14:17:31 MST 2020
# Start of session at: Wed Oct 12 17:05:43 2022
# Process ID: 21344
# Current directory: D:/Vfile/Exp1_NEXYS_A7
# Command line: vivado.exe -gui_launcher_event rodinguilauncherevent8008 D:\Vfile\Exp1_NEXYS_A7\Exp1.xpr
# Log file: D:/Vfile/Exp1_NEXYS_A7/vivado.log
# Journal file: D:/Vfile/Exp1_NEXYS_A7\vivado.jou
#-----------------------------------------------------------
Sourcing tcl script 'D:/vivado/Vivado/2020.2/scripts/Vivado_init.tcl'
start_gui
open_project D:/Vfile/Exp1_NEXYS_A7/Exp1.xpr
Scanning sources...
Finished scanning sources
INFO: [IP_Flow 19-234] Refreshing IP repositories
INFO: [IP_Flow 19-1704] No user IP repositories specified
INFO: [IP_Flow 19-2313] Loaded Vivado IP repository 'D:/vivado/Vivado/2020.2/data/ip'.
open_project: Time (s): cpu = 00:00:17 ; elapsed = 00:00:08 . Memory (MB): peak = 1108.652 ; gain = 0.000
update_compile_order -fileset sources_1
get_param general.maxThreads
8
reset_run impl_1 -prev_step 
launch_runs impl_1 -to_step write_bitstream -jobs 4
[Wed Oct 12 17:06:30 2022] Launched impl_1...
Run output will be captured here: D:/Vfile/Exp1_NEXYS_A7/Exp1.runs/impl_1/runme.log
reset_run synth_1
WARNING: [Vivado 12-1017] Problems encountered:
1. PID not specified
2. Failed to delete one or more files in run directory D:/Vfile/Exp1_NEXYS_A7/Exp1.runs/synth_1

launch_runs synth_1 -jobs 4
[Wed Oct 12 17:06:49 2022] Launched synth_1...
Run output will be captured here: D:/Vfile/Exp1_NEXYS_A7/Exp1.runs/synth_1/runme.log
reset_run synth_1
WARNING: [Vivado 12-1017] Problems encountered:
1. PID not specified

launch_runs impl_1 -to_step write_bitstream -jobs 4
[Wed Oct 12 17:07:01 2022] Launched synth_1...
Run output will be captured here: D:/Vfile/Exp1_NEXYS_A7/Exp1.runs/synth_1/runme.log
[Wed Oct 12 17:07:01 2022] Launched impl_1...
Run output will be captured here: D:/Vfile/Exp1_NEXYS_A7/Exp1.runs/impl_1/runme.log
reset_run impl_1
WARNING: [Vivado 12-1017] Problems encountered:
1. PID not specified

exit
INFO: [Common 17-206] Exiting Vivado at Wed Oct 12 17:09:01 2022...
