#-----------------------------------------------------------
# Vivado v2020.2 (64-bit)
# SW Build 3064766 on Wed Nov 18 09:12:45 MST 2020
# IP Build 3064653 on Wed Nov 18 14:17:31 MST 2020
# Start of session at: Fri Mar  4 21:34:42 2022
# Process ID: 3340
# Current directory: D:/Vfile/OExp00/OExp00-Element
# Command line: vivado.exe -gui_launcher_event rodinguilauncherevent3700 D:\Vfile\OExp00\OExp00-Element\OExp00-Element.xpr
# Log file: D:/Vfile/OExp00/OExp00-Element/vivado.log
# Journal file: D:/Vfile/OExp00/OExp00-Element\vivado.jou
#-----------------------------------------------------------
start_gui
open_project D:/Vfile/OExp00/OExp00-Element/OExp00-Element.xpr
Scanning sources...
Finished scanning sources
INFO: [IP_Flow 19-234] Refreshing IP repositories
INFO: [IP_Flow 19-1700] Loaded user IP repository 'd:/Vfile/OExp00/OExp00-Element/IP'.
INFO: [IP_Flow 19-2313] Loaded Vivado IP repository 'D:/vivado/Vivado/2020.2/data/ip'.
open_project: Time (s): cpu = 00:00:18 ; elapsed = 00:00:09 . Memory (MB): peak = 1109.840 ; gain = 0.000
update_compile_order -fileset sources_1
exit
INFO: [Common 17-206] Exiting Vivado at Fri Mar  4 21:38:16 2022...
