
*** Running vivado
    with args -log VGA_0.vds -m64 -product Vivado -mode batch -messageDb vivado.pb -notrace -source VGA_0.tcl



****** Vivado v2020.2 (64-bit)
  **** SW Build 3064766 on Wed Nov 18 09:12:45 MST 2020
  **** IP Build 3064653 on Wed Nov 18 14:17:31 MST 2020
    ** Copyright 1986-2020 Xilinx, Inc. All Rights Reserved.

source VGA_0.tcl -notrace
INFO: [IP_Flow 19-234] Refreshing IP repositories
INFO: [IP_Flow 19-1700] Loaded user IP repository 'd:/Vteacher/IP'.
INFO: [IP_Flow 19-1700] Loaded user IP repository 'd:/Vteacher/VGA5'.
INFO: [IP_Flow 19-2313] Loaded Vivado IP repository 'D:/vivado/Vivado/2020.2/data/ip'.
WARNING: [IP_Flow 19-1663] Duplicate IP found for 'xilinx.com:user:VGA:1.0'. The one found in IP location 'd:/Vteacher/VGA5/VGA/VGA.srcs/sources_1/imports/Framework' will take precedence over the same IP in location d:/Vteacher/IP/Supplementary/VGA/VGA/VGA.srcs/sources_1/new
Command: synth_design -top VGA_0 -part xc7k160tffg676-2L -mode out_of_context
Starting synth_design
Attempting to get a license for feature 'Synthesis' and/or device 'xc7k160t'
INFO: [Common 17-349] Got license for feature 'Synthesis' and/or device 'xc7k160t'
INFO: [Synth 8-7079] Multithreading enabled for synth_design using a maximum of 2 processes.
INFO: [Synth 8-7078] Launching helper process for spawning children vivado processes
INFO: [Synth 8-7075] Helper process launched with PID 18028
---------------------------------------------------------------------------------
Starting Synthesize : Time (s): cpu = 00:00:05 ; elapsed = 00:00:06 . Memory (MB): peak = 1109.762 ; gain = 0.000
---------------------------------------------------------------------------------
INFO: [Synth 8-6157] synthesizing module 'VGA_0' [d:/Vteacher/Lab5_23/Lab5_23.gen/sources_1/ip/VGA_0/synth/VGA_0.v:58]
INFO: [Synth 8-6157] synthesizing module 'VGA' [d:/Vteacher/Lab5_23/Lab5_23.gen/sources_1/ip/VGA_0/VGA.v:2]
INFO: [Synth 8-6157] synthesizing module 'VgaController' [d:/Vteacher/Lab5_23/Lab5_23.gen/sources_1/ip/VGA_0/VgaController.v:1]
	Parameter HS_1 bound to: 96 - type: integer 
	Parameter VS_1 bound to: 2 - type: integer 
	Parameter HS_2 bound to: 157 - type: integer 
	Parameter VS_2 bound to: 57 - type: integer 
	Parameter WIDTH bound to: 640 - type: integer 
	Parameter HEIGHT bound to: 480 - type: integer 
INFO: [Synth 8-6155] done synthesizing module 'VgaController' (1#1) [d:/Vteacher/Lab5_23/Lab5_23.gen/sources_1/ip/VGA_0/VgaController.v:1]
INFO: [Synth 8-6157] synthesizing module 'VgaDisplay' [d:/Vteacher/Lab5_23/Lab5_23.gen/sources_1/ip/VGA_0/VgaDisplay.v:1]
INFO: [Synth 8-3876] $readmem data file 'D://vga_debugger.mem' is read successfully [d:/Vteacher/Lab5_23/Lab5_23.gen/sources_1/ip/VGA_0/VgaDisplay.v:15]
INFO: [Synth 8-3876] $readmem data file 'D://font_8x16.mem' is read successfully [d:/Vteacher/Lab5_23/Lab5_23.gen/sources_1/ip/VGA_0/VgaDisplay.v:25]
INFO: [Synth 8-6155] done synthesizing module 'VgaDisplay' (2#1) [d:/Vteacher/Lab5_23/Lab5_23.gen/sources_1/ip/VGA_0/VgaDisplay.v:1]
INFO: [Synth 8-6157] synthesizing module 'VgaDebugger' [d:/Vteacher/Lab5_23/Lab5_23.gen/sources_1/ip/VGA_0/VgaDebugger.v:31]
INFO: [Synth 8-6157] synthesizing module 'Hex2Ascii' [d:/Vteacher/Lab5_23/Lab5_23.gen/sources_1/ip/VGA_0/VgaDebugger.v:3]
INFO: [Synth 8-6155] done synthesizing module 'Hex2Ascii' (3#1) [d:/Vteacher/Lab5_23/Lab5_23.gen/sources_1/ip/VGA_0/VgaDebugger.v:3]
INFO: [Synth 8-6155] done synthesizing module 'VgaDebugger' (4#1) [d:/Vteacher/Lab5_23/Lab5_23.gen/sources_1/ip/VGA_0/VgaDebugger.v:31]
INFO: [Synth 8-6155] done synthesizing module 'VGA' (5#1) [d:/Vteacher/Lab5_23/Lab5_23.gen/sources_1/ip/VGA_0/VGA.v:2]
INFO: [Synth 8-6155] done synthesizing module 'VGA_0' (6#1) [d:/Vteacher/Lab5_23/Lab5_23.gen/sources_1/ip/VGA_0/synth/VGA_0.v:58]
---------------------------------------------------------------------------------
Finished Synthesize : Time (s): cpu = 00:00:07 ; elapsed = 00:00:07 . Memory (MB): peak = 1109.762 ; gain = 0.000
---------------------------------------------------------------------------------
---------------------------------------------------------------------------------
Finished Constraint Validation : Time (s): cpu = 00:00:07 ; elapsed = 00:00:08 . Memory (MB): peak = 1109.762 ; gain = 0.000
---------------------------------------------------------------------------------
---------------------------------------------------------------------------------
Start Loading Part and Timing Information
---------------------------------------------------------------------------------
Loading part: xc7k160tffg676-2L
---------------------------------------------------------------------------------
Finished Loading Part and Timing Information : Time (s): cpu = 00:00:07 ; elapsed = 00:00:08 . Memory (MB): peak = 1109.762 ; gain = 0.000
---------------------------------------------------------------------------------
INFO: [Device 21-403] Loading part xc7k160tffg676-2L
---------------------------------------------------------------------------------
Finished RTL Optimization Phase 2 : Time (s): cpu = 00:00:17 ; elapsed = 00:00:14 . Memory (MB): peak = 1113.551 ; gain = 3.789
---------------------------------------------------------------------------------
No constraint files found.
---------------------------------------------------------------------------------
Start RTL Component Statistics 
---------------------------------------------------------------------------------
Detailed RTL Component Info : 
+---Adders : 
	   2 Input   12 Bit       Adders := 1     
	   2 Input   10 Bit       Adders := 3     
	   2 Input    9 Bit       Adders := 1     
	   3 Input    8 Bit       Adders := 1     
+---Registers : 
	               12 Bit    Registers := 1     
	               10 Bit    Registers := 2     
	                1 Bit    Registers := 2     
+---Muxes : 
	   2 Input   12 Bit        Muxes := 1     
	   2 Input   10 Bit        Muxes := 1     
	   2 Input    9 Bit        Muxes := 1     
	 416 Input    4 Bit        Muxes := 1     
	   2 Input    4 Bit        Muxes := 1     
	   8 Input    1 Bit        Muxes := 1     
	 416 Input    1 Bit        Muxes := 1     
	   2 Input    1 Bit        Muxes := 1     
---------------------------------------------------------------------------------
Finished RTL Component Statistics 
---------------------------------------------------------------------------------
---------------------------------------------------------------------------------
Start Part Resource Summary
---------------------------------------------------------------------------------
Part Resources:
DSPs: 600 (col length:100)
BRAMs: 650 (col length: RAMB18 100 RAMB36 50)
---------------------------------------------------------------------------------
Finished Part Resource Summary
---------------------------------------------------------------------------------
No constraint files found.
---------------------------------------------------------------------------------
Start Cross Boundary and Area Optimization
---------------------------------------------------------------------------------
---------------------------------------------------------------------------------
Finished Cross Boundary and Area Optimization : Time (s): cpu = 00:00:38 ; elapsed = 00:00:35 . Memory (MB): peak = 1228.883 ; gain = 119.121
---------------------------------------------------------------------------------
---------------------------------------------------------------------------------
Start ROM, RAM, DSP, Shift Register and Retiming Reporting
---------------------------------------------------------------------------------

ROM: Preliminary Mapping	Report
+------------+------------+---------------+----------------+
|Module Name | RTL Object | Depth x Width | Implemented As | 
+------------+------------+---------------+----------------+
|VgaDisplay  | p_0_out    | 4096x8        | LUT            | 
|VGA_0       | p_0_out    | 4096x8        | LUT            | 
+------------+------------+---------------+----------------+


Distributed RAM: Preliminary Mapping	Report (see note below)
+------------+-----------------------------------+-----------+----------------------+------------------------------+
|Module Name | RTL Object                        | Inference | Size (Depth x Width) | Primitives                   | 
+------------+-----------------------------------+-----------+----------------------+------------------------------+
|VGA_0       | inst/vga_display/display_data_reg | Implied   | 4 K x 7              | RAM64X1D x 128	RAM64M x 128	 | 
+------------+-----------------------------------+-----------+----------------------+------------------------------+

Note: The table above is a preliminary report that shows the Distributed RAMs at the current stage of the synthesis flow. Some Distributed RAMs may be reimplemented as non Distributed RAM primitives later in the synthesis flow. Multiple instantiated RAMs are reported only once.
---------------------------------------------------------------------------------
Finished ROM, RAM, DSP, Shift Register and Retiming Reporting
---------------------------------------------------------------------------------
No constraint files found.
---------------------------------------------------------------------------------
Start Timing Optimization
---------------------------------------------------------------------------------
---------------------------------------------------------------------------------
Finished Timing Optimization : Time (s): cpu = 00:00:38 ; elapsed = 00:00:36 . Memory (MB): peak = 1228.883 ; gain = 119.121
---------------------------------------------------------------------------------
---------------------------------------------------------------------------------
Start ROM, RAM, DSP, Shift Register and Retiming Reporting
---------------------------------------------------------------------------------

Distributed RAM: Final Mapping	Report
+------------+-----------------------------------+-----------+----------------------+------------------------------+
|Module Name | RTL Object                        | Inference | Size (Depth x Width) | Primitives                   | 
+------------+-----------------------------------+-----------+----------------------+------------------------------+
|VGA_0       | inst/vga_display/display_data_reg | Implied   | 4 K x 7              | RAM64X1D x 128	RAM64M x 128	 | 
+------------+-----------------------------------+-----------+----------------------+------------------------------+

---------------------------------------------------------------------------------
Finished ROM, RAM, DSP, Shift Register and Retiming Reporting
---------------------------------------------------------------------------------
---------------------------------------------------------------------------------
Start Technology Mapping
---------------------------------------------------------------------------------
---------------------------------------------------------------------------------
Finished Technology Mapping : Time (s): cpu = 00:00:39 ; elapsed = 00:00:37 . Memory (MB): peak = 1228.883 ; gain = 119.121
---------------------------------------------------------------------------------
---------------------------------------------------------------------------------
Start IO Insertion
---------------------------------------------------------------------------------
---------------------------------------------------------------------------------
Start Flattening Before IO Insertion
---------------------------------------------------------------------------------
---------------------------------------------------------------------------------
Finished Flattening Before IO Insertion
---------------------------------------------------------------------------------
---------------------------------------------------------------------------------
Start Final Netlist Cleanup
---------------------------------------------------------------------------------
---------------------------------------------------------------------------------
Finished Final Netlist Cleanup
---------------------------------------------------------------------------------
---------------------------------------------------------------------------------
Finished IO Insertion : Time (s): cpu = 00:00:42 ; elapsed = 00:00:40 . Memory (MB): peak = 1228.883 ; gain = 119.121
---------------------------------------------------------------------------------
---------------------------------------------------------------------------------
Start Renaming Generated Instances
---------------------------------------------------------------------------------
---------------------------------------------------------------------------------
Finished Renaming Generated Instances : Time (s): cpu = 00:00:42 ; elapsed = 00:00:40 . Memory (MB): peak = 1228.883 ; gain = 119.121
---------------------------------------------------------------------------------
---------------------------------------------------------------------------------
Start Rebuilding User Hierarchy
---------------------------------------------------------------------------------
---------------------------------------------------------------------------------
Finished Rebuilding User Hierarchy : Time (s): cpu = 00:00:42 ; elapsed = 00:00:40 . Memory (MB): peak = 1228.883 ; gain = 119.121
---------------------------------------------------------------------------------
---------------------------------------------------------------------------------
Start Renaming Generated Ports
---------------------------------------------------------------------------------
---------------------------------------------------------------------------------
Finished Renaming Generated Ports : Time (s): cpu = 00:00:42 ; elapsed = 00:00:40 . Memory (MB): peak = 1228.883 ; gain = 119.121
---------------------------------------------------------------------------------
---------------------------------------------------------------------------------
Start Handling Custom Attributes
---------------------------------------------------------------------------------
---------------------------------------------------------------------------------
Finished Handling Custom Attributes : Time (s): cpu = 00:00:42 ; elapsed = 00:00:40 . Memory (MB): peak = 1228.883 ; gain = 119.121
---------------------------------------------------------------------------------
---------------------------------------------------------------------------------
Start Renaming Generated Nets
---------------------------------------------------------------------------------
---------------------------------------------------------------------------------
Finished Renaming Generated Nets : Time (s): cpu = 00:00:42 ; elapsed = 00:00:40 . Memory (MB): peak = 1228.883 ; gain = 119.121
---------------------------------------------------------------------------------
---------------------------------------------------------------------------------
Start Writing Synthesis Report
---------------------------------------------------------------------------------

Report BlackBoxes: 
+-+--------------+----------+
| |BlackBox name |Instances |
+-+--------------+----------+
+-+--------------+----------+

Report Cell Usage: 
+------+---------+------+
|      |Cell     |Count |
+------+---------+------+
|1     |CARRY4   |    11|
|2     |LUT1     |     3|
|3     |LUT2     |    49|
|4     |LUT3     |    64|
|5     |LUT4     |   303|
|6     |LUT5     |   281|
|7     |LUT6     |  1144|
|8     |MUXF7    |   371|
|9     |MUXF8    |   124|
|10    |RAM64M   |   128|
|11    |RAM64X1D |    64|
|12    |FDRE     |    41|
|13    |FDSE     |     2|
+------+---------+------+

Report Instance Areas: 
+------+-------------------+--------------+------+
|      |Instance           |Module        |Cells |
+------+-------------------+--------------+------+
|1     |top                |              |  2585|
|2     |  inst             |VGA           |  2585|
|3     |    vga_controller |VgaController |   809|
|4     |    vga_debugger   |VgaDebugger   |  1298|
|5     |    vga_display    |VgaDisplay    |   478|
+------+-------------------+--------------+------+
---------------------------------------------------------------------------------
Finished Writing Synthesis Report : Time (s): cpu = 00:00:42 ; elapsed = 00:00:40 . Memory (MB): peak = 1228.883 ; gain = 119.121
---------------------------------------------------------------------------------
Synthesis finished with 0 errors, 0 critical warnings and 0 warnings.
Synthesis Optimization Runtime : Time (s): cpu = 00:00:42 ; elapsed = 00:00:40 . Memory (MB): peak = 1228.883 ; gain = 119.121
Synthesis Optimization Complete : Time (s): cpu = 00:00:42 ; elapsed = 00:00:40 . Memory (MB): peak = 1228.883 ; gain = 119.121
INFO: [Project 1-571] Translating synthesized netlist
Netlist sorting complete. Time (s): cpu = 00:00:00 ; elapsed = 00:00:00.045 . Memory (MB): peak = 1239.645 ; gain = 0.000
INFO: [Netlist 29-17] Analyzing 698 Unisim elements for replacement
INFO: [Netlist 29-28] Unisim Transformation completed in 0 CPU seconds
INFO: [Project 1-570] Preparing netlist for logic optimization
INFO: [Opt 31-138] Pushed 0 inverter(s) to 0 load pin(s).
Netlist sorting complete. Time (s): cpu = 00:00:00 ; elapsed = 00:00:00.001 . Memory (MB): peak = 1239.645 ; gain = 0.000
INFO: [Project 1-111] Unisim Transformation Summary:
  A total of 192 instances were transformed.
  RAM64M => RAM64M (RAMD64E(x4)): 128 instances
  RAM64X1D => RAM64X1D (RAMD64E(x2)): 64 instances

INFO: [Common 17-83] Releasing license: Synthesis
30 Infos, 1 Warnings, 0 Critical Warnings and 0 Errors encountered.
synth_design completed successfully
synth_design: Time (s): cpu = 00:00:47 ; elapsed = 00:00:45 . Memory (MB): peak = 1239.645 ; gain = 129.883
INFO: [Timing 38-35] Done setting XDC timing constraints.
INFO: [Common 17-1381] The checkpoint 'D:/Vteacher/Lab5_23/Lab5_23.runs/VGA_0_synth_1/VGA_0.dcp' has been generated.
write_checkpoint: Time (s): cpu = 00:00:07 ; elapsed = 00:00:08 . Memory (MB): peak = 1659.824 ; gain = 420.180
WARNING: [Common 17-576] 'use_project_ipc' is deprecated. This option is deprecated and no longer used.
INFO: [Coretcl 2-1648] Added synthesis output to IP cache for IP VGA_0, cache-ID = c7852e5c44daa1cb
INFO: [Coretcl 2-1174] Renamed 4 cell refs.
INFO: [Common 17-1381] The checkpoint 'D:/Vteacher/Lab5_23/Lab5_23.runs/VGA_0_synth_1/VGA_0.dcp' has been generated.
INFO: [runtcl-4] Executing : report_utilization -file VGA_0_utilization_synth.rpt -pb VGA_0_utilization_synth.pb
INFO: [Common 17-206] Exiting Vivado at Wed Jun  1 15:47:31 2022...
