#-----------------------------------------------------------
# Vivado v2020.2 (64-bit)
# SW Build 3064766 on Wed Nov 18 09:12:45 MST 2020
# IP Build 3064653 on Wed Nov 18 14:17:31 MST 2020
# Start of session at: Fri Mar  4 20:45:39 2022
# Process ID: 22936
# Current directory: D:/Vfile/mux415
# Command line: vivado.exe -gui_launcher_event rodinguilauncherevent2836 D:\Vfile\mux415\mux415.xpr
# Log file: D:/Vfile/mux415/vivado.log
# Journal file: D:/Vfile/mux415\vivado.jou
#-----------------------------------------------------------
start_gui
open_project D:/Vfile/mux415/mux415.xpr
WARNING: [filemgmt 56-3] Default IP Output Path : Could not find the directory 'D:/Vfile/mux415/mux415.gen/sources_1'.
Scanning sources...
Finished scanning sources
INFO: [IP_Flow 19-234] Refreshing IP repositories
INFO: [IP_Flow 19-1704] No user IP repositories specified
INFO: [IP_Flow 19-2313] Loaded Vivado IP repository 'D:/vivado/Vivado/2020.2/data/ip'.
update_compile_order -fileset sources_1
ipx::package_project -root_dir d:/vfile/mux415/mux415.srcs -vendor xilinx.com -library user -taxonomy /UserIP
INFO: [IP_Flow 19-2181] Payment Required is not set for this core.
INFO: [IP_Flow 19-2187] The Product Guide file is missing.
set_property core_revision 2 [ipx::current_core]
ipx::create_xgui_files [ipx::current_core]
ipx::update_checksums [ipx::current_core]
ipx::check_integrity [ipx::current_core]
INFO: [IP_Flow 19-2181] Payment Required is not set for this core.
INFO: [IP_Flow 19-2187] The Product Guide file is missing.
INFO: [Ipptcl 7-1486] check_integrity: Integrity check passed.
ipx::save_core [ipx::current_core]
set_property  ip_repo_paths  d:/vfile/mux415/mux415.srcs [current_project]
update_ip_catalog
INFO: [IP_Flow 19-234] Refreshing IP repositories
INFO: [IP_Flow 19-1700] Loaded user IP repository 'd:/vfile/mux415/mux415.srcs'.
update_ip_catalog -rebuild
INFO: [IP_Flow 19-234] Refreshing IP repositories
INFO: [IP_Flow 19-1700] Loaded user IP repository 'd:/vfile/mux415/mux415.srcs'.
update_ip_catalog -rebuild
INFO: [IP_Flow 19-234] Refreshing IP repositories
INFO: [IP_Flow 19-1700] Loaded user IP repository 'd:/vfile/mux415/mux415.srcs'.
update_ip_catalog -rebuild
INFO: [IP_Flow 19-234] Refreshing IP repositories
INFO: [IP_Flow 19-1700] Loaded user IP repository 'd:/vfile/mux415/mux415.srcs'.
exit
INFO: [Common 17-206] Exiting Vivado at Fri Mar  4 20:47:09 2022...
