2023-05-21 15:33:35,301 [ERROR] AdobePublisher:162 - Exception while opening the connection: java.net.SocketTimeoutException: connect timed out
2023-05-21 15:33:37,330 [ERROR] AdobePublisher:162 - Exception while opening the connection: java.net.SocketTimeoutException: connect timed out
2023-05-21 15:33:39,346 [ERROR] AdobePublisher:162 - Exception while opening the connection: java.net.SocketTimeoutException: connect timed out
2023-05-21 15:33:41,354 [ERROR] AdobePublisher:162 - Exception while opening the connection: java.net.SocketTimeoutException: connect timed out
2023-05-21 17:17:22,165 [INFO] Gpio:273 - dependency for GPIO [RCC, SYS, TIM1, TIM2, USART1]
2023-05-21 17:22:48,100 [INFO] MainUpdater:2854 - connection check result : 10
2023-05-21 17:22:48,100 [INFO] MainUpdater:2854 - connection check result : 10
2023-05-21 17:22:49,223 [INFO] MicroXplorer:468 - Change Database Path : 
2023-05-21 17:22:49,224 [INFO] MicroXplorer:498 - Change Database Version : DB.6.0.81
2023-05-21 17:22:49,247 [WARN] ThirdParty:871 - waiting for thirdparty lock release [close project]
2023-05-21 17:22:49,247 [INFO] ThirdParty:873 - entering critical section [close project]
2023-05-21 17:22:49,247 [INFO] ThirdParty:883 - exiting critical section [close project]
2023-05-21 17:22:49,248 [INFO] PinOutPanel:1499 - setPackage(No Configuration,No Configuration)
2023-05-21 17:22:49,249 [INFO] UtilMem:75 - Begin LoadConfig() Used Memory: 316951672 Bytes (773849088)
2023-05-21 17:22:49,249 [INFO] MicroXplorer:468 - Change Database Path : 
2023-05-21 17:22:49,249 [INFO] MicroXplorer:498 - Change Database Version : DB.6.0.81
2023-05-21 17:22:49,250 [INFO] OpenFileManager:308 - Change cursor
2023-05-21 17:22:49,254 [INFO] Mcu:1937 - Initializing MCU STM32F103C(8-B)Tx STM32F103C8Tx STM32F103C8T6
2023-05-21 17:22:49,508 [INFO] Context:659 - Trying to add GPIOservice into a context  which must be forbidden
2023-05-21 17:22:49,621 [INFO] RtosManager:555 - Registered RTOS mode: class=CMSIS, group=RTOS, mode=CMSIS_V1, owner=FREERTOS
2023-05-21 17:22:49,621 [INFO] RtosManager:555 - Registered RTOS mode: class=CMSIS, group=RTOS2, mode=CMSIS_V2, owner=FREERTOS
2023-05-21 17:22:49,621 [INFO] RtosManager:555 - Registered RTOS mode: class=RTOS, group=Core, mode=CMSIS_V1, owner=FREERTOS
2023-05-21 17:22:49,621 [INFO] RtosManager:555 - Registered RTOS mode: class=RTOS, group=Core, mode=CMSIS_V2, owner=FREERTOS
2023-05-21 17:22:49,621 [WARN] ModelIntegratedComponent:184 - Missing modes for component STMicroelectronics:FreeRTOS:0.0.1:STMicroelectronics:RTOS:FreeRTOS:Core:::10.2.0:
2023-05-21 17:22:49,625 [WARN] ModelIntegratedComponent:63 - No mode defined for component null
2023-05-21 17:22:49,625 [WARN] ModelIntegratedComponent:63 - No mode defined for component null
2023-05-21 17:22:49,625 [WARN] ModelIntegratedComponent:63 - No mode defined for component null
2023-05-21 17:22:49,625 [WARN] ModelIntegratedComponent:63 - No mode defined for component null
2023-05-21 17:22:49,625 [WARN] ModelIntegratedComponent:63 - No mode defined for component null
2023-05-21 17:22:49,625 [WARN] ModelIntegratedComponent:63 - No mode defined for component null
2023-05-21 17:22:49,625 [WARN] ModelIntegratedComponent:63 - No mode defined for component null
2023-05-21 17:22:49,625 [WARN] ModelIntegratedComponent:63 - No mode defined for component null
2023-05-21 17:22:49,625 [WARN] ModelIntegratedComponent:63 - No mode defined for component null
2023-05-21 17:22:49,625 [WARN] ModelIntegratedComponent:63 - No mode defined for component null
2023-05-21 17:22:49,625 [WARN] ModelIntegratedComponent:63 - No mode defined for component null
2023-05-21 17:22:49,625 [WARN] ModelIntegratedComponent:63 - No mode defined for component null
2023-05-21 17:22:49,625 [WARN] ModelIntegratedComponent:63 - No mode defined for component null
2023-05-21 17:22:49,625 [WARN] ModelIntegratedComponent:63 - No mode defined for component null
2023-05-21 17:22:49,625 [WARN] ModelIntegratedComponent:63 - No mode defined for component null
2023-05-21 17:22:49,625 [WARN] ModelIntegratedComponent:63 - No mode defined for component null
2023-05-21 17:22:49,625 [WARN] ModelIntegratedComponent:63 - No mode defined for component null
2023-05-21 17:22:49,625 [WARN] ModelIntegratedComponent:63 - No mode defined for component null
2023-05-21 17:22:49,625 [WARN] ModelIntegratedComponent:63 - No mode defined for component null
2023-05-21 17:22:49,625 [WARN] ModelIntegratedComponent:63 - No mode defined for component null
2023-05-21 17:22:49,625 [WARN] ModelIntegratedComponent:63 - No mode defined for component null
2023-05-21 17:22:49,625 [WARN] ModelIntegratedComponent:63 - No mode defined for component null
2023-05-21 17:22:49,625 [WARN] ModelIntegratedComponent:63 - No mode defined for component null
2023-05-21 17:22:49,625 [WARN] ModelIntegratedComponent:63 - No mode defined for component null
2023-05-21 17:22:49,625 [WARN] ModelIntegratedComponent:63 - No mode defined for component null
2023-05-21 17:22:49,625 [WARN] ModelIntegratedComponent:63 - No mode defined for component null
2023-05-21 17:22:49,625 [WARN] ModelIntegratedComponent:63 - No mode defined for component null
2023-05-21 17:22:49,625 [WARN] ModelIntegratedComponent:63 - No mode defined for component null
2023-05-21 17:22:49,625 [WARN] ModelIntegratedComponent:63 - No mode defined for component null
2023-05-21 17:22:49,625 [WARN] ModelIntegratedComponent:63 - No mode defined for component null
2023-05-21 17:22:49,625 [WARN] ModelIntegratedComponent:63 - No mode defined for component null
2023-05-21 17:22:49,625 [WARN] ModelIntegratedComponent:63 - No mode defined for component null
2023-05-21 17:22:49,625 [WARN] ModelIntegratedComponent:63 - No mode defined for component null
2023-05-21 17:22:49,635 [INFO] ThirdPartyModel:298 - Start build external matchings
2023-05-21 17:22:49,762 [INFO] ThirdPartyModel:316 - End build external matchings
2023-05-21 17:22:49,766 [INFO] RtosManager:919 - Current active RTOS is FREERTOS [Cortex-M3NS]
2023-05-21 17:22:49,767 [INFO] ImportTextPane:194 - (OptionalMessage_ERROR) IP (DMA) : Parameter (Instance) has Id (USART1_TX) currently not set
2023-05-21 17:22:49,767 [INFO] ImportTextPane:194 - (OptionalMessage_ERROR) IP (DMA) : Parameter (Direction) has Id (USART1_TX) currently not set
2023-05-21 17:22:49,767 [INFO] ImportTextPane:194 - (OptionalMessage_ERROR) IP (DMA) : Parameter (PeriphInc) has Id (USART1_TX) currently not set
2023-05-21 17:22:49,767 [INFO] ImportTextPane:194 - (OptionalMessage_ERROR) IP (DMA) : Parameter (MemInc) has Id (USART1_TX) currently not set
2023-05-21 17:22:49,767 [INFO] ImportTextPane:194 - (OptionalMessage_ERROR) IP (DMA) : Parameter (PeriphDataAlignment) has Id (USART1_TX) currently not set
2023-05-21 17:22:49,767 [INFO] ImportTextPane:194 - (OptionalMessage_ERROR) IP (DMA) : Parameter (MemDataAlignment) has Id (USART1_TX) currently not set
2023-05-21 17:22:49,767 [INFO] ImportTextPane:194 - (OptionalMessage_ERROR) IP (DMA) : Parameter (Mode) has Id (USART1_TX) currently not set
2023-05-21 17:22:49,767 [INFO] ImportTextPane:194 - (OptionalMessage_ERROR) IP (DMA) : Parameter (Priority) has Id (USART1_TX) currently not set
2023-05-21 17:22:49,769 [INFO] ImportTextPane:194 - (OptionalMessage_ERROR) IP (RCC) : Parameter (ADCFreqValue) has invalid value (36000000)
2023-05-21 17:22:49,769 [INFO] ImportTextPane:194 - (OptionalMessage_ERROR) IP (RCC) : Invalid parameter (FamilyName)
2023-05-21 17:22:49,769 [INFO] ImportTextPane:194 - (OptionalMessage_ERROR) IP (RCC) : Parameter (USBFreq_Value) has invalid value (72000000)
2023-05-21 17:22:49,866 [INFO] UtilMem:75 - End LoadConfig() Used Memory: 504835576 Bytes (773849088)
2023-05-21 17:22:49,883 [WARN] ThirdParty:833 - waiting for thirdparty lock release [change project]
2023-05-21 17:22:49,883 [INFO] ThirdParty:835 - entering critical section [change project]
2023-05-21 17:22:49,883 [INFO] ThirdParty:1030 - CMSIS Pack Vendor :STMicroelectronics X-CUBE-ISPU 1.1.0
2023-05-21 17:22:49,883 [INFO] ThirdParty:1030 - CMSIS Pack Vendor :STMicroelectronics X-CUBE-GNSS1 6.0.0
2023-05-21 17:22:49,883 [INFO] ThirdParty:1030 - CMSIS Pack Vendor :STMicroelectronics USB_HOST 2.0.0
2023-05-21 17:22:49,883 [INFO] ThirdParty:1030 - CMSIS Pack Vendor :STMicroelectronics X-CUBE-AZRTOS-F4 1.1.0
2023-05-21 17:22:49,883 [INFO] ThirdParty:1030 - CMSIS Pack Vendor :STMicroelectronics LIBJPEG 8.0.0
2023-05-21 17:22:49,883 [INFO] ThirdParty:1030 - CMSIS Pack Vendor :STMicroelectronics X-CUBE-SMBUS 2.1.0
2023-05-21 17:22:49,883 [INFO] ThirdParty:1030 - CMSIS Pack Vendor :wolfSSL I-CUBE-wolfSSL 5.6.0
2023-05-21 17:22:49,883 [INFO] ThirdParty:1030 - CMSIS Pack Vendor :STMicroelectronics USB_DEVICE 3.0.0
2023-05-21 17:22:49,883 [INFO] ThirdParty:1030 - CMSIS Pack Vendor :STMicroelectronics X-CUBE-FREERTOS 1.0.1
2023-05-21 17:22:49,883 [INFO] ThirdParty:1030 - CMSIS Pack Vendor :STMicroelectronics X-CUBE-AZRTOS-F7 1.1.0
2023-05-21 17:22:49,883 [INFO] ThirdParty:1030 - CMSIS Pack Vendor :STMicroelectronics X-CUBE-TOUCHGFX 4.21.4
2023-05-21 17:22:49,883 [INFO] ThirdParty:1030 - CMSIS Pack Vendor :STMicroelectronics USB_DEVICE 2.0.0
2023-05-21 17:22:49,883 [INFO] ThirdParty:1030 - CMSIS Pack Vendor :STMicroelectronics X-CUBE-MEMS1 9.6.0
2023-05-21 17:22:49,883 [INFO] ThirdParty:1030 - CMSIS Pack Vendor :STMicroelectronics FP-SNS-MOTENV1 4.3.0
2023-05-21 17:22:49,883 [INFO] ThirdParty:1030 - CMSIS Pack Vendor :STMicroelectronics FP-SNS-FLIGHT1 5.0.0
2023-05-21 17:22:49,883 [INFO] ThirdParty:1030 - CMSIS Pack Vendor :STMicroelectronics X-CUBE-ALGOBUILD 1.3.0
2023-05-21 17:22:49,883 [INFO] ThirdParty:1030 - CMSIS Pack Vendor :STMicroelectronics X-CUBE-BLE1 6.2.4
2023-05-21 17:22:49,883 [INFO] ThirdParty:1030 - CMSIS Pack Vendor :STMicroelectronics X-CUBE-AZRTOS-L5 1.1.0
2023-05-21 17:22:49,883 [INFO] ThirdParty:1030 - CMSIS Pack Vendor :STMicroelectronics FreeRTOS 0.0.1
2023-05-21 17:22:49,883 [INFO] ThirdParty:1030 - CMSIS Pack Vendor :emotas I-CUBE-CANOPEN 1.1.3
2023-05-21 17:22:49,883 [INFO] ThirdParty:1030 - CMSIS Pack Vendor :STMicroelectronics X-CUBE-AZRTOS-G0 1.1.0
2023-05-21 17:22:49,883 [INFO] ThirdParty:1030 - CMSIS Pack Vendor :STMicroelectronics X-CUBE-BLEMGR 2.0.0
2023-05-21 17:22:49,883 [INFO] ThirdParty:1030 - CMSIS Pack Vendor :STMicroelectronics X-CUBE-AI 8.0.1
2023-05-21 17:22:49,883 [INFO] ThirdParty:1030 - CMSIS Pack Vendor :STMicroelectronics X-CUBE-SUBG2 5.0.0
2023-05-21 17:22:49,883 [INFO] ThirdParty:1030 - CMSIS Pack Vendor :STMicroelectronics X-CUBE-NFC4 3.0.0
2023-05-21 17:22:49,883 [INFO] ThirdParty:1030 - CMSIS Pack Vendor :STMicroelectronics STM32_WPAN 1.0.0
2023-05-21 17:22:49,883 [INFO] ThirdParty:1030 - CMSIS Pack Vendor :STMicroelectronics lwIP 2.0.3
2023-05-21 17:22:49,883 [INFO] ThirdParty:1030 - CMSIS Pack Vendor :STMicroelectronics USB_HOST 1.0.0
2023-05-21 17:22:49,883 [INFO] ThirdParty:1030 - CMSIS Pack Vendor :STMicroelectronics X-CUBE-AZRTOS-G4 2.0.0
2023-05-21 17:22:49,883 [INFO] ThirdParty:1030 - CMSIS Pack Vendor :STMicroelectronics PDM2PCM 3.1.0
2023-05-21 17:22:49,883 [INFO] ThirdParty:1030 - CMSIS Pack Vendor :STMicroelectronics X-CUBE-AZRTOS-H7 3.1.0
2023-05-21 17:22:49,883 [INFO] ThirdParty:1030 - CMSIS Pack Vendor :STMicroelectronics X-CUBE-TOF1 3.3.0
2023-05-21 17:22:49,883 [INFO] ThirdParty:1030 - CMSIS Pack Vendor :STMicroelectronics PDM2PCM 3.3.0
2023-05-21 17:22:49,883 [INFO] ThirdParty:1030 - CMSIS Pack Vendor :STMicroelectronics X-CUBE-DISPLAY 3.0.0
2023-05-21 17:22:49,883 [INFO] ThirdParty:1030 - CMSIS Pack Vendor :STMicroelectronics FP-ATR-SIGFOX1 3.2.0
2023-05-21 17:22:49,883 [INFO] ThirdParty:1030 - CMSIS Pack Vendor :STMicroelectronics X-CUBE-AZRTOS-L4 1.0.0
2023-05-21 17:22:49,883 [INFO] ThirdParty:1030 - CMSIS Pack Vendor :STMicroelectronics HAL Drivers 0.0.0
2023-05-21 17:22:49,883 [INFO] ThirdParty:1030 - CMSIS Pack Vendor :STMicroelectronics MBEDTLS 2.16.2
2023-05-21 17:22:49,883 [INFO] ThirdParty:1030 - CMSIS Pack Vendor :STMicroelectronics MBEDTLS 2.14.1
2023-05-21 17:22:49,883 [INFO] ThirdParty:1030 - CMSIS Pack Vendor :STMicroelectronics X-CUBE-NFC7 1.0.0
2023-05-21 17:22:49,883 [INFO] ThirdParty:1030 - CMSIS Pack Vendor :STMicroelectronics X-CUBE-AZRTOS-WL 1.0.0
2023-05-21 17:22:49,883 [INFO] ThirdParty:1030 - CMSIS Pack Vendor :STMicroelectronics X-CUBE-EEPRMA1 4.1.0
2023-05-21 17:22:49,883 [INFO] ThirdParty:1030 - CMSIS Pack Vendor :portGmbH I-Cube-SoM-uGOAL 1.1.0
2023-05-21 17:22:49,883 [INFO] ThirdParty:1030 - CMSIS Pack Vendor :STMicroelectronics X-CUBE-ALS 1.0.1
2023-05-21 17:22:49,883 [INFO] ThirdParty:1030 - CMSIS Pack Vendor :STMicroelectronics ThreadX 1.0.0
2023-05-21 17:22:49,883 [INFO] ThirdParty:1030 - CMSIS Pack Vendor :STMicroelectronics X-CUBE-AZRTOS-WB 1.1.0
2023-05-21 17:22:49,883 [INFO] ThirdParty:1030 - CMSIS Pack Vendor :SEGGER I-CUBE-embOS 1.3.1
2023-05-21 17:22:49,883 [INFO] ThirdParty:1030 - CMSIS Pack Vendor :STMicroelectronics USB_DEVICE 1.0.0
2023-05-21 17:22:49,883 [INFO] ThirdParty:1030 - CMSIS Pack Vendor :STMicroelectronics ThreadX 0.0.2
2023-05-21 17:22:49,883 [INFO] ThirdParty:1030 - CMSIS Pack Vendor :WES I-CUBE-Cesium 1.3.0
2023-05-21 17:22:49,883 [INFO] ThirdParty:1030 - CMSIS Pack Vendor :STMicroelectronics FP-ATR-ASTRA1 2.0.0
2023-05-21 17:22:49,884 [INFO] ThirdParty:1030 - CMSIS Pack Vendor :STMicroelectronics lwIP 2.1.2
2023-05-21 17:22:49,884 [INFO] ThirdParty:1030 - CMSIS Pack Vendor :STMicroelectronics X-CUBE-SFXS2LP1 4.0.0
2023-05-21 17:22:49,884 [INFO] ThirdParty:1030 - CMSIS Pack Vendor :STMicroelectronics X-CUBE-BLE2 3.3.0
2023-05-21 17:22:49,884 [INFO] ThirdParty:1030 - CMSIS Pack Vendor :STMicroelectronics PDM2PCM 3.2.0
2023-05-21 17:22:49,884 [INFO] ThirdParty:841 - exiting critical section [change project]
2023-05-21 17:22:49,926 [INFO] PinOutPanel:1499 - setPackage(No Configuration,No Configuration)
2023-05-21 17:22:49,926 [INFO] PinOutPanel:1499 - setPackage(STM32F103C8Tx,LQFP48)
2023-05-21 17:22:50,066 [INFO] UtilMem:75 - Before build in PCC Used Memory: 318819512 Bytes (773849088)
2023-05-21 17:22:50,248 [INFO] UtilMem:75 - After build in PCC Used Memory: 360236216 Bytes (773849088)
2023-05-21 17:22:50,278 [INFO] ApiDbMcu:507 - Load IP Config File for FREERTOS
2023-05-21 17:22:50,293 [INFO] IPUIPlugin:80 - create IPUIPlugin
2023-05-21 17:22:50,293 [INFO] IPUIPlugin:80 - create IPUIPlugin
2023-05-21 17:22:50,293 [INFO] IPUIPlugin:80 - create IPUIPlugin
2023-05-21 17:22:50,293 [INFO] IPUIPlugin:80 - create IPUIPlugin
2023-05-21 17:22:50,293 [INFO] IPUIPlugin:80 - create IPUIPlugin
2023-05-21 17:22:50,293 [INFO] IPUIPlugin:80 - create IPUIPlugin
2023-05-21 17:22:50,294 [INFO] IPUIPlugin:80 - create IPUIPlugin
2023-05-21 17:22:50,294 [INFO] IPUIPlugin:80 - create IPUIPlugin
2023-05-21 17:22:50,294 [INFO] IPUIPlugin:80 - create IPUIPlugin
2023-05-21 17:22:50,294 [INFO] IPUIPlugin:80 - create IPUIPlugin
2023-05-21 17:22:50,294 [INFO] IPUIPlugin:80 - create IPUIPlugin
2023-05-21 17:22:50,294 [INFO] IPUIPlugin:80 - create IPUIPlugin
2023-05-21 17:22:50,294 [INFO] IPUIPlugin:80 - create IPUIPlugin
2023-05-21 17:22:50,295 [INFO] IPUIPlugin:80 - create IPUIPlugin
2023-05-21 17:22:50,295 [INFO] IPUIPlugin:80 - create IPUIPlugin
2023-05-21 17:22:50,295 [INFO] IPUIPlugin:80 - create IPUIPlugin
2023-05-21 17:22:50,295 [INFO] IPUIPlugin:80 - create IPUIPlugin
2023-05-21 17:22:50,295 [INFO] IPUIPlugin:80 - create IPUIPlugin
2023-05-21 17:22:50,295 [INFO] IPUIPlugin:80 - create IPUIPlugin
2023-05-21 17:22:50,295 [INFO] IPUIPlugin:80 - create IPUIPlugin
2023-05-21 17:22:50,296 [INFO] IPUIPlugin:80 - create IPUIPlugin
2023-05-21 17:22:50,296 [INFO] IPUIPlugin:80 - create IPUIPlugin
2023-05-21 17:22:50,297 [INFO] IPUIPlugin:80 - create IPUIPlugin
2023-05-21 17:22:50,297 [INFO] IPUIPlugin:80 - create IPUIPlugin
2023-05-21 17:22:50,297 [INFO] IPUIPlugin:80 - create IPUIPlugin
2023-05-21 17:22:50,297 [INFO] IPUIPlugin:80 - create IPUIPlugin
2023-05-21 17:22:50,298 [INFO] IPUIPlugin:80 - create IPUIPlugin
2023-05-21 17:22:50,303 [WARN] FreeRTOS:1023 - Null or empty value: should not occur! (nothing added to the table)
2023-05-21 17:22:50,322 [INFO] CADModel:165 - CPN selected for project levelSTM32F103C8T6
2023-05-21 17:22:50,322 [INFO] CADModel:114 - Register for checkConnection events
2023-05-21 17:22:50,323 [INFO] RtosManager:697 - Active RTOS found at IOC load: FREERTOS [Cortex-M3NS]
2023-05-21 17:22:50,366 [INFO] OpenFileManager:328 - Restore cursor
2023-05-21 20:11:06,443 [INFO] Gpio:273 - dependency for GPIO [RCC, SYS, USART1]
