#-----------------------------------------------------------
# Vivado v2020.2 (64-bit)
# SW Build 3064766 on Wed Nov 18 09:12:45 MST 2020
# IP Build 3064653 on Wed Nov 18 14:17:31 MST 2020
# Start of session at: Thu Apr 21 16:36:43 2022
# Process ID: 30440
# Current directory: D:/Vteacher/DPath
# Command line: vivado.exe -gui_launcher_event rodinguilauncherevent3288 D:\Vteacher\DPath\DPath.xpr
# Log file: D:/Vteacher/DPath/vivado.log
# Journal file: D:/Vteacher/DPath\vivado.jou
#-----------------------------------------------------------
start_gui
open_project D:/Vteacher/DPath/DPath.xpr
WARNING: [filemgmt 56-3] Default IP Output Path : Could not find the directory 'D:/Vteacher/DPath/DPath.gen/sources_1'.
Scanning sources...
Finished scanning sources
INFO: [IP_Flow 19-234] Refreshing IP repositories
INFO: [IP_Flow 19-1704] No user IP repositories specified
INFO: [IP_Flow 19-2313] Loaded Vivado IP repository 'D:/vivado/Vivado/2020.2/data/ip'.
open_project: Time (s): cpu = 00:00:11 ; elapsed = 00:00:05 . Memory (MB): peak = 1108.918 ; gain = 0.000
update_compile_order -fileset sources_1
ERROR: [Vivado 12-106] *** Exception: java.lang.IndexOutOfBoundsException: Index -1 out of bounds for length 1 (See D:/Vteacher/DPath/vivado_pid30440.debug)
close [ open D:/Vteacher/DPath/DPath.srcs/sources_1/new/ALU_L4.v w ]
add_files D:/Vteacher/DPath/DPath.srcs/sources_1/new/ALU_L4.v
close [ open D:/Vteacher/DPath/DPath.srcs/sources_1/new/RegFile32.v w ]
add_files D:/Vteacher/DPath/DPath.srcs/sources_1/new/RegFile32.v
close [ open D:/Vteacher/DPath/DPath.srcs/sources_1/new/PCReg.v w ]
add_files D:/Vteacher/DPath/DPath.srcs/sources_1/new/PCReg.v
update_compile_order -fileset sources_1
export_ip_user_files -of_objects  [get_files D:/Vteacher/DPath/DPath.srcs/sources_1/new/PCReg.v] -no_script -reset -force -quiet
remove_files  D:/Vteacher/DPath/DPath.srcs/sources_1/new/PCReg.v
file delete -force D:/Vteacher/DPath/DPath.srcs/sources_1/new/PCReg.v
export_ip_user_files -of_objects  [get_files D:/Vteacher/DPath/DPath.srcs/sources_1/new/RegFile32.v] -no_script -reset -force -quiet
remove_files  D:/Vteacher/DPath/DPath.srcs/sources_1/new/RegFile32.v
file delete -force D:/Vteacher/DPath/DPath.srcs/sources_1/new/RegFile32.v
close [ open D:/Vteacher/DPath/DPath.srcs/sources_1/new/RegFile32.v w ]
add_files D:/Vteacher/DPath/DPath.srcs/sources_1/new/RegFile32.v
update_compile_order -fileset sources_1
close [ open D:/Vteacher/DPath/DPath.srcs/sources_1/new/PCReg.v w ]
add_files D:/Vteacher/DPath/DPath.srcs/sources_1/new/PCReg.v
update_compile_order -fileset sources_1
exit
INFO: [Common 17-206] Exiting Vivado at Thu Apr 21 19:19:37 2022...
