#-----------------------------------------------------------
# Vivado v2020.2 (64-bit)
# SW Build 3064766 on Wed Nov 18 09:12:45 MST 2020
# IP Build 3064653 on Wed Nov 18 14:17:31 MST 2020
# Start of session at: Sun May  1 20:55:11 2022
# Process ID: 22196
# Current directory: D:/Vteacher/SingleCycleCPU
# Command line: vivado.exe -gui_launcher_event rodinguilauncherevent1084 D:\Vteacher\SingleCycleCPU\SingleCycleCPU.xpr
# Log file: D:/Vteacher/SingleCycleCPU/vivado.log
# Journal file: D:/Vteacher/SingleCycleCPU\vivado.jou
#-----------------------------------------------------------
start_gui
open_project D:/Vteacher/SingleCycleCPU/SingleCycleCPU.xpr
INFO: [Project 1-313] Project file moved from 'D:/EDAFile_vivado/LAB4/SingleCycleCPU' since last save.
Scanning sources...
Finished scanning sources
INFO: [Project 1-230] Project 'SingleCycleCPU.xpr' upgraded for this version of Vivado.
INFO: [IP_Flow 19-234] Refreshing IP repositories
INFO: [IP_Flow 19-1704] No user IP repositories specified
INFO: [IP_Flow 19-2313] Loaded Vivado IP repository 'D:/vivado/Vivado/2020.2/data/ip'.
open_project: Time (s): cpu = 00:00:14 ; elapsed = 00:00:05 . Memory (MB): peak = 1106.297 ; gain = 0.000
update_compile_order -fileset sources_1
exit
INFO: [Common 17-206] Exiting Vivado at Mon May  2 10:13:08 2022...
