Copyright 1986-2020 Xilinx, Inc. All Rights Reserved.
-------------------------------------------------------------------------------------------------------------------------------
| Tool Version     : Vivado v.2020.2 (win64) Build 3064766 Wed Nov 18 09:12:45 MST 2020
| Date             : Tue Jun 14 09:54:01 2022
| Host             : DESKTOP-715IQOV running 64-bit major release  (build 9200)
| Command          : report_power -file Top_power_routed.rpt -pb Top_power_summary_routed.pb -rpx Top_power_routed.rpx
| Design           : Top
| Device           : xc7k160tffg676-2L
| Design State     : routed
| Grade            : extended
| Process          : typical
| Characterization : Production
-------------------------------------------------------------------------------------------------------------------------------

Power Report

Table of Contents
-----------------
1. Summary
1.1 On-Chip Components
1.2 Power Supply Summary
1.3 Confidence Level
2. Settings
2.1 Environment
2.2 Clock Constraints
3. Detailed Reports
3.1 By Hierarchy

1. Summary
----------

+--------------------------+----------------------------------+
| Total On-Chip Power (W)  | 60.714 (Junction temp exceeded!) |
| Design Power Budget (W)  | Unspecified*                     |
| Power Budget Margin (W)  | NA                               |
| Dynamic (W)              | 58.652                           |
| Device Static (W)        | 2.062                            |
| Effective TJA (C/W)      | 1.9                              |
| Max Ambient (C)          | 0.0                              |
| Junction Temperature (C) | 125.0                            |
| Confidence Level         | Low                              |
| Setting File             | ---                              |
| Simulation Activity File | ---                              |
| Design Nets Matched      | NA                               |
+--------------------------+----------------------------------+
* Specify Design Power Budget using, set_operating_conditions -design_power_budget <value in Watts>


1.1 On-Chip Components
----------------------

+--------------------------+-----------+----------+-----------+-----------------+
| On-Chip                  | Power (W) | Used     | Available | Utilization (%) |
+--------------------------+-----------+----------+-----------+-----------------+
| Slice Logic              |    15.202 |     7145 |       --- |             --- |
|   LUT as Logic           |    13.701 |     3883 |    101400 |            3.83 |
|   LUT as Distributed RAM |     0.701 |      640 |     35000 |            1.83 |
|   CARRY4                 |     0.343 |      106 |     25350 |            0.42 |
|   F7/F8 Muxes            |     0.273 |      508 |    101400 |            0.50 |
|   Register               |     0.143 |     1701 |    202800 |            0.84 |
|   BUFG                   |     0.042 |        7 |        32 |           21.88 |
|   Others                 |     0.000 |       43 |       --- |             --- |
| Signals                  |    22.753 |     5708 |       --- |             --- |
| Block RAM                |     0.110 |        1 |       325 |            0.31 |
| I/O                      |    20.587 |       49 |       400 |           12.25 |
| Static Power             |     2.062 |          |           |                 |
| Total                    |    60.714 |          |           |                 |
+--------------------------+-----------+----------+-----------+-----------------+


1.2 Power Supply Summary
------------------------

+-----------+-------------+-----------+-------------+------------+-------------+-------------+------------+
| Source    | Voltage (V) | Total (A) | Dynamic (A) | Static (A) | Powerup (A) | Budget (A)  | Margin (A) |
+-----------+-------------+-----------+-------------+------------+-------------+-------------+------------+
| Vccint    |       1.000 |    39.907 |      38.144 |      1.763 |       NA    | Unspecified | NA         |
| Vccaux    |       1.800 |     0.911 |       0.803 |      0.108 |       NA    | Unspecified | NA         |
| Vcco33    |       3.300 |     5.454 |       5.453 |      0.001 |       NA    | Unspecified | NA         |
| Vcco25    |       2.500 |     0.000 |       0.000 |      0.000 |       NA    | Unspecified | NA         |
| Vcco18    |       1.800 |     0.573 |       0.572 |      0.001 |       NA    | Unspecified | NA         |
| Vcco15    |       1.500 |     0.020 |       0.019 |      0.001 |       NA    | Unspecified | NA         |
| Vcco135   |       1.350 |     0.000 |       0.000 |      0.000 |       NA    | Unspecified | NA         |
| Vcco12    |       1.200 |     0.000 |       0.000 |      0.000 |       NA    | Unspecified | NA         |
| Vccaux_io |       1.800 |     0.000 |       0.000 |      0.000 |       NA    | Unspecified | NA         |
| Vccbram   |       1.000 |     0.072 |       0.010 |      0.062 |       NA    | Unspecified | NA         |
| MGTAVcc   |       1.000 |     0.000 |       0.000 |      0.000 |       NA    | Unspecified | NA         |
| MGTAVtt   |       1.200 |     0.000 |       0.000 |      0.000 |       NA    | Unspecified | NA         |
| MGTVccaux |       1.800 |     0.000 |       0.000 |      0.000 |       NA    | Unspecified | NA         |
| Vccadc    |       1.800 |     0.020 |       0.000 |      0.020 |       NA    | Unspecified | NA         |
+-----------+-------------+-----------+-------------+------------+-------------+-------------+------------+


1.3 Confidence Level
--------------------

+-----------------------------+------------+--------------------------------------------------------+--------------------------------------------------------------------------------------------------------------------+
| User Input Data             | Confidence | Details                                                | Action                                                                                                             |
+-----------------------------+------------+--------------------------------------------------------+--------------------------------------------------------------------------------------------------------------------+
| Design implementation state | High       | Design is routed                                       |                                                                                                                    |
| Clock nodes activity        | Low        | User specified less than 75% of clocks                 | Provide missing clock activity with a constraint file, simulation results or by editing the "By Clock Domain" view |
| I/O nodes activity          | Low        | More than 75% of inputs are missing user specification | Provide missing input activity with simulation results or by editing the "By Resource Type -> I/Os" view           |
| Internal nodes activity     | Medium     | User specified less than 25% of internal nodes         | Provide missing internal nodes activity with simulation results or by editing the "By Resource Type" views         |
| Device models               | High       | Device models are Production                           |                                                                                                                    |
|                             |            |                                                        |                                                                                                                    |
| Overall confidence level    | Low        |                                                        |                                                                                                                    |
+-----------------------------+------------+--------------------------------------------------------+--------------------------------------------------------------------------------------------------------------------+


2. Settings
-----------

2.1 Environment
---------------

+-----------------------+--------------------------+
| Ambient Temp (C)      | 25.0                     |
| ThetaJA (C/W)         | 1.9                      |
| Airflow (LFM)         | 250                      |
| Heat Sink             | medium (Medium Profile)  |
| ThetaSA (C/W)         | 3.4                      |
| Board Selection       | medium (10"x10")         |
| # of Board Layers     | 12to15 (12 to 15 Layers) |
| Board Temperature (C) | 25.0                     |
+-----------------------+--------------------------+


2.2 Clock Constraints
---------------------

+-------+--------+-----------------+
| Clock | Domain | Constraint (ns) |
+-------+--------+-----------------+


3. Detailed Reports
-------------------

3.1 By Hierarchy
----------------

+-----------------------------------+-----------+
| Name                              | Power (W) |
+-----------------------------------+-----------+
| Top                               |    58.652 |
|   U1                              |     3.882 |
|     Lctrl                         |     0.097 |
|     ctrl                          |     1.131 |
|     datapath                      |     2.655 |
|       ALU                         |     0.025 |
|       PC                          |     1.178 |
|       Regs                        |     1.097 |
|   U10                             |     1.499 |
|     inst                          |     1.499 |
|   U11                             |    26.930 |
|     inst__0                       |    26.930 |
|       vga_controller              |     5.194 |
|       vga_debugger                |    17.925 |
|       vga_display                 |     3.811 |
|   U2                              |     3.176 |
|     U0                            |     3.176 |
|       synth_options.dist_mem_inst |     3.176 |
|   U3                              |     0.111 |
|     U0                            |     0.111 |
|       inst_blk_mem_gen            |     0.111 |
|   U4                              |     0.006 |
|     inst                          |     0.006 |
|   U5                              |     0.475 |
|     inst                          |     0.475 |
|   U6                              |     0.885 |
|     inst                          |     0.885 |
|       M2                          |     0.286 |
|       SM1                         |     0.598 |
|   U7                              |     0.158 |
|     inst                          |     0.158 |
|       LED_P2S                     |     0.158 |
|   U8                              |     0.376 |
|     inst                          |     0.376 |
|   U9                              |     0.116 |
|     inst                          |     0.116 |
|   Uclk                            |     0.080 |
|     inst                          |     0.080 |
|   p1                              |     0.035 |
|   p2                              |     0.032 |
|   p3                              |     0.031 |
|   p4                              |     0.034 |
+-----------------------------------+-----------+


