#-----------------------------------------------------------
# Vivado v2020.2 (64-bit)
# SW Build 3064766 on Wed Nov 18 09:12:45 MST 2020
# IP Build 3064653 on Wed Nov 18 14:17:31 MST 2020
# Start of session at: Wed Mar 16 15:37:37 2022
# Process ID: 6220
# Current directory: D:/Vteacher/OExp02-IP2SOC
# Command line: vivado.exe -gui_launcher_event rodinguilauncherevent9024 D:\Vteacher\OExp02-IP2SOC\OExp02-IP2SOC.xpr
# Log file: D:/Vteacher/OExp02-IP2SOC/vivado.log
# Journal file: D:/Vteacher/OExp02-IP2SOC\vivado.jou
#-----------------------------------------------------------
start_gui
open_project D:/Vteacher/OExp02-IP2SOC/OExp02-IP2SOC.xpr
INFO: [Common 17-41] Interrupt caught. Command should exit soon.
INFO: [Common 17-344] 'open_project' was cancelled
exit
INFO: [Common 17-206] Exiting Vivado at Wed Mar 16 15:38:23 2022...
shed scanning sources
INFO: [IP_Flow 19-234] Refreshing IP repositories
INFO: [IP_Flow 19-1700] Loaded user IP repository 'd:/Vteacher/OExp02-IP2SOC/IP'.
INFO: [IP_Flow 19-2313] Loaded Vivado IP repository 'D:/vivado/Vivado/2020.2/data/ip'.
open_project: Time (s): cpu = 00:00:41 ; elapsed = 00:00:18 . Memory (MB): peak = 1108.469 ; gain = 0.000
update_compile_order -fileset sources_1
exit
INFO: [Common 17-206] Exiting Vivado at Wed Mar 16 15:38:40 2022...
