#-----------------------------------------------------------
# Vivado v2020.2 (64-bit)
# SW Build 3064766 on Wed Nov 18 09:12:45 MST 2020
# IP Build 3064653 on Wed Nov 18 14:17:31 MST 2020
# Start of session at: Thu Mar 17 16:05:05 2022
# Process ID: 15620
# Current directory: D:/Vteacher/OExp02-IP2SOC
# Command line: vivado.exe -gui_launcher_event rodinguilauncherevent10800 D:\Vteacher\OExp02-IP2SOC\OExp02-IP2SOC.xpr
# Log file: D:/Vteacher/OExp02-IP2SOC/vivado.log
# Journal file: D:/Vteacher/OExp02-IP2SOC\vivado.jou
#-----------------------------------------------------------
start_gui
open_project D:/Vteacher/OExp02-IP2SOC/OExp02-IP2SOC.xpr
CRITICAL WARNING: [Project 1-19] Could not find the file 'D:/Vteacher/OExp02-IP2SOC/OExp02-IP2SOC.srcs/sources_1/bd/CSSTE/ip/CSSTE_RAM_B_0_0/RAM_B.srcs/D_mem.coe'.
Scanning sources...
Finished scanning sources
INFO: [IP_Flow 19-234] Refreshing IP repositories
INFO: [IP_Flow 19-1700] Loaded user IP repository 'd:/Vteacher/OExp02-IP2SOC/IP'.
INFO: [IP_Flow 19-2313] Loaded Vivado IP repository 'D:/vivado/Vivado/2020.2/data/ip'.
open_project: Time (s): cpu = 00:00:37 ; elapsed = 00:00:18 . Memory (MB): peak = 1107.934 ; gain = 0.000
update_compile_order -fileset sources_1
close_project
create_project Lab2 D:/Vteacher/Lab2 -part xc7k160tffg676-2L
INFO: [IP_Flow 19-234] Refreshing IP repositories
INFO: [IP_Flow 19-1704] No user IP repositories specified
INFO: [IP_Flow 19-2313] Loaded Vivado IP repository 'D:/vivado/Vivado/2020.2/data/ip'.
create_project: Time (s): cpu = 00:00:16 ; elapsed = 00:00:07 . Memory (MB): peak = 1107.934 ; gain = 0.000
set_property  ip_repo_paths  D:/Vteacher/IP [current_project]
update_ip_catalog
INFO: [IP_Flow 19-234] Refreshing IP repositories
INFO: [IP_Flow 19-1700] Loaded user IP repository 'd:/Vteacher/IP'.
file mkdir D:/Vteacher/Lab2/Lab2.srcs/sources_1/new
close [ open D:/Vteacher/Lab2/Lab2.srcs/sources_1/new/Top.v w ]
add_files D:/Vteacher/Lab2/Lab2.srcs/sources_1/new/Top.v
update_compile_order -fileset sources_1
exit
INFO: [Common 17-206] Exiting Vivado at Thu Mar 17 18:38:18 2022...
