#-----------------------------------------------------------
# Vivado v2020.2 (64-bit)
# SW Build 3064766 on Wed Nov 18 09:12:45 MST 2020
# IP Build 3064653 on Wed Nov 18 14:17:31 MST 2020
# Start of session at: Wed Mar 30 11:51:28 2022
# Process ID: 22244
# Current directory: D:/Vteacher/OExp03-float_add
# Command line: vivado.exe -gui_launcher_event rodinguilauncherevent2032 D:\Vteacher\OExp03-float_add\float_add.xpr
# Log file: D:/Vteacher/OExp03-float_add/vivado.log
# Journal file: D:/Vteacher/OExp03-float_add\vivado.jou
#-----------------------------------------------------------
start_gui
open_project D:/Vteacher/OExp03-float_add/float_add.xpr
INFO: [Project 1-313] Project file moved from 'C:/Users/ASUS/Desktop/OExp_RISCV/OExp03/OExp03-float_add' since last save.
CRITICAL WARNING: [Project 1-311] Could not find the file 'D:/Vteacher/OExp03-float_add/float_add.srcs/sources_1/imports/FPU/addone.v', nor could it be found using path 'C:/Users/ASUS/Desktop/OExp_RISCV/OExp03/OExp03-float_add/float_add.srcs/sources_1/imports/FPU/addone.v'.
CRITICAL WARNING: [Project 1-311] Could not find the file 'D:/Vteacher/OExp03-float_add/float_add.srcs/sources_1/imports/FPU/div32.v', nor could it be found using path 'C:/Users/ASUS/Desktop/OExp_RISCV/OExp03/OExp03-float_add/float_add.srcs/sources_1/imports/FPU/div32.v'.
CRITICAL WARNING: [Project 1-311] Could not find the file 'D:/Vteacher/OExp03-float_add/float_add.srcs/sources_1/imports/FPU/largeALU.v', nor could it be found using path 'C:/Users/ASUS/Desktop/OExp_RISCV/OExp03/OExp03-float_add/float_add.srcs/sources_1/imports/FPU/largeALU.v'.
CRITICAL WARNING: [Project 1-311] Could not find the file 'D:/Vteacher/OExp03-float_add/float_add.srcs/sources_1/imports/FPU/smallALU.v', nor could it be found using path 'C:/Users/ASUS/Desktop/OExp_RISCV/OExp03/OExp03-float_add/float_add.srcs/sources_1/imports/FPU/smallALU.v'.
Scanning sources...
Finished scanning sources
INFO: [Project 1-230] Project 'float_add.xpr' upgraded for this version of Vivado.
INFO: [IP_Flow 19-234] Refreshing IP repositories
INFO: [IP_Flow 19-1704] No user IP repositories specified
INFO: [IP_Flow 19-2313] Loaded Vivado IP repository 'D:/vivado/Vivado/2020.2/data/ip'.
open_project: Time (s): cpu = 00:00:30 ; elapsed = 00:00:13 . Memory (MB): peak = 1106.973 ; gain = 0.000
update_compile_order -fileset sources_1
exit
INFO: [Common 17-206] Exiting Vivado at Wed Mar 30 23:36:43 2022...
