#-----------------------------------------------------------
# Vivado v2020.2 (64-bit)
# SW Build 3064766 on Wed Nov 18 09:12:45 MST 2020
# IP Build 3064653 on Wed Nov 18 14:17:31 MST 2020
# Start of session at: Mon Mar 28 13:43:52 2022
# Process ID: 2676
# Current directory: D:/Vfile/2T1_5
# Command line: vivado.exe -gui_launcher_event rodinguilauncherevent30948 D:\Vfile\2T1_5\2T1_5.xpr
# Log file: D:/Vfile/2T1_5/vivado.log
# Journal file: D:/Vfile/2T1_5\vivado.jou
#-----------------------------------------------------------
start_gui
open_project D:/Vfile/2T1_5/2T1_5.xpr
WARNING: [filemgmt 56-3] Default IP Output Path : Could not find the directory 'D:/Vfile/2T1_5/2T1_5.gen/sources_1'.
Scanning sources...
Finished scanning sources
INFO: [IP_Flow 19-234] Refreshing IP repositories
INFO: [IP_Flow 19-1700] Loaded user IP repository 'd:/Vfile/2T1_5/2T1_5.srcs'.
INFO: [IP_Flow 19-2313] Loaded Vivado IP repository 'D:/vivado/Vivado/2020.2/data/ip'.
open_project: Time (s): cpu = 00:00:31 ; elapsed = 00:00:15 . Memory (MB): peak = 1110.914 ; gain = 0.000
update_compile_order -fileset sources_1
launch_simulation
Command: launch_simulation 
INFO: [Vivado 12-5682] Launching behavioral simulation in 'D:/Vfile/2T1_5/2T1_5.sim/sim_1/behav/xsim'
INFO: [SIM-utils-51] Simulation object is 'sim_1'
INFO: [SIM-utils-54] Inspecting design source files for 'simmux' in fileset 'sim_1'...
INFO: [USF-XSim-97] Finding global include files...
INFO: [USF-XSim-98] Fetching design files from 'sim_1'...
INFO: [USF-XSim-2] XSim::Compile design
INFO: [USF-XSim-61] Executing 'COMPILE and ANALYZE' step in 'D:/Vfile/2T1_5/2T1_5.sim/sim_1/behav/xsim'
"xvlog --incr --relax -prj simmux_vlog.prj"
INFO: [VRFC 10-2263] Analyzing Verilog file "D:/Vfile/2T1_5/2T1_5.srcs/sources_1/new/mux215.v" into library xil_defaultlib
INFO: [VRFC 10-311] analyzing module mux215
INFO: [VRFC 10-2263] Analyzing Verilog file "D:/Vfile/2T1_5/2T1_5.srcs/sim_1/new/simmux.v" into library xil_defaultlib
INFO: [VRFC 10-311] analyzing module simmux
INFO: [USF-XSim-69] 'compile' step finished in '3' seconds
INFO: [USF-XSim-3] XSim::Elaborate design
INFO: [USF-XSim-61] Executing 'ELABORATE' step in 'D:/Vfile/2T1_5/2T1_5.sim/sim_1/behav/xsim'
"xelab -wto 92dc0fbdf35b49d48a4173adf576be34 --incr --debug typical --relax --mt 2 -L xil_defaultlib -L unisims_ver -L unimacro_ver -L secureip --snapshot simmux_behav xil_defaultlib.simmux xil_defaultlib.glbl -log elaborate.log"
Vivado Simulator 2020.2
Copyright 1986-1999, 2001-2020 Xilinx, Inc. All Rights Reserved.
Running: D:/vivado/Vivado/2020.2/bin/unwrapped/win64.o/xelab.exe -wto 92dc0fbdf35b49d48a4173adf576be34 --incr --debug typical --relax --mt 2 -L xil_defaultlib -L unisims_ver -L unimacro_ver -L secureip --snapshot simmux_behav xil_defaultlib.simmux xil_defaultlib.glbl -log elaborate.log 
Using 2 slave threads.
Starting static elaboration
Pass Through NonSizing Optimizer
Completed static elaboration
Starting simulation data flow analysis
Completed simulation data flow analysis
Time Resolution for simulation is 1ps
Compiling module xil_defaultlib.mux215
Compiling module xil_defaultlib.simmux
Compiling module xil_defaultlib.glbl
Built simulation snapshot simmux_behav

****** Webtalk v2020.2 (64-bit)
  **** SW Build 3064766 on Wed Nov 18 09:12:45 MST 2020
  **** IP Build 3064653 on Wed Nov 18 14:17:31 MST 2020
    ** Copyright 1986-2020 Xilinx, Inc. All Rights Reserved.

source D:/Vfile/2T1_5/2T1_5.sim/sim_1/behav/xsim/xsim.dir/simmux_behav/webtalk/xsim_webtalk.tcl -notrace
INFO: [Common 17-186] 'D:/Vfile/2T1_5/2T1_5.sim/sim_1/behav/xsim/xsim.dir/simmux_behav/webtalk/usage_statistics_ext_xsim.xml' has been successfully sent to Xilinx on Mon Mar 28 13:46:09 2022. For additional details about this file, please refer to the WebTalk help file at D:/vivado/Vivado/2020.2/doc/webtalk_introduction.html.
webtalk_transmit: Time (s): cpu = 00:00:00 ; elapsed = 00:00:05 . Memory (MB): peak = 116.516 ; gain = 17.527
INFO: [Common 17-206] Exiting Webtalk at Mon Mar 28 13:46:09 2022...
run_program: Time (s): cpu = 00:00:02 ; elapsed = 00:00:13 . Memory (MB): peak = 1110.914 ; gain = 0.000
INFO: [USF-XSim-69] 'elaborate' step finished in '13' seconds
INFO: [USF-XSim-4] XSim::Simulate design
INFO: [USF-XSim-61] Executing 'SIMULATE' step in 'D:/Vfile/2T1_5/2T1_5.sim/sim_1/behav/xsim'
INFO: [USF-XSim-98] *** Running xsim
   with args "simmux_behav -key {Behavioral:sim_1:Functional:simmux} -tclbatch {simmux.tcl} -log {simulate.log}"
INFO: [USF-XSim-8] Loading simulator feature
Vivado Simulator 2020.2
Time resolution is 1 ps
source simmux.tcl
# set curr_wave [current_wave_config]
# if { [string length $curr_wave] == 0 } {
#   if { [llength [get_objects]] > 0} {
#     add_wave /
#     set_property needs_save false [current_wave_config]
#   } else {
#      send_msg_id Add_Wave-1 WARNING "No top level signals found. Simulator will start without a wave window. If you want to open a wave window go to 'File->New Waveform Configuration' or type 'create_wave_config' in the TCL console."
#   }
# }
# run 1000ns
xsim: Time (s): cpu = 00:00:17 ; elapsed = 00:00:06 . Memory (MB): peak = 1110.914 ; gain = 0.000
INFO: [USF-XSim-96] XSim completed. Design snapshot 'simmux_behav' loaded.
INFO: [USF-XSim-97] XSim simulation ran for 1000ns
launch_simulation: Time (s): cpu = 00:00:24 ; elapsed = 00:00:23 . Memory (MB): peak = 1110.914 ; gain = 0.000
ipx::open_ipxact_file D:/Vfile/2T1_5/2T1_5.srcs/component.xml
WARNING: [IP_Flow 19-5226] Project source file 'd:/Vfile/2T1_5/2T1_5.srcs/component.xml' ignored by IP packager.
WARNING: [IP_Flow 19-3898] File Group 'xilinx_anylanguagesynthesis (Synthesis)': File 'd:/Vfile/2T1_5/2T1_5.srcs/sources_1/new/mux215.v' is not found in the project sources. It will be removed from the packaged IP when the sources are merged. If still required, please add this file to the project and re-package.
WARNING: [IP_Flow 19-3898] File Group 'xilinx_anylanguagebehavioralsimulation (Simulation)': File 'd:/Vfile/2T1_5/2T1_5.srcs/sources_1/new/mux215.v' is not found in the project sources. It will be removed from the packaged IP when the sources are merged. If still required, please add this file to the project and re-package.
WARNING: [IP_Flow 19-3898] File Group 'xilinx_testbench (Test Bench)': File 'd:/Vfile/2T1_5/2T1_5.srcs/sim_1/new/simmux.v' is not found in the project sources. It will be removed from the packaged IP when the sources are merged. If still required, please add this file to the project and re-package.
close_sim
INFO: [Simtcl 6-16] Simulation closed
close_sim: Time (s): cpu = 00:00:04 ; elapsed = 00:00:12 . Memory (MB): peak = 1110.914 ; gain = 0.000
launch_simulation
Command: launch_simulation 
INFO: [Vivado 12-5682] Launching behavioral simulation in 'D:/Vfile/2T1_5/2T1_5.sim/sim_1/behav/xsim'
INFO: [SIM-utils-51] Simulation object is 'sim_1'
INFO: [SIM-utils-54] Inspecting design source files for 'simmux' in fileset 'sim_1'...
INFO: [USF-XSim-97] Finding global include files...
INFO: [USF-XSim-98] Fetching design files from 'sim_1'...
INFO: [USF-XSim-2] XSim::Compile design
INFO: [USF-XSim-61] Executing 'COMPILE and ANALYZE' step in 'D:/Vfile/2T1_5/2T1_5.sim/sim_1/behav/xsim'
"xvlog --incr --relax -prj simmux_vlog.prj"
INFO: [VRFC 10-2263] Analyzing Verilog file "D:/Vfile/2T1_5/2T1_5.srcs/sources_1/new/mux215.v" into library xil_defaultlib
INFO: [VRFC 10-311] analyzing module mux215
INFO: [VRFC 10-2263] Analyzing Verilog file "D:/Vfile/2T1_5/2T1_5.srcs/sim_1/new/simmux.v" into library xil_defaultlib
INFO: [VRFC 10-311] analyzing module simmux
INFO: [USF-XSim-69] 'compile' step finished in '2' seconds
INFO: [USF-XSim-3] XSim::Elaborate design
INFO: [USF-XSim-61] Executing 'ELABORATE' step in 'D:/Vfile/2T1_5/2T1_5.sim/sim_1/behav/xsim'
"xelab -wto 92dc0fbdf35b49d48a4173adf576be34 --incr --debug typical --relax --mt 2 -L xil_defaultlib -L unisims_ver -L unimacro_ver -L secureip --snapshot simmux_behav xil_defaultlib.simmux xil_defaultlib.glbl -log elaborate.log"
Vivado Simulator 2020.2
Copyright 1986-1999, 2001-2020 Xilinx, Inc. All Rights Reserved.
Running: D:/vivado/Vivado/2020.2/bin/unwrapped/win64.o/xelab.exe -wto 92dc0fbdf35b49d48a4173adf576be34 --incr --debug typical --relax --mt 2 -L xil_defaultlib -L unisims_ver -L unimacro_ver -L secureip --snapshot simmux_behav xil_defaultlib.simmux xil_defaultlib.glbl -log elaborate.log 
Using 2 slave threads.
Starting static elaboration
Pass Through NonSizing Optimizer
Completed static elaboration
Starting simulation data flow analysis
Completed simulation data flow analysis
Time Resolution for simulation is 1ps
Compiling module xil_defaultlib.mux215
Compiling module xil_defaultlib.simmux
Compiling module xil_defaultlib.glbl
Built simulation snapshot simmux_behav
INFO: [USF-XSim-69] 'elaborate' step finished in '3' seconds
INFO: [USF-XSim-4] XSim::Simulate design
INFO: [USF-XSim-61] Executing 'SIMULATE' step in 'D:/Vfile/2T1_5/2T1_5.sim/sim_1/behav/xsim'
INFO: [USF-XSim-98] *** Running xsim
   with args "simmux_behav -key {Behavioral:sim_1:Functional:simmux} -tclbatch {simmux.tcl} -log {simulate.log}"
INFO: [USF-XSim-8] Loading simulator feature
Vivado Simulator 2020.2
Time resolution is 1 ps
source simmux.tcl
# set curr_wave [current_wave_config]
# if { [string length $curr_wave] == 0 } {
#   if { [llength [get_objects]] > 0} {
#     add_wave /
#     set_property needs_save false [current_wave_config]
#   } else {
#      send_msg_id Add_Wave-1 WARNING "No top level signals found. Simulator will start without a wave window. If you want to open a wave window go to 'File->New Waveform Configuration' or type 'create_wave_config' in the TCL console."
#   }
# }
# run 1000ns
INFO: [USF-XSim-96] XSim completed. Design snapshot 'simmux_behav' loaded.
INFO: [USF-XSim-97] XSim simulation ran for 1000ns
launch_simulation: Time (s): cpu = 00:00:10 ; elapsed = 00:00:11 . Memory (MB): peak = 1110.914 ; gain = 0.000
close_sim
INFO: [Simtcl 6-16] Simulation closed
close_sim: Time (s): cpu = 00:00:05 ; elapsed = 00:00:06 . Memory (MB): peak = 1381.281 ; gain = 0.000
exit
INFO: [Common 17-206] Exiting Vivado at Mon Mar 28 17:34:53 2022...
