#-----------------------------------------------------------
# Vivado v2020.2 (64-bit)
# SW Build 3064766 on Wed Nov 18 09:12:45 MST 2020
# IP Build 3064653 on Wed Nov 18 14:17:31 MST 2020
# Start of session at: Thu Mar 10 18:01:38 2022
# Process ID: 45116
# Current directory: D:/Vfile/2T1_5
# Command line: vivado.exe -gui_launcher_event rodinguilauncherevent34908 D:\Vfile\2T1_5\2T1_5.xpr
# Log file: D:/Vfile/2T1_5/vivado.log
# Journal file: D:/Vfile/2T1_5\vivado.jou
#-----------------------------------------------------------
start_gui
open_project D:/Vfile/2T1_5/2T1_5.xpr
WARNING: [filemgmt 56-3] Default IP Output Path : Could not find the directory 'D:/Vfile/2T1_5/2T1_5.gen/sources_1'.
Scanning sources...
Finished scanning sources
INFO: [IP_Flow 19-234] Refreshing IP repositories
INFO: [IP_Flow 19-1700] Loaded user IP repository 'd:/Vfile/2T1_5/2T1_5.srcs'.
INFO: [IP_Flow 19-2313] Loaded Vivado IP repository 'D:/vivado/Vivado/2020.2/data/ip'.
open_project: Time (s): cpu = 00:00:27 ; elapsed = 00:00:12 . Memory (MB): peak = 1109.609 ; gain = 0.000
update_compile_order -fileset sources_1
exit
INFO: [Common 17-206] Exiting Vivado at Thu Mar 10 18:02:41 2022...
