#-----------------------------------------------------------
# Vivado v2020.2 (64-bit)
# SW Build 3064766 on Wed Nov 18 09:12:45 MST 2020
# IP Build 3064653 on Wed Nov 18 14:17:31 MST 2020
# Start of session at: Tue Oct 18 11:10:50 2022
# Process ID: 3420
# Current directory: D:/Vfile/Exp2_NEXYS_A7
# Command line: vivado.exe -gui_launcher_event rodinguilauncherevent10944 D:\Vfile\Exp2_NEXYS_A7\Exp2.xpr
# Log file: D:/Vfile/Exp2_NEXYS_A7/vivado.log
# Journal file: D:/Vfile/Exp2_NEXYS_A7\vivado.jou
#-----------------------------------------------------------
Sourcing tcl script 'D:/vivado/Vivado/2020.2/scripts/Vivado_init.tcl'
start_gui
open_project D:/Vfile/Exp2_NEXYS_A7/Exp2.xpr
INFO: [Project 1-313] Project file moved from 'C:/Users/Zonghui Wang/Desktop/risc v/code/Exp2' since last save.
Scanning sources...
Finished scanning sources
INFO: [Project 1-230] Project 'Exp2.xpr' upgraded for this version of Vivado.
INFO: [IP_Flow 19-234] Refreshing IP repositories
INFO: [IP_Flow 19-1704] No user IP repositories specified
INFO: [IP_Flow 19-2313] Loaded Vivado IP repository 'D:/vivado/Vivado/2020.2/data/ip'.
open_project: Time (s): cpu = 00:00:15 ; elapsed = 00:00:06 . Memory (MB): peak = 1088.824 ; gain = 0.000
update_compile_order -fileset sources_1
exit
INFO: [Common 17-206] Exiting Vivado at Tue Oct 18 11:30:03 2022...
