#-----------------------------------------------------------
# Vivado v2020.2 (64-bit)
# SW Build 3064766 on Wed Nov 18 09:12:45 MST 2020
# IP Build 3064653 on Wed Nov 18 14:17:31 MST 2020
# Start of session at: Wed Mar 30 21:10:19 2022
# Process ID: 7328
# Current directory: D:/Vfile/NOR32
# Command line: vivado.exe -gui_launcher_event rodinguilauncherevent2040 D:\Vfile\NOR32\NOR32.xpr
# Log file: D:/Vfile/NOR32/vivado.log
# Journal file: D:/Vfile/NOR32\vivado.jou
#-----------------------------------------------------------
start_gui
open_project D:/Vfile/NOR32/NOR32.xpr
WARNING: [filemgmt 56-3] Default IP Output Path : Could not find the directory 'D:/Vfile/NOR32/NOR32.gen/sources_1'.
Scanning sources...
Finished scanning sources
INFO: [IP_Flow 19-234] Refreshing IP repositories
INFO: [IP_Flow 19-1700] Loaded user IP repository 'd:/Vfile/NOR32/NOR32.srcs/sources_1/new'.
INFO: [IP_Flow 19-2313] Loaded Vivado IP repository 'D:/vivado/Vivado/2020.2/data/ip'.
open_project: Time (s): cpu = 00:00:11 ; elapsed = 00:00:05 . Memory (MB): peak = 1111.715 ; gain = 0.000
update_compile_order -fileset sources_1
exit
INFO: [Common 17-206] Exiting Vivado at Wed Mar 30 21:10:51 2022...
