#-----------------------------------------------------------
# Vivado v2020.2 (64-bit)
# SW Build 3064766 on Wed Nov 18 09:12:45 MST 2020
# IP Build 3064653 on Wed Nov 18 14:17:31 MST 2020
# Start of session at: Tue Mar 15 11:01:22 2022
# Process ID: 35556
# Current directory: D:/Vfile/MUX2164
# Command line: vivado.exe -gui_launcher_event rodinguilauncherevent32064 D:\Vfile\MUX2164\MUX2164.xpr
# Log file: D:/Vfile/MUX2164/vivado.log
# Journal file: D:/Vfile/MUX2164\vivado.jou
#-----------------------------------------------------------
start_gui
open_project D:/Vfile/MUX2164/MUX2164.xpr
WARNING: [filemgmt 56-3] Default IP Output Path : Could not find the directory 'D:/Vfile/MUX2164/MUX2164.gen/sources_1'.
Scanning sources...
Finished scanning sources
INFO: [IP_Flow 19-234] Refreshing IP repositories
INFO: [IP_Flow 19-1704] No user IP repositories specified
INFO: [IP_Flow 19-2313] Loaded Vivado IP repository 'D:/vivado/Vivado/2020.2/data/ip'.
file mkdir D:/Vfile/MUX2164/MUX2164.srcs/sources_1/new
close [ open D:/Vfile/MUX2164/MUX2164.srcs/sources_1/new/mux2164.v w ]
add_files D:/Vfile/MUX2164/MUX2164.srcs/sources_1/new/mux2164.v
update_compile_order -fileset sources_1
ipx::package_project -root_dir d:/vfile/mux2164/mux2164.srcs/sources_1/new -vendor xilinx.com -library user -taxonomy /UserIP
INFO: [IP_Flow 19-2181] Payment Required is not set for this core.
INFO: [IP_Flow 19-2187] The Product Guide file is missing.
set_property core_revision 2 [ipx::current_core]
ipx::create_xgui_files [ipx::current_core]
ipx::update_checksums [ipx::current_core]
ipx::check_integrity [ipx::current_core]
INFO: [IP_Flow 19-2181] Payment Required is not set for this core.
INFO: [IP_Flow 19-2187] The Product Guide file is missing.
INFO: [Ipptcl 7-1486] check_integrity: Integrity check passed.
ipx::save_core [ipx::current_core]
set_property  ip_repo_paths  d:/vfile/mux2164/mux2164.srcs/sources_1/new [current_project]
update_ip_catalog
INFO: [IP_Flow 19-234] Refreshing IP repositories
INFO: [IP_Flow 19-1700] Loaded user IP repository 'd:/vfile/mux2164/mux2164.srcs/sources_1/new'.
exit
INFO: [Common 17-206] Exiting Vivado at Tue Mar 15 11:04:01 2022...
