#-----------------------------------------------------------
# Vivado v2020.2 (64-bit)
# SW Build 3064766 on Wed Nov 18 09:12:45 MST 2020
# IP Build 3064653 on Wed Nov 18 14:17:31 MST 2020
# Start of session at: Wed Mar 30 21:09:20 2022
# Process ID: 27468
# Current directory: D:/Vfile/ORL
# Command line: vivado.exe -gui_launcher_event rodinguilauncherevent8480 D:\Vfile\ORL\ORL.xpr
# Log file: D:/Vfile/ORL/vivado.log
# Journal file: D:/Vfile/ORL\vivado.jou
#-----------------------------------------------------------
start_gui
open_project D:/Vfile/ORL/ORL.xpr
WARNING: [filemgmt 56-3] Default IP Output Path : Could not find the directory 'D:/Vfile/ORL/ORL.gen/sources_1'.
Scanning sources...
Finished scanning sources
INFO: [IP_Flow 19-234] Refreshing IP repositories
INFO: [IP_Flow 19-1700] Loaded user IP repository 'd:/Vfile/ORL/ORL.srcs/sources_1/new'.
INFO: [IP_Flow 19-2313] Loaded Vivado IP repository 'D:/vivado/Vivado/2020.2/data/ip'.
update_compile_order -fileset sources_1
ipx::open_ipxact_file D:/Vfile/ORL/ORL.srcs/sources_1/new/component.xml
WARNING: [IP_Flow 19-5226] Project source file 'd:/Vfile/ORL/ORL.srcs/sources_1/new/component.xml' ignored by IP packager.
WARNING: [IP_Flow 19-3898] File Group 'xilinx_anylanguagesynthesis (Synthesis)': File 'd:/Vfile/ORL/ORL.srcs/sources_1/new/orl.v' is not found in the project sources. It will be removed from the packaged IP when the sources are merged. If still required, please add this file to the project and re-package.
WARNING: [IP_Flow 19-3898] File Group 'xilinx_anylanguagebehavioralsimulation (Simulation)': File 'd:/Vfile/ORL/ORL.srcs/sources_1/new/orl.v' is not found in the project sources. It will be removed from the packaged IP when the sources are merged. If still required, please add this file to the project and re-package.
WARNING: [IP_Flow 19-4308] Project file 'd:/Vfile/ORL/ORL.srcs/sim_1/new/tb_orl.v' is not found in the component files. It will be added automatically when merging sources and repackaging. Please remove the file from the source project if this is not desired.
set_property core_revision 5 [ipx::current_core]
ipx::create_xgui_files [ipx::current_core]
ipx::update_checksums [ipx::current_core]
ipx::check_integrity [ipx::current_core]
INFO: [IP_Flow 19-2181] Payment Required is not set for this core.
INFO: [IP_Flow 19-2187] The Product Guide file is missing.
INFO: [Ipptcl 7-1486] check_integrity: Integrity check passed.
ipx::save_core [ipx::current_core]
update_ip_catalog -rebuild -repo_path d:/Vfile/ORL/ORL.srcs/sources_1/new
INFO: [IP_Flow 19-725] Reloaded user IP repository 'd:/Vfile/ORL/ORL.srcs/sources_1/new'
exit
INFO: [Common 17-206] Exiting Vivado at Wed Mar 30 22:06:54 2022...
