#-----------------------------------------------------------
# Vivado v2020.2 (64-bit)
# SW Build 3064766 on Wed Nov 18 09:12:45 MST 2020
# IP Build 3064653 on Wed Nov 18 14:17:31 MST 2020
# Start of session at: Tue Dec 20 16:44:15 2022
# Process ID: 29308
# Current directory: D:/Vfile/Exp5_NEXYS_A7
# Command line: vivado.exe -gui_launcher_event rodinguilauncherevent10736 D:\Vfile\Exp5_NEXYS_A7\Exp6.xpr
# Log file: D:/Vfile/Exp5_NEXYS_A7/vivado.log
# Journal file: D:/Vfile/Exp5_NEXYS_A7\vivado.jou
#-----------------------------------------------------------
Sourcing tcl script 'D:/vivado/Vivado/2020.2/scripts/Vivado_init.tcl'
start_gui
open_project D:/Vfile/Exp5_NEXYS_A7/Exp6.xpr
Scanning sources...
Finished scanning sources
INFO: [IP_Flow 19-234] Refreshing IP repositories
INFO: [IP_Flow 19-1704] No user IP repositories specified
INFO: [IP_Flow 19-2313] Loaded Vivado IP repository 'D:/vivado/Vivado/2020.2/data/ip'.
open_project: Time (s): cpu = 00:00:13 ; elapsed = 00:00:06 . Memory (MB): peak = 1089.020 ; gain = 0.000
update_compile_order -fileset sources_1
launch_simulation
Command: launch_simulation 
INFO: [Vivado 12-5698] Checking validity of IPs in the design for the 'XSim' simulator...
INFO: [Vivado 12-5682] Launching behavioral simulation in 'D:/Vfile/Exp5_NEXYS_A7/Exp6.sim/sim_1/behav/xsim'
INFO: [Vivado 12-4795] Using compiled simulation libraries for IPs
INFO: [SIM-utils-51] Simulation object is 'sim_1'
INFO: [USF-XSim-7] Finding pre-compiled libraries...
INFO: [USF-XSim-11] File 'D:/vivado/Vivado/2020.2/data/xsim/xsim.ini' copied to run dir:'D:/Vfile/Exp5_NEXYS_A7/Exp6.sim/sim_1/behav/xsim'
INFO: [SIM-utils-54] Inspecting design source files for 'sim_top' in fileset 'sim_1'...
INFO: [USF-XSim-97] Finding global include files...
INFO: [USF-XSim-98] Fetching design files from 'sim_1'...
INFO: [USF-XSim-2] XSim::Compile design
INFO: [USF-XSim-61] Executing 'COMPILE and ANALYZE' step in 'D:/Vfile/Exp5_NEXYS_A7/Exp6.sim/sim_1/behav/xsim'
"xvlog --incr --relax -prj sim_top_vlog.prj"
INFO: [VRFC 10-2263] Analyzing Verilog file "D:/Vfile/Exp5_NEXYS_A7/code/core/CtrlUnit.v" into library xil_defaultlib
INFO: [VRFC 10-311] analyzing module CtrlUnit
INFO: [VRFC 10-2263] Analyzing Verilog file "D:/Vfile/Exp5_NEXYS_A7/code/core/FU_ALU.v" into library xil_defaultlib
INFO: [VRFC 10-311] analyzing module FU_ALU
INFO: [VRFC 10-2263] Analyzing Verilog file "D:/Vfile/Exp5_NEXYS_A7/code/core/FU_div.v" into library xil_defaultlib
INFO: [VRFC 10-311] analyzing module FU_div
INFO: [VRFC 10-2263] Analyzing Verilog file "D:/Vfile/Exp5_NEXYS_A7/code/core/FU_jump.v" into library xil_defaultlib
INFO: [VRFC 10-311] analyzing module FU_jump
INFO: [VRFC 10-2263] Analyzing Verilog file "D:/Vfile/Exp5_NEXYS_A7/code/core/FU_mem.v" into library xil_defaultlib
INFO: [VRFC 10-311] analyzing module FU_mem
INFO: [VRFC 10-2263] Analyzing Verilog file "D:/Vfile/Exp5_NEXYS_A7/code/core/FU_mul.v" into library xil_defaultlib
INFO: [VRFC 10-311] analyzing module FU_mul
INFO: [VRFC 10-2263] Analyzing Verilog file "D:/Vfile/Exp5_NEXYS_A7/code/core/ImmGen.v" into library xil_defaultlib
INFO: [VRFC 10-311] analyzing module ImmGen
INFO: [VRFC 10-2263] Analyzing Verilog file "D:/Vfile/Exp5_NEXYS_A7/code/common/MUX2T1_32.v" into library xil_defaultlib
INFO: [VRFC 10-311] analyzing module MUX2T1_32
INFO: [VRFC 10-2263] Analyzing Verilog file "D:/Vfile/Exp5_NEXYS_A7/code/common/MUX8T1_32.v" into library xil_defaultlib
INFO: [VRFC 10-311] analyzing module MUX8T1_32
INFO: [VRFC 10-2263] Analyzing Verilog file "D:/Vfile/Exp5_NEXYS_A7/code/core/RAM_B.v" into library xil_defaultlib
INFO: [VRFC 10-311] analyzing module RAM_B
INFO: [VRFC 10-2263] Analyzing Verilog file "D:/Vfile/Exp5_NEXYS_A7/code/common/REG32.v" into library xil_defaultlib
INFO: [VRFC 10-311] analyzing module REG32
INFO: [VRFC 10-2263] Analyzing Verilog file "D:/Vfile/Exp5_NEXYS_A7/code/core/REG_IF_IS.v" into library xil_defaultlib
INFO: [VRFC 10-311] analyzing module REG_IF_IS
INFO: [VRFC 10-2263] Analyzing Verilog file "D:/Vfile/Exp5_NEXYS_A7/code/core/ROM_D.v" into library xil_defaultlib
INFO: [VRFC 10-311] analyzing module ROM_D
INFO: [VRFC 10-2263] Analyzing Verilog file "D:/Vfile/Exp5_NEXYS_A7/code/core/RV32core.v" into library xil_defaultlib
INFO: [VRFC 10-311] analyzing module RV32core
INFO: [VRFC 10-2263] Analyzing Verilog file "D:/Vfile/Exp5_NEXYS_A7/code/core/Regs.v" into library xil_defaultlib
INFO: [VRFC 10-311] analyzing module Regs
INFO: [VRFC 10-2263] Analyzing Verilog file "D:/Vfile/Exp5_NEXYS_A7/code/common/add_32.v" into library xil_defaultlib
INFO: [VRFC 10-311] analyzing module add_32
INFO: [VRFC 10-2263] Analyzing Verilog file "D:/Vfile/Exp5_NEXYS_A7/code/auxillary/btn_scan.v" into library xil_defaultlib
INFO: [VRFC 10-311] analyzing module btn_scan
INFO: [VRFC 10-2263] Analyzing Verilog file "D:/Vfile/Exp5_NEXYS_A7/code/common/cmp_32.v" into library xil_defaultlib
INFO: [VRFC 10-311] analyzing module cmp_32
INFO: [VRFC 10-2263] Analyzing Verilog file "D:/Vfile/Exp5_NEXYS_A7/code/auxillary/debug_clk.v" into library xil_defaultlib
INFO: [VRFC 10-311] analyzing module debug_clk
INFO: [VRFC 10-2263] Analyzing Verilog file "D:/Vfile/Exp5_NEXYS_A7/code/auxillary/debug_ctrl.v" into library xil_defaultlib
INFO: [VRFC 10-311] analyzing module debug_ctrl
INFO: [VRFC 10-2263] Analyzing Verilog file "D:/Vfile/Exp5_NEXYS_A7/code/auxillary/display.v" into library xil_defaultlib
INFO: [VRFC 10-311] analyzing module display
INFO: [VRFC 10-2458] undeclared symbol seg_en, assumed default net type wire [D:/Vfile/Exp5_NEXYS_A7/code/auxillary/display.v:99]
INFO: [VRFC 10-2458] undeclared symbol seg_clr_n, assumed default net type wire [D:/Vfile/Exp5_NEXYS_A7/code/auxillary/display.v:100]
INFO: [VRFC 10-2263] Analyzing Verilog file "D:/Vfile/Exp5_NEXYS_A7/code/auxillary/my_clk_gen.v" into library xil_defaultlib
INFO: [VRFC 10-311] analyzing module my_clk_gen
INFO: [VRFC 10-2458] undeclared symbol clkout0, assumed default net type wire [D:/Vfile/Exp5_NEXYS_A7/code/auxillary/my_clk_gen.v:138]
INFO: [VRFC 10-2458] undeclared symbol clkout1, assumed default net type wire [D:/Vfile/Exp5_NEXYS_A7/code/auxillary/my_clk_gen.v:140]
INFO: [VRFC 10-2458] undeclared symbol clkout2, assumed default net type wire [D:/Vfile/Exp5_NEXYS_A7/code/auxillary/my_clk_gen.v:142]
INFO: [VRFC 10-2458] undeclared symbol clkout3, assumed default net type wire [D:/Vfile/Exp5_NEXYS_A7/code/auxillary/my_clk_gen.v:144]
INFO: [VRFC 10-2263] Analyzing Verilog file "D:/Vfile/Exp5_NEXYS_A7/code/auxillary/parallel2serial.v" into library xil_defaultlib
INFO: [VRFC 10-311] analyzing module parallel2serial
WARNING: [VRFC 10-3380] identifier 'DATA_BITS' is used before its declaration [D:/Vfile/Exp5_NEXYS_A7/code/auxillary/parallel2serial.v:10]
INFO: [VRFC 10-2263] Analyzing Verilog file "D:/Vfile/Exp5_NEXYS_A7/code/auxillary/top.v" into library xil_defaultlib
INFO: [VRFC 10-311] analyzing module top
INFO: [VRFC 10-2263] Analyzing Verilog file "D:/Vfile/Exp5_NEXYS_A7/code/auxillary/uart_buffer.v" into library xil_defaultlib
INFO: [VRFC 10-311] analyzing module uart_buffer
INFO: [VRFC 10-2263] Analyzing Verilog file "D:/Vfile/Exp5_NEXYS_A7/code/sim/sim_top.v" into library xil_defaultlib
INFO: [VRFC 10-311] analyzing module sim_top
"xvhdl --incr --relax -prj sim_top_vhdl.prj"
INFO: [USF-XSim-69] 'compile' step finished in '4' seconds
INFO: [USF-XSim-3] XSim::Elaborate design
INFO: [USF-XSim-61] Executing 'ELABORATE' step in 'D:/Vfile/Exp5_NEXYS_A7/Exp6.sim/sim_1/behav/xsim'
"xelab -wto 43b08fc0664647fe90e7fe931acc9436 --incr --debug typical --relax --mt 8 -L xil_defaultlib -L xbip_utils_v3_0_10 -L axi_utils_v2_0_6 -L xbip_pipe_v3_0_6 -L xbip_dsp48_wrapper_v3_0_4 -L xbip_dsp48_addsub_v3_0_6 -L xbip_bram18k_v3_0_6 -L mult_gen_v12_0_16 -L floating_point_v7_0_18 -L xbip_dsp48_mult_v3_0_6 -L xbip_dsp48_multadd_v3_0_6 -L div_gen_v5_1_17 -L unisims_ver -L unimacro_ver -L secureip -L xpm --snapshot sim_top_behav xil_defaultlib.sim_top xil_defaultlib.glbl -log elaborate.log"
Vivado Simulator 2020.2
Copyright 1986-1999, 2001-2020 Xilinx, Inc. All Rights Reserved.
Running: D:/vivado/Vivado/2020.2/bin/unwrapped/win64.o/xelab.exe -wto 43b08fc0664647fe90e7fe931acc9436 --incr --debug typical --relax --mt 8 -L xil_defaultlib -L xbip_utils_v3_0_10 -L axi_utils_v2_0_6 -L xbip_pipe_v3_0_6 -L xbip_dsp48_wrapper_v3_0_4 -L xbip_dsp48_addsub_v3_0_6 -L xbip_bram18k_v3_0_6 -L mult_gen_v12_0_16 -L floating_point_v7_0_18 -L xbip_dsp48_mult_v3_0_6 -L xbip_dsp48_multadd_v3_0_6 -L div_gen_v5_1_17 -L unisims_ver -L unimacro_ver -L secureip -L xpm --snapshot sim_top_behav xil_defaultlib.sim_top xil_defaultlib.glbl -log elaborate.log 
Using 8 slave threads.
Starting static elaboration
Pass Through NonSizing Optimizer
WARNING: [VRFC 10-5021] port 'BTN_C' is not connected on this instance [D:/Vfile/Exp5_NEXYS_A7/code/sim/sim_top.v:7]
Completed static elaboration
Starting simulation data flow analysis
Completed simulation data flow analysis
Time Resolution for simulation is 1ps
Compiling package std.standard
Compiling package std.textio
Compiling package ieee.std_logic_1164
Compiling package ieee.numeric_std
Compiling package mult_gen_v12_0_16.mult_gen_v12_0_16_viv_comp
Compiling package xbip_utils_v3_0_10.xbip_utils_v3_0_10_pkg
Compiling package mult_gen_v12_0_16.mult_gen_v12_0_16_pkg
Compiling package ieee.std_logic_arith
Compiling package ieee.std_logic_signed
Compiling package unisim.vcomponents
Compiling package ieee.std_logic_unsigned
Compiling package ieee.vital_timing
Compiling package ieee.vital_primitives
Compiling package unisim.vpkg
Compiling package div_gen_v5_1_17.div_gen_v5_1_17_viv_comp
Compiling package xbip_pipe_v3_0_6.xbip_pipe_v3_0_6_viv_comp
Compiling package axi_utils_v2_0_6.axi_utils_v2_0_6_pkg
Compiling package ieee.math_real
Compiling package axi_utils_v2_0_6.global_util_pkg
Compiling package axi_utils_v2_0_6.axi_utils_comps
Compiling package xbip_bram18k_v3_0_6.xbip_bram18k_v3_0_6_pkg
Compiling package div_gen_v5_1_17.div_gen_pkg
Compiling package div_gen_v5_1_17.pkg_addsub
Compiling module unisims_ver.MMCME2_ADV(CLKFBOUT_MULT_F=10.0,...
Compiling module unisims_ver.BUFG
Compiling module xil_defaultlib.my_clk_gen
Compiling module xil_defaultlib.btn_scan(CLK_FREQ=25)
Compiling module xil_defaultlib.debug_clk
Compiling module xil_defaultlib.REG32
Compiling module xil_defaultlib.add_32
Compiling module xil_defaultlib.MUX2T1_32
Compiling module xil_defaultlib.ROM_D
Compiling module xil_defaultlib.REG_IF_IS
Compiling module xil_defaultlib.ImmGen
Compiling module xil_defaultlib.CtrlUnit
Compiling module xil_defaultlib.Regs
Compiling module xil_defaultlib.FU_ALU
Compiling module xil_defaultlib.RAM_B
Compiling module xil_defaultlib.FU_mem
Compiling architecture lut2_v of entity unisim.LUT2 [\LUT2(init="1000")(0,3)\]
Compiling architecture mult_and_v of entity unisim.MULT_AND [mult_and_default]
Compiling architecture muxcy_v of entity unisim.MUXCY [muxcy_default]
Compiling architecture xorcy_v of entity unisim.XORCY [xorcy_default]
Compiling architecture xilinx of entity mult_gen_v12_0_16.op_resize [\op_resize(ai_width=32,bi_width=...]
Compiling architecture xilinx of entity mult_gen_v12_0_16.luts [\luts(c_xdevicefamily="artix7",c...]
Compiling architecture xilinx of entity mult_gen_v12_0_16.mult_gen_v12_0_16_viv [\mult_gen_v12_0_16_viv(c_verbosi...]
Compiling architecture xilinx of entity mult_gen_v12_0_16.mult_gen_v12_0_16 [\mult_gen_v12_0_16(c_xdevicefami...]
Compiling architecture multiplier_arch of entity xil_defaultlib.multiplier [multiplier_default]
Compiling module xil_defaultlib.FU_mul
Compiling architecture synth of entity div_gen_v5_1_17.c_twos_comp_viv [\c_twos_comp_viv(c_width=32,c_ai...]
Compiling architecture virtex of entity div_gen_v5_1_17.cmp2s_v [\cmp2s_v(c_bus_width=32,c_regist...]
Compiling architecture synth of entity div_gen_v5_1_17.c_twos_comp_viv [\c_twos_comp_viv(c_width=32,c_ai...]
Compiling architecture virtex of entity div_gen_v5_1_17.cmp2s_v [\cmp2s_v(c_bus_width=32,c_ainit_...]
Compiling architecture synth of entity xbip_pipe_v3_0_6.xbip_pipe_v3_0_6_viv [\xbip_pipe_v3_0_6_viv(c_latency=...]
Compiling architecture synth of entity xbip_pipe_v3_0_6.xbip_pipe_v3_0_6_viv [\xbip_pipe_v3_0_6_viv(c_latency=...]
Compiling architecture synth of entity xbip_pipe_v3_0_6.xbip_pipe_v3_0_6_viv [\xbip_pipe_v3_0_6_viv(c_latency=...]
Compiling architecture synth of entity xbip_pipe_v3_0_6.xbip_pipe_v3_0_6_viv [\xbip_pipe_v3_0_6_viv(c_latency=...]
Compiling architecture synth of entity xbip_pipe_v3_0_6.xbip_pipe_v3_0_6_viv [\xbip_pipe_v3_0_6_viv(c_latency=...]
Compiling architecture rtl of entity div_gen_v5_1_17.c_addsub_lut6 [\c_addsub_lut6(c_width=33,c_add_...]
Compiling architecture synth of entity div_gen_v5_1_17.c_addsub_viv [\c_addsub_viv(c_a_width=33,c_b_w...]
Compiling architecture virtex of entity div_gen_v5_1_17.addsubreg_v [\addsubreg_v(c_bus_width=33,c_ai...]
Compiling architecture synth of entity xbip_pipe_v3_0_6.xbip_pipe_v3_0_6_viv [\xbip_pipe_v3_0_6_viv(c_latency=...]
Compiling architecture synth of entity xbip_pipe_v3_0_6.xbip_pipe_v3_0_6_viv [\xbip_pipe_v3_0_6_viv(c_latency=...]
Compiling architecture synth of entity xbip_pipe_v3_0_6.xbip_pipe_v3_0_6_viv [\xbip_pipe_v3_0_6_viv(c_latency=...]
Compiling architecture synth of entity xbip_pipe_v3_0_6.xbip_pipe_v3_0_6_viv [\xbip_pipe_v3_0_6_viv(c_latency=...]
Compiling architecture synth of entity xbip_pipe_v3_0_6.xbip_pipe_v3_0_6_viv [\xbip_pipe_v3_0_6_viv(c_latency=...]
Compiling architecture synth of entity xbip_pipe_v3_0_6.xbip_pipe_v3_0_6_viv [\xbip_pipe_v3_0_6_viv(c_latency=...]
Compiling architecture synth of entity xbip_pipe_v3_0_6.xbip_pipe_v3_0_6_viv [\xbip_pipe_v3_0_6_viv(c_latency=...]
Compiling architecture synth of entity xbip_pipe_v3_0_6.xbip_pipe_v3_0_6_viv [\xbip_pipe_v3_0_6_viv(c_latency=...]
Compiling architecture synth of entity xbip_pipe_v3_0_6.xbip_pipe_v3_0_6_viv [\xbip_pipe_v3_0_6_viv(c_latency=...]
Compiling architecture synth of entity xbip_pipe_v3_0_6.xbip_pipe_v3_0_6_viv [\xbip_pipe_v3_0_6_viv(c_latency=...]
Compiling architecture synth of entity xbip_pipe_v3_0_6.xbip_pipe_v3_0_6_viv [\xbip_pipe_v3_0_6_viv(c_latency=...]
Compiling architecture synth of entity xbip_pipe_v3_0_6.xbip_pipe_v3_0_6_viv [\xbip_pipe_v3_0_6_viv(c_latency=...]
Compiling architecture synth of entity xbip_pipe_v3_0_6.xbip_pipe_v3_0_6_viv [\xbip_pipe_v3_0_6_viv(c_latency=...]
Compiling architecture synth of entity xbip_pipe_v3_0_6.xbip_pipe_v3_0_6_viv [\xbip_pipe_v3_0_6_viv(c_latency=...]
Compiling architecture synth of entity xbip_pipe_v3_0_6.xbip_pipe_v3_0_6_viv [\xbip_pipe_v3_0_6_viv(c_latency=...]
Compiling architecture synth of entity xbip_pipe_v3_0_6.xbip_pipe_v3_0_6_viv [\xbip_pipe_v3_0_6_viv(c_latency=...]
Compiling architecture synth of entity xbip_pipe_v3_0_6.xbip_pipe_v3_0_6_viv [\xbip_pipe_v3_0_6_viv(c_latency=...]
Compiling architecture synth of entity xbip_pipe_v3_0_6.xbip_pipe_v3_0_6_viv [\xbip_pipe_v3_0_6_viv(c_latency=...]
Compiling architecture synth of entity xbip_pipe_v3_0_6.xbip_pipe_v3_0_6_viv [\xbip_pipe_v3_0_6_viv(c_latency=...]
Compiling architecture synth of entity xbip_pipe_v3_0_6.xbip_pipe_v3_0_6_viv [\xbip_pipe_v3_0_6_viv(c_latency=...]
Compiling architecture synth of entity xbip_pipe_v3_0_6.xbip_pipe_v3_0_6_viv [\xbip_pipe_v3_0_6_viv(c_latency=...]
Compiling architecture synth of entity xbip_pipe_v3_0_6.xbip_pipe_v3_0_6_viv [\xbip_pipe_v3_0_6_viv(c_latency=...]
Compiling architecture synth of entity xbip_pipe_v3_0_6.xbip_pipe_v3_0_6_viv [\xbip_pipe_v3_0_6_viv(c_latency=...]
Compiling architecture synth of entity xbip_pipe_v3_0_6.xbip_pipe_v3_0_6_viv [\xbip_pipe_v3_0_6_viv(c_latency=...]
Compiling architecture synth of entity xbip_pipe_v3_0_6.xbip_pipe_v3_0_6_viv [\xbip_pipe_v3_0_6_viv(c_latency=...]
Compiling architecture synth of entity xbip_pipe_v3_0_6.xbip_pipe_v3_0_6_viv [\xbip_pipe_v3_0_6_viv(c_latency=...]
Compiling architecture synth of entity xbip_pipe_v3_0_6.xbip_pipe_v3_0_6_viv [\xbip_pipe_v3_0_6_viv(c_latency=...]
Compiling architecture synth of entity xbip_pipe_v3_0_6.xbip_pipe_v3_0_6_viv [\xbip_pipe_v3_0_6_viv(c_latency=...]
Compiling architecture synth of entity xbip_pipe_v3_0_6.xbip_pipe_v3_0_6_viv [\xbip_pipe_v3_0_6_viv(c_latency=...]
Compiling architecture synth of entity xbip_pipe_v3_0_6.xbip_pipe_v3_0_6_viv [\xbip_pipe_v3_0_6_viv(c_latency=...]
Compiling architecture synth of entity xbip_pipe_v3_0_6.xbip_pipe_v3_0_6_viv [\xbip_pipe_v3_0_6_viv(c_latency=...]
Compiling architecture synth of entity xbip_pipe_v3_0_6.xbip_pipe_v3_0_6_viv [\xbip_pipe_v3_0_6_viv(c_latency=...]
Compiling architecture synth of entity xbip_pipe_v3_0_6.xbip_pipe_v3_0_6_viv [\xbip_pipe_v3_0_6_viv(c_latency=...]
Compiling architecture synth of entity xbip_pipe_v3_0_6.xbip_pipe_v3_0_6_viv [\xbip_pipe_v3_0_6_viv(c_latency=...]
Compiling architecture synth of entity xbip_pipe_v3_0_6.xbip_pipe_v3_0_6_viv [\xbip_pipe_v3_0_6_viv(c_latency=...]
Compiling architecture synth of entity xbip_pipe_v3_0_6.xbip_pipe_v3_0_6_viv [\xbip_pipe_v3_0_6_viv(c_latency=...]
Compiling architecture synth of entity xbip_pipe_v3_0_6.xbip_pipe_v3_0_6_viv [\xbip_pipe_v3_0_6_viv(c_latency=...]
Compiling architecture synth of entity xbip_pipe_v3_0_6.xbip_pipe_v3_0_6_viv [\xbip_pipe_v3_0_6_viv(c_latency=...]
Compiling architecture synth of entity xbip_pipe_v3_0_6.xbip_pipe_v3_0_6_viv [\xbip_pipe_v3_0_6_viv(c_latency=...]
Compiling architecture synth of entity xbip_pipe_v3_0_6.xbip_pipe_v3_0_6_viv [\xbip_pipe_v3_0_6_viv(c_latency=...]
Compiling architecture synth of entity xbip_pipe_v3_0_6.xbip_pipe_v3_0_6_viv [\xbip_pipe_v3_0_6_viv(c_latency=...]
Compiling architecture synth of entity xbip_pipe_v3_0_6.xbip_pipe_v3_0_6_viv [\xbip_pipe_v3_0_6_viv(c_latency=...]
Compiling architecture synth of entity xbip_pipe_v3_0_6.xbip_pipe_v3_0_6_viv [\xbip_pipe_v3_0_6_viv(c_latency=...]
Compiling architecture synth of entity xbip_pipe_v3_0_6.xbip_pipe_v3_0_6_viv [\xbip_pipe_v3_0_6_viv(c_latency=...]
Compiling architecture synth of entity xbip_pipe_v3_0_6.xbip_pipe_v3_0_6_viv [\xbip_pipe_v3_0_6_viv(c_latency=...]
Compiling architecture synth of entity xbip_pipe_v3_0_6.xbip_pipe_v3_0_6_viv [\xbip_pipe_v3_0_6_viv(c_latency=...]
Compiling architecture synth of entity xbip_pipe_v3_0_6.xbip_pipe_v3_0_6_viv [\xbip_pipe_v3_0_6_viv(c_latency=...]
Compiling architecture synth of entity xbip_pipe_v3_0_6.xbip_pipe_v3_0_6_viv [\xbip_pipe_v3_0_6_viv(c_latency=...]
Compiling architecture synth of entity xbip_pipe_v3_0_6.xbip_pipe_v3_0_6_viv [\xbip_pipe_v3_0_6_viv(c_latency=...]
Compiling architecture synth of entity xbip_pipe_v3_0_6.xbip_pipe_v3_0_6_viv [\xbip_pipe_v3_0_6_viv(c_latency=...]
Compiling architecture synth of entity xbip_pipe_v3_0_6.xbip_pipe_v3_0_6_viv [\xbip_pipe_v3_0_6_viv(c_latency=...]
Compiling architecture synth of entity xbip_pipe_v3_0_6.xbip_pipe_v3_0_6_viv [\xbip_pipe_v3_0_6_viv(c_latency=...]
Compiling architecture synth of entity xbip_pipe_v3_0_6.xbip_pipe_v3_0_6_viv [\xbip_pipe_v3_0_6_viv(c_latency=...]
Compiling architecture synth of entity xbip_pipe_v3_0_6.xbip_pipe_v3_0_6_viv [\xbip_pipe_v3_0_6_viv(c_latency=...]
Compiling architecture synth of entity xbip_pipe_v3_0_6.xbip_pipe_v3_0_6_viv [\xbip_pipe_v3_0_6_viv(c_latency=...]
Compiling architecture synth of entity xbip_pipe_v3_0_6.xbip_pipe_v3_0_6_viv [\xbip_pipe_v3_0_6_viv(c_latency=...]
Compiling architecture synth of entity xbip_pipe_v3_0_6.xbip_pipe_v3_0_6_viv [\xbip_pipe_v3_0_6_viv(c_latency=...]
Compiling architecture synth of entity xbip_pipe_v3_0_6.xbip_pipe_v3_0_6_viv [\xbip_pipe_v3_0_6_viv(c_latency=...]
Compiling architecture synth of entity xbip_pipe_v3_0_6.xbip_pipe_v3_0_6_viv [\xbip_pipe_v3_0_6_viv(c_latency=...]
Compiling architecture synth of entity xbip_pipe_v3_0_6.xbip_pipe_v3_0_6_viv [\xbip_pipe_v3_0_6_viv(c_latency=...]
Compiling architecture synth of entity xbip_pipe_v3_0_6.xbip_pipe_v3_0_6_viv [\xbip_pipe_v3_0_6_viv(c_latency=...]
Compiling architecture synth of entity xbip_pipe_v3_0_6.xbip_pipe_v3_0_6_viv [\xbip_pipe_v3_0_6_viv(c_latency=...]
Compiling architecture rtl of entity div_gen_v5_1_17.c_addsub_lut6 [\c_addsub_lut6(c_width=33,c_add_...]
Compiling architecture synth of entity div_gen_v5_1_17.c_addsub_viv [\c_addsub_viv(c_a_width=33,c_b_w...]
Compiling architecture virtex of entity div_gen_v5_1_17.addsubreg_v [\addsubreg_v(c_bus_width=33,c_ha...]
Compiling architecture virtex of entity div_gen_v5_1_17.dividervdc_v [\dividervdc_v(bus_num=32,bus_div...]
Compiling architecture synth of entity div_gen_v5_1_17.c_twos_comp_viv [\c_twos_comp_viv(c_width=33,c_ai...]
Compiling architecture virtex of entity div_gen_v5_1_17.cmp2s_v [\cmp2s_v(c_bus_width=33,c_regist...]
Compiling architecture synth of entity div_gen_v5_1_17.bip_sdivider_synth [\bip_sdivider_synth(c_xdevicefam...]
Compiling architecture synth of entity div_gen_v5_1_17.div_gen_synth [\div_gen_synth(c_xdevicefamily="...]
Compiling architecture synth of entity xbip_pipe_v3_0_6.xbip_pipe_v3_0_6_viv [\xbip_pipe_v3_0_6_viv(c_latency=...]
Compiling architecture synth of entity div_gen_v5_1_17.div_gen_v5_1_17_viv [\div_gen_v5_1_17_viv(c_xdevicefa...]
Compiling architecture xilinx of entity div_gen_v5_1_17.div_gen_v5_1_17 [\div_gen_v5_1_17(c_xdevicefamily...]
Compiling architecture divider_arch of entity xil_defaultlib.divider [divider_default]
Compiling module xil_defaultlib.FU_div
Compiling module xil_defaultlib.cmp_32
Compiling module xil_defaultlib.FU_jump
Compiling module xil_defaultlib.MUX8T1_32
Compiling module xil_defaultlib.RV32core
Compiling module xil_defaultlib.parallel2serial(P_CLK_FREQ=25,S_...
Compiling module xil_defaultlib.display_default
Compiling architecture behavioral of entity xil_defaultlib.UART_TX_CTRL [uart_tx_ctrl_default]
Compiling module xil_defaultlib.uart_buffer
Compiling module xil_defaultlib.debug_ctrl_default
Compiling module xil_defaultlib.top
Compiling module xil_defaultlib.sim_top
Compiling module xil_defaultlib.glbl
Built simulation snapshot sim_top_behav

****** Webtalk v2020.2 (64-bit)
  **** SW Build 3064766 on Wed Nov 18 09:12:45 MST 2020
  **** IP Build 3064653 on Wed Nov 18 14:17:31 MST 2020
    ** Copyright 1986-2020 Xilinx, Inc. All Rights Reserved.

source D:/Vfile/Exp5_NEXYS_A7/Exp6.sim/sim_1/behav/xsim/xsim.dir/sim_top_behav/webtalk/xsim_webtalk.tcl -notrace
INFO: [Common 17-186] 'D:/Vfile/Exp5_NEXYS_A7/Exp6.sim/sim_1/behav/xsim/xsim.dir/sim_top_behav/webtalk/usage_statistics_ext_xsim.xml' has been successfully sent to Xilinx on Tue Dec 20 22:23:14 2022. For additional details about this file, please refer to the WebTalk help file at D:/vivado/Vivado/2020.2/doc/webtalk_introduction.html.
INFO: [Common 17-206] Exiting Webtalk at Tue Dec 20 22:23:14 2022...
run_program: Time (s): cpu = 00:00:01 ; elapsed = 00:00:22 . Memory (MB): peak = 1089.020 ; gain = 0.000
INFO: [USF-XSim-69] 'elaborate' step finished in '22' seconds
INFO: [USF-XSim-4] XSim::Simulate design
INFO: [USF-XSim-61] Executing 'SIMULATE' step in 'D:/Vfile/Exp5_NEXYS_A7/Exp6.sim/sim_1/behav/xsim'
INFO: [USF-XSim-98] *** Running xsim
   with args "sim_top_behav -key {Behavioral:sim_1:Functional:sim_top} -tclbatch {sim_top.tcl} -view {D:/Vfile/Exp5_NEXYS_A7/code/sim/sim_top_behav.wcfg} -log {simulate.log}"
INFO: [USF-XSim-8] Loading simulator feature
Vivado Simulator 2020.2
Time resolution is 1 ps
open_wave_config D:/Vfile/Exp5_NEXYS_A7/code/sim/sim_top_behav.wcfg
source sim_top.tcl
# set curr_wave [current_wave_config]
# if { [string length $curr_wave] == 0 } {
#   if { [llength [get_objects]] > 0} {
#     add_wave /
#     set_property needs_save false [current_wave_config]
#   } else {
#      send_msg_id Add_Wave-1 WARNING "No top level signals found. Simulator will start without a wave window. If you want to open a wave window go to 'File->New Waveform Configuration' or type 'create_wave_config' in the TCL console."
#   }
# }
# run 1000ns
Warning: [Unisim MMCME2_ADV-20] Input CLKIN1 period and attribute CLKIN1_PERIOD are not same. Instance sim_top.uut.CLK_GEN.mmcm_adv_inst 
xsim: Time (s): cpu = 00:00:08 ; elapsed = 00:00:05 . Memory (MB): peak = 1106.230 ; gain = 17.211
INFO: [USF-XSim-96] XSim completed. Design snapshot 'sim_top_behav' loaded.
INFO: [USF-XSim-97] XSim simulation ran for 1000ns
launch_simulation: Time (s): cpu = 00:00:11 ; elapsed = 00:00:33 . Memory (MB): peak = 1106.230 ; gain = 17.211
run 8000 ns
run 8000 ns
reset_run synth_1
WARNING: [Vivado 12-1017] Problems encountered:
1. Failed to delete one or more files in run directory D:/Vfile/Exp5_NEXYS_A7/Exp6.runs/synth_1

launch_runs impl_1 -to_step write_bitstream -jobs 4
[Tue Dec 20 22:25:56 2022] Launched synth_1...
Run output will be captured here: D:/Vfile/Exp5_NEXYS_A7/Exp6.runs/synth_1/runme.log
[Tue Dec 20 22:25:56 2022] Launched impl_1...
Run output will be captured here: D:/Vfile/Exp5_NEXYS_A7/Exp6.runs/impl_1/runme.log
reset_run synth_1
WARNING: [Vivado 12-1017] Problems encountered:
1. Failed to delete one or more files in run directory D:/Vfile/Exp5_NEXYS_A7/Exp6.runs/synth_1

launch_runs impl_1 -to_step write_bitstream -jobs 4
[Tue Dec 20 22:42:35 2022] Launched synth_1...
Run output will be captured here: D:/Vfile/Exp5_NEXYS_A7/Exp6.runs/synth_1/runme.log
[Tue Dec 20 22:42:35 2022] Launched impl_1...
Run output will be captured here: D:/Vfile/Exp5_NEXYS_A7/Exp6.runs/impl_1/runme.log
open_hw_manager
connect_hw_server -allow_non_jtag
INFO: [Labtools 27-2285] Connecting to hw_server url TCP:localhost:3121
INFO: [Labtools 27-2222] Launching hw_server...
INFO: [Labtools 27-2221] Launch Output:

****** Xilinx hw_server v2020.2
  **** Build date : Nov 18 2020 at 10:01:48
    ** Copyright 1986-2020 Xilinx, Inc. All Rights Reserved.


INFO: [Labtools 27-3415] Connecting to cs_server url TCP:localhost:3042
INFO: [Labtools 27-3417] Launching cs_server...
INFO: [Labtools 27-2221] Launch Output:


******** Xilinx cs_server v2020.2
  ****** Build date   : Nov 04 2020-05:02:56
    **** Build number : 2020.2.1604437376
      ** Copyright 2017-2020 Xilinx, Inc. All Rights Reserved.



connect_hw_server: Time (s): cpu = 00:00:01 ; elapsed = 00:00:12 . Memory (MB): peak = 1173.547 ; gain = 14.719
open_hw_target
INFO: [Labtoolstcl 44-466] Opening hw_target localhost:3121/xilinx_tcf/Digilent/210292B1822DA
set_property PROGRAM.FILE {D:/Vfile/Exp5_NEXYS_A7/Exp6.runs/impl_1/top.bit} [get_hw_devices xc7a100t_0]
current_hw_device [get_hw_devices xc7a100t_0]
refresh_hw_device -update_hw_probes false [lindex [get_hw_devices xc7a100t_0] 0]
INFO: [Labtools 27-1434] Device xc7a100t (JTAG device index = 0) is programmed with a design that has no supported debug core(s) in it.
set_property PROBES.FILE {} [get_hw_devices xc7a100t_0]
set_property FULL_PROBES.FILE {} [get_hw_devices xc7a100t_0]
set_property PROGRAM.FILE {D:/Vfile/Exp5_NEXYS_A7/Exp6.runs/impl_1/top.bit} [get_hw_devices xc7a100t_0]
program_hw_devices [get_hw_devices xc7a100t_0]
INFO: [Labtools 27-3164] End of startup status: HIGH
refresh_hw_device [lindex [get_hw_devices xc7a100t_0] 0]
INFO: [Labtools 27-1434] Device xc7a100t (JTAG device index = 0) is programmed with a design that has no supported debug core(s) in it.
ERROR: [Labtoolstcl 44-513] HW Target shutdown. Closing target: localhost:3121/xilinx_tcf/Digilent/210292B1822DA
INFO: [Labtoolstcl 44-466] Opening hw_target localhost:3121/xilinx_tcf/Digilent/210292B1822DA
INFO: [Labtools 27-1435] Device xc7a100t (JTAG device index = 0) is not programmed (DONE status = 0).
WARNING: [Labtoolstcl 44-129] No matching hw_ila_data was found.
ERROR: [Labtoolstcl 44-513] HW Target shutdown. Closing target: localhost:3121/xilinx_tcf/Digilent/210292B1822DA
INFO: [Labtoolstcl 44-466] Opening hw_target localhost:3121/xilinx_tcf/Digilent/210292B1822DA
INFO: [Labtools 27-1434] Device xc7a100t (JTAG device index = 0) is programmed with a design that has no supported debug core(s) in it.
WARNING: [Labtoolstcl 44-129] No matching hw_ila_data was found.
set_property PROBES.FILE {} [get_hw_devices xc7a100t_0]
set_property FULL_PROBES.FILE {} [get_hw_devices xc7a100t_0]
set_property PROGRAM.FILE {D:/Vfile/Exp5_NEXYS_A7/Exp6.runs/impl_1/top.bit} [get_hw_devices xc7a100t_0]
program_hw_devices [get_hw_devices xc7a100t_0]
INFO: [Labtools 27-3164] End of startup status: HIGH
refresh_hw_device [lindex [get_hw_devices xc7a100t_0] 0]
INFO: [Labtools 27-1434] Device xc7a100t (JTAG device index = 0) is programmed with a design that has no supported debug core(s) in it.
set_property PROBES.FILE {} [get_hw_devices xc7a100t_0]
set_property FULL_PROBES.FILE {} [get_hw_devices xc7a100t_0]
set_property PROGRAM.FILE {D:/Vfile/Exp5_NEXYS_A7/Exp6.runs/impl_1/top.bit} [get_hw_devices xc7a100t_0]
program_hw_devices [get_hw_devices xc7a100t_0]
INFO: [Labtools 27-3164] End of startup status: HIGH
refresh_hw_device [lindex [get_hw_devices xc7a100t_0] 0]
INFO: [Labtools 27-1434] Device xc7a100t (JTAG device index = 0) is programmed with a design that has no supported debug core(s) in it.
reset_run synth_1
WARNING: [Vivado 12-1017] Problems encountered:
1. Failed to delete one or more files in run directory D:/Vfile/Exp5_NEXYS_A7/Exp6.runs/synth_1

launch_runs impl_1 -to_step write_bitstream -jobs 4
[Tue Dec 20 22:54:48 2022] Launched synth_1...
Run output will be captured here: D:/Vfile/Exp5_NEXYS_A7/Exp6.runs/synth_1/runme.log
[Tue Dec 20 22:54:48 2022] Launched impl_1...
Run output will be captured here: D:/Vfile/Exp5_NEXYS_A7/Exp6.runs/impl_1/runme.log
ERROR: [Labtoolstcl 44-513] HW Target shutdown. Closing target: localhost:3121/xilinx_tcf/Digilent/210292B1822DA
INFO: [Labtoolstcl 44-466] Opening hw_target localhost:3121/xilinx_tcf/Digilent/210292B1822DA
INFO: [Labtools 27-1435] Device xc7a100t (JTAG device index = 0) is not programmed (DONE status = 0).
WARNING: [Labtoolstcl 44-129] No matching hw_ila_data was found.
set_property PROBES.FILE {} [get_hw_devices xc7a100t_0]
set_property FULL_PROBES.FILE {} [get_hw_devices xc7a100t_0]
set_property PROGRAM.FILE {D:/Vfile/Exp5_NEXYS_A7/Exp6.runs/impl_1/top.bit} [get_hw_devices xc7a100t_0]
program_hw_devices [get_hw_devices xc7a100t_0]
INFO: [Labtools 27-3164] End of startup status: HIGH
refresh_hw_device [lindex [get_hw_devices xc7a100t_0] 0]
INFO: [Labtools 27-1434] Device xc7a100t (JTAG device index = 0) is programmed with a design that has no supported debug core(s) in it.
close_sim
INFO: [Simtcl 6-16] Simulation closed
close_sim: Time (s): cpu = 00:00:01 ; elapsed = 00:00:06 . Memory (MB): peak = 3413.391 ; gain = 0.000
launch_simulation
Command: launch_simulation 
INFO: [Vivado 12-5698] Checking validity of IPs in the design for the 'XSim' simulator...
INFO: [Vivado 12-5682] Launching behavioral simulation in 'D:/Vfile/Exp5_NEXYS_A7/Exp6.sim/sim_1/behav/xsim'
INFO: [Vivado 12-4795] Using compiled simulation libraries for IPs
INFO: [SIM-utils-51] Simulation object is 'sim_1'
INFO: [USF-XSim-7] Finding pre-compiled libraries...
INFO: [USF-XSim-11] File 'D:/vivado/Vivado/2020.2/data/xsim/xsim.ini' copied to run dir:'D:/Vfile/Exp5_NEXYS_A7/Exp6.sim/sim_1/behav/xsim'
INFO: [SIM-utils-54] Inspecting design source files for 'sim_top' in fileset 'sim_1'...
INFO: [USF-XSim-97] Finding global include files...
INFO: [USF-XSim-98] Fetching design files from 'sim_1'...
INFO: [USF-XSim-2] XSim::Compile design
INFO: [USF-XSim-61] Executing 'COMPILE and ANALYZE' step in 'D:/Vfile/Exp5_NEXYS_A7/Exp6.sim/sim_1/behav/xsim'
"xvlog --incr --relax -prj sim_top_vlog.prj"
INFO: [VRFC 10-2263] Analyzing Verilog file "D:/Vfile/Exp5_NEXYS_A7/code/core/CtrlUnit.v" into library xil_defaultlib
INFO: [VRFC 10-311] analyzing module CtrlUnit
INFO: [VRFC 10-2263] Analyzing Verilog file "D:/Vfile/Exp5_NEXYS_A7/code/core/FU_ALU.v" into library xil_defaultlib
INFO: [VRFC 10-311] analyzing module FU_ALU
INFO: [VRFC 10-2263] Analyzing Verilog file "D:/Vfile/Exp5_NEXYS_A7/code/core/FU_div.v" into library xil_defaultlib
INFO: [VRFC 10-311] analyzing module FU_div
INFO: [VRFC 10-2263] Analyzing Verilog file "D:/Vfile/Exp5_NEXYS_A7/code/core/FU_jump.v" into library xil_defaultlib
INFO: [VRFC 10-311] analyzing module FU_jump
INFO: [VRFC 10-2263] Analyzing Verilog file "D:/Vfile/Exp5_NEXYS_A7/code/core/FU_mem.v" into library xil_defaultlib
INFO: [VRFC 10-311] analyzing module FU_mem
INFO: [VRFC 10-2263] Analyzing Verilog file "D:/Vfile/Exp5_NEXYS_A7/code/core/FU_mul.v" into library xil_defaultlib
INFO: [VRFC 10-311] analyzing module FU_mul
INFO: [VRFC 10-2263] Analyzing Verilog file "D:/Vfile/Exp5_NEXYS_A7/code/core/ImmGen.v" into library xil_defaultlib
INFO: [VRFC 10-311] analyzing module ImmGen
INFO: [VRFC 10-2263] Analyzing Verilog file "D:/Vfile/Exp5_NEXYS_A7/code/common/MUX2T1_32.v" into library xil_defaultlib
INFO: [VRFC 10-311] analyzing module MUX2T1_32
INFO: [VRFC 10-2263] Analyzing Verilog file "D:/Vfile/Exp5_NEXYS_A7/code/common/MUX8T1_32.v" into library xil_defaultlib
INFO: [VRFC 10-311] analyzing module MUX8T1_32
INFO: [VRFC 10-2263] Analyzing Verilog file "D:/Vfile/Exp5_NEXYS_A7/code/core/RAM_B.v" into library xil_defaultlib
INFO: [VRFC 10-311] analyzing module RAM_B
INFO: [VRFC 10-2263] Analyzing Verilog file "D:/Vfile/Exp5_NEXYS_A7/code/common/REG32.v" into library xil_defaultlib
INFO: [VRFC 10-311] analyzing module REG32
INFO: [VRFC 10-2263] Analyzing Verilog file "D:/Vfile/Exp5_NEXYS_A7/code/core/REG_IF_IS.v" into library xil_defaultlib
INFO: [VRFC 10-311] analyzing module REG_IF_IS
INFO: [VRFC 10-2263] Analyzing Verilog file "D:/Vfile/Exp5_NEXYS_A7/code/core/ROM_D.v" into library xil_defaultlib
INFO: [VRFC 10-311] analyzing module ROM_D
INFO: [VRFC 10-2263] Analyzing Verilog file "D:/Vfile/Exp5_NEXYS_A7/code/core/RV32core.v" into library xil_defaultlib
INFO: [VRFC 10-311] analyzing module RV32core
INFO: [VRFC 10-2263] Analyzing Verilog file "D:/Vfile/Exp5_NEXYS_A7/code/core/Regs.v" into library xil_defaultlib
INFO: [VRFC 10-311] analyzing module Regs
INFO: [VRFC 10-2263] Analyzing Verilog file "D:/Vfile/Exp5_NEXYS_A7/code/common/add_32.v" into library xil_defaultlib
INFO: [VRFC 10-311] analyzing module add_32
INFO: [VRFC 10-2263] Analyzing Verilog file "D:/Vfile/Exp5_NEXYS_A7/code/auxillary/btn_scan.v" into library xil_defaultlib
INFO: [VRFC 10-311] analyzing module btn_scan
INFO: [VRFC 10-2263] Analyzing Verilog file "D:/Vfile/Exp5_NEXYS_A7/code/common/cmp_32.v" into library xil_defaultlib
INFO: [VRFC 10-311] analyzing module cmp_32
INFO: [VRFC 10-2263] Analyzing Verilog file "D:/Vfile/Exp5_NEXYS_A7/code/auxillary/debug_clk.v" into library xil_defaultlib
INFO: [VRFC 10-311] analyzing module debug_clk
INFO: [VRFC 10-2263] Analyzing Verilog file "D:/Vfile/Exp5_NEXYS_A7/code/auxillary/debug_ctrl.v" into library xil_defaultlib
INFO: [VRFC 10-311] analyzing module debug_ctrl
INFO: [VRFC 10-2263] Analyzing Verilog file "D:/Vfile/Exp5_NEXYS_A7/code/auxillary/display.v" into library xil_defaultlib
INFO: [VRFC 10-311] analyzing module display
INFO: [VRFC 10-2458] undeclared symbol seg_en, assumed default net type wire [D:/Vfile/Exp5_NEXYS_A7/code/auxillary/display.v:99]
INFO: [VRFC 10-2458] undeclared symbol seg_clr_n, assumed default net type wire [D:/Vfile/Exp5_NEXYS_A7/code/auxillary/display.v:100]
INFO: [VRFC 10-2263] Analyzing Verilog file "D:/Vfile/Exp5_NEXYS_A7/code/auxillary/my_clk_gen.v" into library xil_defaultlib
INFO: [VRFC 10-311] analyzing module my_clk_gen
INFO: [VRFC 10-2458] undeclared symbol clkout0, assumed default net type wire [D:/Vfile/Exp5_NEXYS_A7/code/auxillary/my_clk_gen.v:138]
INFO: [VRFC 10-2458] undeclared symbol clkout1, assumed default net type wire [D:/Vfile/Exp5_NEXYS_A7/code/auxillary/my_clk_gen.v:140]
INFO: [VRFC 10-2458] undeclared symbol clkout2, assumed default net type wire [D:/Vfile/Exp5_NEXYS_A7/code/auxillary/my_clk_gen.v:142]
INFO: [VRFC 10-2458] undeclared symbol clkout3, assumed default net type wire [D:/Vfile/Exp5_NEXYS_A7/code/auxillary/my_clk_gen.v:144]
INFO: [VRFC 10-2263] Analyzing Verilog file "D:/Vfile/Exp5_NEXYS_A7/code/auxillary/parallel2serial.v" into library xil_defaultlib
INFO: [VRFC 10-311] analyzing module parallel2serial
WARNING: [VRFC 10-3380] identifier 'DATA_BITS' is used before its declaration [D:/Vfile/Exp5_NEXYS_A7/code/auxillary/parallel2serial.v:10]
INFO: [VRFC 10-2263] Analyzing Verilog file "D:/Vfile/Exp5_NEXYS_A7/code/auxillary/top.v" into library xil_defaultlib
INFO: [VRFC 10-311] analyzing module top
INFO: [VRFC 10-2263] Analyzing Verilog file "D:/Vfile/Exp5_NEXYS_A7/code/auxillary/uart_buffer.v" into library xil_defaultlib
INFO: [VRFC 10-311] analyzing module uart_buffer
INFO: [VRFC 10-2263] Analyzing Verilog file "D:/Vfile/Exp5_NEXYS_A7/code/sim/sim_top.v" into library xil_defaultlib
INFO: [VRFC 10-311] analyzing module sim_top
"xvhdl --incr --relax -prj sim_top_vhdl.prj"
INFO: [USF-XSim-69] 'compile' step finished in '4' seconds
INFO: [USF-XSim-3] XSim::Elaborate design
INFO: [USF-XSim-61] Executing 'ELABORATE' step in 'D:/Vfile/Exp5_NEXYS_A7/Exp6.sim/sim_1/behav/xsim'
"xelab -wto 43b08fc0664647fe90e7fe931acc9436 --incr --debug typical --relax --mt 8 -L xil_defaultlib -L xbip_utils_v3_0_10 -L axi_utils_v2_0_6 -L xbip_pipe_v3_0_6 -L xbip_dsp48_wrapper_v3_0_4 -L xbip_dsp48_addsub_v3_0_6 -L xbip_bram18k_v3_0_6 -L mult_gen_v12_0_16 -L floating_point_v7_0_18 -L xbip_dsp48_mult_v3_0_6 -L xbip_dsp48_multadd_v3_0_6 -L div_gen_v5_1_17 -L unisims_ver -L unimacro_ver -L secureip -L xpm --snapshot sim_top_behav xil_defaultlib.sim_top xil_defaultlib.glbl -log elaborate.log"
Vivado Simulator 2020.2
Copyright 1986-1999, 2001-2020 Xilinx, Inc. All Rights Reserved.
Running: D:/vivado/Vivado/2020.2/bin/unwrapped/win64.o/xelab.exe -wto 43b08fc0664647fe90e7fe931acc9436 --incr --debug typical --relax --mt 8 -L xil_defaultlib -L xbip_utils_v3_0_10 -L axi_utils_v2_0_6 -L xbip_pipe_v3_0_6 -L xbip_dsp48_wrapper_v3_0_4 -L xbip_dsp48_addsub_v3_0_6 -L xbip_bram18k_v3_0_6 -L mult_gen_v12_0_16 -L floating_point_v7_0_18 -L xbip_dsp48_mult_v3_0_6 -L xbip_dsp48_multadd_v3_0_6 -L div_gen_v5_1_17 -L unisims_ver -L unimacro_ver -L secureip -L xpm --snapshot sim_top_behav xil_defaultlib.sim_top xil_defaultlib.glbl -log elaborate.log 
Using 8 slave threads.
Starting static elaboration
Pass Through NonSizing Optimizer
WARNING: [VRFC 10-5021] port 'BTN_C' is not connected on this instance [D:/Vfile/Exp5_NEXYS_A7/code/sim/sim_top.v:7]
Completed static elaboration
Starting simulation data flow analysis
Completed simulation data flow analysis
Time Resolution for simulation is 1ps
Compiling package std.standard
Compiling package std.textio
Compiling package ieee.std_logic_1164
Compiling package ieee.numeric_std
Compiling package mult_gen_v12_0_16.mult_gen_v12_0_16_viv_comp
Compiling package xbip_utils_v3_0_10.xbip_utils_v3_0_10_pkg
Compiling package mult_gen_v12_0_16.mult_gen_v12_0_16_pkg
Compiling package ieee.std_logic_arith
Compiling package ieee.std_logic_signed
Compiling package unisim.vcomponents
Compiling package ieee.std_logic_unsigned
Compiling package ieee.vital_timing
Compiling package ieee.vital_primitives
Compiling package unisim.vpkg
Compiling package div_gen_v5_1_17.div_gen_v5_1_17_viv_comp
Compiling package xbip_pipe_v3_0_6.xbip_pipe_v3_0_6_viv_comp
Compiling package axi_utils_v2_0_6.axi_utils_v2_0_6_pkg
Compiling package ieee.math_real
Compiling package axi_utils_v2_0_6.global_util_pkg
Compiling package axi_utils_v2_0_6.axi_utils_comps
Compiling package xbip_bram18k_v3_0_6.xbip_bram18k_v3_0_6_pkg
Compiling package div_gen_v5_1_17.div_gen_pkg
Compiling package div_gen_v5_1_17.pkg_addsub
Compiling module unisims_ver.MMCME2_ADV(CLKFBOUT_MULT_F=10.0,...
Compiling module unisims_ver.BUFG
Compiling module xil_defaultlib.my_clk_gen
Compiling module xil_defaultlib.btn_scan(CLK_FREQ=25)
Compiling module xil_defaultlib.debug_clk
Compiling module xil_defaultlib.REG32
Compiling module xil_defaultlib.add_32
Compiling module xil_defaultlib.MUX2T1_32
Compiling module xil_defaultlib.ROM_D
Compiling module xil_defaultlib.REG_IF_IS
Compiling module xil_defaultlib.ImmGen
Compiling module xil_defaultlib.CtrlUnit
Compiling module xil_defaultlib.Regs
Compiling module xil_defaultlib.FU_ALU
Compiling module xil_defaultlib.RAM_B
Compiling module xil_defaultlib.FU_mem
Compiling architecture lut2_v of entity unisim.LUT2 [\LUT2(init="1000")(0,3)\]
Compiling architecture mult_and_v of entity unisim.MULT_AND [mult_and_default]
Compiling architecture muxcy_v of entity unisim.MUXCY [muxcy_default]
Compiling architecture xorcy_v of entity unisim.XORCY [xorcy_default]
Compiling architecture xilinx of entity mult_gen_v12_0_16.op_resize [\op_resize(ai_width=32,bi_width=...]
Compiling architecture xilinx of entity mult_gen_v12_0_16.luts [\luts(c_xdevicefamily="artix7",c...]
Compiling architecture xilinx of entity mult_gen_v12_0_16.mult_gen_v12_0_16_viv [\mult_gen_v12_0_16_viv(c_verbosi...]
Compiling architecture xilinx of entity mult_gen_v12_0_16.mult_gen_v12_0_16 [\mult_gen_v12_0_16(c_xdevicefami...]
Compiling architecture multiplier_arch of entity xil_defaultlib.multiplier [multiplier_default]
Compiling module xil_defaultlib.FU_mul
Compiling architecture synth of entity div_gen_v5_1_17.c_twos_comp_viv [\c_twos_comp_viv(c_width=32,c_ai...]
Compiling architecture virtex of entity div_gen_v5_1_17.cmp2s_v [\cmp2s_v(c_bus_width=32,c_regist...]
Compiling architecture synth of entity div_gen_v5_1_17.c_twos_comp_viv [\c_twos_comp_viv(c_width=32,c_ai...]
Compiling architecture virtex of entity div_gen_v5_1_17.cmp2s_v [\cmp2s_v(c_bus_width=32,c_ainit_...]
Compiling architecture synth of entity xbip_pipe_v3_0_6.xbip_pipe_v3_0_6_viv [\xbip_pipe_v3_0_6_viv(c_latency=...]
Compiling architecture synth of entity xbip_pipe_v3_0_6.xbip_pipe_v3_0_6_viv [\xbip_pipe_v3_0_6_viv(c_latency=...]
Compiling architecture synth of entity xbip_pipe_v3_0_6.xbip_pipe_v3_0_6_viv [\xbip_pipe_v3_0_6_viv(c_latency=...]
Compiling architecture synth of entity xbip_pipe_v3_0_6.xbip_pipe_v3_0_6_viv [\xbip_pipe_v3_0_6_viv(c_latency=...]
Compiling architecture synth of entity xbip_pipe_v3_0_6.xbip_pipe_v3_0_6_viv [\xbip_pipe_v3_0_6_viv(c_latency=...]
Compiling architecture rtl of entity div_gen_v5_1_17.c_addsub_lut6 [\c_addsub_lut6(c_width=33,c_add_...]
Compiling architecture synth of entity div_gen_v5_1_17.c_addsub_viv [\c_addsub_viv(c_a_width=33,c_b_w...]
Compiling architecture virtex of entity div_gen_v5_1_17.addsubreg_v [\addsubreg_v(c_bus_width=33,c_ai...]
Compiling architecture synth of entity xbip_pipe_v3_0_6.xbip_pipe_v3_0_6_viv [\xbip_pipe_v3_0_6_viv(c_latency=...]
Compiling architecture synth of entity xbip_pipe_v3_0_6.xbip_pipe_v3_0_6_viv [\xbip_pipe_v3_0_6_viv(c_latency=...]
Compiling architecture synth of entity xbip_pipe_v3_0_6.xbip_pipe_v3_0_6_viv [\xbip_pipe_v3_0_6_viv(c_latency=...]
Compiling architecture synth of entity xbip_pipe_v3_0_6.xbip_pipe_v3_0_6_viv [\xbip_pipe_v3_0_6_viv(c_latency=...]
Compiling architecture synth of entity xbip_pipe_v3_0_6.xbip_pipe_v3_0_6_viv [\xbip_pipe_v3_0_6_viv(c_latency=...]
Compiling architecture synth of entity xbip_pipe_v3_0_6.xbip_pipe_v3_0_6_viv [\xbip_pipe_v3_0_6_viv(c_latency=...]
Compiling architecture synth of entity xbip_pipe_v3_0_6.xbip_pipe_v3_0_6_viv [\xbip_pipe_v3_0_6_viv(c_latency=...]
Compiling architecture synth of entity xbip_pipe_v3_0_6.xbip_pipe_v3_0_6_viv [\xbip_pipe_v3_0_6_viv(c_latency=...]
Compiling architecture synth of entity xbip_pipe_v3_0_6.xbip_pipe_v3_0_6_viv [\xbip_pipe_v3_0_6_viv(c_latency=...]
Compiling architecture synth of entity xbip_pipe_v3_0_6.xbip_pipe_v3_0_6_viv [\xbip_pipe_v3_0_6_viv(c_latency=...]
Compiling architecture synth of entity xbip_pipe_v3_0_6.xbip_pipe_v3_0_6_viv [\xbip_pipe_v3_0_6_viv(c_latency=...]
Compiling architecture synth of entity xbip_pipe_v3_0_6.xbip_pipe_v3_0_6_viv [\xbip_pipe_v3_0_6_viv(c_latency=...]
Compiling architecture synth of entity xbip_pipe_v3_0_6.xbip_pipe_v3_0_6_viv [\xbip_pipe_v3_0_6_viv(c_latency=...]
Compiling architecture synth of entity xbip_pipe_v3_0_6.xbip_pipe_v3_0_6_viv [\xbip_pipe_v3_0_6_viv(c_latency=...]
Compiling architecture synth of entity xbip_pipe_v3_0_6.xbip_pipe_v3_0_6_viv [\xbip_pipe_v3_0_6_viv(c_latency=...]
Compiling architecture synth of entity xbip_pipe_v3_0_6.xbip_pipe_v3_0_6_viv [\xbip_pipe_v3_0_6_viv(c_latency=...]
Compiling architecture synth of entity xbip_pipe_v3_0_6.xbip_pipe_v3_0_6_viv [\xbip_pipe_v3_0_6_viv(c_latency=...]
Compiling architecture synth of entity xbip_pipe_v3_0_6.xbip_pipe_v3_0_6_viv [\xbip_pipe_v3_0_6_viv(c_latency=...]
Compiling architecture synth of entity xbip_pipe_v3_0_6.xbip_pipe_v3_0_6_viv [\xbip_pipe_v3_0_6_viv(c_latency=...]
Compiling architecture synth of entity xbip_pipe_v3_0_6.xbip_pipe_v3_0_6_viv [\xbip_pipe_v3_0_6_viv(c_latency=...]
Compiling architecture synth of entity xbip_pipe_v3_0_6.xbip_pipe_v3_0_6_viv [\xbip_pipe_v3_0_6_viv(c_latency=...]
Compiling architecture synth of entity xbip_pipe_v3_0_6.xbip_pipe_v3_0_6_viv [\xbip_pipe_v3_0_6_viv(c_latency=...]
Compiling architecture synth of entity xbip_pipe_v3_0_6.xbip_pipe_v3_0_6_viv [\xbip_pipe_v3_0_6_viv(c_latency=...]
Compiling architecture synth of entity xbip_pipe_v3_0_6.xbip_pipe_v3_0_6_viv [\xbip_pipe_v3_0_6_viv(c_latency=...]
Compiling architecture synth of entity xbip_pipe_v3_0_6.xbip_pipe_v3_0_6_viv [\xbip_pipe_v3_0_6_viv(c_latency=...]
Compiling architecture synth of entity xbip_pipe_v3_0_6.xbip_pipe_v3_0_6_viv [\xbip_pipe_v3_0_6_viv(c_latency=...]
Compiling architecture synth of entity xbip_pipe_v3_0_6.xbip_pipe_v3_0_6_viv [\xbip_pipe_v3_0_6_viv(c_latency=...]
Compiling architecture synth of entity xbip_pipe_v3_0_6.xbip_pipe_v3_0_6_viv [\xbip_pipe_v3_0_6_viv(c_latency=...]
Compiling architecture synth of entity xbip_pipe_v3_0_6.xbip_pipe_v3_0_6_viv [\xbip_pipe_v3_0_6_viv(c_latency=...]
Compiling architecture synth of entity xbip_pipe_v3_0_6.xbip_pipe_v3_0_6_viv [\xbip_pipe_v3_0_6_viv(c_latency=...]
Compiling architecture synth of entity xbip_pipe_v3_0_6.xbip_pipe_v3_0_6_viv [\xbip_pipe_v3_0_6_viv(c_latency=...]
Compiling architecture synth of entity xbip_pipe_v3_0_6.xbip_pipe_v3_0_6_viv [\xbip_pipe_v3_0_6_viv(c_latency=...]
Compiling architecture synth of entity xbip_pipe_v3_0_6.xbip_pipe_v3_0_6_viv [\xbip_pipe_v3_0_6_viv(c_latency=...]
Compiling architecture synth of entity xbip_pipe_v3_0_6.xbip_pipe_v3_0_6_viv [\xbip_pipe_v3_0_6_viv(c_latency=...]
Compiling architecture synth of entity xbip_pipe_v3_0_6.xbip_pipe_v3_0_6_viv [\xbip_pipe_v3_0_6_viv(c_latency=...]
Compiling architecture synth of entity xbip_pipe_v3_0_6.xbip_pipe_v3_0_6_viv [\xbip_pipe_v3_0_6_viv(c_latency=...]
Compiling architecture synth of entity xbip_pipe_v3_0_6.xbip_pipe_v3_0_6_viv [\xbip_pipe_v3_0_6_viv(c_latency=...]
Compiling architecture synth of entity xbip_pipe_v3_0_6.xbip_pipe_v3_0_6_viv [\xbip_pipe_v3_0_6_viv(c_latency=...]
Compiling architecture synth of entity xbip_pipe_v3_0_6.xbip_pipe_v3_0_6_viv [\xbip_pipe_v3_0_6_viv(c_latency=...]
Compiling architecture synth of entity xbip_pipe_v3_0_6.xbip_pipe_v3_0_6_viv [\xbip_pipe_v3_0_6_viv(c_latency=...]
Compiling architecture synth of entity xbip_pipe_v3_0_6.xbip_pipe_v3_0_6_viv [\xbip_pipe_v3_0_6_viv(c_latency=...]
Compiling architecture synth of entity xbip_pipe_v3_0_6.xbip_pipe_v3_0_6_viv [\xbip_pipe_v3_0_6_viv(c_latency=...]
Compiling architecture synth of entity xbip_pipe_v3_0_6.xbip_pipe_v3_0_6_viv [\xbip_pipe_v3_0_6_viv(c_latency=...]
Compiling architecture synth of entity xbip_pipe_v3_0_6.xbip_pipe_v3_0_6_viv [\xbip_pipe_v3_0_6_viv(c_latency=...]
Compiling architecture synth of entity xbip_pipe_v3_0_6.xbip_pipe_v3_0_6_viv [\xbip_pipe_v3_0_6_viv(c_latency=...]
Compiling architecture synth of entity xbip_pipe_v3_0_6.xbip_pipe_v3_0_6_viv [\xbip_pipe_v3_0_6_viv(c_latency=...]
Compiling architecture synth of entity xbip_pipe_v3_0_6.xbip_pipe_v3_0_6_viv [\xbip_pipe_v3_0_6_viv(c_latency=...]
Compiling architecture synth of entity xbip_pipe_v3_0_6.xbip_pipe_v3_0_6_viv [\xbip_pipe_v3_0_6_viv(c_latency=...]
Compiling architecture synth of entity xbip_pipe_v3_0_6.xbip_pipe_v3_0_6_viv [\xbip_pipe_v3_0_6_viv(c_latency=...]
Compiling architecture synth of entity xbip_pipe_v3_0_6.xbip_pipe_v3_0_6_viv [\xbip_pipe_v3_0_6_viv(c_latency=...]
Compiling architecture synth of entity xbip_pipe_v3_0_6.xbip_pipe_v3_0_6_viv [\xbip_pipe_v3_0_6_viv(c_latency=...]
Compiling architecture synth of entity xbip_pipe_v3_0_6.xbip_pipe_v3_0_6_viv [\xbip_pipe_v3_0_6_viv(c_latency=...]
Compiling architecture synth of entity xbip_pipe_v3_0_6.xbip_pipe_v3_0_6_viv [\xbip_pipe_v3_0_6_viv(c_latency=...]
Compiling architecture synth of entity xbip_pipe_v3_0_6.xbip_pipe_v3_0_6_viv [\xbip_pipe_v3_0_6_viv(c_latency=...]
Compiling architecture synth of entity xbip_pipe_v3_0_6.xbip_pipe_v3_0_6_viv [\xbip_pipe_v3_0_6_viv(c_latency=...]
Compiling architecture synth of entity xbip_pipe_v3_0_6.xbip_pipe_v3_0_6_viv [\xbip_pipe_v3_0_6_viv(c_latency=...]
Compiling architecture synth of entity xbip_pipe_v3_0_6.xbip_pipe_v3_0_6_viv [\xbip_pipe_v3_0_6_viv(c_latency=...]
Compiling architecture synth of entity xbip_pipe_v3_0_6.xbip_pipe_v3_0_6_viv [\xbip_pipe_v3_0_6_viv(c_latency=...]
Compiling architecture synth of entity xbip_pipe_v3_0_6.xbip_pipe_v3_0_6_viv [\xbip_pipe_v3_0_6_viv(c_latency=...]
Compiling architecture synth of entity xbip_pipe_v3_0_6.xbip_pipe_v3_0_6_viv [\xbip_pipe_v3_0_6_viv(c_latency=...]
Compiling architecture synth of entity xbip_pipe_v3_0_6.xbip_pipe_v3_0_6_viv [\xbip_pipe_v3_0_6_viv(c_latency=...]
Compiling architecture synth of entity xbip_pipe_v3_0_6.xbip_pipe_v3_0_6_viv [\xbip_pipe_v3_0_6_viv(c_latency=...]
Compiling architecture rtl of entity div_gen_v5_1_17.c_addsub_lut6 [\c_addsub_lut6(c_width=33,c_add_...]
Compiling architecture synth of entity div_gen_v5_1_17.c_addsub_viv [\c_addsub_viv(c_a_width=33,c_b_w...]
Compiling architecture virtex of entity div_gen_v5_1_17.addsubreg_v [\addsubreg_v(c_bus_width=33,c_ha...]
Compiling architecture virtex of entity div_gen_v5_1_17.dividervdc_v [\dividervdc_v(bus_num=32,bus_div...]
Compiling architecture synth of entity div_gen_v5_1_17.c_twos_comp_viv [\c_twos_comp_viv(c_width=33,c_ai...]
Compiling architecture virtex of entity div_gen_v5_1_17.cmp2s_v [\cmp2s_v(c_bus_width=33,c_regist...]
Compiling architecture synth of entity div_gen_v5_1_17.bip_sdivider_synth [\bip_sdivider_synth(c_xdevicefam...]
Compiling architecture synth of entity div_gen_v5_1_17.div_gen_synth [\div_gen_synth(c_xdevicefamily="...]
Compiling architecture synth of entity xbip_pipe_v3_0_6.xbip_pipe_v3_0_6_viv [\xbip_pipe_v3_0_6_viv(c_latency=...]
Compiling architecture synth of entity div_gen_v5_1_17.div_gen_v5_1_17_viv [\div_gen_v5_1_17_viv(c_xdevicefa...]
Compiling architecture xilinx of entity div_gen_v5_1_17.div_gen_v5_1_17 [\div_gen_v5_1_17(c_xdevicefamily...]
Compiling architecture divider_arch of entity xil_defaultlib.divider [divider_default]
Compiling module xil_defaultlib.FU_div
Compiling module xil_defaultlib.cmp_32
Compiling module xil_defaultlib.FU_jump
Compiling module xil_defaultlib.MUX8T1_32
Compiling module xil_defaultlib.RV32core
Compiling module xil_defaultlib.parallel2serial(P_CLK_FREQ=25,S_...
Compiling module xil_defaultlib.display_default
Compiling architecture behavioral of entity xil_defaultlib.UART_TX_CTRL [uart_tx_ctrl_default]
Compiling module xil_defaultlib.uart_buffer
Compiling module xil_defaultlib.debug_ctrl_default
Compiling module xil_defaultlib.top
Compiling module xil_defaultlib.sim_top
Compiling module xil_defaultlib.glbl
Built simulation snapshot sim_top_behav
run_program: Time (s): cpu = 00:00:00 ; elapsed = 00:00:16 . Memory (MB): peak = 3413.391 ; gain = 0.000
INFO: [USF-XSim-69] 'elaborate' step finished in '16' seconds
INFO: [USF-XSim-4] XSim::Simulate design
INFO: [USF-XSim-61] Executing 'SIMULATE' step in 'D:/Vfile/Exp5_NEXYS_A7/Exp6.sim/sim_1/behav/xsim'
INFO: [USF-XSim-98] *** Running xsim
   with args "sim_top_behav -key {Behavioral:sim_1:Functional:sim_top} -tclbatch {sim_top.tcl} -view {D:/Vfile/Exp5_NEXYS_A7/code/sim/sim_top_behav.wcfg} -log {simulate.log}"
INFO: [USF-XSim-8] Loading simulator feature
Vivado Simulator 2020.2
Time resolution is 1 ps
open_wave_config D:/Vfile/Exp5_NEXYS_A7/code/sim/sim_top_behav.wcfg
source sim_top.tcl
# set curr_wave [current_wave_config]
# if { [string length $curr_wave] == 0 } {
#   if { [llength [get_objects]] > 0} {
#     add_wave /
#     set_property needs_save false [current_wave_config]
#   } else {
#      send_msg_id Add_Wave-1 WARNING "No top level signals found. Simulator will start without a wave window. If you want to open a wave window go to 'File->New Waveform Configuration' or type 'create_wave_config' in the TCL console."
#   }
# }
# run 1000ns
Warning: [Unisim MMCME2_ADV-20] Input CLKIN1 period and attribute CLKIN1_PERIOD are not same. Instance sim_top.uut.CLK_GEN.mmcm_adv_inst 
INFO: [USF-XSim-96] XSim completed. Design snapshot 'sim_top_behav' loaded.
INFO: [USF-XSim-97] XSim simulation ran for 1000ns
launch_simulation: Time (s): cpu = 00:00:05 ; elapsed = 00:00:25 . Memory (MB): peak = 3413.391 ; gain = 0.000
run 8000 ns
run 8000 ns
run 8000 ns
save_wave_config {D:/Vfile/Exp5_NEXYS_A7/code/sim/sim_top_behav.wcfg}
close_sim
INFO: [Simtcl 6-16] Simulation closed
exit
