#-----------------------------------------------------------
# Vivado v2020.2 (64-bit)
# SW Build 3064766 on Wed Nov 18 09:12:45 MST 2020
# IP Build 3064653 on Wed Nov 18 14:17:31 MST 2020
# Start of session at: Thu Mar 10 17:36:27 2022
# Process ID: 32440
# Current directory: D:/Vteacher/OExp00/OExp00-muxctrl
# Command line: vivado.exe -gui_launcher_event rodinguilauncherevent44880 D:\Vteacher\OExp00\OExp00-muxctrl\OExp00-muxctrl.xpr
# Log file: D:/Vteacher/OExp00/OExp00-muxctrl/vivado.log
# Journal file: D:/Vteacher/OExp00/OExp00-muxctrl\vivado.jou
#-----------------------------------------------------------
start_gui
open_project D:/Vteacher/OExp00/OExp00-muxctrl/OExp00-muxctrl.xpr
INFO: [Project 1-313] Project file moved from 'D:/Vfile/OExp00/OExp00-muxctrl' since last save.
Scanning sources...
Finished scanning sources
INFO: [IP_Flow 19-234] Refreshing IP repositories
INFO: [IP_Flow 19-1700] Loaded user IP repository 'd:/Vteacher/OExp00/OExp00-muxctrl/MUX'.
INFO: [IP_Flow 19-2313] Loaded Vivado IP repository 'D:/vivado/Vivado/2020.2/data/ip'.
WARNING: [BD 41-1661] One or more IPs have been locked in the design 'OExp01_muxctrl.bd'. Please run report_ip_status for more details and recommendations on how to fix this issue.
List of locked IPs:
OExp01_muxctrl_xlslice_0_0
OExp01_muxctrl_xlslice_1_0
OExp01_muxctrl_xlslice_2_0
OExp01_muxctrl_xlconstant_0_0
OExp01_muxctrl_xlconcat_0_0
OExp01_muxctrl_xlslice_3_0
OExp01_muxctrl_xlconstant_1_0
OExp01_muxctrl_xlconcat_1_0
OExp01_muxctrl_xlconstant_2_0
OExp01_muxctrl_xlconstant_3_0

open_project: Time (s): cpu = 00:00:35 ; elapsed = 00:00:13 . Memory (MB): peak = 1110.402 ; gain = 0.000
update_compile_order -fileset sources_1
exit
INFO: [Common 17-206] Exiting Vivado at Thu Mar 10 18:06:55 2022...
