INFO: [VRFC 10-2263] Analyzing Verilog file "D:/Vteacher/Lab4_4/Lab2.gen/sources_1/ip/rom_d/sim/rom_d.v" into library xil_defaultlib
INFO: [VRFC 10-311] analyzing module rom_d
INFO: [VRFC 10-2263] Analyzing Verilog file "D:/Vteacher/Lab4_4/Lab2.gen/sources_1/ip/ram_b/sim/ram_b.v" into library xil_defaultlib
INFO: [VRFC 10-311] analyzing module ram_b
INFO: [VRFC 10-2263] Analyzing Verilog file "D:/Vteacher/Lab4_4/Lab2.srcs/sources_1/imports/new/ALUT.v" into library xil_defaultlib
INFO: [VRFC 10-311] analyzing module ALUT
INFO: [VRFC 10-2263] Analyzing Verilog file "D:/Vteacher/Lab4_4/Lab2.srcs/sources_1/new/CPUT.v" into library xil_defaultlib
INFO: [VRFC 10-311] analyzing module CPUT
INFO: [VRFC 10-2263] Analyzing Verilog file "D:/Vteacher/Lab4_4/Lab2.srcs/sources_1/imports/new/DataPath.v" into library xil_defaultlib
INFO: [VRFC 10-311] analyzing module DataPath
INFO: [VRFC 10-2263] Analyzing Verilog file "D:/Vteacher/Lab4_4/Lab2.srcs/sources_1/imports/new/ImmGen.v" into library xil_defaultlib
INFO: [VRFC 10-311] analyzing module ImmGen
INFO: [VRFC 10-2263] Analyzing Verilog file "D:/Vteacher/Lab4_4/Lab2.srcs/sources_1/new/Load_Ctrl.v" into library xil_defaultlib
INFO: [VRFC 10-311] analyzing module Load_Ctrl
INFO: [VRFC 10-2263] Analyzing Verilog file "D:/Vteacher/Lab4_4/Lab2.srcs/sources_1/imports/new/PCReg.v" into library xil_defaultlib
INFO: [VRFC 10-311] analyzing module PCReg
INFO: [VRFC 10-2263] Analyzing Verilog file "D:/Vteacher/Lab4_4/Lab2.srcs/sources_1/new/RV_INT.v" into library xil_defaultlib
INFO: [VRFC 10-311] analyzing module RV_INT
INFO: [VRFC 10-2263] Analyzing Verilog file "D:/Vteacher/Lab4_4/Lab2.srcs/sources_1/imports/new/RegFile32.v" into library xil_defaultlib
INFO: [VRFC 10-311] analyzing module RegFile32
INFO: [VRFC 10-2263] Analyzing Verilog file "D:/Vteacher/Lab4_4/Lab2.srcs/sources_1/imports/new/cpu_ctrl.v" into library xil_defaultlib
INFO: [VRFC 10-311] analyzing module cpu_ctrl
INFO: [VRFC 10-2263] Analyzing Verilog file "D:/Vteacher/Lab4_4/Lab2.srcs/sim_1/new/cpu_tb.v" into library xil_defaultlib
INFO: [VRFC 10-311] analyzing module tb_CPUT
