#-----------------------------------------------------------
# Vivado v2020.2 (64-bit)
# SW Build 3064766 on Wed Nov 18 09:12:45 MST 2020
# IP Build 3064653 on Wed Nov 18 14:17:31 MST 2020
# Start of session at: Thu Mar  3 12:06:16 2022
# Process ID: 20496
# Current directory: D:/1学习文件/计组/Lab/Lab0 Vivado介绍和模块封装（学生版） (2)/Lab0 Vivado介绍和模块封装（学生版）/OExp00/Water_LED
# Command line: vivado.exe -gui_launcher_event rodinguilauncherevent18984 D:\1学习文件\计组\Lab\Lab0 Vivado介绍和模块封装（学生版） (2)\Lab0 Vivado介绍和模块封装（学生版）\OExp00\Water_LED\Water_LED.xpr
# Log file: D:/1学习文件/计组/Lab/Lab0 Vivado介绍和模块封装（学生版） (2)/Lab0 Vivado介绍和模块封装（学生版）/OExp00/Water_LED/vivado.log
# Journal file: D:/1学习文件/计组/Lab/Lab0 Vivado介绍和模块封装（学生版） (2)/Lab0 Vivado介绍和模块封装（学生版）/OExp00/Water_LED\vivado.jou
#-----------------------------------------------------------
start_gui
exit
INFO: [Common 17-206] Exiting Vivado at Thu Mar  3 12:07:10 2022...
2)/Lab0 Vivado介绍和模块封装（学生版）/OExp00/Water_LED/Water_LED.xpr}
INFO: [ProjectBase 1-489] The host OS only allows 260 characters in a normal path. The project is stored in a path with more than 80 characters. If you experience issues with IP, Block Designs, or files not being found, please consider moving the project to a location with a shorter path. Alternately consider using the OS subst command to map part of the path to a drive letter.
Current project path is 'D:/1学习文件/计组/Lab/Lab0 Vivado介绍和模块封装（学生版） (2)/Lab0 Vivado介绍和模块封装（学生版）/OExp00/Water_LED'
INFO: [Project 1-313] Project file moved from 'C:/Users/ASUS/Desktop/Water_LED' since last save.
Scanning sources...
Finished scanning sources
INFO: [Project 1-230] Project 'Water_LED.xpr' upgraded for this version of Vivado.
INFO: [IP_Flow 19-234] Refreshing IP repositories
INFO: [IP_Flow 19-1704] No user IP repositories specified
INFO: [IP_Flow 19-2313] Loaded Vivado IP repository 'D:/vivado/Vivado/2020.2/data/ip'.
open_project: Time (s): cpu = 00:00:25 ; elapsed = 00:00:11 . Memory (MB): peak = 1106.691 ; gain = 0.000
update_compile_order -fileset sources_1
exit
INFO: [Common 17-206] Exiting Vivado at Thu Mar  3 12:07:16 2022...
