#-----------------------------------------------------------
# Vivado v2020.2 (64-bit)
# SW Build 3064766 on Wed Nov 18 09:12:45 MST 2020
# IP Build 3064653 on Wed Nov 18 14:17:31 MST 2020
# Start of session at: Wed Mar 16 15:38:36 2022
# Process ID: 30244
# Current directory: D:/Vteacher/OExp01/OExp01-Regs
# Command line: vivado.exe -gui_launcher_event rodinguilauncherevent38024 D:\Vteacher\OExp01\OExp01-Regs\OExp01-Regs.xpr
# Log file: D:/Vteacher/OExp01/OExp01-Regs/vivado.log
# Journal file: D:/Vteacher/OExp01/OExp01-Regs\vivado.jou
#-----------------------------------------------------------
start_gui
open_project D:/Vteacher/OExp01/OExp01-Regs/OExp01-Regs.xpr
Scanning sources...
Finished scanning sources
INFO: [IP_Flow 19-234] Refreshing IP repositories
INFO: [IP_Flow 19-1700] Loaded user IP repository 'd:/Vteacher/OExp01/OExp01-Regs/OExp01-Regs.srcs'.
INFO: [IP_Flow 19-2313] Loaded Vivado IP repository 'D:/vivado/Vivado/2020.2/data/ip'.
open_project: Time (s): cpu = 00:00:31 ; elapsed = 00:00:13 . Memory (MB): peak = 1108.727 ; gain = 0.000
update_compile_order -fileset sources_1
close_project
create_project FSM D:/Vfile/FSM -part xc7k160tffg676-2L
INFO: [IP_Flow 19-234] Refreshing IP repositories
INFO: [IP_Flow 19-1704] No user IP repositories specified
INFO: [IP_Flow 19-2313] Loaded Vivado IP repository 'D:/vivado/Vivado/2020.2/data/ip'.
create_project: Time (s): cpu = 00:00:16 ; elapsed = 00:00:07 . Memory (MB): peak = 1108.727 ; gain = 0.000
file mkdir D:/Vfile/FSM/FSM.srcs/sources_1/new
close [ open D:/Vfile/FSM/FSM.srcs/sources_1/new/fsm.v w ]
add_files D:/Vfile/FSM/FSM.srcs/sources_1/new/fsm.v
update_compile_order -fileset sources_1
file mkdir D:/Vfile/FSM/FSM.srcs/sim_1/new
set_property SOURCE_SET sources_1 [get_filesets sim_1]
close [ open D:/Vfile/FSM/FSM.srcs/sim_1/new/tb_fsm.v w ]
add_files -fileset sim_1 D:/Vfile/FSM/FSM.srcs/sim_1/new/tb_fsm.v
update_compile_order -fileset sim_1
update_compile_order -fileset sim_1
launch_simulation
Command: launch_simulation 
INFO: [Vivado 12-5682] Launching behavioral simulation in 'D:/Vfile/FSM/FSM.sim/sim_1/behav/xsim'
INFO: [SIM-utils-51] Simulation object is 'sim_1'
INFO: [SIM-utils-54] Inspecting design source files for 'tb_fsm' in fileset 'sim_1'...
INFO: [USF-XSim-97] Finding global include files...
INFO: [USF-XSim-98] Fetching design files from 'sim_1'...
INFO: [USF-XSim-2] XSim::Compile design
INFO: [USF-XSim-61] Executing 'COMPILE and ANALYZE' step in 'D:/Vfile/FSM/FSM.sim/sim_1/behav/xsim'
"xvlog --incr --relax -prj tb_fsm_vlog.prj"
INFO: [VRFC 10-2263] Analyzing Verilog file "D:/Vfile/FSM/FSM.srcs/sources_1/new/fsm.v" into library xil_defaultlib
INFO: [VRFC 10-311] analyzing module fsm
INFO: [VRFC 10-2263] Analyzing Verilog file "D:/Vfile/FSM/FSM.srcs/sim_1/new/tb_fsm.v" into library xil_defaultlib
INFO: [VRFC 10-311] analyzing module tb_fsm
INFO: [VRFC 10-2263] Analyzing Verilog file "D:/Vfile/FSM/FSM.sim/sim_1/behav/xsim/glbl.v" into library xil_defaultlib
INFO: [VRFC 10-311] analyzing module glbl
INFO: [USF-XSim-69] 'compile' step finished in '2' seconds
INFO: [USF-XSim-3] XSim::Elaborate design
INFO: [USF-XSim-61] Executing 'ELABORATE' step in 'D:/Vfile/FSM/FSM.sim/sim_1/behav/xsim'
"xelab -wto b360f8be8d2548418cffa045b6f91da6 --incr --debug typical --relax --mt 2 -L xil_defaultlib -L unisims_ver -L unimacro_ver -L secureip --snapshot tb_fsm_behav xil_defaultlib.tb_fsm xil_defaultlib.glbl -log elaborate.log"
Vivado Simulator 2020.2
Copyright 1986-1999, 2001-2020 Xilinx, Inc. All Rights Reserved.
Running: D:/vivado/Vivado/2020.2/bin/unwrapped/win64.o/xelab.exe -wto b360f8be8d2548418cffa045b6f91da6 --incr --debug typical --relax --mt 2 -L xil_defaultlib -L unisims_ver -L unimacro_ver -L secureip --snapshot tb_fsm_behav xil_defaultlib.tb_fsm xil_defaultlib.glbl -log elaborate.log 
Using 2 slave threads.
Starting static elaboration
Pass Through NonSizing Optimizer
Completed static elaboration
Starting simulation data flow analysis
Completed simulation data flow analysis
Time Resolution for simulation is 1ps
Compiling module xil_defaultlib.fsm
Compiling module xil_defaultlib.tb_fsm
Compiling module xil_defaultlib.glbl
Built simulation snapshot tb_fsm_behav

****** Webtalk v2020.2 (64-bit)
  **** SW Build 3064766 on Wed Nov 18 09:12:45 MST 2020
  **** IP Build 3064653 on Wed Nov 18 14:17:31 MST 2020
    ** Copyright 1986-2020 Xilinx, Inc. All Rights Reserved.

source D:/Vfile/FSM/FSM.sim/sim_1/behav/xsim/xsim.dir/tb_fsm_behav/webtalk/xsim_webtalk.tcl -notrace
INFO: [Common 17-186] 'D:/Vfile/FSM/FSM.sim/sim_1/behav/xsim/xsim.dir/tb_fsm_behav/webtalk/usage_statistics_ext_xsim.xml' has been successfully sent to Xilinx on Wed Mar 16 16:31:51 2022. For additional details about this file, please refer to the WebTalk help file at D:/vivado/Vivado/2020.2/doc/webtalk_introduction.html.
webtalk_transmit: Time (s): cpu = 00:00:00 ; elapsed = 00:00:05 . Memory (MB): peak = 116.555 ; gain = 17.648
INFO: [Common 17-206] Exiting Webtalk at Wed Mar 16 16:31:51 2022...
run_program: Time (s): cpu = 00:00:01 ; elapsed = 00:00:10 . Memory (MB): peak = 1108.727 ; gain = 0.000
INFO: [USF-XSim-69] 'elaborate' step finished in '10' seconds
INFO: [USF-XSim-4] XSim::Simulate design
INFO: [USF-XSim-61] Executing 'SIMULATE' step in 'D:/Vfile/FSM/FSM.sim/sim_1/behav/xsim'
INFO: [USF-XSim-98] *** Running xsim
   with args "tb_fsm_behav -key {Behavioral:sim_1:Functional:tb_fsm} -tclbatch {tb_fsm.tcl} -log {simulate.log}"
INFO: [USF-XSim-8] Loading simulator feature
Vivado Simulator 2020.2
Time resolution is 1 ps
source tb_fsm.tcl
# set curr_wave [current_wave_config]
# if { [string length $curr_wave] == 0 } {
#   if { [llength [get_objects]] > 0} {
#     add_wave /
#     set_property needs_save false [current_wave_config]
#   } else {
#      send_msg_id Add_Wave-1 WARNING "No top level signals found. Simulator will start without a wave window. If you want to open a wave window go to 'File->New Waveform Configuration' or type 'create_wave_config' in the TCL console."
#   }
# }
# run 1000ns
$finish called at time : 640 ns : File "D:/Vfile/FSM/FSM.srcs/sim_1/new/tb_fsm.v" Line 73
xsim: Time (s): cpu = 00:00:12 ; elapsed = 00:00:05 . Memory (MB): peak = 1108.727 ; gain = 0.000
INFO: [USF-XSim-96] XSim completed. Design snapshot 'tb_fsm_behav' loaded.
INFO: [USF-XSim-97] XSim simulation ran for 1000ns
launch_simulation: Time (s): cpu = 00:00:15 ; elapsed = 00:00:18 . Memory (MB): peak = 1108.727 ; gain = 0.000
close_sim
INFO: [Simtcl 6-16] Simulation closed
close_sim: Time (s): cpu = 00:00:05 ; elapsed = 00:00:11 . Memory (MB): peak = 1108.727 ; gain = 0.000
exit
INFO: [Common 17-206] Exiting Vivado at Wed Mar 16 16:41:56 2022...
