#-----------------------------------------------------------
# Vivado v2020.2 (64-bit)
# SW Build 3064766 on Wed Nov 18 09:12:45 MST 2020
# IP Build 3064653 on Wed Nov 18 14:17:31 MST 2020
# Start of session at: Tue Mar 15 22:49:39 2022
# Process ID: 40048
# Current directory: D:/Vteacher/OExp01/OExp01-Regs
# Command line: vivado.exe -gui_launcher_event rodinguilauncherevent38608 D:\Vteacher\OExp01\OExp01-Regs\OExp01-Regs.xpr
# Log file: D:/Vteacher/OExp01/OExp01-Regs/vivado.log
# Journal file: D:/Vteacher/OExp01/OExp01-Regs\vivado.jou
#-----------------------------------------------------------
start_gui
open_project D:/Vteacher/OExp01/OExp01-Regs/OExp01-Regs.xpr
INFO: [Project 1-313] Project file moved from 'C:/Users/ASUS/Desktop/OExp_RISCV/OExp01/OExp01-Regs' since last save.
CRITICAL WARNING: [Project 1-311] Could not find the file 'D:/Vteacher/OExp01/OExp01-Regs/OExp01-Regs.srcs/component.xml', nor could it be found using path 'C:/Users/ASUS/Desktop/OExp_RISCV/OExp01/OExp01-Regs/OExp01-Regs.srcs/component.xml'.
Scanning sources...
Finished scanning sources
INFO: [Project 1-230] Project 'OExp01-Regs.xpr' upgraded for this version of Vivado.
INFO: [IP_Flow 19-234] Refreshing IP repositories
INFO: [IP_Flow 19-1700] Loaded user IP repository 'd:/Vteacher/OExp01/OExp01-Regs/OExp01-Regs.srcs'.
INFO: [IP_Flow 19-2313] Loaded Vivado IP repository 'D:/vivado/Vivado/2020.2/data/ip'.
update_compile_order -fileset sources_1
ipx::package_project -root_dir d:/vteacher/oexp01/oexp01-regs/oexp01-regs.srcs -vendor xilinx.com -library user -taxonomy /UserIP
INFO: [IP_Flow 19-5107] Inferred bus interface 'rst' of definition 'xilinx.com:signal:reset:1.0' (from Xilinx Repository).
INFO: [IP_Flow 19-5107] Inferred bus interface 'clk' of definition 'xilinx.com:signal:clock:1.0' (from Xilinx Repository).
INFO: [IP_Flow 19-4728] Bus Interface 'clk': Added interface parameter 'ASSOCIATED_RESET' with value 'rst'.
WARNING: [IP_Flow 19-5661] Bus Interface 'clk' does not have any bus interfaces associated with it.
INFO: [IP_Flow 19-2181] Payment Required is not set for this core.
INFO: [IP_Flow 19-2187] The Product Guide file is missing.
ipx::add_bus_parameter ASSOCIATED_BUSIF [ipx::get_bus_interfaces rst -of_objects [ipx::current_core]]
ipx::add_bus_parameter ASSOCIATED_BUSIF [ipx::get_bus_interfaces clk -of_objects [ipx::current_core]]
set_property name POLARITY [ipx::get_bus_parameters ASSOCIATED_BUSIF -of_objects [ipx::get_bus_interfaces rst -of_objects [ipx::current_core]]]
set_property core_revision 2 [ipx::current_core]
ipx::create_xgui_files [ipx::current_core]
ipx::update_checksums [ipx::current_core]
ipx::check_integrity [ipx::current_core]
INFO: [IP_Flow 19-2181] Payment Required is not set for this core.
INFO: [IP_Flow 19-2187] The Product Guide file is missing.
INFO: [Ipptcl 7-1486] check_integrity: Integrity check passed.
ipx::save_core [ipx::current_core]
update_ip_catalog -rebuild -repo_path d:/Vteacher/OExp01/OExp01-Regs/OExp01-Regs.srcs
INFO: [IP_Flow 19-725] Reloaded user IP repository 'd:/Vteacher/OExp01/OExp01-Regs/OExp01-Regs.srcs'
exit
INFO: [Common 17-206] Exiting Vivado at Tue Mar 15 23:08:34 2022...
