#-----------------------------------------------------------
# Vivado v2020.2 (64-bit)
# SW Build 3064766 on Wed Nov 18 09:12:45 MST 2020
# IP Build 3064653 on Wed Nov 18 14:17:31 MST 2020
# Start of session at: Sun Mar 27 13:46:16 2022
# Process ID: 23796
# Current directory: D:/Vteacher/OExp03-mul32
# Command line: vivado.exe -gui_launcher_event rodinguilauncherevent25240 D:\Vteacher\OExp03-mul32\mul32.xpr
# Log file: D:/Vteacher/OExp03-mul32/vivado.log
# Journal file: D:/Vteacher/OExp03-mul32\vivado.jou
#-----------------------------------------------------------
start_gui
open_project D:/Vteacher/OExp03-mul32/mul32.xpr
Scanning sources...
Finished scanning sources
INFO: [IP_Flow 19-234] Refreshing IP repositories
INFO: [IP_Flow 19-1700] Loaded user IP repository 'd:/Vfile'.
INFO: [IP_Flow 19-2313] Loaded Vivado IP repository 'D:/vivado/Vivado/2020.2/data/ip'.
open_project: Time (s): cpu = 00:00:13 ; elapsed = 00:00:05 . Memory (MB): peak = 1109.383 ; gain = 0.000
export_ip_user_files -of_objects  [get_files D:/Vteacher/OExp03-mul32/mul32.srcs/sources_1/ip/ALU32_0/ALU32_0.xci] -no_script -reset -force -quiet
remove_files  -fileset ALU32_0 D:/Vteacher/OExp03-mul32/mul32.srcs/sources_1/ip/ALU32_0/ALU32_0.xci
INFO: [Project 1-386] Moving file 'D:/Vteacher/OExp03-mul32/mul32.srcs/sources_1/ip/ALU32_0/ALU32_0.xci' from fileset 'ALU32_0' to fileset 'sources_1'.
file delete -force D:/Vteacher/OExp03-mul32/mul32.srcs/sources_1/ip/ALU32_0
file delete -force d:/Vteacher/OExp03-mul32/mul32.srcs/sources_1/ip/ALU32_0
exit
INFO: [Common 17-206] Exiting Vivado at Sun Mar 27 13:47:31 2022...
